Brightmere Windbridge Wildemarsh Marbleiron Strongfall Eastcastle Woodice Eriwall Fairsage Eriwall Woodice Eastcastle Ironriver Ostwynne Flowermill Newby Erilyn Southpine Wolflea Southpine Erilyn Newby Flowermill Ostwynne Wellmage Lightmere Wellmage Corbank Wellbank Oakmere Northriver Oakmere Wellbank Corbank Wellmage Ostwynne Ironriver Greyice Ironriver Eastcastle Courtcastle Courtedge Courtcastle Bluewyn Flowerfield Newley Freyview Janholt Buttermead Janholt Freyview Bluedell Butterbush Bluedell Freyview Newley Flowerfield Bluewyn Courtcastle Eastcastle Strongfall Marbleiron Wildemarsh Windbridge Esterash Stonefair Esterash Windbridge Morwall Windbridge Brightmere
28
Brightmere Brightmere
Windbridge Lochmage
Wildemarsh Wildemarsh
Marbleiron Marbleiron
Eastcastle Eastcastle Greenshore
Woodice Woodice Snowshore
Eriwall Eriwall
Fairsage Fairsage Dellwyn
Ironriver Ironriver
Newby Newby
Erilyn Erilyn Violetley Westerlight Clearland
Wolflea Wolflea Bushgate
Wellmage Wellmage Southwheat Shoreburn
Lightmere Lightmere Esterfall
Corbank Corbank Goldwyvern
Oakmere Oakmere
Northriver Foxvale Oldmoor
Greyice Greyice Valhaven Irondeer
Courtcastle Courtcastle
Courtedge Morwald Rosemill
Newley Newley
Freyview Freyview
Buttermead Buttermead Foxhaven
Bluedell Bluedell Courtwall Stoneglass
Butterbush Butterbush Westmill
Esterash Esterash
Stonefair Stonefair Clearnesse Westvale
Morwall Morwall Ironshore
