Shoreburn Greencliff Redlake Ironhedge Mistwick Fallden Strongford Cleargrass Fairice Linville Bluewyn Stonecrystal Bluewyn Brightelf Stonewolf Eastwald Redby Courtbush Butterbush Orbarrow Rosegate Fairsage Strongfall Fairsage Rosegate Esterfall Springfalcon Courtedge Lightkeep Blackbush Lightkeep Courtedge Springfalcon Esterfall Rosegate Orbarrow Butterbush Fogland Butterbush Courtbush Oakmere Courtbush Redby Eastwald Stonewolf Brightelf Bluewyn Linville Morwall Highwell Bellhollow Starrywolf Silverbarrow Starrywolf Bellhollow Highwell Morwall Linville Morwald Fogmarsh Applecastle Fogmarsh Morwald Clearland Ostham Irondeer Ostham Clearland Aldley Greygrass Shadowgrass Southpine Shadowgrass Greygrass Silverlea Deerdell Silverlea Butterway Seamoor Butterway Silverlea Greygrass Aldley Woodice Mallowway Icebridge Shadowhaven Valhaven Windkeep Wolflea Windkeep Valhaven Wellbank Valhaven Starryhill Valhaven Shadowhaven Icebridge Mistshore Icebridge Mallowway Woodice Aldley Clearland Deephedge Marblehaven Courtwall Marblehaven Deephedge Fairfort Ironshore Ironriver Newmill Stoneglass Hollowwynne Lochmage Hollowwynne Stoneglass Newmill Ironriver Ironshore Fairfort Deephedge Clearland Morwald Linville Fairice Freymere Fairice Cleargrass Strongford Fallden Westerlight Bushgate Corbank Bluedell Corbank Bushgate Westerlight Fallden Mistwick Ironhedge Pinepond Redwell Erilyn Whiteelf Shorebarrow Springburn Osttown Oldmoor Osttown Springburn Springfox Snowwinter Wintershore Aelbush Goldcrest Aelbush Wintershore Newley Barrowdale Snowsage Greyice Snowsage Barrowdale Newley Wintershore Snowwinter Springfox Springburn Shorebarrow Whiteelf Erilyn Redwell Pinepond Ironhedge Redlake Greencliff Shoreburn
63
Shoreburn Shoreburn
Redlake Redlake Bluelake
Ironhedge Summermage
Mistwick Westmill
Fairice Fairice
Bluewyn Bluewyn
Stonecrystal Foxhaven Windbridge
Stonewolf Brightmere
Eastwald Marbleiron
Butterbush Butterbush
Orbarrow Orbarrow
Rosegate Rosegate
Fairsage Fairsage
Strongfall Strongfall Westvale
Esterfall Esterfall
Courtedge Courtedge Coldville
Blackbush Blackbush Clearnesse Fieldedge
Fogland Fogland Wildemarsh Brightrock
Oakmere Oakmere Greensummer Orfort
Morwall Morwall
Highwell Courtcastle
Bellhollow Wellmage
Silverbarrow Silverbarrow Snowshore
Morwald Morwald
Applecastle Applecastle Violetfay
Clearland Clearland
Irondeer Irondeer Newby Freyview
Shadowgrass Bluedale
Southpine Southpine Icenesse
Silverlea Silverlea
Deerdell Foxvale Silverwitch
Butterway Butterway Esterash
Seamoor Seamoor Flowermill
Woodice Woodice Eastcastle
Mallowway Mallowway
Valhaven Valhaven
Wolflea Wolflea Eriwall
Wellbank Wellbank Janholt
Starryhill Starryhill Ostwynne
Mistshore Mistshore Dellwyn
Deephedge Deephedge
Courtwall Courtwall Flowerfield
Ironshore Ironshore
Ironriver Ironriver Mallowbridge
Newmill Newmill Rosemill
Stoneglass Stoneglass
Lochmage Lochmage Butterhill
Freymere Freymere Buttermead Northwynne
Westerlight Westerlight
Bushgate Bushgate
Corbank Corbank
Bluedell Bluedell Greenshore
Pinepond Northriver
Redwell Redwell
Erilyn Erilyn
Shorebarrow Violetley Highmont
Osttown Southwheat Verthedge
Oldmoor Oldmoor Wooddell
Springfox Springfox
Goldcrest Goldcrest Stonefair Lightmere
Newley Newley
Snowsage Snowsage Goldwyvern
Greyice Greyice Mallowness
