129 99 145 180 86 188 179 161 185 158 84 7 19 43 72 79 72 21 72 43 19 7 84 158 185 65 123 103 192 103 98 48 97 101 170 73 170 101 97 48 34 109 184 85 133 106 133 85 184 109 34 51 197 5 197 51 62 71 64 71 62 51 24 94 27 94 24 51 34 48 98 103 123 65 185 161 179 92 124 92 13 118 45 118 10 118 13 92 179 188 86 180 145 32 181 8 142 8 181 32 145 99 31 88 1 88 31 99 129 15 41 157 110 154 196 154 110 157 4 2 46 2 4 157 41 15 129
45
145 145
179 76
185 70
84 115
7 7
19 19
43 43
79 79 112
21 67 151 190
103 103
192 121 175
97 97
101 52
170 58
73 73 136
34 34
109 109
184 184
85 85
133 133
106 106 178
197 82
5 28 148
62 49
71 91
64 64 163
94 94 139
27 172 40
124 124 16
13 13
118 118 166
45 22 160
10 10 100
32 187
181 181 169
142 142 61
31 31
88 88 127
1 1 130
157 157
154 154 193
196 196 37
4 4
2 55
46 46 25
