FacultyClub DonnerLaboratory Birge BancroftDance Warren Mulford Morrison BrainImagingCenter Morrison Mulford Warren BancroftDance Spieker Stephens Sproul MediaCenter EarthquakeLibrary ArtHistoryLibrary UniversityHouse ArtHistoryLibrary EarthquakeLibrary MediaCenter Sproul Stephens Spieker BancroftDance Birge DonnerLaboratory OptometryLibrary CareerCenter StowPlaza MelvinLaboratory SproulPlaza MartinezCommons Durham Wheeler InternationalHouse Manville Hilgard Manville InternationalHouse Wheeler Durham MartinezCommons SproulPlaza MelvinLaboratory StowPlaza CareerCenter OptometryLibrary DonnerLaboratory FacultyClub LawrenceofScience PacificFilmArchive OBrien PacificFilmArchive LawrenceofScience FacultyClub Etcheverry HearstGym Etcheverry FacultyClub
18
FacultyClub FacultyClub
Mulford Mulford
Morrison Morrison
BrainImagingCenter BrainImagingCenter StudentUnion
Spieker Spieker
EarthquakeLibrary EarthquakeLibrary
UniversityHouse UniversityHouse SutardjaDai FPF
CareerCenter CareerCenter
SproulPlaza SproulPlaza
Durham Durham
Wheeler Wheeler
Manville Manville Pimentel
Hilgard Hilgard Cheit
LawrenceofScience LawrenceofScience
PacificFilmArchive PacificFilmArchive
OBrien OBrien Library
Etcheverry Etcheverry
HearstGym HearstGym BioscienceLibrary
