FacultyClub MLK Moses Minor EnvDesignLibrary BrainImagingCenter SocialLibrary Barrows Gilman Morgan LBNL EastAsianLibrary LBNL Morgan Gilman Barrows SocialLibrary BrainImagingCenter WooHonFai Bechtel Bowles AquaticCenter MSRI SatherGate Koshland MathLibrary EllsworthParking ClarkKerrCampus Kroeber OldArtGallery CITRIS BerkeleyLawLibrary HearstMining Zellerbach BanwayBuilding Zellerbach HearstMining BerkeleyLawLibrary CITRIS OldArtGallery Kroeber ClarkKerrCampus EllsworthParking Hildebrand Mulford PhilosophyLibrary Cleary BancroftDance Cleary PhilosophyLibrary Mulford Hildebrand EllsworthParking MathLibrary Koshland SatherGate MSRI LawSchool Boalt McCone VisitorCenter HearstFieldAnnex NewspapersLibrary AnthropologyLibrary StudentUnion LawrenceofScience SproulPlaza KoretVisitorCenter Underhill LowerHearstParking University LudwigsFountain ChanningBowditch LudwigsFountain MusicLibrary ChildStudyCenter Parking EthnicLibrary Hertz Foothill UCBExtension HearstGreekTheatre Unit1 Hilgard DonnerLaboratory Cory MediaCenter Cory DonnerLaboratory Hilgard Unit1 HearstGreekTheatre UCBExtension StowPlaza BancroftParking Barker PacificFilmArchive MartinezCommons MemorialPool Demography VisualCenter Tan SummerSession MaxwellField Wurster PublicAffairs FoxCottage TennisCenter Davis TennisCenter FoxCottage PublicAffairs Wurster MaxwellField SummerSession Tan VisualCenter Demography MemorialPool MartinezCommons PacificFilmArchive Barker BancroftParking StowPlaza UCBExtension Foothill Hertz EthnicLibrary Parking ChildStudyCenter MusicLibrary LudwigsFountain University LowerHearstParking EarthLibrary NorthGate BusinessLibrary HearstGym BusinessLibrary NorthGate EarthLibrary TAAP EarthLibrary LowerHearstParking Underhill KoretVisitorCenter SproulPlaza LawrenceofScience StudentUnion AnthropologyLibrary NewspapersLibrary HearstFieldAnnex VisitorCenter McCone Boalt ArtHistoryLibrary Durham WomensFacultyClub HaasClubhouse Unit3 BerkeleyWayWest NatrLaboratory GraduateServices EngineeringLibrary FoundersRock Haas FSM Blum JuliaMorgan SharedServices Wellman LiKaShingCenter Wheeler CareerCenter Wheeler LiKaShingCenter Wellman Simon EnergyBuilding Simon Wellman SharedServices JuliaMorgan Blum FSM Haas Warren OxfordResearchUnit UniversityHouse OxfordResearchUnit Warren Haas FoundersRock SEAsianLibrary InsectaryGreenhouse BioscienceLibrary Jacobs Stanley HearstFountain Stanley Jacobs BioscienceLibrary InsectaryGreenhouse SEAsianLibrary FoundersRock EngineeringLibrary GraduateServices NatrLaboratory DataLab CounselingLibrary LeConte Campbell IRLE Campbell LeConte CounselingLibrary Birge Classof54Gate Stephens Classof54Gate Birge CounselingLibrary DataLab NatrLaboratory BerkeleyWayWest Unit3 HaasClubhouse WomensFacultyClub Durham ArtHistoryLibrary Boalt LawSchool MSRI AquaticCenter Bowles Bechtel WooHonFai BrainImagingCenter EnvDesignLibrary Minor Moses MLK BancroftLibrary Library BancroftLibrary MLK FacultyClub EarthquakeLibrary FacultyClub
75
FacultyClub FacultyClub
MLK MLK
BrainImagingCenter BrainImagingCenter
SocialLibrary SocialLibrary
LBNL HealthServices
EastAsianLibrary EastAsianLibrary PhysicsLibrary Evans
WooHonFai WooHonFai
Bechtel Bechtel
Bowles Bowles
AquaticCenter AquaticCenter
MSRI MSRI
Koshland Koshland
MathLibrary MathLibrary
Kroeber Spieker
CITRIS CITRIS
BerkeleyLawLibrary BerkeleyLawLibrary
BanwayBuilding BanwayBuilding Sproul
Hildebrand Hildebrand
Mulford Mulford
BancroftDance BancroftDance Giauque
LawSchool LawSchool
Boalt Boalt
McCone McCone
HearstFieldAnnex HearstFieldAnnex
NewspapersLibrary NewspapersLibrary
AnthropologyLibrary AnthropologyLibrary
StudentUnion StudentUnion
LawrenceofScience LawrenceofScience
SproulPlaza SproulPlaza
Underhill Underhill Etcheverry
ChanningBowditch Investigative MelvinLaboratory
EthnicLibrary EthnicLibrary Senior
HearstGreekTheatre HearstGreekTheatre
Hilgard Hilgard
DonnerLaboratory DonnerLaboratory
MediaCenter MediaCenter UpperHearstParking
StowPlaza StowPlaza
PacificFilmArchive PacificFilmArchive Cheit
MartinezCommons MartinezCommons
VisualCenter VisualCenter
Tan AndersenAuditorium
MaxwellField MaxwellField
Wurster SimpsonCenter Latimer
FoxCottage FoxCottage
Davis Davis InternationalHouse
EarthLibrary EarthLibrary
NorthGate NorthGate
HearstGym HearstGym Pimentel
TAAP TAAP Manville
ArtHistoryLibrary ArtHistoryLibrary AlumniHouse
Durham Durham
Unit3 Unit3
BerkeleyWayWest BerkeleyWayWest LatinAmerican
EngineeringLibrary EngineeringLibrary
FoundersRock FoundersRock
FSM Durant
Wellman Wellman
Wheeler Wheeler
CareerCenter CareerCenter Soda
EnergyBuilding EnergyBuilding IdaHouse
Warren Warren
UniversityHouse UniversityHouse CesarChavez
SEAsianLibrary SEAsianLibrary
BioscienceLibrary BioscienceLibrary
Jacobs Jacobs OptometryLibrary
Stanley Stanley
HearstFountain HearstFountain VLSB
LeConte LeConte
Campbell Campbell
IRLE IRLE SpringerGateway
Birge Birge
Stephens Stephens OBrien
BancroftLibrary BancroftLibrary SutardjaDai
Library Library FPF
EarthquakeLibrary EarthquakeLibrary Morrison
