FacultyClub IRLE Cheit IRLE FacultyClub Durham HealthServices BanwayBuilding TAAP Warren TAAP BanwayBuilding HealthServices VLSB BerkeleyLawLibrary MartinezCommons PhysicsLibrary NorthGate OptometryLibrary NorthGate UniversityHouse SproulPlaza FoundersRock CesarChavez EarthLibrary StudentUnion EarthLibrary CesarChavez OBrien Koshland MelvinLaboratory Campbell FPF Underhill UpperHearstParking HearstFountain EthnicLibrary HearstFieldAnnex Sproul HearstFieldAnnex EthnicLibrary HearstFountain UpperHearstParking Morrison Stephens Morrison UpperHearstParking Underhill FPF Birge Wellman Bowles Stanley AlumniHouse VisualCenter MLK Etcheverry SocialLibrary Hildebrand DonnerLaboratory Hildebrand SocialLibrary Etcheverry MLK VisualCenter AlumniHouse MediaCenter IdaHouse ArtHistoryLibrary Durant BancroftDance Evans Mulford McCone EnergyBuilding Davis HearstGym Unit3 BerkeleyWayWest Jacobs BerkeleyWayWest Unit3 HearstGym Davis EnergyBuilding McCone Mulford Evans BancroftDance NewspapersLibrary BancroftDance Durant ArtHistoryLibrary IdaHouse MediaCenter AlumniHouse Stanley BioscienceLibrary Stanley Bowles Wellman Birge FPF Campbell MelvinLaboratory Koshland OBrien CesarChavez FoundersRock SproulPlaza UniversityHouse NorthGate PhysicsLibrary MartinezCommons BerkeleyLawLibrary VLSB HealthServices Durham FacultyClub
35
FacultyClub FacultyClub EarthquakeLibrary
IRLE IRLE
Cheit Cheit Wheeler
Durham Durham
Warren Warren PacificFilmArchive
MartinezCommons MartinezCommons Investigative
OptometryLibrary OptometryLibrary Library
UniversityHouse UniversityHouse
SproulPlaza SproulPlaza
EarthLibrary EarthLibrary
StudentUnion StudentUnion SutardjaDai
OBrien OBrien
Koshland Koshland
MelvinLaboratory MelvinLaboratory
FPF FPF
HearstFountain CareerCenter StowPlaza
Sproul Sproul AnthropologyLibrary
Morrison Morrison
Stephens Stephens AndersenAuditorium
Birge Birge
MLK CITRIS
Etcheverry Etcheverry
DonnerLaboratory DonnerLaboratory SpringerGateway
MediaCenter MediaCenter
ArtHistoryLibrary ArtHistoryLibrary
BancroftDance BancroftDance
Evans Spieker
Mulford Mulford
McCone InternationalHouse
EnergyBuilding EnergyBuilding BrainImagingCenter
HearstGym HearstGym
Unit3 Unit3 Manville
Jacobs Jacobs Pimentel
NewspapersLibrary NewspapersLibrary LawrenceofScience
BioscienceLibrary BioscienceLibrary Hilgard
