0 20 9 60 148 27 161 27 32 181 157 122 145 122 157 2 3 13 133 26 198 199 198 26 133 13 3 4 197 4 22 10 8 171 8 33 170 111 104 111 170 33 8 10 22 4 3 2 157 181 32 42 32 27 148 60 112 60 31 158 86 44 86 158 31 117 31 60 9 56 19 127 152 98 78 167 162 167 78 98 152 127 102 127 19 82 19 61 38 85 38 61 19 56 9 52 128 74 35 178 193 190 185 187 114 187 185 190 193 178 49 108 40 77 40 108 49 106 96 106 49 63 17 55 15 177 195 119 143 119 195 177 15 55 17 12 183 174 183 12 17 63 49 178 35 45 46 125 103 125 73 71 67 71 73 125 46 45 35 7 35 6 118 6 35 74 128 52 9 20 0
60
0 169
60 60 155
148 148
161 161 188
32 32 76
181 181
145 145 51
3 3 131
13 13
133 133
26 26
199 199 97
197 197 123
8 8
171 171 180
33 33 168
170 170
111 47
104 94 173
42 42 105
112 112 88
158 158
86 99
44 44 80 135
117 117 134
56 56
19 19 124
78 69
167 167
162 162 64
102 102 65
82 82 75 191
38 38
85 85 92
52 52 120 113
128 172
74 74
35 35 153
178 178
185 87
114 114 58 140
49 49 93 175
77 77 48
106 106
96 96 91
17 17
55 55
15 15 83
177 177
195 195
119 119
143 143 132
174 174 136
46 46
103 103 139
73 73
71 71
67 67 18 149
7 90 141
118 25 154
