1 15 177 123 55 53 95 151 95 42 95 53 55 27 55 123 25 123 177 122 134 172 84 172 62 92 97 24 97 92 18 114 26 130 75 65 137 139 77 139 137 65 75 130 26 48 26 114 18 100 194 23 194 100 18 92 62 172 134 31 159 14 22 14 159 31 66 90 111 157 111 90 66 13 69 161 58 35 58 161 69 68 76 68 69 30 141 12 141 30 69 13 66 31 134 122 177 15 105 166 105 15 2 164 118 50 118 164 94 52 94 164 2 61 147 85 33 140 168 32 87 107 128 112 80 112 67 167 101 179 39 71 39 179 101 167 67 41 67 112 128 107 87 32 168 140 33 59 44 88 149 165 78 165 149 88 44 59 33 85 147 61 2 15 1
62
1 7
15 15
55 55
53 53 6
95 95
151 21 81
42 42 64
27 27 8
25 25 4
84 84 28
62 62 36
92 92
97 97
24 24 37
18 18 96
114 47
26 26
75 75
65 65 54
77 77 49
48 48 89
100 100
23 23 73
31 31 45
14 14
22 22 63
66 66 43
90 90
111 91
157 10 60
13 13 5
69 69
161 19
58 58
35 35 57
68 68
76 76 79
30 30
12 12 51
166 46 98
2 2
164 86
50 50 17
94 94 11
52 52 82
61 61 38 93 56
85 85
33 33 29
32 32
87 87
80 80 20 70
67 67
167 83
101 101
39 39
71 71 9
41 41 16 72
59 59
44 44 40
88 88 34
149 74 99
78 78 3
