1 65 9 88 36 89 18 48 18 44 95 51 20 33 32 82 6 82 32 33 20 51 95 44 56 67 31 15 69 59 19 38 53 26 46 42 46 26 53 38 19 59 69 15 31 67 56 44 18 35 3 99 25 52 4 52 25 99 3 35 18 28 66 55 40 55 22 55 66 28 27 28 18 89 36 88 9 43 9 65 1
32
9 9
36 36
89 17 8
18 18 39
48 48 11
44 44 24
51 51
20 20
33 33 34
32 32
6 6 5
56 7
31 31
15 15 2 23
69 29
19 19
38 38
53 21
26 26 37
46 46
42 42 49
35 35
3 3 10
99 16
25 25
4 4 50
28 28
66 30
40 40 13
22 22 12 47
27 27 41
43 43 14 45
