159 77 140 149 76 149 140 14 56 156 56 93 154 93 65 93 56 84 118 195 152 173 27 173 152 172 119 172 152 195 118 84 56 14 140 77 159 22 95 57 64 177 111 177 64 130 107 189 117 48 182 47 148 47 182 48 117 189 92 158 74 158 92 114 92 189 59 147 157 147 59 100 59 189 32 79 32 189 8 193 153 5 102 5 153 193 53 137 127 142 129 41 129 15 129 142 46 142 127 109 180 109 127 137 101 25 138 81 164 6 164 81 138 69 171 10 66 36 66 10 171 69 138 25 45 72 45 25 101 1 94 108 94 1 101 137 53 193 8 189 107 134 107 130 64 57 63 13 63 57 95 22 159
57
77 77 190
140 140
149 4 21
76 76 165
14 14 97
56 96
156 156 31
93 93
154 154 2
65 65 26 98
173 133
27 145 169
172 172 126
119 191 86
22 22
64 64
177 174
111 111 34 128
107 107
48 48
47 47
148 148 51
92 116
158 158 99
74 74 185
114 114 35
59 59
147 40
157 157 71
100 100 139 181 199
32 32
79 79 3
8 178
193 193 24
102 102 82 123
53 53
137 137 85
127 61 146
41 41 87
15 15 167
46 46 37 192
109 109
180 180 122
101 101 132
138 138
81 28 11
164 43
6 6 52
69 155
10 10 200
36 36 17
45 45
72 72 7
108 38 88 60
134 134 120
63 63 121
13 13 106
