Home46 Home49 Home83 Home63 Home83 Home49 Home9 Home28 Home26 Home3 Home30 Home55 Home51 Home78 Home51 Home55 Home30 Home2 Home84 Home40 Home64 Home24 Home86 Home35 Home39 Home35 Home13 Home17 Home82 Home89 Home31 Home32 Home88 Home85 Home88 Home32 Home31 Home89 Home82 Home17 Home13 Home35 Home86 Home24 Home64 Home40 Home84 Home2 Home30 Home3 Home26 Home28 Home9 Home6 Home45 Home6 Home9 Home49 Home46
20
Home49 Home49
Home83 Home83
Home63 Home63 Home66
Home9 Home9
Home28 Home28
Home30 Home30 Home5
Home55 Home55
Home78 Home11 Home71
Home84 Home69
Home40 Home40
Home24 Home27 Home62
Home86 Home60
Home35 Home57 Home68
Home39 Home39 Home42 Home41
Home13 Home13
Home82 Home82 Home48
Home31 Home31
Home88 Home33
Home85 Home85 Home12
Home45 Home45 Home80
