K GG BX GG K AL DC BR DC AY DC R GH H EL AK FZ D EY D FZ C AI P BQ Q FR CN FR Y FR Q BN BK BN Q BE BI FA AQ BA AQ FA BI AC BS CC BS AC O AC BI I BI BE BC CI AO CJ AO CI BC CA CP BZ CP CA Z CA BC BE AT BE G FH F AS FW AP U AP FW AS F FH G BT M AH FP A BV AG DD BY DV AF J CO FM EM AR GS DH GR BW GR DH GS AR EM FM CO J AF DV BY DD AG BV A FP AH M BT G BE Q BQ P AI C FZ AK EL H AZ H GH R DC AL CK AL K
57
K K
BX BX AD
AL AL AX
BR BR BL CH
AY AY E CQ CT
R R AU
H H T AW
AK AK BD
D D
EY AN BP
C C
AI AI
P P CR
BQ BQ
Q Q
FR S CG
CN CN CF
Y Y L BG BH X
BN BN AA
BK BK CD BO
BE BE
BI BI CB
AQ AQ
BA BA AB
AC AC W
BS BS
CC CC BF
O O AM BU
I I BB
BC BC N
CI CI
AO AO
CJ CJ CM
CA CA CE
CP CP B
BZ BZ V
Z Z CL
AT AT AJ
G G
F F
AS AS
AP AP CU
U U AV
BT BT
M M
AH AH
A A
BV BV
AG AG
BY BY
AF AF
J J CS
CO CO
AR AR
BW BW AE
AZ AZ BJ BM
CK CK CV
