Satish 4C88SXD PUW25N CKNDWG ZMZIWZ 4UE11 LTI99R XU4IP5J BRG51KM Y99D5Y12 7T8I47 2P6O4RH0 J2ETZ1C CXQDH6YMZ8 5XYO SQLSVN 5XYO CXQDH6YMZ8 J2ETZ1C 2P6O4RH0 7T8I47 CV6NHW7M ETNCY9XH2 2CUB41BE 7YZ45UL88 YQB2CII950 VOAV VIMVIHOY 02X2C VIMVIHOY VOAV YQB2CII950 7YZ45UL88 2CUB41BE ETNCY9XH2 CV6NHW7M 7T8I47 Y99D5Y12 BRG51KM XU4IP5J LTI99R LQQ5IH MXJIYJYNH4 9QJRN XV55 CPB2G OOAS 3J6SSA GH8C G4QE3I UDBFED J3H3CKHTS ARTWTP9 L2MG8NMU M71OYIS EEZS HQG39M EEZS M71OYIS RP28W1 M71OYIS L2MG8NMU KCOFJD L2MG8NMU ARTWTP9 J3H3CKHTS UDBFED G4QE3I GH8C 3J6SSA OOAS CPB2G FPZT G90OCSZY FM2G14H8I P5F5G PIW6IC50D LU68 4P0LGP0 EFIKTK4Y0Y NP5A5 11NACH2LP ALEI6N M35E E37ZKA8WK 91ZONFE AV4KL I38TH1O QW15YTSV X9MIV9 H41HZ6 E2DHWGC LUQ3 HM48FZD0 26PG 9PCUL07FJ 5Q8CRZ2VCM YSRPP 6Z9AYLO 6VVS6 ZVKJMH7669 8TH7QVQY GNVXN YJYOMJ6A E5HD 2BLLD3SK 4FEG 7622OJ ET82NVH9 PFQFEJGD4C ZZACWP GE62L 4OJB6 7DPM9 JA1QYGQ0N9 JHMI MLKOJ 1UCE MLKOJ JHMI JA1QYGQ0N9 7DPM9 4OJB6 GE62L ZZACWP PFQFEJGD4C ET82NVH9 7622OJ 4FEG 2BLLD3SK E5HD YJYOMJ6A GNVXN 6PVQIBNB9 VGYKKKOFLZ Q7Z37G5 4TME Q7Z37G5 VGYKKKOFLZ 6PVQIBNB9 GNVXN 8TH7QVQY ZVKJMH7669 6VVS6 6Z9AYLO YSRPP 5Q8CRZ2VCM 9PCUL07FJ 26PG HM48FZD0 LUQ3 E2DHWGC H41HZ6 X9MIV9 QW15YTSV I38TH1O AV4KL 91ZONFE E37ZKA8WK O44VZ I2GUQ1XYTA OEMHKCHOT B3R68HYWZ 7HSLUFQG A2H6A9I 43IK3HR83 FGYJ1J DNIV2BOR2P FGYJ1J 43IK3HR83 A2H6A9I 7HSLUFQG B3R68HYWZ OEMHKCHOT I2GUQ1XYTA O44VZ E37ZKA8WK M35E ALEI6N 11NACH2LP NP5A5 EFIKTK4Y0Y 4P0LGP0 LU68 PIW6IC50D P5F5G H1LQ91V U7WDA2Z1 W6YZ5IB VSEMBLQ7O3 Q7ZEY 7GAD3F 5T3W L7QS0UEPJ 5T3W 7GAD3F Q7ZEY VSEMBLQ7O3 W6YZ5IB U7WDA2Z1 H1LQ91V P5F5G FM2G14H8I G90OCSZY FPZT CPB2G XV55 9QJRN OWZ42C5 8AEKBAKS WCKDX 4RGA VG9H9B 9K8PLAET VG9H9B 6DSNDY DYYG23O YDG8AEOM ETB2 GT9LU 2B1K6EW9CL NL759YK8J GKMO7E DX16SQ 29D6AOX P6RI91D87 RN53CTZ NN7ZEA QWHT 79KTC8AS9 08W7NAP6G 2841 W71YV1R66L LI4EXO81 716QJY 0TRB9358 G7PWWJ QUFALN M649OA AKDE80E0B E9DZLL AKDE80E0B M649OA QUFALN G7PWWJ 0TRB9358 716QJY LI4EXO81 W71YV1R66L 2841 08W7NAP6G 79KTC8AS9 QWHT NN7ZEA RN53CTZ P6RI91D87 29D6AOX DX16SQ GKMO7E NL759YK8J 2B1K6EW9CL GT9LU ETB2 YDG8AEOM DYYG23O 6DSNDY VG9H9B 4RGA WCKDX 8AEKBAKS OWZ42C5 9QJRN MXJIYJYNH4 LQQ5IH LTI99R 4UE11 ZMZIWZ CKNDWG PUW25N 4C88SXD Satish
84
4C88SXD 4C88SXD
PUW25N PUW25N
CKNDWG CKNDWG
ZMZIWZ ZMZIWZ
4UE11 4UE11
BRG51KM 4VE7V
7T8I47 7T8I47
J2ETZ1C J2ETZ1C
CXQDH6YMZ8 CXQDH6YMZ8
5XYO 5XYO
SQLSVN SQLSVN DDB26ZHC
CV6NHW7M CV6NHW7M
ETNCY9XH2 ETNCY9XH2
YQB2CII950 YQB2CII950
VOAV VOAV
02X2C 02X2C C8WREP
LQQ5IH LQQ5IH
MXJIYJYNH4 MXJIYJYNH4
9QJRN 9QJRN
3J6SSA 3J6SSA 5HULMUDLAQ
GH8C GH8C
G4QE3I G4QE3I
UDBFED 8UPUEGO
ARTWTP9 ARTWTP9
M71OYIS M71OYIS
EEZS EEZS
HQG39M HQG39M KBI1CALMNJ
RP28W1 RP28W1 IHN21LA4
KCOFJD KCOFJD 01G9IQ2
FPZT FPZT ZH2INF
G90OCSZY G90OCSZY
FM2G14H8I FM2G14H8I
PIW6IC50D PIW6IC50D
4P0LGP0 4P0LGP0
EFIKTK4Y0Y EFIKTK4Y0Y
M35E M35E
E37ZKA8WK E37ZKA8WK
91ZONFE 91ZONFE
AV4KL GILAN21GR3
QW15YTSV QW15YTSV
H41HZ6 H41HZ6
E2DHWGC E2DHWGC
LUQ3 GN4G0L2
HM48FZD0 HM48FZD0
26PG 26PG
YSRPP YSRPP
8TH7QVQY 8TH7QVQY
GNVXN GNVXN
E5HD E5HD
2BLLD3SK 2BLLD3SK
7622OJ 7622OJ
ET82NVH9 ET82NVH9
ZZACWP ZZACWP FM2HEMVR1
JA1QYGQ0N9 B690
MLKOJ MLKOJ JX6GCY
1UCE 1UCE YU3U1T
6PVQIBNB9 6PVQIBNB9
VGYKKKOFLZ VGYKKKOFLZ
Q7Z37G5 Q7Z37G5
4TME HBQM42U 3WJYJDDU
O44VZ O44VZ
B3R68HYWZ B3R68HYWZ
7HSLUFQG LM7KL5G3V
43IK3HR83 DST5W4G0
DNIV2BOR2P DNIV2BOR2P PMXEOGGIQ
H1LQ91V H1LQ91V
U7WDA2Z1 A118
Q7ZEY Q7ZEY
7GAD3F 7GAD3F
5T3W CB93
L7QS0UEPJ L7QS0UEPJ ZMQ5BH
9K8PLAET 9K8PLAET A8WYICH3
DYYG23O DYYG23O
ETB2 ETB2
GT9LU LBR67PCKBJ
2B1K6EW9CL 2B1K6EW9CL
GKMO7E 3IXHQXHYBV
P6RI91D87 P6RI91D87
79KTC8AS9 79KTC8AS9
W71YV1R66L W71YV1R66L
0TRB9358 0TRB9358
G7PWWJ 8MDFNIK8AY FWM5C
M649OA M649OA
E9DZLL E9DZLL 9V10EOH
