Satish ENMF R6VBAVZ0B PTWCQ ZY9VPYMXA PTWCQ R6VBAVZ0B ENMF PYD9SISJI KRM4B VFRT26 1BZLEM U0958 TAI8UPP PTL1QU OK29GJ BBFYA9B OXWYDF NSBI 2J5C Z6H98 2J5C NSBI OXWYDF BBFYA9B OK29GJ PTL1QU TAI8UPP U0958 8U5UW BVNZ 8U5UW U0958 1BZLEM YXBMACC VPQ3SCZD ZRYV5F 1ILZRYDHY WZ1MC3189 KSHB2KG WZ1MC3189 1ILZRYDHY ZRYV5F VPQ3SCZD YXBMACC 1BZLEM VFRT26 KRM4B PYD9SISJI ENMF Satish
20
R6VBAVZ0B R6VBAVZ0B
PTWCQ PTWCQ
ZY9VPYMXA ZY9VPYMXA PZMGYZL
PYD9SISJI PYD9SISJI
KRM4B KRM4B 92R432
VFRT26 VFRT26
1BZLEM 1BZLEM
PTL1QU PTL1QU
OK29GJ UVP4WIKK
BBFYA9B BBFYA9B
OXWYDF OXWYDF
NSBI NSBI
2J5C 4INC2D8SDN
Z6H98 Z6H98 ER2YSPML1C
BVNZ 399VM5PU6 FS1RWBVR7
YXBMACC YXBMACC
VPQ3SCZD 9XFF
ZRYV5F ZRYV5F
WZ1MC3189 WZ1MC3189
KSHB2KG KSHB2KG ICTGXV
