92 8 79 26 6 99 9 91 29 91 5 12 5 91 9 74 9 2 9 99 6 26 79 8 38 25 73 76 49 84 16 46 10 35 34 14 15 54 31 41 56 1 56 41 31 54 15 14 34 35 10 46 16 24 30 24 16 84 49 63 20 53 44 80 60 80 44 75 44 53 20 63 49 76 73 25 22 25 38 8 92
34
92 92 37
8 89
79 79
26 26 71
6 6
9 9
91 91
29 29 21 43 82
12 12 50
74 74 11
2 2 95
38 38
25 25
73 73
76 76
84 84
16 16
46 46
34 94
14 14
15 15
54 54
31 31 77
41 41
56 56
1 47 57
24 24
30 30 67
20 20
44 44 65
80 80
60 60 36 40
75 75 59
22 22 83
