129 19 137 117 89 80 161 80 84 101 3 4 147 30 111 112 46 112 111 13 180 18 140 196 25 7 59 71 156 71 99 56 85 195 157 29 32 105 32 29 157 195 85 6 85 56 99 71 59 7 25 196 140 94 114 78 90 42 43 26 128 190 54 118 28 177 28 93 68 93 28 27 0 135 79 135 35 127 173 20 191 63 96 87 33 5 106 133 24 168 183 47 183 168 24 133 106 5 40 5 33 87 96 63 191 20 155 49 53 121 53 49 155 17 8 17 155 20 173 127 35 135 0 27 28 118 54 16 54 190 128 26 43 21 73 39 73 34 172 31 172 34 73 21 43 42 90 78 114 94 140 18 180 13 111 30 147 4 81 158 81 4 3 101 84 80 89 117 137 19 92 83 92 19 129
64
19 197
137 137
89 89
161 161 9
84 84
101 101
4 4 11
147 66
30 184
111 142
46 100 107 109 122
13 13 50
180 180
140 151
196 196
25 25
59 59
71 194
156 156 95
99 99
56 56
85 85 23
195 195
157 157
29 29
32 98
105 105 192
6 6 51
114 114 108
78 163 125
26 26
128 128
190 190 64
28 15
177 177 65
68 14 126
27 160
0 0 82 145
79 61 152
20 91
191 191
63 63
96 96 2 76 97
87 87
33 33 175
5 5
24 174
183 183
47 58 62 44
40 40 88
155 155
49 49 123
53 53
121 121 189 150 171
17 17 57
8 8 48
16 16 188
21 21
39 39 178
31 110 55
81 81
158 158 103
92 92
83 36 130
