AyBBdkPvTTt19wqt 9jWI53P36dh95 0b 4932 jxDm QE9dXn5y6j2YYh jxDm 6c1qFsEg9xI 2mk9O8P6 SdP9W8WRSw kg8257p31rTQvRWjGF SdP9W8WRSw 2mk9O8P6 Q WD8QxBAx49P 0 7xf20x1m1od50iPHUtr e87h FR3SCSFtuk055ORI e87h 7xf20x1m1od50iPHUtr Ut7hqt9A EL5n1KQ3kn Q2PY iFF184 pwvBbQ870l3Io2K dQnWD4K3Y JbMQX8p9 AcC1Sh8w37Px0m 8w6aRuq A 8w6aRuq AcC1Sh8w37Px0m JbMQX8p9 dQnWD4K3Y pwvBbQ870l3Io2K IEtn6zEV03H3 r9qUrqog71Fz9gx nw566uv r9qUrqog71Fz9gx d5P0NXv8 tbwtQej 2T6osNpb4 6qc68848myvIqoZWw 2l90gxx61rTb0CbF CDuc4XdY7zp h5 Nstvw8dF9rhja lP84Whn Le6BO3R b817BTo6GdPc96ig2 Le6BO3R lP84Whn c9i08aXpBX5L7Y9g 9Ge7Sge1bnha0Jm 360B15fOiy1XBl 1utCvCS3yEzt0HBbKt I4640OD 1wh33nDt6y0W6 PdNbuD3b97N264 dElaPKehji2fqD9H4h9 QyqY4vHYw8HuZ1xqo LK1h2AhdhXWb7Czrr q7Ehaiz LK1h2AhdhXWb7Czrr QyqY4vHYw8HuZ1xqo dElaPKehji2fqD9H4h9 PdNbuD3b97N264 1wh33nDt6y0W6 I4640OD 1utCvCS3yEzt0HBbKt 360B15fOiy1XBl 9Ge7Sge1bnha0Jm c9i08aXpBX5L7Y9g lP84Whn Nstvw8dF9rhja nOMN589D7t0QjhnBj3wn Nstvw8dF9rhja 2P201UD8Q Fe5xMwq0a8 MEv16358FQ yd7324WTF MEv16358FQ E76twn5gNBei01uh2PkH 2a5Zkf5zd4Va3 O73Lh6 Han188Ox O73Lh6 2a5Zkf5zd4Va3 E76twn5gNBei01uh2PkH MEv16358FQ Fe5xMwq0a8 MnF3RrhkA5IuhY 336P8 J68F52raS3n1L6ZYK x60I798qq0Sq6Xdc9s0 MjwmiyLlZn x60I798qq0Sq6Xdc9s0 0IBy7AQ154pMIDBr2E 8kQ991Y80Dy 4B5uWNh7Dl3lRP 8kQ991Y80Dy 0IBy7AQ154pMIDBr2E x60I798qq0Sq6Xdc9s0 J68F52raS3n1L6ZYK 336P8 MnF3RrhkA5IuhY Fe5xMwq0a8 2P201UD8Q Nstvw8dF9rhja h5 CDuc4XdY7zp 2l90gxx61rTb0CbF 6qc68848myvIqoZWw 2T6osNpb4 tbwtQej d5P0NXv8 r9qUrqog71Fz9gx IEtn6zEV03H3 pwvBbQ870l3Io2K iFF184 2YlhGrefFhV6JLtw 5tQKcAo3 q 5tQKcAo3 o 5tQKcAo3 2YlhGrefFhV6JLtw iFF184 1MHxxU 0Lw86e I6 0Lw86e 1MHxxU Ja 1MHxxU Ls7i6h3d558LQMh6h 3ZLt1fWbH0f1fCMh2 920ucA0jXEv 3ZLt1fWbH0f1fCMh2 Ls7i6h3d558LQMh6h 1MHxxU P GXFdnTo0Mk b6DdFnSk8qdk45 6nB9xzJ7b5115Qu5 b6DdFnSk8qdk45 GXFdnTo0Mk P 1MHxxU iFF184 Q2PY 3 Q2PY RYtkT5 Q2PY EL5n1KQ3kn 2qbTYSv3J 98E9ia5 2qbTYSv3J EL5n1KQ3kn Ut7hqt9A 7xf20x1m1od50iPHUtr 0 WD8QxBAx49P DqfU93360y3I66U0 WD8QxBAx49P Q 2mk9O8P6 6c1qFsEg9xI jxDm 4932 0b 9jWI53P36dh95 KIOJyBXM922ydZA5 7DmqFE ymzG1qC7YsJFFmeog T8C17MZ6g69gmQ ymzG1qC7YsJFFmeog 7DmqFE KIOJyBXM922ydZA5 9jWI53P36dh95 AyBBdkPvTTt19wqt
64
9jWI53P36dh95 9jWI53P36dh95
0b 3505
4932 4932
jxDm jxDm vRH6pA1I75N1
QE9dXn5y6j2YYh eZEbm TMULg
6c1qFsEg9xI 6c1qFsEg9xI
SdP9W8WRSw SdP9W8WRSw
kg8257p31rTQvRWjGF kg8257p31rTQvRWjGF NU7gnWcAs4nq66FS
Q Q P6C89a32
FR3SCSFtuk055ORI FR3SCSFtuk055ORI Rf0x16WtfDv QqvW51K9Cm
Ut7hqt9A Ut7hqt9A p772t3OLqj
EL5n1KQ3kn 2Et5UN6ZJ19iz MJ2l1N0ojTC
Q2PY Q2PY
iFF184 iFF184
pwvBbQ870l3Io2K pwvBbQ870l3Io2K
JbMQX8p9 36Y155M7F1ZG8
8w6aRuq 8w6aRuq
A 1e90fR0FtB7Ev156y O7W5C8z8H93l
IEtn6zEV03H3 IEtn6zEV03H3 e1M0JsNJ5
r9qUrqog71Fz9gx r9qUrqog71Fz9gx
nw566uv nw566uv 1wF6
d5P0NXv8 d5P0NXv8
2T6osNpb4 2T6osNpb4
6qc68848myvIqoZWw 6qc68848myvIqoZWw
2l90gxx61rTb0CbF 2l90gxx61rTb0CbF
Nstvw8dF9rhja XMV256fk
Le6BO3R Le6BO3R d
b817BTo6GdPc96ig2 b817BTo6GdPc96ig2 ywj3aNhyxUH
1utCvCS3yEzt0HBbKt 1utCvCS3yEzt0HBbKt
I4640OD I4640OD L46h8MG90TBpA8v9
q7Ehaiz q7Ehaiz qGr382CkPK997QVHAL
nOMN589D7t0QjhnBj3wn nOMN589D7t0QjhnBj3wn 5nYY46YfUGovj
2P201UD8Q 2P201UD8Q c3x9Cmq8W5oa57mjASv
Fe5xMwq0a8 XQxkrBxnI
MEv16358FQ MEv16358FQ
yd7324WTF yd7324WTF aCCE
E76twn5gNBei01uh2PkH E76twn5gNBei01uh2PkH
O73Lh6 9o4t
Han188Ox Han188Ox EnmWLiDA9NE89oNUTbx
J68F52raS3n1L6ZYK J68F52raS3n1L6ZYK
MjwmiyLlZn MjwmiyLlZn 68ZC6T1G2o9Q95CKs thypPB22BchO3Od9
8kQ991Y80Dy v
4B5uWNh7Dl3lRP 4B5uWNh7Dl3lRP khC
2YlhGrefFhV6JLtw 2YlhGrefFhV6JLtw
q q 8tvL5MpO9J735t
o A6gMJKsUfUSuEI76 7d2Q05crlPi
1MHxxU TByQ7zH089
0Lw86e dUdv uF131buM7L27
I6 I6 6v326555i1Io5Z o83v2nI1sQs
Ja L7Mfs3034VwaB7kd3Z hG8udpL53V
920ucA0jXEv 920ucA0jXEv 85682ijoufq1DW
P P
GXFdnTo0Mk JBYT6heC6yE4
b6DdFnSk8qdk45 b6DdFnSk8qdk45
6nB9xzJ7b5115Qu5 PELS5 b19692
3 3 3z4E
RYtkT5 RYtkT5 usTG0We6G9WDs7Dk 8Qe2lSUyQa
2qbTYSv3J 659Cx
98E9ia5 gv3T5z4 89ukpivGhdck21Krrh40
DqfU93360y3I66U0 Tk46 9q06155efQSN
KIOJyBXM922ydZA5 KIOJyBXM922ydZA5
7DmqFE 7DmqFE
ymzG1qC7YsJFFmeog ymzG1qC7YsJFFmeog
T8C17MZ6g69gmQ T8C17MZ6g69gmQ FKWv88jkw79me
