0 137 0 112 50 9 107 22 109 5 13 17 33 72 28 72 33 7 149 8 67 71 67 8 149 7 76 34 76 7 33 2 158 40 100 35 124 93 124 35 100 40 49 121 11 121 49 40 158 2 65 3 12 139 16 197 23 89 73 99 32 99 73 89 26 108 54 24 84 24 63 24 54 108 26 89 23 197 16 57 18 198 6 58 68 58 6 51 30 103 20 103 30 51 6 198 18 42 10 122 14 61 14 122 10 42 18 57 16 139 12 3 65 2 36 2 33 17 13 5 109 22 107 9 50 112 0 90 79 90 0
55
0 0 43 59 62 86 15
137 37 52
50 50
9 9 64 80
107 81
22 22 46
109 31
5 5
13 13
17 17 21 92
33 33 74
72 72 83
28 28 41
7 7 19
8 8 45
67 67
71 71 94
76 76
34 34 91
2 2 27 78
40 40
100 44
35 35 69
93 93 38
49 49
11 11 75
65 65
3 3
12 12 66
16 16
23 23
89 89
73 73
99 99
32 32 25
26 26
54 54 98
24 24 88
84 84 87 97
63 63 55
57 57 1 39
18 18 82
6 6
58 58 77
68 68 85
51 51 47 96
30 30
20 20 53 60
42 42 48 95
10 10
14 14 29
61 61 70
36 36 56
90 90
79 79 4
