loc0 loc23 loc99 loc47 loc25 loc81 loc4 loc67 loc13 loc67 loc4 loc81 loc25 loc46 loc71 loc93 loc72 loc87 loc2 loc1 loc53 loc30 loc37 loc59 loc98 loc59 loc37 loc30 loc53 loc1 loc2 loc87 loc72 loc93 loc71 loc90 loc62 loc45 loc43 loc49 loc91 loc49 loc33 loc49 loc43 loc45 loc62 loc90 loc71 loc78 loc9 loc88 loc8 loc5 loc6 loc5 loc8 loc88 loc9 loc78 loc71 loc46 loc25 loc47 loc99 loc23 loc15 loc89 loc86 loc68 loc86 loc89 loc15 loc23 loc0
24
loc23 loc23 loc84
loc99 loc99 loc21
loc47 loc7
loc25 loc25
loc81 loc81
loc4 loc42
loc67 loc65
loc13 loc28 loc79
loc93 loc93 loc26
loc72 loc72
loc30 loc34
loc98 loc51 loc29 loc75
loc90 loc90
loc62 loc62 loc16 loc20
loc45 loc45 loc35
loc43 loc24
loc49 loc49 loc40
loc91 loc91 loc31 loc39
loc33 loc33 loc48
loc88 loc88
loc8 loc8
loc6 loc6 loc61
loc86 loc86 loc69
loc68 loc52 loc54
