69 7 39 8 170 25 170 1 92 0 162 6 98 14 98 6 9 6 162 0 92 1 170 8 167 27 167 8 163 8 21 3 190 4 186 4 190 3 121 5 33 5 121 3 45 2 24 2 45 3 15 11 15 3 21 8 39 7 36 7 69
22
7 101 115 127 131 135
8 77 100
25 25 56
1 1 30 31 46 59 64 87 118 128 149 158
0 51 113 188 193 195
162 162
6 63 71 72 74 80 81 106 165 166
14 14 99
9 53 194
27 27 117
163 163 197
3 50 58 110 133 171 185 198
190 190
4 37 44 52 82 134
186 186 148
121 121
5 5 132 192
33 33 191
2 2 90 26 83 150 160
24 24 119
11 11 97 104 112 146 147
36 36 16
