74 123 109 161 20 96 20 161 11 99 137 97 100 73 146 45 186 28 113 28 1 18 34 151 33 76 166 14 59 65 170 172 5 172 170 63 66 122 26 193 51 199 133 199 51 193 26 122 66 63 57 86 57 63 170 65 91 131 53 37 152 37 53 131 91 65 59 60 35 188 183 25 44 25 183 188 35 60 59 14 166 76 112 76 33 151 34 138 116 70 79 175 165 64 165 175 79 70 116 138 34 94 34 52 153 32 153 52 34 18 1 13 121 13 15 148 105 117 3 180 158 43 187 75 4 75 187 43 158 180 3 117 105 148 15 13 1 28 186 45 146 8 141 8 42 8 146 73 125 103 125 73 100 97 137 99 11 161 109 123 74
61
123 123 81
109 109
161 161
20 20
96 96 184
11 11 140
99 99
97 97
100 100 134 173 198
73 73
146 146
45 45
186 127
28 58 130
113 113 88
1 47
18 18 72
34 80
151 135
33 83 108
76 76 31 56 154
14 14 118
59 59
65 200
172 12
5 5 132
63 63 139 174
66 66 50
122 143
193 193
51 51 77 190
199 199
133 133 54
57 136
86 86 128
91 91
53 53
37 178
152 152 16
60 60
25 23
44 44 107
112 112 114
138 138
116 116 120
175 155
165 165 171
64 17 167 90
94 94 163
52 52
32 32 27
13 192
121 89 111
105 105
158 158
4 4 39 179
8 115
141 61 129
42 42 142
125 125 98 157
103 103 95
