73 96 38 96 15 48 32 1 77 45 88 100 60 46 99 62 99 46 60 100 88 27 2 94 2 27 88 22 29 83 55 34 55 83 29 22 88 45 77 14 17 93 64 90 64 93 17 14 77 1 68 92 33 92 68 4 69 98 9 57 44 57 9 98 69 4 68 1 19 18 76 37 86 37 76 18 19 1 32 48 13 40 28 91 28 40 13 48 15 96 73
34
96 96
38 5 8
15 15 79
48 48
1 1 50
77 77
100 100
46 46 75
99 99
62 12 65
27 27
94 94 53
22 22
29 29
83 83
34 34 21
14 14
17 10
93 93
90 90 25
68 68
33 33 11 82
4 84 74
98 98
9 9 71
57 57
44 44 49
19 19
18 18
76 76
86 86 66
13 13
40 85
91 91 78 81
