MASA01 MASA13 MASA02 MASA03 MASA06 MASA07 MASA08 MASA09 MASA10 MASA11 MASB02 MASB03 MASB06 MASB07 MASB08 MASB09 MASB10 MASB11 MASC13 MASC02 MASC03 MASC06 MASC07 MASC08 MASC09 MASC10 MASC11 MBSA01 MBSA13 MBSA02 MBSA03 MBSA06 MBSA07 MBSA08 MBSA09 MBSA10 MBSA11 MBSB02 MBSB03 MBSB06 MBSB07 MBSB08 MBSB09 MBSB10 MBSB11 MBSC13 MBSC02 MBSC03 MBSC06 MBSC07 MBSC08 MBSC09 MBSC10 MBSC11 MBSC10 MBSC09 MBSC08 MBSC07 MBSC06 MBSC03 MBSC02 MBSC13 MBSB11 MBSB10 MBSB09 MBSB08 MBSB07 MBSB06 MBSB03 MBSB02 MBSA11 MBSA10 MBSA09 MBSA08 MBSA07 MBSA06 MBSA03 MBSA02 MBSA13 MBSA01 MASC11 MASC10 MASC09 MASC08 MASC07 MASC06 MASC03 MASC02 MASC13 MASB11 MASB10 MASB09 MASB08 MASB07 MASB06 MASB03 MASB02 MASA11 MASA10 MASA09 MASA08 MASA07 MASA06 MASA03 MASA02 MASA13 MASA01
36
MASA02 MASA02
MASA03 MASA04 MASA05
MASA08 MASA08
MASA09 MASA09
MASA10 MASA10
MASA11 MASA11 MASA12
MASB02 MASB02
MASB03 MASB04 MASB05
MASB08 MASB08
MASB09 MASB09
MASB10 MASB10
MASB11 MASB11 MASB12
MASC02 MASC02
MASC03 MASC04 MASC05
MASC08 MASC08
MASC09 MASC09
MASC10 MASC10
MASC11 MASC11 MASC12
MBSA02 MBSA02
MBSA03 MBSA04 MBSA05
MBSA08 MBSA08
MBSA09 MBSA09
MBSA10 MBSA10
MBSA11 MBSA11 MBSA12
MBSB02 MBSB02
MBSB03 MBSB04 MBSB05
MBSB08 MBSB08
MBSB09 MBSB09
MBSB10 MBSB10
MBSB11 MBSB11 MBSB12
MBSC02 MBSC02
MBSC03 MBSC04 MBSC05
MBSC08 MBSC08
MBSC09 MBSC09
MBSC10 MBSC10
MBSC11 MBSC11 MBSC12
