5 73 44 59 41 28 55 91 13 39 65 66 57 98 21 29 69 86 87 51 64 35 93 16 92 16 6 75 50 11 81 7 25 7 81 11 50 75 6 16 93 35 64 51 87 45 2 30 36 53 67 96 67 53 36 30 2 45 87 86 69 29 21 98 57 90 63 54 37 84 37 23 89 3 97 3 31 9 78 9 31 3 89 23 37 54 63 90 57 66 65 4 1 20 85 48 24 14 24 48 85 20 1 4 65 39 13 91 55 28 41 59 44 73 32 73 5
36
5 5
73 73
41 41
28 28 77
55 55
91 91
39 39 43
29 29
86 86
35 35
92 92 18
6 6
75 75 76
50 50
11 11
81 81 60
7 7
25 25 26
45 45 70
2 2
53 53 12
67 67
96 96 10
90 90
84 84 33
89 89
3 3
97 97 83
31 31
9 9
78 38 88
1 1
48 61
24 24
14 14 15
32 32 17
