112 123 95 35 102 35 95 28 117 153 0 153 117 28 95 123 8 103 65 113 168 86 129 172 129 2 4 189 91 26 120 66 120 37 15 136 15 37 120 26 91 189 4 2 129 86 168 113 133 83 52 81 164 174 152 107 152 174 23 101 77 146 84 127 126 29 69 61 155 147 155 61 69 29 126 127 84 146 77 101 53 50 135 183 34 191 78 181 78 134 160 154 76 167 187 88 187 167 76 154 160 134 24 198 140 42 48 9 170 9 79 54 51 32 157 188 21 44 182 19 75 19 182 44 21 188 157 32 124 32 51 54 79 9 48 42 140 198 24 131 163 131 24 134 78 191 72 191 34 183 135 50 53 27 46 27 53 101 23 174 164 81 52 71 190 36 190 33 197 159 156 58 89 59 141 57 119 150 144 150 119 57 141 59 89 58 156 14 162 199 162 14 156 159 197 33 190 71 52 83 133 113 65 103 40 13 143 13 40 103 8 73 8 123 112 118 112
75
123 123
95 95
35 35
102 102 151
28 28
117 117 166
0 0 104
8 8
168 168
129 129
172 172 97
26 121
120 120
66 66 149
136 136 169
83 83
52 52
81 81
174 174
152 152
107 107 49
23 23
146 146
84 84
127 127
126 126
29 29
69 69
147 147 20
53 53
135 70
183 183
34 34
78 78
181 181 184
160 160
154 154
167 6
187 187
88 41 99
24 24
42 42 56
9 9
170 170 17
54 54
157 157
188 188 105
21 21
44 44
182 182
75 75 114
124 124 194
131 131
163 163 68
72 72 171
27 27
46 11 158
71 71
190 190
36 36 85
33 33
156 130
58 58
59 59
119 119
150 138
144 144 165
14 14
162 162
199 80 64
40 40
13 13 94
143 143 60
73 73 109
118 118 96
