Soda loc80 loc37 loc51 loc65 loc64 loc8 loc83 loc91 loc83 loc8 loc31 loc41 loc31 loc8 loc64 loc65 loc51 loc9 loc56 loc34 loc22 loc43 loc26 loc67 loc26 loc19 loc71 loc19 loc45 loc66 loc36 loc66 loc45 loc32 loc45 loc20 loc49 loc20 loc45 loc19 loc26 loc43 loc22 loc34 loc56 loc6 loc44 loc40 loc44 loc6 loc56 loc5 loc16 loc94 loc47 loc78 loc4 loc63 loc12 loc92 loc53 loc29 loc95 loc28 loc95 loc29 loc53 loc92 loc12 loc61 loc23 loc61 loc12 loc63 loc10 loc86 loc10 loc63 loc4 loc78 loc47 loc94 loc16 loc5 loc56 loc9 loc51 loc2 loc24 loc21 loc24 loc2 loc51 loc37 loc80 Soda
32
loc8 loc8 loc17
loc83 loc83
loc91 loc91 loc68
loc31 loc31
loc41 loc41 loc38
loc43 loc43
loc26 loc26
loc67 loc67 loc90
loc19 loc19
loc71 loc71 loc33
loc45 loc45 loc81 loc93
loc66 loc66
loc36 loc36 loc97
loc32 loc32 loc48
loc20 loc20
loc49 loc49 loc73
loc44 loc44 loc89
loc40 loc40 loc39
loc5 loc79
loc4 loc57
loc63 loc72
loc12 loc12
loc92 loc92
loc53 loc53
loc29 loc29 loc55
loc95 loc95
loc28 loc28 loc13
loc61 loc61
loc23 loc23 loc30
loc10 loc10
loc86 loc86 loc96 loc99
loc21 loc21 loc18
