Soda loc106 loc36 loc145 loc156 loc145 loc36 loc106 Soda loc3 loc179 loc182 loc186 loc48 loc132 loc44 loc162 loc54 loc135 loc104 loc163 loc42 loc163 loc104 loc135 loc67 loc129 loc17 loc23 loc74 loc13 loc34 loc84 loc34 loc32 loc34 loc14 loc34 loc13 loc74 loc23 loc17 loc129 loc67 loc135 loc54 loc93 loc105 loc19 loc168 loc4 loc63 loc184 loc5 loc82 loc43 loc50 loc43 loc27 loc180 loc10 loc147 loc38 loc193 loc111 loc169 loc102 loc37 loc102 loc169 loc111 loc31 loc24 loc198 loc28 loc198 loc24 loc31 loc111 loc11 loc30 loc11 loc111 loc193 loc38 loc147 loc10 loc89 loc95 loc176 loc165 loc197 loc164 loc47 loc87 loc192 loc87 loc47 loc52 loc196 loc113 loc142 loc113 loc196 loc51 loc196 loc52 loc47 loc164 loc197 loc165 loc12 loc150 loc41 loc77 loc56 loc173 loc107 loc173 loc56 loc77 loc41 loc150 loc12 loc165 loc176 loc35 loc194 loc35 loc176 loc21 loc8 loc81 loc101 loc148 loc101 loc81 loc8 loc15 loc8 loc21 loc176 loc95 loc89 loc10 loc180 loc27 loc26 loc27 loc43 loc82 loc5 loc184 loc63 loc124 loc92 loc57 loc157 loc57 loc75 loc137 loc40 loc137 loc75 loc57 loc92 loc124 loc63 loc4 loc168 loc19 loc105 loc93 loc54 loc162 loc44 loc132 loc48 loc186 loc182 loc179 loc53 loc25 loc53 loc179 loc3 loc64 loc199 loc64 loc3 Soda
61
Soda Soda
loc106 loc106
loc36 loc36 loc172
loc145 loc145
loc156 loc156 loc6
loc3 loc3
loc179 loc151
loc186 loc45
loc132 loc90
loc163 loc163 loc154
loc42 loc42 loc171
loc17 loc17 loc94
loc23 loc23
loc74 loc74
loc13 loc13
loc34 loc34 loc118 loc138
loc84 loc84 loc97 loc167
loc32 loc32 loc189
loc14 loc14 loc88 loc121
loc82 loc82
loc43 loc65
loc50 loc50 loc83
loc180 loc180
loc10 loc10
loc147 loc147 loc131
loc38 loc38 loc122
loc193 loc193 loc114
loc111 loc111 loc128
loc102 loc141
loc37 loc37 loc181
loc24 loc24
loc28 loc28 loc109
loc11 loc11
loc30 loc30 loc39 loc136
loc95 loc95
loc165 loc165 loc100 loc9
loc192 loc192 loc170
loc52 loc126
loc196 loc61 loc185
loc142 loc142 loc7
loc51 loc51 loc103 loc155
loc41 loc41
loc77 loc77
loc173 loc173
loc107 loc107 loc146
loc35 loc35
loc194 loc194 loc55
loc8 loc8
loc101 loc101
loc148 loc22 loc183
loc15 loc15 loc79
loc26 loc26 loc188
loc57 loc57 loc72
loc157 loc157 loc59
loc75 loc75
loc137 loc137
loc40 loc40 loc20
loc53 loc53 loc58
loc25 loc25 loc140
loc64 loc64
loc199 loc199 loc80
