0 144 157 16 113 30 9 98 8 131 80 173 126 36 126 173 80 109 123 72 177 72 123 65 5 135 169 66 169 135 145 58 103 100 103 58 145 135 5 65 123 45 56 122 41 147 35 147 41 122 56 45 123 109 80 31 104 3 90 88 90 3 104 31 80 131 8 98 9 30 113 16 24 94 130 52 133 4 74 4 133 52 130 94 24 87 188 167 188 121 91 67 150 164 156 106 146 192 95 192 7 59 174 125 174 53 174 59 7 192 146 106 86 139 37 139 86 39 29 39 86 106 156 164 150 62 140 124 181 168 21 6 21 168 181 124 40 64 40 124 140 62 83 62 22 82 196 155 111 155 48 155 196 18 32 18 196 82 22 62 12 62 150 67 91 121 188 87 24 16 157 144 0
63
0 2
144 27
157 69
16 16 93
113 1 15 99
30 30 42
9 9 60
98 98
8 8 38
80 80 71
36 36 46
72 72
177 33 92
65 65
5 5
169 84
66 66 97
145 20 34
58 58
100 100 61 73
45 45 85
56 56
41 41 19
35 35 78
31 31
3 3
90 90 23
88 88 63
24 24
94 94
52 52
4 4
74 74 44
87 87
167 89 26 79
121 14
91 91
67 67
106 13 50
95 95 43
7 7 57
59 59 51
125 17 28
53 53 54 55
86 86
37 37 47
39 39
29 29 76
62 62
140 81
181 96
21 21
6 6 25
40 40
64 64 11
83 83 68
22 22
82 82
111 70 75
48 48 49
18 18
32 32 77
12 12 10
