48 68 14 116 155 143 125 174 59 81 148 21 148 81 77 81 59 174 125 143 155 3 65 5 51 180 91 135 147 38 165 38 98 103 57 151 45 107 45 151 57 103 98 101 43 2 43 101 98 67 50 25 42 9 130 197 61 173 163 171 163 173 145 173 88 127 193 127 88 173 61 197 130 126 119 8 162 196 141 129 141 196 162 8 119 126 94 182 113 78 185 168 185 78 138 176 86 72 86 176 138 78 7 154 115 10 159 10 115 154 7 78 113 182 94 126 92 177 92 126 130 9 42 25 50 15 99 152 85 152 99 37 22 169 74 66 74 169 22 37 99 15 50 67 98 38 147 135 84 135 91 180 51 5 65 3 155 116 14 68 48
62
48 48
68 11
155 155
143 143 64 167
125 125
81 35
148 148 157
21 21 79
77 19 164
3 3
5 5
180 180 149 156
135 135 181
147 147 36
38 38
165 165 93 34
98 98
103 103
151 151
107 107 87
101 101
2 2 23 56
67 67
25 25 90
42 42
9 9
197 197
173 58
163 163
171 171 73
145 145 118
88 88
193 193 52 194
126 126
119 119
162 123
196 196 40
141 141
129 129 136
94 175
182 182
113 113 69 16
78 78
185 185 190
168 20 46 109
138 138 199
176 176 170
72 108 186
7 7
154 154 53
115 115
10 10
159 120 179
177 177 158 117
15 137
99 110
152 152 29
85 85 39
37 133
74 74
66 66 191
84 84 55 60
