75 55 68 59 68 21 5 73 0 82 92 15 61 16 81 18 13 7 13 18 81 16 61 15 50 17 43 29 80 29 43 17 50 15 92 82 0 40 11 86 48 84 32 84 48 49 48 86 31 41 33 14 72 58 72 14 33 41 31 86 25 93 63 98 69 98 63 93 25 52 4 47 64 2 36 2 64 47 4 52 25 86 11 40 0 73 5 21 68 55 75
32
75 75 89
55 55
59 59 3
21 21
5 44
73 73 96
82 82 94
92 92 26
15 57
81 81
18 62 76
13 13
7 7 34 87
43 43 77
29 29
80 80 97
86 86
48 48
84 84
32 32 42
49 49 65
31 31
58 58 12
25 25 9
63 46 91
98 98 56
69 69 90
52 52
4 4
47 47
64 64
36 36 74
