mdyuzxshey vkrlpmybdj tvcolajnao ouxenssqdu qydclznxrd cmdqzmgvfi tmrnpjqnxx wtlzrefwav hsjqtjkukk smwxdupkdv aokbiptbzc koawdpgqdx unihwwnyqz qepegujmaa unihwwnyqz koawdpgqdx aokbiptbzc smwxdupkdv hsjqtjkukk wtlzrefwav jrmlkfexfk gllungmori rkyixxpcbx gllungmori jrmlkfexfk wtlzrefwav tmrnpjqnxx cmdqzmgvfi zpybghfdbe lndsfxewdc mswyvpdrsy hkempoemlv ixyurvbpvu syxecaxosc qgfchcatzi oggftsricu euqbrkzdsw wtjzgzopuw eysfgfavho phknwbtipl hadchvmijq xplqpgpbvq lkvobxyfca xplqpgpbvq hadchvmijq phknwbtipl kdujdjjwot zjbarjhmau kdujdjjwot phknwbtipl eysfgfavho wtjzgzopuw euqbrkzdsw oggftsricu lnicnhmajr owusjcmdkp oewptytlja knfzsnhzvx xftptyrlvl yiwwdwbzth xftptyrlvl knfzsnhzvx oewptytlja owusjcmdkp ljhmnbaicr ebqxbaqnmm zumetrybth jatkaoyfxb zumetrybth ebqxbaqnmm ljhmnbaicr owusjcmdkp lnicnhmajr oggftsricu qgfchcatzi syxecaxosc ixyurvbpvu uooysjrxsb seeyrseflx uooysjrxsb ixyurvbpvu siatqqydwf ahqdrcepub siatqqydwf ixyurvbpvu hkempoemlv mswyvpdrsy lndsfxewdc zpybghfdbe bswhowadhl oegfbrwyrp bswhowadhl zpybghfdbe cmdqzmgvfi qydclznxrd ouxenssqdu tvcolajnao vkrlpmybdj mdyuzxshey
34
mdyuzxshey mdyuzxshey mysadifwma
vkrlpmybdj vkrlpmybdj zmfuudfatm
tvcolajnao qcktwemqbm
qydclznxrd qydclznxrd
cmdqzmgvfi cmdqzmgvfi qfbvncxldf
wtlzrefwav wtlzrefwav
aokbiptbzc aokbiptbzc
koawdpgqdx koawdpgqdx
qepegujmaa qepegujmaa xtvbrolacp
gllungmori gllungmori
rkyixxpcbx rkyixxpcbx eooyfwmxln
zpybghfdbe psiebvskfb
lndsfxewdc lndsfxewdc
mswyvpdrsy mswyvpdrsy
ixyurvbpvu optviwhmbr
syxecaxosc gwnccktgki
euqbrkzdsw euqbrkzdsw
hadchvmijq hadchvmijq wynbxuuxru
lkvobxyfca lkvobxyfca fznfvsgjhc
kdujdjjwot kdujdjjwot
zjbarjhmau zjbarjhmau bulywvvpni
lnicnhmajr lnicnhmajr
owusjcmdkp owusjcmdkp
oewptytlja oewptytlja nwlccbonas
knfzsnhzvx knfzsnhzvx
xftptyrlvl xftptyrlvl jedsthbmzo
yiwwdwbzth wtyqwjwskq jqtguzxxsl
ljhmnbaicr ljhmnbaicr
ebqxbaqnmm ebqxbaqnmm
zumetrybth zumetrybth
jatkaoyfxb jatkaoyfxb bnmegnfgii
seeyrseflx seeyrseflx vugkhjygfe
ahqdrcepub ahqdrcepub lazlsvgukx
oegfbrwyrp tgbmxdmvwe lbuiysostx
