evdoyagqfp xawkqmfmmx xftptyrlvl mysadifwma xftptyrlvl jqtguzxxsl pcilmgdrgc qepegujmaa ixyurvbpvu qepegujmaa pcilmgdrgc jqtguzxxsl optviwhmbr jqtguzxxsl wynbxuuxru oegfbrwyrp xqwyvbvueh vqakgbtmpu eaozvwjoso ldnozwuuuq eaozvwjoso vqakgbtmpu xqwyvbvueh oegfbrwyrp ebqxbaqnmm xwrvhrxnqy pbefrggyje xzwkhxkxjr cttlxdtaiw xzwkhxkxjr pbefrggyje unihwwnyqz kijbyyuzhd wtyqwjwskq kvfpaspidv zpjhxyylhb jwcdeoubpx hofbtczdgp yqwistxtxc nbjyrygtdh czvqvijjlb seeyrseflx czvqvijjlb nbjyrygtdh yqwistxtxc hofbtczdgp pwgublhwxg pymtnhypxd jrmlkfexfk pymtnhypxd pwgublhwxg hofbtczdgp jwcdeoubpx zpjhxyylhb bswhowadhl xsjzeyxnpw ymvlfsdhbu xsjzeyxnpw opmnfgpclg bpbbtoptwg rnpokwoqgt oownpsyviv oavtmpaqji oownpsyviv rnpokwoqgt bpbbtoptwg opmnfgpclg tvuprbwofb zumetrybth vugkhjygfe aruwdskzta lnicnhmajr xychpimpzb sipmuleqch wtlzrefwav sipmuleqch xychpimpzb lnicnhmajr kyrhqthnvz lndsfxewdc eqdxeqvtsb xnppuesbrr eqdxeqvtsb lndsfxewdc kyrhqthnvz lnicnhmajr qpxtrjvxpe lnicnhmajr aruwdskzta vugkhjygfe xywdziunpr vugkhjygfe zumetrybth tvuprbwofb opmnfgpclg xsjzeyxnpw bswhowadhl zpjhxyylhb kvfpaspidv wtyqwjwskq kijbyyuzhd unihwwnyqz yhpfnjjqmm bimtbhwsby ijbfzrqwct bbwcqzwyoz nwlccbonas bbwcqzwyoz ijbfzrqwct bimtbhwsby chjuuxuacs afortwurqt ahqdrcepub afortwurqt chjuuxuacs bimtbhwsby yhpfnjjqmm unihwwnyqz pbefrggyje xwrvhrxnqy ebqxbaqnmm oegfbrwyrp wynbxuuxru epdwcjuvdr eooyfwmxln fczruomdab uhalgukdzb kwbnyneokj wirlbujvjm phknwbtipl zivwgfcxqi phknwbtipl gkcfktyute phknwbtipl wirlbujvjm kwbnyneokj qqtzqvrvyc xvgujpzkiw rfcbhdtwvm byyqgjwsrp wtjzgzopuw wkwwcqjtxf wtjzgzopuw byyqgjwsrp gjmmikaxih jrusiskazm gjmmikaxih byyqgjwsrp rfcbhdtwvm xvgujpzkiw qqtzqvrvyc tgbmxdmvwe qqtzqvrvyc kwbnyneokj uhalgukdzb yriqtwavfx uhalgukdzb fczruomdab ummqduagjn stdiixwrjc ummqduagjn fczruomdab eooyfwmxln epdwcjuvdr wynbxuuxru jqtguzxxsl xftptyrlvl xawkqmfmmx evdoyagqfp
56
evdoyagqfp evdoyagqfp
xawkqmfmmx xawkqmfmmx
xftptyrlvl uooysjrxsb kvxwqiryyu fluzhooehk
mysadifwma mysadifwma bnmegnfgii
jqtguzxxsl smwxdupkdv
pcilmgdrgc pcilmgdrgc wwqchwdmtx ivgbjyugdu
qepegujmaa qepegujmaa psiebvskfb etdxtwotzh
ixyurvbpvu yiwwdwbzth qfbvncxldf
optviwhmbr optviwhmbr vfdsalrajq ivugtsvtqb
wynbxuuxru wynbxuuxru voaumgrcuj bbczvyonym tmrnpjqnxx
oegfbrwyrp oegfbrwyrp
xqwyvbvueh xqwyvbvueh tvcolajnao
eaozvwjoso vnzypgtlkj
ldnozwuuuq ldnozwuuuq qiqnnrlapz
xwrvhrxnqy xwrvhrxnqy xifuopshzj
pbefrggyje pbefrggyje
cttlxdtaiw cttlxdtaiw zmfuudfatm
kijbyyuzhd kijbyyuzhd
wtyqwjwskq ouxenssqdu
kvfpaspidv kvfpaspidv
hofbtczdgp hofbtczdgp
nbjyrygtdh nbjyrygtdh hsjqtjkukk cpwyxulkjm
seeyrseflx seeyrseflx hkempoemlv
jrmlkfexfk jrmlkfexfk osdeymjeil
bswhowadhl bswhowadhl pdljcbluhp
ymvlfsdhbu ymvlfsdhbu aokbiptbzc
rnpokwoqgt rnpokwoqgt
oavtmpaqji oavtmpaqji ichabbvkhm
vugkhjygfe vugkhjygfe guuudgvhny
aruwdskzta aruwdskzta
lnicnhmajr lnicnhmajr
xychpimpzb xychpimpzb bulywvvpni
wtlzrefwav wtlzrefwav mdyuzxshey afrdrejwtp
kyrhqthnvz kyrhqthnvz
lndsfxewdc lndsfxewdc
eqdxeqvtsb eqdxeqvtsb
xnppuesbrr xnppuesbrr qxuqrfzzob scesbtewjx
qpxtrjvxpe qpxtrjvxpe tmatbexcil
xywdziunpr xywdziunpr oggftsricu
bimtbhwsby bimtbhwsby
bbwcqzwyoz bbwcqzwyoz
nwlccbonas nwlccbonas xguvjomcdt itbfnxnauh
afortwurqt afortwurqt
ahqdrcepub ahqdrcepub gbdejcnknd
epdwcjuvdr kgktiatgjn
eooyfwmxln eooyfwmxln
uhalgukdzb uhalgukdzb
phknwbtipl fdgcygwgjf
zivwgfcxqi zivwgfcxqi euqbrkzdsw
gkcfktyute xkasbvrrxd qgfchcatzi
byyqgjwsrp byyqgjwsrp qxfgqgbbdn
wkwwcqjtxf wkwwcqjtxf lkvtxfwozs
jrusiskazm jrusiskazm vkrlpmybdj
tgbmxdmvwe tgbmxdmvwe lcrihrmoqu
yriqtwavfx gucdicwxmb rkyixxpcbx
stdiixwrjc stdiixwrjc tgkujfknod
