0 16 58 16 3 37 40 88 40 64 40 37 3 22 1 60 1 22 3 16 0 15 32 52 32 17 19 82 19 54 19 24 2 73 2 39 23 62 23 39 2 10 66 10 2 4 30 11 68 11 30 4 2 24 19 17 32 9 42 50 42 9 41 29 44 12 94 12 44 29 41 27 34 46 5 91 5 49 85 49 5 46 34 14 70 14 48 97 48 79 48 14 34 27 21 76 21 27 41 9 6 56 6 9 32 15 0
29
58 58 59
40 90
88 88 89
64 64 65
60 60 61
52 52 53
19 84
82 82 83
54 54 55
2 75
73 73 74
62 62 63
66 66 67
68 68 69
50 50 51
12 96
94 94 95
5 93
91 91 92
49 87
85 85 86
14 72
70 70 71
48 81 99
97 97 98
79 79 80
21 78
76 76 77
56 56 57
