0 54 191 54 0 46 170 46 27 39 106 39 44 104 44 39 27 46 0 40 134 40 2 63 60 128 60 108 60 63 2 40 0 33 10 197 10 114 10 28 87 149 87 8 31 118 31 53 176 53 31 8 87 28 10 26 158 26 38 146 38 34 120 34 38 26 10 33 4 84 143 84 132 84 4 77 13 41 122 41 112 41 13 16 23 45 173 45 23 21 140 21 23 16 13 77 4 33 1 155 1 7 69 110 69 7 1 33 0 18 102 18 9 161 9 57 188 57 136 57 9 17 78 185 78 17 47 164 47 152 47 17 25 124 25 94 126 94 25 49 194 49 25 17 9 18 0 11 179 11 130 11 83 167 83 11 35 90 182 90 35 11 0 6 5 116 5 15 96 12 138 12 96 15 58 100 58 15 5 6 0
59
54 193
191 191 192
46 172
170 170 171
106 106 107
104 104 105
134 134 135
128 128 129
108 108 109
10 199
197 197 198
114 114 115
87 151
149 149 150
118 118 119
53 178
176 176 177
26 160
158 158 159
38 148
146 146 147
120 120 121
84 145
143 143 144
132 132 133
122 122 123
112 112 113
45 175
173 173 174
21 142
140 140 141
1 157
155 155 156
110 110 111
102 102 103
9 163
161 161 162
57 190
188 188 189
136 136 137
78 187
185 185 186
47 154 166
164 164 165
152 152 153
124 124 125
126 126 127
49 196
194 194 195
11 181
179 179 180
130 130 131
83 169
167 167 168
90 184
182 182 183
116 116 117
138 138 139
100 100 101
