0 110 57 110 44 110 0 75 4 195 4 154 9 140 9 120 47 120 9 34 145 34 89 34 9 25 27 65 27 25 9 24 115 77 186 132 186 42 186 77 115 24 90 92 90 54 80 82 108 82 80 54 74 54 69 54 90 24 70 40 2 40 70 24 49 160 49 24 9 154 4 100 10 55 10 45 170 45 10 12 66 67 66 12 10 100 4 94 14 180 182 180 14 109 119 129 119 109 14 59 19 135 19 104 17 104 19 59 14 39 125 128 117 128 125 39 35 37 35 39 14 94 4 30 29 79 150 79 29 30 4 75 0
56
0 3 133
110 110 113
57 57 56
44 44 105
75 78
195 195 197
154 154
9 87 134 144
140 142 97
120 120 122
47 47 183
34 95
145 145 148
89 114 159
25 25
27 27 118
65 65 68
77 101 116
186 186
132 132 131 141
42 42 41
92 92 91
54 54
82 82
108 108 102
74 74 189
69 69 179
40 43
2 2 28
160 160 136 161
100 100 15
10 13 187
55 55 58
170 192 172
12 12 11
66 66
67 67 123
94 94
14 139
180 180
182 182 181
129 129 72
19 149 99
135 135 52 138
104 104 64
17 17 16
39 39
125 125
128 128
117 166 168
35 35 38
37 37 36
30 30 32
29 124
79 79 184
150 20 152
