loc0 loc193 loc121 loc148 loc76 loc140 loc104 loc194 loc149 loc176 loc59 loc158 loc188 loc125 loc116 loc197 loc152 loc98 loc161 loc44 loc179 loc44 loc161 loc98 loc152 loc197 loc134 loc170 loc107 loc71 loc107 loc170 loc134 loc197 loc116 loc125 loc188 loc158 loc59 loc176 loc149 loc194 loc104 loc122 loc104 loc140 loc76 loc148 loc58 loc103 loc166 loc79 loc151 loc115 loc43 loc196 loc88 loc187 loc61 loc124 loc142 loc97 loc133 loc78 loc150 loc105 loc195 loc15 loc177 loc24 loc159 loc114 loc87 loc123 loc93 loc123 loc87 loc114 loc159 loc24 loc177 loc15 loc195 loc105 loc150 loc78 loc133 loc97 loc142 loc124 loc61 loc187 loc88 loc196 loc43 loc115 loc151 loc79 loc166 loc103 loc58 loc148 loc31 loc175 loc139 loc190 loc10 loc163 loc153 loc163 loc91 loc172 loc91 loc127 loc64 loc109 loc64 loc127 loc91 loc163 loc1 loc111 loc39 loc192 loc120 loc192 loc39 loc180 loc165 loc102 loc174 loc66 loc138 loc75 loc129 loc157 loc129 loc75 loc138 loc3 loc138 loc66 loc174 loc102 loc165 loc48 loc189 loc48 loc165 loc180 loc54 loc135 loc171 loc126 loc171 loc81 loc171 loc135 loc54 loc180 loc39 loc111 loc1 loc163 loc10 loc190 loc139 loc145 loc154 loc118 loc146 loc73 loc181 loc136 loc181 loc73 loc146 loc20 loc137 loc164 loc173 loc128 loc74 loc191 loc182 loc92 loc110 loc92 loc182 loc191 loc74 loc128 loc173 loc164 loc137 loc29 loc113 loc5 loc155 loc77 loc185 loc32 loc131 loc32 loc185 loc77 loc155 loc5 loc113 loc29 loc137 loc20 loc146 loc118 loc154 loc145 loc139 loc175 loc31 loc148 loc121 loc193 loc0
74
loc193 loc13
loc148 loc40
loc76 loc76
loc176 loc68
loc59 loc59
loc158 loc86
loc188 loc62
loc125 loc23
loc98 loc98
loc161 loc80
loc44 loc44
loc179 loc17 loc89
loc170 loc26
loc107 loc35 loc53
loc71 loc71 loc8
loc122 loc50 loc95
loc58 loc58
loc103 loc94
loc79 loc79
loc151 loc34
loc115 loc25
loc43 loc43
loc196 loc16
loc88 loc88
loc61 loc61
loc124 loc70
loc142 loc7
loc97 loc97
loc133 loc52
loc78 loc78
loc150 loc42 loc69
loc195 loc51 loc60 loc96
loc15 loc15
loc24 loc24
loc87 loc87
loc123 loc33
loc93 loc93 loc30
loc31 loc31
loc10 loc10
loc153 loc45 loc90
loc91 loc91
loc172 loc55 loc82
loc64 loc64
loc109 loc19 loc46
loc1 loc1
loc39 loc39
loc120 loc12 loc22
loc180 loc72
loc102 loc84
loc66 loc66
loc75 loc75
loc157 loc4 loc21 loc49 loc67 loc85
loc3 loc3 loc6
loc48 loc48
loc189 loc57 loc99
loc54 loc54
loc135 loc18 loc36
loc126 loc63 loc27
loc81 loc81 loc9
loc73 loc73
loc136 loc28 loc37 loc100
loc20 loc20
loc137 loc38
loc164 loc2 loc65
loc74 loc74
loc92 loc92
loc110 loc11 loc47
loc29 loc29
loc113 loc41
loc5 loc5
loc77 loc77
loc185 loc14
loc32 loc32
loc131 loc56 loc83
