loc0 loc49 loc40 loc12 loc48 loc6 loc42 loc24 loc42 loc6 loc48 loc12 loc40 loc49 loc4 loc39 loc16 loc43 loc34 loc44 loc8 loc32 loc41 loc14 loc29 loc47 loc19 loc37 loc1 loc36 loc9 loc36 loc1 loc37 loc19 loc47 loc29 loc14 loc41 loc5 loc38 loc5 loc41 loc32 loc8 loc44 loc34 loc43 loc16 loc39 loc4 loc49 loc0
19
loc0 loc22
loc12 loc12 loc21
loc48 loc3
loc6 loc6
loc42 loc7
loc24 loc24 loc15
loc4 loc4
loc39 loc13
loc16 loc16
loc34 loc25
loc8 loc8 loc17
loc32 loc23
loc14 loc14
loc47 loc10
loc19 loc19
loc1 loc1
loc9 loc9 loc18
loc5 loc5
loc38 loc2 loc11 loc20
