85 24 43 72 11 36 94 26 32 31 83 16 66 71 70 99 70 71 66 3 66 16 83 31 32 25 14 48 14 25 32 10 93 30 74 82 87 88 62 90 4 42 4 90 62 7 21 37 49 37 21 7 62 88 87 82 74 30 93 10 32 26 94 36 11 72 43 24 0 65 61 65 0 24 85
34
85 54
24 81
43 43
72 1 77
11 11 79
36 28
94 94
26 52
32 86
31 31
83 13
16 16
66 96
71 71
70 22 68
99 99 56
3 98 47 91
25 23
14 17 38 45 55
48 48 80
93 93
74 50
82 51
87 87
62 64
4 27 44
42 53 69 92
7 7
21 76
37 37
49 46 15
0 0
65 35 57
61 8 34
