99 176 188 175 32 152 6 79 178 79 6 152 32 98 36 155 36 98 32 175 188 176 103 52 167 154 122 48 26 199 26 198 72 74 166 84 160 195 46 144 169 104 169 144 46 27 116 107 158 81 126 81 100 69 100 81 158 107 49 10 57 193 142 193 57 10 49 107 116 27 46 195 160 84 166 74 72 198 26 48 13 87 16 197 179 37 53 37 23 182 21 182 23 5 138 133 113 7 18 43 56 96 157 96 56 43 18 7 113 133 138 5 23 37 179 197 16 87 13 54 129 29 196 137 185 137 85 137 196 29 129 54 61 135 61 54 13 48 122 154 167 52 76 105 131 159 106 108 62 128 164 95 24 194 40 2 112 2 86 2 40 194 24 95 19 33 19 95 164 128 62 108 106 159 131 105 76 52 22 52 103 176 99
66
99 99
188 188
175 15
32 34
152 90
6 75
178 178 35
98 98
155 155 151
103 103
52 92
167 167
154 149
122 122
26 26
199 39 42
166 166
160 160
46 55 171
169 169
104 82 130
27 27
116 117
107 94 4 163
158 158
81 9
126 126 68
100 100
69 25 83 173
49 123 125
10 10
142 142 70
16 17 148 190
37 180
53 53 0
21 78 165
5 5
138 20
113 30 51 59 114 124 170
7 111
18 18
43 66 97
56 56
96 132
157 119 172
129 28
137 150
185 185 41
85 127 174 186
61 61
135 8 88
76 161
131 131
106 106
62 73
128 80
164 164
95 183
24 24
40 40
2 47 63 146
112 112 192
86 168 181
19 1 184
33 33 12
22 22 102
