loc59 loc79 loc83 loc87 loc6 loc69 loc23 loc61 loc38 loc39 loc17 loc39 loc38 loc26 loc91 loc30 loc55 loc18 loc95 loc92 loc95 loc68 loc60 loc36 loc96 loc89 loc96 loc36 loc60 loc68 loc32 loc68 loc95 loc18 loc55 loc30 loc91 loc26 loc38 loc61 loc23 loc69 loc6 loc65 loc43 loc54 loc43 loc65 loc6 loc87 loc83 loc79 loc66 loc14 loc90 loc35 loc90 loc14 loc66 loc79 loc62 loc79 loc25 loc79 loc59
27
loc79 loc11
loc83 loc83 loc5
loc87 loc97
loc6 loc6
loc69 loc45
loc23 loc23 loc28 loc46
loc38 loc2
loc39 loc31
loc17 loc17 loc51
loc30 loc30 loc13 loc71
loc55 loc84
loc95 loc95 loc41 loc42
loc92 loc92 loc98
loc68 loc68 loc20 loc29
loc60 loc34 loc72
loc36 loc36
loc96 loc16 loc88
loc89 loc89 loc70
loc32 loc32 loc47 loc81
loc65 loc65
loc43 loc43
loc54 loc54 loc37
loc14 loc14 loc4
loc90 loc90 loc1 loc33
loc35 loc35 loc52
loc62 loc62 loc74
loc25 loc25 loc50
