loc189 loc188 loc189 loc99 loc163 loc99 loc22 loc109 loc87 loc192 loc140 loc158 loc140 loc77 loc175 loc19 loc34 loc44 loc35 loc50 loc24 loc112 loc3 loc156 loc3 loc134 loc96 loc114 loc85 loc60 loc110 loc11 loc110 loc60 loc85 loc114 loc96 loc59 loc131 loc59 loc96 loc134 loc3 loc112 loc24 loc73 loc185 loc73 loc24 loc50 loc35 loc44 loc34 loc19 loc175 loc77 loc150 loc183 loc72 loc9 loc196 loc9 loc72 loc183 loc150 loc77 loc140 loc192 loc87 loc109 loc22 loc99 loc189 loc42 loc190 loc69 loc190 loc42 loc182 loc151 loc184 loc92 loc80 loc180 loc91 loc176 loc173 loc152 loc173 loc103 loc170 loc12 loc14 loc36 loc164 loc141 loc148 loc30 loc168 loc30 loc148 loc141 loc164 loc51 loc120 loc51 loc16 loc118 loc111 loc118 loc16 loc51 loc164 loc36 loc70 loc123 loc26 loc123 loc70 loc36 loc14 loc12 loc170 loc103 loc173 loc176 loc91 loc180 loc80 loc161 loc177 loc161 loc80 loc61 loc80 loc21 loc80 loc92 loc184 loc151 loc166 loc76 loc194 loc133 loc136 loc79 loc143 loc159 loc143 loc79 loc136 loc62 loc54 loc62 loc136 loc133 loc194 loc55 loc187 loc97 loc65 loc97 loc187 loc55 loc194 loc76 loc166 loc151 loc182 loc42 loc40 loc46 loc172 loc121 loc172 loc46 loc40 loc42 loc189 loc17 loc84 loc100 loc84 loc17 loc189
62
loc188 loc188 loc169
loc163 loc163 loc47
loc22 loc22
loc109 loc109 loc23
loc158 loc158 loc41
loc77 loc77 loc129
loc34 loc34
loc44 loc119
loc50 loc50
loc112 loc112
loc156 loc156 loc98 loc139
loc96 loc96 loc58 loc135
loc114 loc114
loc85 loc85
loc60 loc0 loc113 loc162
loc11 loc11 loc95
loc59 loc59
loc131 loc131 loc128 loc108
loc73 loc73 loc38
loc185 loc185 loc15
loc150 loc150
loc183 loc183 loc53
loc196 loc83 loc88
loc190 loc190 loc146
loc69 loc69 loc4
loc151 loc154
loc184 loc184
loc180 loc180 loc20 loc86 loc127
loc152 loc152 loc18 loc32
loc170 loc125
loc12 loc66
loc14 loc147
loc36 loc36
loc164 loc164
loc148 loc148
loc168 loc168 loc39
loc120 loc94 loc142
loc16 loc16 loc78
loc118 loc165
loc111 loc111 loc25
loc70 loc70
loc26 loc26 loc101
loc161 loc161
loc177 loc177 loc74
loc61 loc61 loc191
loc21 loc31 loc37
loc76 loc76
loc194 loc194
loc133 loc133
loc136 loc136
loc79 loc79
loc143 loc143
loc159 loc159 loc104
loc62 loc62
loc54 loc54 loc27
loc55 loc55
loc65 loc65 loc145
loc40 loc40
loc172 loc172
loc121 loc117 loc195
loc17 loc17
loc100 loc100 loc153
