10 50 81 80 79 78 77 76 75 74 73 72 71 70 69 68 67 66 65 64 63 62 61 60 59 58 57 56 55 54 53 54 55 56 57 58 59 60 61 62 63 64 65 66 67 68 69 70 71 72 73 74 75 76 77 78 79 80 81 50 10 16 17 18 24 23 24 18 17 16 10 4 44 20 0 19 30 28 7 33 34 33 32 40 32 33 7 6 9 8 9 6 7 28 30 19 14 13 29 13 14 19 0 20 44 4 3 4 10
25
50 51 84 85 86 87
62 62
61 61
60 96 97 98 99
59 59
58 58
57 57
56 56
55 90 91 92 93
54 54
53 53 52
24 21 22
23 23 25
4 1 2
7 7 37
33 41
34 34 42
32 32
40 36 43
6 6
9 35 39
8 8 38
14 11 12
29 29 15
3 3 5
