0 127 109 187 181 108 102 192 172 36 172 22 183 67 183 22 172 192 57 170 3 111 3 170 57 192 102 108 7 139 63 159 138 113 12 113 138 159 24 159 63 139 20 81 84 158 6 96 157 93 191 101 26 69 40 59 11 59 40 69 26 101 191 66 4 179 144 193 197 85 197 193 144 14 144 179 4 66 191 93 71 21 71 93 10 43 74 37 74 43 10 2 10 93 157 96 6 158 84 81 23 81 20 35 103 99 78 99 27 49 195 186 195 49 27 99 103 35 20 139 7 54 7 108 181 46 87 5 62 17 89 17 62 5 87 46 181 187 180 115 76 55 31 97 31 55 76 28 76 115 180 187 109 61 88 61 109 127 0
63
0 91
181 72 65
36 36 41 77
22 22
183 50
67 67 25 64 19
57 57
170 15
3 3 58
111 48 100
7 7
63 63
138 80
113 82
12 12 90
24 24 92
20 20
81 81
84 84
6 6
96 96
93 93 94
191 95
26 26
69 69
40 40
59 59
11 11 1 34
66 66
4 4 32
144 73 52
85 85 16
14 14 29
71 71
21 21 13
10 10 83
43 43
74 74
37 37 47
2 2 30
23 23 60
35 35 56
99 99 86
78 78 9
27 27 39
49 49
195 53
186 68 75
54 54 18
46 46 38
87 87
5 5
62 62
17 17 70
89 89 45
180 51
76 76 33 79
55 55
31 31
97 97 44
28 28 42
61 61
88 88 8 98
