0 1 2 4 5 6 7 8 9 12 11 14 92 93 95 97 120 101 102 105 107 ViksNode 112 116 118 33 37 39 40 41 42 44 49 50 52 54 58 62 66 70 71 65 72 76 77 78 79 80 81 83 86 85 84 90 17 21 20 32 23 26 28 26 23 32 20 21 17 90 84 85 86 83 81 80 79 78 77 76 72 65 71 70 66 62 58 54 52 50 49 44 42 41 40 39 37 33 34 33 118 116 112 115 112 ViksNode 107 105 102 101 100 122 100 101 120 97 95 93 92 14 13 14 11 12 9 8 7 6 5 4 2 1 0
33
2 3
4 4
7 7
8 8
12 10
92 94
101 104
105 106 108
ViksNode 130
116 117
37 37
42 42 43
44 48 47
49 53
54 55 56
58 59 60
62 63 73
70 70
71 71
72 74
78 78
80 80
86 86
17 18 19
21 21
20 20
23 25
28 27 30
34 35 36
115 113 114
100 99
122 121 123
13 13 15
