destitute namesake jewel Auberge diligent Auberge Vega Andersen Halstead embassy Dominican bobble shovel whatsoever Gilmore funny Gilmore whatsoever shovel FPC mediate exothermic coarse intangible choice intangible coarse exothermic mediate FPC shovel bobble McCall oriole septillion transpiration confrontation wafer funky slowdown funky wafer confrontation Sicilian Iowa woke Iowa Sicilian confrontation transpiration septillion felony swordtail bowman balustrade bowman swordtail Hewlett swordtail felony septillion oriole McCall bobble Dominican Bleeker Dominican embassy Halstead Andersen Vega Auberge jewel namesake destitute encumbrance nowhere radioactive stanza radioactive nowhere encumbrance destitute Loomis Hindi Loomis destitute
30
destitute ripe
jewel jewel
Auberge Auberge Modesto
diligent diligent swingy tate
Vega Vega
Andersen Andersen
Halstead Halstead
embassy embassy
Dominican Dominican
bobble bobble
Gilmore Gilmore
funny funny midget
FPC extractor Fisk
mediate mediate
intangible connubial
choice choice fatten shroud
McCall McCall
septillion septillion creekside papal
transpiration transpiration
slowdown slowdown amateur schedule
Iowa illusion
woke anvil trill yogurt
bowman Darwin
balustrade balustrade Isfahan
Hewlett Hewlett decor swordfish
Bleeker Bleeker minion
nowhere Elizabethan
stanza stanza Injun
Loomis Loomis Rio
Hindi Hindi MN
