woebegone trill fulsome trill Palo Durango cytolysis embassy phylogenetic funky millennium inform millennium funky phylogenetic embassy cytolysis Durango Palo Auberge Palo trill woebegone felony switchmen funny switchmen Gilmore simulate Gilmore switchmen felony casserole MN monotonous MN Hindi combine midget grudge cowhand grudge midget combine Wheller creekside taft Tucson taft creekside Dominican Irvin Dominican creekside Wheller combine FPC Winchester oriole bunch midstream bunch Rio ripe minion brook minion ripe Rio namesake Elizabethan Simon yogurt trimester transfuse trimester illusion trimester Curtis trimester yogurt atom coarse torus icon torus coarse atom Mesopotamia jewel numerology jewel Mesopotamia atom yogurt Simon Elizabethan namesake Rio is lordosis lexicon involuntary spill involuntary sacrifice thirteen broil thirteen sacrifice involuntary lexicon choice lexicon Bernini December Fisk swingy dull archive papal archive dull swingy Fisk December Bernini lexicon lordosis is Rio bunch oriole PDP Sunday PDP oriole Winchester bat Winchester FPC combine Hindi MN casserole felony woebegone
53
woebegone transonic
trill administer
fulsome fulsome embroil
Durango Durango Hewlett Reilly sinh
funky funky yearn swordfish
millennium millennium
inform inform secondary
Auberge Auberge Rodney
felony felony Isfahan babysat equipping tate thoroughfare
switchmen imperishable
funny funny McCall wingspread
Gilmore Gilmore
simulate simulate Stephen
casserole casserole renaissance
MN exothermic noon
monotonous monotonous dreadnought
cowhand Andersen explosion
Wheller Wheller
creekside bifurcate
taft Modesto
Tucson Tucson extrovert
Irvin Irvin mack
Winchester Winchester connubial
oriole oriole
bunch bunch
midstream midstream relaxation
brook sphalerite anvil
Elizabethan Darwin Goodrich
Simon Simon
yogurt yogurt
trimester trimester
transfuse transfuse catenate
illusion illusion griddle
Curtis Curtis deduce
coarse coarse
icon icon update
jewel septillion
numerology numerology diligent stanza viscous
lexicon Vega
involuntary involuntary backplate slowdown
spill spill mitre
thirteen thirteen
broil broil barnacle
choice choice shovel
December December Zorn
Fisk Fisk mediate
swingy swingy
dull dull
archive archive postscript softball
papal papal car
PDP PDP limitate
Sunday Sunday silage whatsoever
bat bat directory
