Loc151 Loc130 Loc4 Loc48 Loc135 Loc48 Loc4 Loc130 Loc151 Loc40 Loc176 Loc165 Loc98 Loc136 Loc172 Loc184 Loc3 Loc170 Loc128 Loc65 Loc138 Loc150 Loc88 Loc92 Loc160 Loc9 Loc169 Loc33 Loc169 Loc9 Loc160 Loc92 Loc84 Loc197 Loc158 Loc106 Loc158 Loc197 Loc84 Loc78 Loc22 Loc152 Loc23 Loc54 Loc23 Loc7 Loc67 Loc85 Loc118 Loc97 Loc141 Loc97 Loc118 Loc85 Loc79 Loc147 Loc113 Loc180 Loc34 Loc180 Loc113 Loc74 Loc188 Loc110 Loc108 Loc27 Loc10 Loc195 Loc24 Loc1 Loc116 Loc52 Loc116 Loc1 Loc60 Loc93 Loc60 Loc1 Loc24 Loc195 Loc10 Loc2 Loc10 Loc27 Loc108 Loc110 Loc188 Loc74 Loc113 Loc147 Loc79 Loc85 Loc67 Loc7 Loc23 Loc152 Loc22 Loc78 Loc84 Loc92 Loc88 Loc150 Loc138 Loc65 Loc128 Loc16 Loc77 Loc13 Loc6 Loc127 Loc14 Loc68 Loc87 Loc179 Loc35 Loc120 Loc43 Loc154 Loc43 Loc120 Loc35 Loc179 Loc87 Loc68 Loc62 Loc76 Loc46 Loc122 Loc56 Loc157 Loc164 Loc167 Loc164 Loc95 Loc17 Loc5 Loc111 Loc123 Loc111 Loc5 Loc38 Loc190 Loc38 Loc5 Loc17 Loc95 Loc164 Loc50 Loc181 Loc159 Loc25 Loc194 Loc25 Loc159 Loc181 Loc50 Loc164 Loc157 Loc56 Loc122 Loc46 Loc76 Loc62 Loc68 Loc14 Loc127 Loc6 Loc66 Loc18 Loc132 Loc199 Loc102 Loc47 Loc21 Loc89 Loc196 Loc173 Loc196 Loc89 Loc21 Loc47 Loc102 Loc199 Loc132 Loc18 Loc66 Loc6 Loc13 Loc77 Loc16 Loc128 Loc170 Loc115 Loc36 Loc104 Loc36 Loc115 Loc170 Loc3 Loc184 Loc172 Loc136 Loc98 Loc41 Loc98 Loc165 Loc176 Loc40 Loc151
71
Loc151 Loc151
Loc130 Loc130 Loc171
Loc4 Loc4 Loc131
Loc48 Loc48
Loc135 Loc135 Loc57
Loc176 Loc177
Loc165 Loc165
Loc98 Loc98
Loc172 Loc172
Loc184 Loc184
Loc3 Loc3
Loc170 Loc170
Loc128 Loc128
Loc65 Loc65 Loc161
Loc138 Loc138
Loc150 Loc49
Loc92 Loc92
Loc160 Loc160
Loc33 Loc33 Loc148
Loc158 Loc158
Loc106 Loc142 Loc20 Loc182
Loc54 Loc54 Loc166 Loc28
Loc7 Loc7
Loc67 Loc96
Loc85 Loc85
Loc118 Loc118
Loc141 Loc141 Loc59
Loc147 Loc147
Loc180 Loc180
Loc34 Loc34 Loc32 Loc55
Loc110 Loc110
Loc27 Loc27
Loc195 Loc195
Loc24 Loc24
Loc116 Loc117
Loc52 Loc52 Loc70
Loc93 Loc93 Loc126
Loc2 Loc2 Loc163
Loc16 Loc16
Loc77 Loc77 Loc61 Loc134
Loc13 Loc13
Loc6 Loc6
Loc127 Loc127
Loc68 Loc68
Loc120 Loc120
Loc43 Loc43
Loc154 Loc154 Loc109
Loc62 Loc62 Loc72
Loc46 Loc46
Loc122 Loc122
Loc157 Loc157 Loc94
Loc167 Loc167 Loc183
Loc17 Loc17
Loc111 Loc111
Loc123 Loc123 Loc185
Loc38 Loc38
Loc190 Loc190 Loc125
Loc50 Loc50
Loc181 Loc181
Loc194 Loc194 Loc15
Loc66 Loc66
Loc102 Loc102 Loc124
Loc47 Loc47
Loc21 Loc21 Loc99
Loc89 Loc89
Loc196 Loc187
Loc173 Loc173 Loc58
Loc115 Loc115
Loc36 Loc36
Loc104 Loc104 Loc156
Loc41 Loc41 Loc101
