Loc35 Loc54 Loc35 Loc9 Loc31 Loc72 Loc46 Loc96 Loc7 Loc60 Loc45 Loc55 Loc84 Loc85 Loc77 Loc38 Loc47 Loc20 Loc99 Loc87 Loc93 Loc56 Loc10 Loc56 Loc93 Loc43 Loc79 Loc43 Loc93 Loc87 Loc99 Loc20 Loc63 Loc66 Loc16 Loc29 Loc16 Loc66 Loc8 Loc52 Loc48 Loc65 Loc39 Loc11 Loc82 Loc88 Loc28 Loc19 Loc68 Loc70 Loc1 Loc44 Loc23 Loc67 Loc23 Loc44 Loc1 Loc70 Loc68 Loc19 Loc28 Loc88 Loc82 Loc11 Loc39 Loc65 Loc48 Loc52 Loc8 Loc66 Loc63 Loc20 Loc47 Loc38 Loc77 Loc85 Loc84 Loc55 Loc30 Loc78 Loc83 Loc89 Loc4 Loc57 Loc80 Loc57 Loc22 Loc59 Loc0 Loc74 Loc0 Loc24 Loc0 Loc59 Loc22 Loc57 Loc4 Loc89 Loc83 Loc78 Loc30 Loc55 Loc45 Loc60 Loc34 Loc51 Loc58 Loc51 Loc34 Loc60 Loc7 Loc96 Loc46 Loc72 Loc31 Loc9 Loc35
36
Loc54 Loc54 Loc95
Loc31 Loc31
Loc46 Loc46
Loc7 Loc7
Loc84 Loc84
Loc77 Loc77
Loc47 Loc47 Loc15
Loc93 Loc93
Loc10 Loc10 Loc25
Loc79 Loc79 Loc90
Loc63 Loc63
Loc66 Loc66
Loc29 Loc64 Loc41
Loc8 Loc14
Loc52 Loc52 Loc71
Loc48 Loc48
Loc65 Loc65
Loc39 Loc39
Loc28 Loc28
Loc19 Loc33
Loc70 Loc70
Loc1 Loc1
Loc44 Loc44
Loc23 Loc23
Loc67 Loc67 Loc13 Loc97
Loc78 Loc78
Loc89 Loc89
Loc4 Loc4 Loc92
Loc80 Loc80 Loc62
Loc22 Loc22
Loc0 Loc0
Loc74 Loc74 Loc86
Loc24 Loc24 Loc73
Loc34 Loc34 Loc81
Loc51 Loc51
Loc58 Loc58 Loc37
