1 22 16 22 3 22 1 9 40 15 33 46 33 20 33 15 12 11 47 21 47 11 23 14 34 41 34 14 25 39 48 5 42 10 35 45 35 10 26 4 26 10 24 10 42 5 29 2 29 5 48 39 32 39 25 13 25 14 23 11 12 15 40 9 38 31 44 18 36 18 7 28 6 37 19 27 43 27 17 27 19 37 6 30 6 28 7 18 44 31 38 9 1 8 1
48
1 49 128
22 71 94
16 91 133
3 97 112
9 72 73
40 87 117
15 85 103
33 67 127
46 54 144
20 115 124
12 59 116
11 65 142
47 113 141
21 82 138
23 55 108
14 75 105
34 50 77
41 106 137
25 80 86
39 52 57
48 58 68
5 90 93
42 89 104
10 76 132
35 84 92
45 74 122
26 100 121
4 51 118
24 88 134
29 96 129
2 62 81
32 135 139
13 79 109
38 61 111
31 70 143
44 102 114
18 63 69
36 110 130
7 107 120
28 83 131
6 119 126
37 99 125
19 53 98
27 78 140
43 64 136
17 60 66
30 95 101
8 56 123
