6Zg7j6t8kt ka4cgDWgq7 HpRVhY9Btb OF1HL5xl4P KpPj50fAfy OND9LnuOus eQGeDFyUBy 97dvK2Az7S MImiDijd1o VWD9Yy5Xrg zH4Z0p0Ftj 2Xeaya9zol NgxnYo41LY 4lUeyqYb0U NgxnYo41LY I1RTFIGWhc NULo72dPyj OGWcs2X8pk 8pgnfE3xKu ReGEuwhnqY 1iUrZ2N0MA UgxUR9jKcJ Ma7DUhMrCQ pm1Yq2dCLL xKltif8n2P l4hZbrGnD5 4ViGHxfdlc MpRNDD0glq 4ViGHxfdlc l4hZbrGnD5 xKltif8n2P gSP0irArmo xKltif8n2P pm1Yq2dCLL Ma7DUhMrCQ UgxUR9jKcJ 1iUrZ2N0MA s8EkvbOYAX 79JJ9GZF8c fhmE7A9rVl 79JJ9GZF8c s8EkvbOYAX 1iUrZ2N0MA ESDdDChkYw 1aPtXDhYtV wXTrLT9dUx 1aPtXDhYtV ESDdDChkYw 1iUrZ2N0MA ReGEuwhnqY 8pgnfE3xKu OGWcs2X8pk NULo72dPyj I1RTFIGWhc YrPP1U1r20 ckEVpwA8CD YrPP1U1r20 I1RTFIGWhc NgxnYo41LY cqCbnI2bkr NgxnYo41LY 2Xeaya9zol zH4Z0p0Ftj VWD9Yy5Xrg MImiDijd1o 97dvK2Az7S eQGeDFyUBy OND9LnuOus KpPj50fAfy fbxiHLAsv4 ECFKqOm791 OR78sPVsV9 EZQ9HUGjRN 5wb0VR04nl PzwBWrPM7w DFUEuoVNn7 H0NdoJawvz DFUEuoVNn7 PzwBWrPM7w 5wb0VR04nl EZQ9HUGjRN OR78sPVsV9 4RZs4XFvF9 G05S6XZiBa 1koyFI8rlU G05S6XZiBa 4RZs4XFvF9 OR78sPVsV9 ECFKqOm791 fbxiHLAsv4 KpPj50fAfy OF1HL5xl4P HpRVhY9Btb ka4cgDWgq7 6Zg7j6t8kt
31
ka4cgDWgq7 ka4cgDWgq7
KpPj50fAfy KpPj50fAfy
97dvK2Az7S 97dvK2Az7S GSDEYlNcCM Dkc5CxJ6RV
VWD9Yy5Xrg VWD9Yy5Xrg
zH4Z0p0Ftj zH4Z0p0Ftj vD4d0BZ03p
NgxnYo41LY NgxnYo41LY
4lUeyqYb0U 4lUeyqYb0U OpwMnuSGmp
I1RTFIGWhc I1RTFIGWhc TH1GgoG5GU
OGWcs2X8pk OGWcs2X8pk
8pgnfE3xKu 8pgnfE3xKu oRs9wR3IGE vCSWEyz4PC
UgxUR9jKcJ UgxUR9jKcJ
pm1Yq2dCLL iyQiEnpG35 uXkvSfF7Kv
4ViGHxfdlc 4ViGHxfdlc
MpRNDD0glq MpRNDD0glq lrFRnKniRv
gSP0irArmo M9d0z6OccV N08DpqDewo
s8EkvbOYAX s8EkvbOYAX
79JJ9GZF8c 79JJ9GZF8c
fhmE7A9rVl fhmE7A9rVl 0gqiqztWgj
ESDdDChkYw ESDdDChkYw
1aPtXDhYtV 1aPtXDhYtV
wXTrLT9dUx wXTrLT9dUx dojrtYXceT
YrPP1U1r20 YrPP1U1r20 7cteJXIZM1
ckEVpwA8CD ckEVpwA8CD YQKcyMibnc
cqCbnI2bkr cqCbnI2bkr b3jUAAPOlA
fbxiHLAsv4 fbxiHLAsv4 tvKOOMQ7Sv
ECFKqOm791 YZKJeBb8Pe
EZQ9HUGjRN EZQ9HUGjRN
H0NdoJawvz H0NdoJawvz Iroa6leixY 4JtfcKJvHu
4RZs4XFvF9 4RZs4XFvF9
G05S6XZiBa G05S6XZiBa
1koyFI8rlU 1koyFI8rlU Octagmmhko
