153 170 15 170 24 134 143 158 96 128 96 158 143 9 125 79 172 133 91 137 91 19 186 83 92 169 35 90 23 151 17 48 103 98 2 100 160 100 56 191 14 163 78 189 78 163 14 191 56 100 2 98 103 48 17 151 23 90 35 169 92 83 186 19 91 41 108 41 91 133 190 71 11 168 11 71 190 133 172 26 181 146 75 67 28 59 28 72 89 49 89 72 28 67 75 16 144 117 135 117 144 110 22 86 13 196 76 196 13 86 22 110 144 16 75 146 181 26 172 79 125 9 109 104 176 95 77 53 145 178 45 155 60 0 139 138 131 154 130 180 70 180 130 154 131 138 139 0 60 155 45 178 145 53 77 95 176 104 47 58 47 106 93 12 93 106 47 120 84 21 84 120 47 104 109 29 192 69 118 69 192 29 109 9 143 134 24 170 153
70
153 153
170 170
15 15 188
134 134
158 119
96 96
128 128 50
9 156
79 79
172 172
137 137 177
19 19
186 52
83 83
92 179 171
169 169
35 35
90 90 40
23 23
17 187 42
48 3
98 98 122 88
2 2
100 127
160 160 37
56 56
163 163
189 147 8
41 41
108 108 81
11 11
168 168 150
26 26
181 136
146 146
75 182
28 28
59 126 152
89 89 20 74
49 49 167
16 16
135 135 194
86 86 4
13 13
196 196
76 7 124
109 99
95 95
77 77
53 53
145 145
178 178
155 195
60 60 112
0 0
139 43
138 138 61
131 131
130 197
180 180
70 70 140
47 47 34
58 58 113
93 93
12 12 129
120 120 36
21 21 161 184
29 29
192 192 5
118 118 68
