5 95 90 15 55 7 37 40 37 7 55 12 82 67 11 67 82 12 55 15 90 13 88 72 10 78 30 49 66 91 66 49 30 78 10 72 88 13 90 95 16 45 16 47 51 4 79 77 34 59 64 59 60 18 60 59 34 77 79 4 51 47 17 19 92 1 38 1 80 76 96 52 44 52 96 76 80 1 74 1 92 19 17 47 16 95 5
32
5 5 24
95 95 43
90 85
15 15
55 55
37 36
40 40 75
82 82
67 67
11 11 62
13 13 99
88 88
78 78 22
30 30 87
66 27
91 91 14
45 45 6
47 47
4 4
34 34 0
59 53 39
64 64 93
60 60
18 18 98
92 92
1 1
38 23 42 81
80 69
76 76
52 52
44 44 46 97
74 74 84
