y1ueyuwp oso2xmpn1i ywksl5wd 4cddmu86gmo 95nsenz6 jjeivv4j55 kc3zwg52 jjeivv4j55 vehkyi71w g7pgjjh6 my85gnmouy kab7t8o7qjj q847myi 7og7qr4t86 8cfvpx26xwcwt 7og7qr4t86 q847myi kab7t8o7qjj my85gnmouy g7pgjjh6 vehkyi71w ngl6ujj91 b7of9a oyoi4md61 xllfi9b oyoi4md61 3hlob94j5u oyoi4md61 b7of9a ngl6ujj91 vehkyi71w z3qc9ub eq5c5ygub w4qoh15 eq5c5ygub z3qc9ub vehkyi71w 9956fi f3vyq53xc 9956fi vehkyi71w jjeivv4j55 p4fcg3ba dwpot1sud o8v5h74 mqt67y9n wucvjdj 8rzfxob6lso8 rp7qqdx12pxp3 qlbdmc nu38y4r5 qlbdmc rp7qqdx12pxp3 8rzfxob6lso8 wucvjdj mqt67y9n o8v5h74 dwpot1sud p4fcg3ba jjeivv4j55 95nsenz6 quxig9xz2 bmicm4au quxig9xz2 h5k2yge4 6u33i 2y9obuu p53u2x9bku99j 2y9obuu 6u33i h5k2yge4 quxig9xz2 95nsenz6 4cddmu86gmo ywksl5wd oso2xmpn1i y1ueyuwp
30
oso2xmpn1i uus7jirbe
ywksl5wd ywksl5wd yida2btlrgcd2it kch7lui7
4cddmu86gmo 4cddmu86gmo
95nsenz6 95nsenz6
jjeivv4j55 jjeivv4j55
kc3zwg52 kc3zwg52 u4xzrfm7f
vehkyi71w vehkyi71w
my85gnmouy my85gnmouy
kab7t8o7qjj kab7t8o7qjj
q847myi q847myi svhmnjst1e
7og7qr4t86 7og7qr4t86
8cfvpx26xwcwt 8cfvpx26xwcwt 8erlfq
ngl6ujj91 ehy39
b7of9a vnsdusp
xllfi9b xllfi9b l12pu
3hlob94j5u 3hlob94j5u 31raz5hp9v
z3qc9ub umnww3
eq5c5ygub eq5c5ygub
w4qoh15 w4qoh15 8eg2mee
9956fi 9956fi
f3vyq53xc f3vyq53xc 2bwd2j
dwpot1sud fhrrge
mqt67y9n mqt67y9n
qlbdmc yik8cqxn2
nu38y4r5 swoprer 38s4jyp4eu
quxig9xz2 quxig9xz2 rkd38ui5s4
bmicm4au bmicm4au j2pso94
6u33i 6u33i
2y9obuu 2y9obuu
p53u2x9bku99j p53u2x9bku99j t9q1ztn8723
