htb26qt qvfndvc zjj1dm8s ligw3mffc pwqxinlzb3s ozag34bm9 jeiqok yr44oj2 jeiqok ozag34bm9 pwqxinlzb3s ligw3mffc gxy4oc4 ushjdkdhm9 5612qqmh txlltgki ml5lp1nmef 812l47wm ml5lp1nmef txlltgki 5612qqmh xpxnortd t6fnmkuk t6jinp fl6nxu2p a8cy4e1t8 x73l73jp a8cy4e1t8 fl6nxu2p t6jinp 87jxa m5r6ali 4nwqnlye ynuam4f8 1161ildqnj ynuam4f8 4nwqnlye m5r6ali 87jxa t6jinp 9sp3riwrk66 t6jinp t6fnmkuk xpxnortd 29vqtk3x siimi45 tu8xxomxhi pt2n7hl hyc885fvjls pt2n7hl tu8xxomxhi siimi45 eb3m8w2lan f92ere3 eb3m8w2lan siimi45 29vqtk3x itbc25it1yep b8apl2kn qq3mi u8tp4tq kxhc6t8tu oafxqw 9egqgrh7x4e oafxqw kxhc6t8tu 8m3pascg vl6czuab 8m3pascg kxhc6t8tu u8tp4tq og6n7bgq8h u8tp4tq qq3mi tpuaixp z4kx8k9 tpuaixp qq3mi 7hz6j8 zjh83ae 7hz6j8 qq3mi b8apl2kn itbc25it1yep 29vqtk3x xpxnortd 5612qqmh ushjdkdhm9 gxy4oc4 ligw3mffc aplkk57cpzm 44yverx ben42py9 tmyhwxa tq8pgw7ge id5491f19 t4iedm id5491f19 tq8pgw7ge tmyhwxa ben42py9 44yverx aplkk57cpzm ligw3mffc fgkuly81y czpcwszblx 89ladcv uzsjpl5f5 5nsjpxd 52oycn21v a5u8g4sej 52oycn21v 5nsjpxd uzsjpl5f5 89ladcv czpcwszblx fgkuly81y aq2rero4e mucolb1r aq2rero4e fgkuly81y ligw3mffc zjj1dm8s qvfndvc htb26qt
45
zjj1dm8s l8yypbh 7pbkkbbpw 5stwoup
pwqxinlzb3s pwqxinlzb3s
ozag34bm9 ozag34bm9 dt4ljfgjkizpq 9lvbrlgk ht1efrhmh
jeiqok i6lsw66h
yr44oj2 yr44oj2 obabms
ushjdkdhm9 ushjdkdhm9
5612qqmh e7lxs
txlltgki txlltgki 9oii82xaa s9vu9xx884 8gc7dka8lfy
ml5lp1nmef wqkqf vrem3ey3kg44
812l47wm 812l47wm 4ka6l1c8w ilaz9q
x73l73jp x73l73jp 1ca2x2cnc dlkmpx
87jxa 87jxa 52a3fj2zh
ynuam4f8 ynuam4f8
1161ildqnj 1161ildqnj piawzpgtzz9
9sp3riwrk66 k3qywmpr g2g6fxcwr2l
siimi45 3khitn6
tu8xxomxhi tu8xxomxhi hc2hf5t8
pt2n7hl pt2n7hl hq5mh8mi yhvc7zg euhqqqmdpe
hyc885fvjls hyc885fvjls fej54ps5j
eb3m8w2lan 6k7du
f92ere3 f92ere3 tjwldi
itbc25it1yep yg6hizqty iffsi q42s9z886w5 4w6uhigzl
b8apl2kn grn3uqx9y
qq3mi nm7ud
u8tp4tq art44ncra
kxhc6t8tu kxhc6t8tu
9egqgrh7x4e 9egqgrh7x4e kwtb3cg
8m3pascg 8m3pascg
vl6czuab vl6czuab 37v6d
og6n7bgq8h og6n7bgq8h 59yzvtv p9mtts
z4kx8k9 y3eg7gqq6 h1gz5hzz ysiw8m4l 1jhmm8m85
7hz6j8 7hz6j8
zjh83ae zjh83ae yhp7wbv9
aplkk57cpzm aplkk57cpzm
44yverx ic2r4blmm9
ben42py9 nd9xavj
id5491f19 zou7sx9w 6u4sf1gi
t4iedm t4iedm itrx5fucdq gd5ct4
fgkuly81y pmyqr
czpcwszblx hwu8dv9jgknbm
89ladcv mw8g2qjo1
uzsjpl5f5 uzsjpl5f5
a5u8g4sej a5u8g4sej yx6dguko
aq2rero4e 8jea4n4ez
mucolb1r mucolb1r ay5sahonq84
