index155 index180 index153 index78 index181 index66 index181 index32 index199 index112 index171 index176 index9 index131 index20 index145 index106 index160 index195 index129 index195 index55 index195 index160 index106 index145 index20 index131 index9 index85 index190 index85 index9 index176 index171 index112 index199 index32 index111 index5 index173 index84 index197 index79 index133 index149 index41 index38 index59 index154 index45 index110 index45 index154 index27 index97 index27 index43 index119 index103 index35 index30 index64 index13 index62 index187 index54 index91 index188 index137 index81 index137 index188 index91 index69 index24 index174 index37 index196 index37 index174 index24 index69 index91 index54 index187 index62 index13 index64 index30 index35 index103 index119 index43 index27 index154 index59 index38 index41 index149 index133 index79 index53 index86 index22 index139 index0 index141 index0 index123 index191 index74 index14 index142 index124 index98 index124 index142 index14 index67 index164 index17 index28 index4 index28 index17 index164 index67 index14 index74 index191 index123 index0 index139 index22 index86 index53 index79 index197 index84 index6 index63 index102 index109 index167 index158 index132 index58 index118 index140 index130 index140 index118 index11 index118 index2 index148 index68 index88 index93 index152 index114 index18 index121 index18 index114 index152 index93 index88 index68 index80 index31 index194 index89 index117 index146 index10 index134 index186 index72 index42 index169 index42 index72 index186 index134 index75 index40 index75 index134 index10 index146 index117 index89 index194 index31 index80 index68 index148 index2 index118 index58 index132 index158 index167 index109 index102 index21 index102 index63 index6 index84 index173 index5 index111 index32 index181 index78 index153 index180 index155
71
index155 index155
index180 index144
index66 index66 index52
index32 index32
index199 index199
index112 index112
index9 index9
index131 index131 index99
index20 index20
index106 index106
index129 index129 index156 index100
index55 index55 index56
index85 index15
index190 index190 index116
index5 index5
index173 index108
index133 index133 index39
index38 index107
index110 index110 index3 index113
index27 index27
index97 index97 index125
index30 index30
index13 index47
index62 index62
index91 index165
index137 index137
index81 index81 index170
index69 index69
index24 index24
index174 index174
index37 index37 index25
index196 index196 index143
index86 index86
index22 index22
index0 index87
index141 index141 index128
index14 index14
index142 index142
index124 index124
index98 index44 index198
index67 index67
index164 index164
index17 index17 index150
index4 index4 index126
index6 index6
index63 index63
index102 index172
index109 index109 index23
index167 index167 index49
index158 index158 index159
index58 index58 index92
index118 index118
index140 index115
index130 index130 index26 index96
index11 index11 index90
index148 index60
index88 index88
index152 index152
index114 index114
index18 index18
index121 index121 index57
index31 index31
index89 index89
index10 index10
index134 index134
index186 index186 index95
index42 index42
index169 index169 index19
index75 index50
index40 index40 index83
index21 index21 index157
