M2S9flVUcYP2sJdh8LXf wYRR07UrNAdstlFcx7n2 C1CVSQIxudgISqBvCOoA sH3pvLOfMUrEGUrmsHCu tuE7UekaxGUib4idWtYa 93aDiM8K0XhtiVcCVKi2 tuE7UekaxGUib4idWtYa icN9hCSgyAan3sGfngmv MtQDjkLToWj4d53MMhKG vodEvdIApqt0N3TZsbxN MtQDjkLToWj4d53MMhKG nbZglhhmYQAPQz4eETaj Pqf0Sn4UvsBLaxz7WO4n EtrZREkmL456viQQJ9Rb S8uMGvUglWyhnfV5Wzdp dKH5OdpmJKCU83bbXVxZ Kfu1pc3YPMGebW7Iu8ex zbFdxZAJcbci5gs01pnM sZojFweTE55bBWYz0Tda v0QJIKD4q7sFXrzFSb6J 8KfYYXeMqM0D4nShLOzi 4bQwji0D4wyEDLd54MWv zc2cVu7aHW2Uc4Z1tHon Yj14cJHLteGLwnT0JCVo oWxP87H6AXwFzF0dpB9d 7TbbztQ90wmMzxjLFXzq 5gumrx48u1yPpF6ivPOI vxiwkV1b5fV2sGCBFsRQ 5gumrx48u1yPpF6ivPOI 7TbbztQ90wmMzxjLFXzq oWxP87H6AXwFzF0dpB9d Yj14cJHLteGLwnT0JCVo zc2cVu7aHW2Uc4Z1tHon 4bQwji0D4wyEDLd54MWv 8KfYYXeMqM0D4nShLOzi v0QJIKD4q7sFXrzFSb6J sZojFweTE55bBWYz0Tda zbFdxZAJcbci5gs01pnM Kfu1pc3YPMGebW7Iu8ex dKH5OdpmJKCU83bbXVxZ S8uMGvUglWyhnfV5Wzdp EtrZREkmL456viQQJ9Rb Pqf0Sn4UvsBLaxz7WO4n nbZglhhmYQAPQz4eETaj MtQDjkLToWj4d53MMhKG icN9hCSgyAan3sGfngmv tuE7UekaxGUib4idWtYa sH3pvLOfMUrEGUrmsHCu C1CVSQIxudgISqBvCOoA 2qerVVbMKjJpuQmQ9aqr sHkjJnMiMEPb4htMPUMQ RV5D5yksO9rCY6rkv8aJ 3TWDD9k8g0eTVq52a62Z 5jhNGHh0Et1Lidy4vCpq 3TWDD9k8g0eTVq52a62Z RV5D5yksO9rCY6rkv8aJ sHkjJnMiMEPb4htMPUMQ 2qerVVbMKjJpuQmQ9aqr C1CVSQIxudgISqBvCOoA sGymQi0ZOpCowisPJkWe Y9NkTxuGcG1D46t8mZ67 ZBeXR80522AAM5P7qeaG ag5vZ07KPwCr1Lpz8zM0 fmFrd4vggNac5TkiFJAd Z8MZ2JfftjeVVnGFSOQe PbYOO88SokShsv7XrgBm NMTjl1jsvrb7y2ggdCSc PbYOO88SokShsv7XrgBm Z8MZ2JfftjeVVnGFSOQe fmFrd4vggNac5TkiFJAd ag5vZ07KPwCr1Lpz8zM0 Dc1wEVV3kuOZotG6pNlL Jjat3uJ5XboI9kZe0522 Dc1wEVV3kuOZotG6pNlL JajH9BPb1gw5kQ2oTRnP Dt5YfbjQq6VoKnyw6Zav JajH9BPb1gw5kQ2oTRnP dOKaHsIcDX32wPXAX2Gt uy6RcQAYd3ATM1Icq3my ECCnzlgsMEvTYjNwAlfM uy6RcQAYd3ATM1Icq3my LxEzX08MG9T8knIYbul0 uy6RcQAYd3ATM1Icq3my dOKaHsIcDX32wPXAX2Gt JajH9BPb1gw5kQ2oTRnP Dc1wEVV3kuOZotG6pNlL ag5vZ07KPwCr1Lpz8zM0 ZBeXR80522AAM5P7qeaG Y9NkTxuGcG1D46t8mZ67 sGymQi0ZOpCowisPJkWe C1CVSQIxudgISqBvCOoA wYRR07UrNAdstlFcx7n2 M2S9flVUcYP2sJdh8LXf
35
M2S9flVUcYP2sJdh8LXf M2S9flVUcYP2sJdh8LXf
C1CVSQIxudgISqBvCOoA H59EihDjhfpS7ToXFM3L
sH3pvLOfMUrEGUrmsHCu sH3pvLOfMUrEGUrmsHCu
tuE7UekaxGUib4idWtYa PZrpdQAa8H8tkrajh08J
93aDiM8K0XhtiVcCVKi2 93aDiM8K0XhtiVcCVKi2 Bc6dudheE3WGLxP0iDdK
MtQDjkLToWj4d53MMhKG pNXWB5geApaSjbsCCT4J
vodEvdIApqt0N3TZsbxN vodEvdIApqt0N3TZsbxN cdaizmjQrCe5Vnwy3JQF
nbZglhhmYQAPQz4eETaj nbZglhhmYQAPQz4eETaj
Pqf0Sn4UvsBLaxz7WO4n Pqf0Sn4UvsBLaxz7WO4n 48nWZMVqWDxfH9uMf2U3
EtrZREkmL456viQQJ9Rb EtrZREkmL456viQQJ9Rb
S8uMGvUglWyhnfV5Wzdp S8uMGvUglWyhnfV5Wzdp
dKH5OdpmJKCU83bbXVxZ dKH5OdpmJKCU83bbXVxZ 0uvEfLgT4s8ImTk9VWBt
Kfu1pc3YPMGebW7Iu8ex Kfu1pc3YPMGebW7Iu8ex
zbFdxZAJcbci5gs01pnM zD7ErBenXxsG4D9b5TEV
sZojFweTE55bBWYz0Tda 9Jr76N4fnNot7SNYqBKG
v0QJIKD4q7sFXrzFSb6J v0QJIKD4q7sFXrzFSb6J
8KfYYXeMqM0D4nShLOzi 8KfYYXeMqM0D4nShLOzi tUowOUG1V7iCXBCMR0AT
4bQwji0D4wyEDLd54MWv 4bQwji0D4wyEDLd54MWv 9GrchmlNCDIapQ9OnEYh
Yj14cJHLteGLwnT0JCVo jgcWqrcniA4q9WNs9xkc
oWxP87H6AXwFzF0dpB9d oWxP87H6AXwFzF0dpB9d
5gumrx48u1yPpF6ivPOI 5gumrx48u1yPpF6ivPOI yHMPX8vHctuUweyLluyz
vxiwkV1b5fV2sGCBFsRQ vxiwkV1b5fV2sGCBFsRQ gZVNRDm5p6aX5QEEX8UG
5jhNGHh0Et1Lidy4vCpq tVhIJJgs0kEFaQx1hdWm Z0DuoZMcx6oyDPWFznMK
ZBeXR80522AAM5P7qeaG m1IYiQsUBuvvpTv7yWXO
fmFrd4vggNac5TkiFJAd fmFrd4vggNac5TkiFJAd
Z8MZ2JfftjeVVnGFSOQe Z8MZ2JfftjeVVnGFSOQe
PbYOO88SokShsv7XrgBm W4IxjYZtRN88GGSV9Uoc
NMTjl1jsvrb7y2ggdCSc NMTjl1jsvrb7y2ggdCSc XmlH4l2BXG35TF70bZqZ
Dc1wEVV3kuOZotG6pNlL LNMZej67uy0Whvqp5OR1
Jjat3uJ5XboI9kZe0522 Jjat3uJ5XboI9kZe0522 L8bxdxuDa5issn2PiN3u
Dt5YfbjQq6VoKnyw6Zav Dt5YfbjQq6VoKnyw6Zav k7k4sHxeh1pR4sOjcVuj
dOKaHsIcDX32wPXAX2Gt dOKaHsIcDX32wPXAX2Gt zdtRVpQ9lVyEhNj9Evpp
uy6RcQAYd3ATM1Icq3my uy6RcQAYd3ATM1Icq3my
ECCnzlgsMEvTYjNwAlfM ECCnzlgsMEvTYjNwAlfM Eu0wGcDBBrgvePzHfqrS
LxEzX08MG9T8knIYbul0 LxEzX08MG9T8knIYbul0 yZPIHwySFuIdRJCMzjnz
