SaintPaul Garland Newark Scottsdale Honolulu Memphis Louisville Irving Anaheim Seattle VirginiaBeach StPetersburg Cincinnati ChulaVista JerseyCity Richmond Minneapolis Richmond JerseyCity Toledo JerseyCity Lexington Fresno Plano LosAngeles Austin LosAngeles Plano Fresno KansasCity Norfolk Denver Detroit Tucson Detroit Denver Norfolk KansasCity Fresno Lexington JerseyCity ChulaVista Baltimore LongBeach Baltimore Albuquerque FortWayne Albuquerque Baltimore ChulaVista Charlotte Irvine Buffalo Oakland Philadelphia SanFrancisco Stockton SanFrancisco Philadelphia Oakland Buffalo Irvine Charlotte Phoenix Durham SantaAna Durham Phoenix Charlotte ChulaVista SanDiego ChulaVista Cincinnati StPetersburg Milwaukee Columbus Glendale Hialeah Glendale Columbus Milwaukee StPetersburg VirginiaBeach Seattle Anaheim Irving Louisville Memphis Honolulu Scottsdale Newark Garland SaintPaul
33
Newark Newark
Scottsdale Scottsdale
Honolulu Honolulu
Memphis Memphis
Louisville Madison
StPetersburg StPetersburg Henderson Lubbock
Cincinnati Cincinnati
JerseyCity JerseyCity Laredo
Minneapolis Bakersfield Lincoln
Toledo Atlanta Tampa
Lexington Lexington
Fresno Chesapeake Spokane
Plano Plano
LosAngeles ElPaso
Austin Austin SanAntonio
KansasCity Aurora NewOrleans
Denver Denver
Tucson Tucson Raleigh
Baltimore Baltimore Indianapolis
LongBeach LongBeach Dallas
Albuquerque FortWorth
FortWayne FortWayne Anchorage
Charlotte Charlotte
Irvine Chandler
Stockton Stockton Houston
Phoenix Phoenix
Durham Durham WinstonSalem
SantaAna SantaAna Pittsburgh
SanDiego SanDiego SanJose
Milwaukee Milwaukee
Columbus Columbus
Glendale Glendale
Hialeah Hialeah OklahomaCity
