Chattanooga Cleveland NewOrleans ElPaso Dayton Plano ElkGrove Savannah FortLauderdale Tulsa Montgomery Macon Orange Frisco Orange Aurora Orange Macon LittleRock Macon Montgomery Tulsa Memphis Roseville MorenoValley Anaheim MorenoValley Roseville FortWorth Roseville Memphis Tulsa FortLauderdale Miami Sacramento Huntsville Tacoma Huntsville Fremont SanBernardino Boise Sunnyvale StPetersburg Sunnyvale Boise Lakewood Augusta SantaClarita Hayward Akron RanchoCucamonga Akron Hayward Norfolk Irvine OklahomaCity Lincoln Madison Lincoln OklahomaCity Irvine Norfolk SaintPaul Norfolk Hayward SantaClarita Augusta Lakewood Boise SanBernardino Fremont Honolulu Peoria Corona Peoria Jerusalem NewportNews Minneapolis HuntingtonBeach Jackson HuntingtonBeach Minneapolis Garland Naperville Garland Minneapolis WinstonSalem Knoxville Berkeley Springfield Berkeley Knoxville WinstonSalem Cincinnati Albuquerque Cincinnati WinstonSalem Minneapolis NewportNews Jerusalem Peoria Honolulu Fremont Huntsville Sacramento Miami FortLauderdale Indianapolis Riverside Scottsdale OverlandPark Surprise Anchorage Surprise OverlandPark BatonRouge Bakersfield Salinas Murfreesboro Salinas Bakersfield BatonRouge Detroit Vancouver Detroit BatonRouge OverlandPark Scottsdale Riverside Indianapolis FortLauderdale Savannah ElkGrove Plano Fresno OuterHaven Greensboro PembrokePines Greensboro OuterHaven Fresno Portland JerseyCity Portland Fresno Plano Dayton ElPaso NewOrleans Cleveland Chattanooga
56
Cleveland Cleveland
ElPaso ElPaso
Plano Plano
ElkGrove McAllen
Savannah Savannah
FortLauderdale FortLauderdale
Montgomery SanJose
Orange Orange
Frisco Frisco KansasCity
Aurora Aurora Baltimore Lexington Fayetteville
LittleRock LittleRock CapeCoral Shreveport
Memphis Memphis SanAntonio Wichita
Roseville Durham Yonkers
MorenoValley Henderson Tallahassee
Anaheim Anaheim NewYork ChulaVista
FortWorth FortWorth Glendale
Tacoma Tacoma Oxnard
Fremont Fremont
SanBernardino SanBernardino
Boise Boise
Sunnyvale SanDiego
StPetersburg Toledo Jacksonville
SantaClarita SantaClarita Pomona
Hayward Hayward
Akron Akron
RanchoCucamonga Newark Ontario
Norfolk Raleigh
Irvine Irvine Syracuse
OklahomaCity SantaAna Fontana
Lincoln Lincoln
Madison Madison Joliet
SaintPaul SaintPaul Washington
Honolulu Honolulu SanFrancisco PortStLucie
Corona Corona Lubbock
NewportNews NewportNews DesMoines Alexandria
Jackson Jackson Brownsville
Naperville Naperville Chicago
Knoxville Knoxville
Berkeley Berkeley Boston
Springfield Springfield Spokane
Cincinnati Cincinnati GrandPrairie Paterson
Albuquerque LosAngeles Waco
Indianapolis Indianapolis Phoenix
Riverside Riverside
Scottsdale Scottsdale Tempe
Surprise Surprise Richmond
Anchorage Anchorage Midland
BatonRouge BatonRouge
Bakersfield Bakersfield Oceanside
Salinas GardenGrove
Murfreesboro Murfreesboro Charlotte
Vancouver Vancouver Austin
Fresno GrandRapids Worcester
OuterHaven Louisville
PembrokePines Orlando Denton Salem
JerseyCity Buffalo Olathe
