Porterton Wallton Davisstad Leechester Pettyton Bondmouth Pettyton Leechester Davisstad Jacksonton Singletonton Clarkbury Singletonton Jacksonton Davisstad Newmanburgh Gallowaymouth Rioshaven Gallowaymouth Newmanburgh Davisstad Wallton Danielleport Scottburgh Laurenbury Haleview Laurenbury Scottburgh Danielleport Melissaview Campbellhaven Annberg Campbellhaven Melissaview Cheyennefurt Watsonville Cheyennefurt Melissaview Danielleport Cooperton Lopezborough Waltersmouth Lopezborough Cooperton Danielleport Wallton Derekmouth Geraldside Michellehaven Cranemouth Michellehaven Ramosborough Michellehaven Geraldside Joseport Hallborough Joseport Gabrielburgh Joseport Geraldside Derekmouth Jeffreyfort Garytown Audreyfort Garytown Jeffreyfort Johnsonchester Jeffreyfort Derekmouth Charlesberg Weberbury Kimberlyburgh Weberbury Charlesberg Sethland Ellisstad Sethland Charlesberg Kevinberg Adamside Kevinberg Patriciabury Kevinberg Charlesberg Derekmouth Wallton Porterton Dianashire Ashleyborough Paulburgh Walltown Callahantown Maryport Callahantown Walltown Scotttown Jacksonview Scotttown Walltown Paulburgh Robertsstad Toddtown Swansonshire Toddtown Robertsstad Paulburgh Ashleyborough Clarkberg Reevestown Judithview Michaelview Judithview Reevestown Clarkberg Burtonview Murphyside Bakertown Murphyside Burtonview Clarkberg Ashleyborough Osborneville Christophermouth Shawnhaven Christophermouth Osborneville Payneview Teresafort Smithtown Teresafort Payneview Barnesmouth Harrisport Barnesmouth Payneview Jacksonville Jennifertown Jacksonville Payneview Osborneville Ashleyborough Dianashire Burgessview Williamfort Williamport Ashleystad Holthaven Ashleystad Codyton Ashleystad Williamport Williamfort Thomasville Lopezburgh Byrdfurt Lopezburgh Thomasville Williamfort Moodyburgh Heatherberg Thomasborough Heatherberg Moodyburgh Gregoryberg Smithfort Gregoryberg Moodyburgh Williamfort Burgessview Marcusburgh Matthewburgh Virginiastad Robinsonmouth Virginiastad Matthewburgh Bondfort Adamview Bondfort Shawnmouth Bondfort Matthewburgh Marcusburgh Fletcherland Kingview Williamschester Kingview Fletcherland Marcusburgh Tylerbury Marcusburgh Burgessview Billton Banksburgh Simmonsburgh Michaelville Simmonsburgh Banksburgh Yvonneborough Parkermouth Yvonneborough Banksburgh Billton Burgessview Dianashire Porterton
50
Leechester Suttonville
Pettyton Jonesfurt
Bondmouth Bondmouth Mercedesmouth Taylorton
Clarkbury Clarkbury Jermaineton
Rioshaven Rioshaven Josephstad
Haleview Haleview Hallstad
Annberg Annberg Dyerport Houstonchester
Cheyennefurt Thompsonshire
Watsonville Watsonville Christyland Robertomouth
Waltersmouth Adamport Adkinsberg
Cranemouth Cranemouth Joneschester
Ramosborough Ramosborough Fordhaven
Hallborough Hallborough Kylieview
Gabrielburgh Gabrielburgh Hodgesstad
Audreyfort Audreyfort Patriciaside
Johnsonchester Nealfurt Susanfort
Weberbury Clarkport
Kimberlyburgh Kimberlyburgh Candiceland
Sethland Tannerhaven
Ellisstad Ellisstad Osbornemouth
Adamside Adamside Andrewschester Bradberg
Patriciabury Patriciabury Troyfort Thomasmouth
Walltown Williamshire
Maryport Maryport Combsville Reynoldsview
Jacksonview Jacksonview Danielville
Swansonshire Swansonshire Abigailhaven
Michaelview Michaelview Clarenceview
Bakertown Bakertown Derekville Jameston
Shawnhaven Candaceborough Dannyside
Teresafort Calvinton
Smithtown Smithtown Abigailville Jacksonland
Barnesmouth Clarkborough
Harrisport Harrisport Brendaview
Jacksonville Christopherhaven
Jennifertown Jennifertown Feliciaville
Holthaven Holthaven Vickiville
Codyton Codyton Mindyview Ryanside
Lopezburgh Leahmouth
Byrdfurt Byrdfurt Loweryborough Garciamouth
Thomasborough Thomasborough Masseyside Ortegaberg
Smithfort Smithfort Millerborough
Virginiastad Johnsonberg
Robinsonmouth Robinsonmouth Horneside
Adamview Adamview Harrisborough
Shawnmouth Shawnmouth Priceville Buckleyside
Fletcherland Ortizberg
Williamschester Williamschester Mirandaview
Tylerbury Hansonbury Wilsonstad
Michaelville Michaelville Williamland
Parkermouth Parkermouth Shawnfort
