Hernandezville Beckyshire Ponceville Garymouth Christophertown Crystaltown Christophertown Garymouth Camposstad Donaldstad Camposstad Garymouth Ponceville Bridgesville Dennisstad Wilsonburgh Dennisstad Bridgesville Esparzaberg Thomasburgh Esparzaberg Kristinbury Esparzaberg Bridgesville Riveramouth Bradshawside Riveramouth Martinton Riveramouth Bridgesville Ponceville Mcculloughchester Crystalchester Smithmouth Crystalchester Mcculloughchester Jonestown Barbarachester Jonestown Kellyfort Jonestown Mcculloughchester Ponceville Beckyshire Derekton Wallaceville Morenoside Wallaceville Derekton Beckyshire Hernandezville Joelview Mitchellchester Lopezmouth Dixonton Francesmouth Dixonton Keithton Dixonton Lopezmouth Heathermouth Lopezview Heathermouth Lopezmouth Mitchellchester Joelview Farmerside Gabriellabury Courtneyfurt Gabriellabury Farmerside Ralphtown Stricklandbury Tylermouth Stricklandbury Ralphtown Garciaport Charlesburgh Garciaport Ralphtown Farmerside Ryanton Williamsmouth Mcdonaldmouth Williamsmouth Ryanton Farmerside Joelview Downsville Richardhaven Tammychester Richardhaven Downsville Joelview Hernandezville
26
Crystaltown Crystaltown Johnsontown
Camposstad Williamsville
Donaldstad Donaldstad Thomastown
Wilsonburgh Wilsonburgh Josephton Harristown
Thomasburgh Thomasburgh Johnsonmouth Sanchezland
Kristinbury Kristinbury Allenberg
Bradshawside Bradshawside Wandaside
Martinton Martinton Brianland Deborahfort
Smithmouth Smithmouth Robertborough
Barbarachester Barbarachester Jonesberg
Kellyfort Kellyfort Tinatown Pittsland
Derekton Belindamouth
Morenoside Johnport Amberfurt
Mitchellchester Huynhton
Francesmouth Francesmouth Richardville
Keithton Keithton Andrewland Aprilstad
Heathermouth Emilymouth
Lopezview Lopezview Robertsfort
Gabriellabury Hendersonchester
Courtneyfurt Contrerasland Morrisbury
Tylermouth Tylermouth Deanstad
Charlesburgh Charlesburgh Angelaview
Williamsmouth Johnstonmouth
Mcdonaldmouth Mcdonaldmouth Adkinsfurt
Downsville Haasville
Tammychester Tammychester Rebeccaton
