0 14 59 69 1 73 23 82 5 70 68 46 68 70 5 34 3 85 44 41 44 18 7 29 7 18 44 85 35 16 35 85 3 51 37 51 3 34 5 82 23 72 23 73 1 69 59 48 88 75 61 42 79 43 4 66 55 30 13 30 55 66 19 98 47 26 47 98 19 66 4 43 79 42 61 75 88 48 59 14 0
34
0 0
14 14 12
59 21
1 1
73 36
23 23 32
5 5
70 22
68 49
46 46 33
34 34 27
3 3
44 44
41 41 24 45
18 18
7 7
29 29 6 11 31
35 35
16 16 9
51 20
37 37 2
72 10 39
48 48
61 25 38
42 42
43 43 40
4 4
66 8
30 30
13 13 17
19 19
98 15
47 47
26 26 28
