0 23 88 64 139 64 50 123 50 34 132 119 55 119 132 34 78 34 57 4 60 54 60 4 57 34 50 64 15 194 28 185 151 128 179 128 176 173 85 1 85 173 44 134 62 12 53 20 53 12 5 198 106 196 87 196 17 79 107 26 65 98 47 142 51 142 47 98 65 26 107 79 56 67 96 67 56 79 17 196 8 196 106 198 10 198 5 182 70 182 5 74 141 80 141 21 141 74 5 59 97 31 140 31 97 59 5 12 62 134 44 173 176 83 9 6 24 89 147 177 147 89 24 6 9 83 176 128 151 42 151 185 28 194 15 33 76 33 15 64 88 23 0
61
0 0 73
23 23
88 88
64 64
139 48 63
50 50 7
123 39 94
34 34
55 55 90
78 78 14 36
57 57 25
4 4
60 60
54 54 49
15 15
194 61 72
28 28
185 38
128 19
179 92 99
176 35 37
85 85
1 1 58 69
44 44
62 62
12 12
53 53
20 20 81
5 5 41 75
87 87 18 95
17 17
79 79
107 11
26 26
65 65
98 98 77 91
47 47
142 22
51 51 13
56 56
67 67
96 96 27
8 8 30
10 10 71
70 70 16
74 74
80 80 3 43
21 21 93
59 59 32
97 97
31 31 2
140 68 86 66
83 83 40
9 9 52
6 6
24 24 46
89 89
177 29 82
42 42 45
33 33
76 76 84
