AY BX AL BH AG B BR CG W AC CD CE AT AB CV BL A AA F CC F AZ X N U CQ H CQ U N X AZ F AA A BL CV AR BW AR CV AB AT CE CD AC W CG BR B AU CA AU BS J CK BK CF AK CF BK AH T CI AJ BE BV CB BP AW BU I CT AV AX BC CU BC AX AV CT I BU AW BP CB BV BE AJ CI T AH BK CK J BS AU B AG BH AL BX AY
34
AY AY
BX BX
B B
BR BZ
W W
CD CD V BG
CE CE
AB AB
CV CV
A BA
AA AA
F F
CC CC AI
U U BJ
CQ CQ
H H CR
BW AO CP
AU AU
CA CA BI
BS AE
CK CK P AS Q
CF CF
AK AK AQ BF
AH AH CL
T T
CI CM
BE BE
BP BP
AW AW
BU BU
I I
AV AV
AX AX O
CU CU AM BO
