K B CA GD CA FQ FD BJ DV BF GL GR CC EY EO DE EV EG EP C DR FX CH FU FM DZ FM FU CH FX DR C EP EG AG GG EI BZ DY ES AF BD GC ED GC DJ EE L BB L EE DJ GC BD AF ES DY CK FH CJ H FT GK AU AO GM BI CO FW P FJ P FW CO DB DX FK EA FK DX DB CO BI GM AO AU GK FT H CJ FH CK DY BZ EI GG AG EG EV DE EO EY CC GR GL DP GL BF CP BL GN BS AN EB DC U DG DM DI DM DG U DC EB AN DS DH GA BW CG GO FI DD GH DA DT EK DT DA GH DD FL AK BY DW AP FV AP DW BY AK AV G BA G AV AK FL DD FI GO CG BW GA Y DL GF CT GF DL EQ CE EQ DL Y GA DH DS AN BS GN M BT CF BT M GN BL CP AW Q CL O CL Q AH Q AW CP BF DV BJ FD FQ CA B K
71
K FS
B B
GD GD EJ
FD FD EN
BJ BJ
DV DV
BF BF
GL GL
GR GR
CC CM
EO EO
EV EV CY
EG EG
DR DR
FX FX
CH EZ
FU FU EH
FM FM
DZ DZ I AB
AG AG
GG GG
BZ BQ
AF AF
GC GC
ED ED X
L L
BB BB CW
CK CK
FH FH
CJ CJ BR
H CQ
GK GK
AU FR
AO FG
BI BI
P P EC GJ
FJ FJ BP
DB DB
DX DX
EA EA EM
DP DP BX
BL BL
AN AN
DC DC
U U
DG DG EL
DI DI DK
DS DS AJ
DH DH
GO GO V
FI FI
DD FZ
DT T FO
EK EK GE
BY BY BE
DW FE
AP BO
FV FV AX
G G
BA BA CB
Y Y
GF GF
CT CT GI
EQ EQ Z
CE CE FP
M M
CF CF AM
AW AW
CL AS
O BG R
AH AH EU
