89 181 100 113 100 87 179 119 70 136 3 64 31 64 3 136 70 119 179 47 190 145 39 85 39 81 38 167 94 86 94 167 41 37 168 124 168 99 168 37 41 167 38 53 96 53 38 81 39 145 33 145 190 47 182 197 142 104 110 172 5 170 83 54 11 20 109 20 11 54 83 170 5 172 110 104 142 197 182 47 161 118 161 47 103 79 103 73 133 194 141 46 51 156 51 46 141 194 133 73 103 47 179 87 61 122 175 102 143 102 72 148 72 102 175 122 62 144 49 128 15 198 147 198 82 198 15 128 49 4 127 101 78 27 48 27 78 101 127 4 49 144 62 19 106 77 132 77 106 19 62 122 61 87 100 181 89 68 89
61
100 100
113 112 199
179 179
70 70 192
136 136
3 3
64 64 18
31 31 6 107 155
190 190
145 149
39 39
85 85 146 32
81 81
38 38
94 94 151
86 86 56 173
41 41
37 37
124 124 59
99 99 44
96 96 23
33 33 25 121
182 98
197 197
142 21 188
104 130
172 172
5 5
83 83
11 11
109 109 183
161 16
118 118 1 189
103 193 97
79 79 36
73 73
133 133
194 194
141 141
51 51
156 156 135
61 61
122 122
102 102 178
143 125 114
72 187 58
148 148 13
62 160
144 144
49 49 111 140
128 128
147 147 29
82 82 65
4 4
127 127 80 88
101 101 169
78 78 75
27 27 191
48 48 9
132 132 195
68 12 69
