55 72 50 20 68 5 22 13 22 5 10 81 69 27 98 78 15 78 98 27 69 81 10 77 53 64 49 64 53 40 29 67 86 96 86 67 43 23 43 67 29 62 37 24 61 24 37 62 28 62 29 16 45 57 45 17 39 17 45 16 29 40 53 1 95 52 74 79 74 31 74 52 95 1 87 1 53 77 10 30 70 30 10 5 68 20 50 72 55
31
72 92
20 20
5 5
22 32 99
13 13 11
10 10
81 9
27 27
15 15 36
77 77 7
53 53
64 64
49 49 91
29 29
67 67
86 86
96 96 41
23 23 18
62 62
61 61 19
28 28 25
16 16
57 57 3
17 17
39 39 93
1 1 54
95 95 12 63 14
79 83 97
31 31 0
87 87 51
70 70 88
