fmdhlepsteinstdnkill nhmkilllsftepsteindd ddepsteinhltfkillsmn nmlfshtdkillepsteind nhkillepsteindmdlsft sldnhepsteindftkillm nfdhkilllsmtepsteind dfkilllmtepsteinhdsn tdfepsteinnlhdkillsm epsteinmhndfkilltdls hsdlepsteinmnkilldft hsndepsteindlmtkillf hsdlepsteinmnkilldft epsteinmhndfkilltdls tdfepsteinnlhdkillsm dfkilllmtepsteinhdsn nfdhkilllsmtepsteind sldnhepsteindftkillm nhkillepsteindmdlsft nepsteinlmdkilldhfts ntlepsteindmfdshkill dfdkillepsteinslmhnt lhsepsteindtdnmkillf dfdkillepsteinslmhnt ntlepsteindmfdshkill nepsteinlmdkilldhfts nhkillepsteindmdlsft nmlfshtdkillepsteind ddepsteinhltfkillsmn nhmkilllsftepsteindd fmdhlepsteinstdnkill lkilltndepsteindsmfh tmsdnfdlkillhepstein lkilltndepsteindsmfh fmdhlepsteinstdnkill epsteindlsfdntmkillh dnkillepsteinlshdtfm ddlmnftepsteinhskill dnkillepsteinlshdtfm killepsteinlhtfdsmdn epsteinlshkilldnfdmt flepsteindndhmtkills killdmnsfhldepsteint hkilldfepsteinmdlnts fdshnmkillepsteinltd killnsfmhdepsteindtl epsteinskilldlndhmtf lthfkilldnsmepsteind hepsteinsddnfkillmlt lthfkilldnsmepsteind epsteinskilldlndhmtf killnsfmhdepsteindtl fdshnmkillepsteinltd hkilldfepsteinmdlnts killdmnsfhldepsteint flepsteindndhmtkills epsteinlshkilldnfdmt killepsteinlhtfdsmdn dnkillepsteinlshdtfm epsteinkillmsftnddlh fkillepsteindlhdnsmt slepsteinntkillhddfm lsdepsteinfmkillndth tlmsdhdnkillfepstein fmsepsteindntldhkill epsteindfhlmdnskillt fmsepsteindntldhkill tlmsdhdnkillfepstein lsdepsteinfmkillndth slepsteinntkillhddfm fkillepsteindlhdnsmt nltdmsfepsteinkilldh fkillepsteindlhdnsmt epsteinkillmsftnddlh dmepsteinfnhltkillsd fshtdepsteinmldnkill dthepsteinkillmsldfn dmdepsteinnhkilllsft epsteinfsddmthkillnl dmdepsteinnhkilllsft dthepsteinkillmsldfn fshtdepsteinmldnkill dmepsteinfnhltkillsd epsteinkillmsftnddlh dnkillepsteinlshdtfm epsteindlsfdntmkillh fmdhlepsteinstdnkill
32
nhmkilllsftepsteindd nhmkilllsftepsteindd
nfdhkilllsmtepsteind nfdhkilllsmtepsteind
dfkilllmtepsteinhdsn dfkilllmtepsteinhdsn
epsteinmhndfkilltdls epsteinmhndfkilltdls
hsndepsteindlmtkillf hsndepsteindlmtkillf lndsdkilltmepsteinhf
nepsteinlmdkilldhfts nepsteinlmdkilldhfts depsteinnlsfmhtkilld
ntlepsteindmfdshkill ntlepsteindmfdshkill killmlepsteindthnfsd
lhsepsteindtdnmkillf fhndskillepsteintldm lnsmkilltfdepsteindh
tmsdnfdlkillhepstein lhepsteinkilldtnmfsd mftkillepsteinndlhsd
epsteindlsfdntmkillh epsteindlsfdntmkillh
dnkillepsteinlshdtfm dnkillepsteinlshdtfm lmhdtfdepsteinnkills
ddlmnftepsteinhskill ddlmnftepsteinhskill fepsteinhsntddkilllm
killepsteinlhtfdsmdn killepsteinlhtfdsmdn dhkilllsepsteinmntdf
epsteinlshkilldnfdmt epsteinlshkilldnfdmt
flepsteindndhmtkills flepsteindndhmtkills
killdmnsfhldepsteint killdmnsfhldepsteint epsteintdkilllnfdhms
hkilldfepsteinmdlnts hdepsteinskillldtnfm
fdshnmkillepsteinltd fdshnmkillepsteinltd
killnsfmhdepsteindtl killnsfmhdepsteindtl tmlepsteinsdnfkillhd msfltdkillnepsteinhd
epsteinskilldlndhmtf epsteinskilldlndhmtf hsdfepsteintlnkilldm
hepsteinsddnfkillmlt hepsteinsddnfkillmlt ddtmkillepsteinflsnh nkilltdhlmdepsteinsf
epsteinkillmsftnddlh epsteinkillmsftnddlh
fkillepsteindlhdnsmt stepsteinhkillfmnldd
slepsteinntkillhddfm ndkillftdsmepsteinlh
lsdepsteinfmkillndth lsdepsteinfmkillndth
tlmsdhdnkillfepstein tlmsdhdnkillfepstein
fmsepsteindntldhkill fmsepsteindntldhkill
epsteindfhlmdnskillt epsteindfhlmdnskillt dlnsthfmepsteinkilld
nltdmsfepsteinkilldh nltdmsfepsteinkilldh hnfdtmlepsteinkillds
dmepsteinfnhltkillsd dmepsteinfnhltkillsd
fshtdepsteinmldnkill fshtdepsteinmldnkill
epsteinfsddmthkillnl hnsdkilllftdmepstein dhepsteindsnlkillfmt tlsfdmdepsteinnhkill
