dldkilltnmhfepsteins msddkilllthepsteinfn dlfdkilltepsteinhnms killmdshdtnflepstein sdndhepsteinltkillfm dkillfepsteinnhdmtls depsteinlfnmkilldsht tsmdepsteinkillhfdln lkilldtnmsepsteindfh dhmkillfdltnsepstein hdepsteinkillnfdlmts dhmkillfdltnsepstein lkilldtnmsepsteindfh tdnfmdhepsteinslkill fmtnkilldepsteindhsl killtdslhfdepsteinnm shfnmltepsteindkilld killdldepsteinmfsthn dkillnsepsteinfdmthl sfdntlkilldhmepstein epsteinfthkilldnslmd sfdntlkilldhmepstein dkillnsepsteinfdmthl killdldepsteinmfsthn nepsteinfthdldmkills fkillepsteinndmdlhts dtsmdnlhfepsteinkill fkillepsteinndmdlhts lntkillepsteinfsddhm mhdskillldftnepstein nmkilldepsteinhtldsf ltfnsdhepsteinkilldm nmkilldepsteinhtldsf mhdskillldftnepstein lntkillepsteinfsddhm fdmtdepsteinkilllsnh lntkillepsteinfsddhm dflstmkillepsteindhn killdepsteinmfltdshn dflstmkillepsteindhn lntkillepsteinfsddhm fkillepsteinndmdlhts nepsteinfthdldmkills lnepsteintdfmdshkill nepsteinfthdldmkills killdldepsteinmfsthn smtepsteinkilldfnhdl sepsteindhmnltkillfd hnddkilltslmfepstein lkillfthdsepsteindnm hnddkilltslmfepstein thdlskillnfdmepstein hnddkilltslmfepstein sepsteindhmnltkillfd killhtdmdlnsfepstein hmdkilllnepsteinfsdt msepsteintlhnfkilldd sldhnfmtdkillepstein tepsteinhsdkillmldfn shepsteinnkillftlddm ddkillnftsmhepsteinl tepsteinkilldflhnmsd lhsntdepsteindkillmf lmkillepsteintsndfhd hepsteinntdkillsdmfl lmkillepsteintsndfhd lhsntdepsteindkillmf tepsteinkilldflhnmsd ddkillnftsmhepsteinl shepsteinnkillftlddm tepsteinhsdkillmldfn sldhnfmtdkillepstein msepsteintlhnfkilldd hmdkilllnepsteinfsdt killhtdmdlnsfepstein sepsteindhmnltkillfd smtepsteinkilldfnhdl mfndlsdepsteinhkillt dsftepsteindhkillmnl hlfdskilldnepsteintm killthsepsteindmlfdn hlfdskilldnepsteintm dsftepsteindhkillmnl mfndlsdepsteinhkillt smtepsteinkilldfnhdl killdldepsteinmfsthn shfnmltepsteindkilld killtdslhfdepsteinnm fmtnkilldepsteindhsl tdnfmdhepsteinslkill epsteintfhndkilllmsd tdnfmdhepsteinslkill lkilldtnmsepsteindfh tsmdepsteinkillhfdln depsteinlfnmkilldsht dkillfepsteinnhdmtls sdndhepsteinltkillfm killshdlmftnepsteind hsepsteinfkillnmddtl killshdlmftnepsteind sdndhepsteinltkillfm killmdshdtnflepstein fthlkillnepsteindsdm nftmskilldldepsteinh fthlkillnepsteindsdm depsteinftndhmkillsl fhnmkillepsteinsdltd depsteinfmkillhdsnlt mdkillntepsteindfhsl tndskilldfepsteinmhl mdkillntepsteindfhsl depsteinfmkillhdsnlt fhnmkillepsteinsdltd depsteinftndhmkillsl dhkillldsepsteintnmf fsepsteindkillhmtdln dkillnmhldstfepstein epsteinshlkilldmnfdt dfdepsteintlnskillhm epsteinshlkilldmnfdt dkillnmhldstfepstein fsepsteindkillhmtdln dhkillldsepsteintnmf depsteinftndhmkillsl fthlkillnepsteindsdm epsteinhnkillsldfdmt mkilldlshdtfepsteinn lepsteindsmnhftdkill mkilldlshdtfepsteinn epsteinhnkillsldfdmt fthlkillnepsteindsdm killmdshdtnflepstein dlfdkilltepsteinhnms msddkilllthepsteinfn dldkilltnmhfepsteins
54
msddkilllthepsteinfn msddkilllthepsteinfn
dlfdkilltepsteinhnms dlfdkilltepsteinhnms
killmdshdtnflepstein fdskillndtmepsteinlh
sdndhepsteinltkillfm sdndhepsteinltkillfm dfkilllepsteinsnmhtd
depsteinlfnmkilldsht depsteinlfnmkilldsht tldkillhsfnmepsteind lhepsteintndkilldsmf
tsmdepsteinkillhfdln tsmdepsteinkillhfdln killfthnmsdlepsteind
lkilldtnmsepsteindfh lkilldtnmsepsteindfh
dhmkillfdltnsepstein dhmkillfdltnsepstein
hdepsteinkillnfdlmts mndtkillepsteindlfhs dlshdtepsteinnkillfm
fmtnkilldepsteindhsl fmtnkilldepsteindhsl mkillldnhepsteinstfd
killtdslhfdepsteinnm killtdslhfdepsteinnm slepsteinkillfmddhtn
shfnmltepsteindkilld shfnmltepsteindkilld killtepsteinddhlmnsf
killdldepsteinmfsthn killdldepsteinmfsthn dnldkillhmfstepstein
sfdntlkilldhmepstein dhtepsteinkillsdflmn
epsteinfthkilldnslmd epsteinfthkilldnslmd ntmdhepsteinsdkillfl
nepsteinfthdldmkills hnsepsteinmkillfddtl
fkillepsteinndmdlhts mkillthfdlnepsteinds
dtsmdnlhfepsteinkill dtsmdnlhfepsteinkill epsteinsnmflhtdkilld
mhdskillldftnepstein mhdskillldftnepstein
ltfnsdhepsteinkilldm ltfnsdhepsteinkilldm tepsteinmdfldhnskill
fdmtdepsteinkilllsnh fdmtdepsteinkilllsnh mdkilllfdnstepsteinh
dflstmkillepsteindhn dflstmkillepsteindhn lsmftnepsteinkillhdd
killdepsteinmfltdshn killdepsteinmfltdshn tsdnhkilllmepsteindf
lnepsteintdfmdshkill fddsmepsteintnkillhl skillmfepsteinthddnl
hnddkilltslmfepstein dmtlsfhnkilldepstein
lkillfthdsepsteindnm ndkillthdepsteinlsmf dtnkillsepsteinmdfhl hnskillepsteintfdmld
thdlskillnfdmepstein thdlskillnfdmepstein lepsteinkilldhfmstnd
killhtdmdlnsfepstein killhtdmdlnsfepstein nfltdmkillsdepsteinh sndldftmkillepsteinh
hmdkilllnepsteinfsdt hmdkilllnepsteinfsdt
msepsteintlhnfkilldd msepsteintlhnfkilldd
sldhnfmtdkillepstein sldhnfmtdkillepstein fhdmnepsteindkillslt
tepsteinhsdkillmldfn tepsteinhsdkillmldfn
lhsntdepsteindkillmf lhsntdepsteindkillmf
lmkillepsteintsndfhd lmkillepsteintsndfhd ndshkilldmlepsteinft
hepsteinntdkillsdmfl hepsteinntdkillsdmfl depsteintkilllnmsfdh
mfndlsdepsteinhkillt killmfndshdtepsteinl
dsftepsteindhkillmnl sdlhfnmdepsteintkill
killthsepsteindmlfdn killthsepsteindmlfdn nepsteindhkillltmsfd depsteinslkillhdftmn
epsteintfhndkilllmsd epsteintfhndkilllmsd tdkillepsteinsmhdfnl
hsepsteinfkillnmddtl hsepsteinfkillnmddtl ldfsmnepsteinkilltdh epsteindmshtfldnkill nmdhepsteinkilltfsld hmndfkillslepsteintd
fthlkillnepsteindsdm thnkillmddsepsteinfl lepsteindnhstfdmkill
nftmskilldldepsteinh nftmskilldldepsteinh mdkillnlsdtepsteinhf
depsteinftndhmkillsl depsteinftndhmkillsl epsteindkilltlmnhsfd hepsteinnfdmlsdtkill
fhnmkillepsteinsdltd fhnmkillepsteinsdltd
depsteinfmkillhdsnlt tdfkillslepsteinhdmn
mdkillntepsteindfhsl mdkillntepsteindfhsl dmldfhskillntepstein
tndskilldfepsteinmhl tndskilldfepsteinmhl dkillnmsfhtlepsteind
dhkillldsepsteintnmf killtdmsdfhnepsteinl fmltddhnepsteinskill
fsepsteindkillhmtdln fsepsteindkillhmtdln skillthlfndepsteindm killhdfnsepsteinmltd epsteinlmkillfshnddt
dkillnmhldstfepstein dkillnmhldstfepstein mhkillepsteinddlfsnt
dfdepsteintlnskillhm dfdepsteintlnskillhm ldepsteindhkilltsmfn
epsteinhnkillsldfdmt epsteinhnkillsldfdmt lkillepsteintdshmfnd
mkilldlshdtfepsteinn mkilldlshdtfepsteinn epsteinhdkillltsmfdn
lepsteindsmnhftdkill dhsepsteintlkillmfnd epsteinldtnfmshdkill
