149 100 105 108 145 114 118 115 117 126 122 121 122 126 117 115 118 114 145 108 105 100 101 102 101 100 149 060 062 070 069 070 062 054 063 090 091 092 091 090 063 072 073 085 074 086 074 075 076 077 078 077 076 075 074 085 073 072 063 054 053 056 053 054 062 060 149 000 001 002 013 024 025 035 027 018 029 028 038 028 029 018 027 035 025 024 013 002 001 000 149
22
105 111
115 115
126 126
121 123 142
102 103 104
060 060
070 068
069 069 067
054 054 059
063 064 065
091 091
092 096 097
072 088
085 085
086 086 089
076 080 081
078 078 079 083
053 053 050
056 056 066
024 006 031
025 026
038 037 048
