CorpusChristi ElPaso Cary CedarRapids Burbank CedarRapids Cary ElPaso Akron ElPaso CorpusChristi Birmingham Anchorage Elkhart Champaign Anaheim Champaign Elkhart Anchorage Davenport Clarksville Chattanooga Escondido Aurora Arlington Augusta BatonRouge Asheville Austin Asheville BatonRouge Augusta Arlington Aurora Escondido Chattanooga Boise Amarillo Boise Chattanooga Clarksville Davenport Buffalo Columbia Canton Bradenton Clearwater Charlotte Berkeley Albuquerque Berkeley Charlotte Clearwater Bellevue BoiseCity Danbury DavidsonCounty ColoradoSprings Chicago Denton Chicago ColoradoSprings DavidsonCounty Danbury BoiseCity Bellevue Clearwater Bradenton Canton Columbia Buffalo Davenport Anchorage Birmingham CorpusChristi
31
CorpusChristi CorpusChristi CapeCoral Downey
ElPaso ElPaso
CedarRapids Alexandria BonitaSprings
Burbank Denver ElMonte
Akron Akron DalyCity
Anchorage BelAir Deltona
Elkhart Elkhart
Champaign Champaign
Anaheim Anaheim CathedralCity
Davenport Davenport
Chattanooga Chattanooga
Escondido Escondido
Augusta Augusta
BatonRouge Durham
Asheville Asheville
Austin Austin Beaumont
Amarillo Amarillo Cincinnati
Buffalo Bloomington Carrollton Elizabeth
Columbia Columbia
Canton Canton
Bradenton Charleston
Clearwater Clearwater Boulder
Charlotte Bryan
Berkeley Arvada
Albuquerque Albuquerque Columbus
BoiseCity BoiseCity Brownsville
Danbury Danbury Dallas
DavidsonCounty AppleValley Chandler
ColoradoSprings ColoradoSprings
Chicago Chicago Appleton Bridgeport
Denton Denton Bremerton
