FortCollins Harlingen Knoxville Harlingen FortCollins Elkhart FortCollins Cincinnati Bakersfield Cincinnati FortCollins Akron FortSmith FortWaltonBeach Kissimmee AppleValley Corona Detroit Lacey Irving Lacey Detroit Corona Allentown Bremerton Henderson HuntingtonBeach Manchester HuntingtonBeach BoiseCity HuntingtonBeach Henderson Bremerton Allentown Corona AppleValley Kissimmee Amarillo Kissimmee FortWaltonBeach FortSmith Arvada Hickory Inglewood Lansing DesMoines GreenBay Boston Bloomington Layton LasVegas Kennewick LasVegas Downey Carrollton Laredo GardenGrove CollegeStation GardenGrove Laredo Carrollton Fullerton KansasCity FortWorth Berkeley FortWorth KansasCity Fullerton Carrollton Frederick Hampton Lafayette Hampton Frederick Carrollton Downey LasVegas Layton FortWayne Fairfield Lancaster Fairfield Kaneohe Albany Kaneohe Fairfield Joliet Fairfield FortWayne Layton Bloomington ColoradoSprings ChulaVista Howell Lubbock Howell Flint DalyCity Houston Fresno Houston Beaumont Houston DalyCity Durham Fitchburg Asheville Escondido LittleRock Escondido Asheville Fitchburg Durham DalyCity Flint Howell ChulaVista ColoradoSprings Bloomington Boston GreenBay DesMoines Lansing Inglewood Hickory Arvada Glendale Columbia Barnstable Kenosha Gilbert Kenosha Barnstable Brownsville Fayetteville Brownsville Barnstable Columbia Glendale Arvada Fargo Charleston Baltimore Hayward Hartford Aurora Dallas LosAngeles Jefferson BatonRouge Cambridge Honolulu ElkGrove Harrisburg ElkGrove Honolulu Cambridge BatonRouge Jefferson LosAngeles Dallas Clarksville Bradenton Bridgeport McAllen Chicago Clearwater Evansville Clearwater Chicago McAllen Bridgeport Bradenton Clarksville Dallas Aurora ClarkeCounty Independence Bellevue Independence ClarkeCounty Aurora Hartford Hayward Baltimore Charleston Fargo Arvada DaytonaBeach LakeCharles Chattanooga Burlington Garland Burlington Chattanooga LakeCharles DaytonaBeach Arvada FortSmith Akron FortCollins
64
FortCollins FortCollins
Harlingen Harlingen
Knoxville Knoxville Hemet
Elkhart Elkhart Champaign
Bakersfield Bakersfield AnnArbor
Akron Akron Elizabeth
FortWaltonBeach FortWaltonBeach
AppleValley AppleValley
Detroit Detroit
Lacey Lacey Brighton
Irving Irving Cary
Allentown Allentown
Bremerton Bremerton Grayslake
Henderson Henderson
Manchester Manchester Atlanta
BoiseCity BoiseCity Eugene
Amarillo Amarillo Alexandria
Arvada Arvada Erie Leominster
Hickory Hickory
Inglewood Inglewood
DesMoines DesMoines
Boston Chandler
Layton Layton Denver
LasVegas Austin Cleveland
Kennewick Kennewick Anaheim
Carrollton Carrollton
CollegeStation CollegeStation Boise ElPaso
KansasCity DavidsonCounty CapeCoral
Berkeley Berkeley ElMonte
Frederick Frederick
Hampton Hampton
Lafayette Lafayette Lakewood
Fairfield Fairfield
Lancaster Lancaster Anchorage
Albany CedarRapids Lorain
Joliet Joliet LasCruces
ColoradoSprings ColoradoSprings
Lubbock Lubbock Louisville
DalyCity DalyCity
Houston Houston
Fresno Fresno Kalamazoo
Beaumont Beaumont Bethlehem
LittleRock LittleRock Abilene
Barnstable Barnstable Aberdeen
Kenosha Augusta
Gilbert Gilbert Jacksonville
Brownsville Brownsville
Fayetteville Fayetteville Appleton
Fargo Fargo
Charleston BonitaSprings
Baltimore Baltimore
Dallas Dallas
Jefferson Jefferson
Cambridge Hollywood Burbank Fremont
ElkGrove Irvine
Harrisburg Harrisburg Fontana
Bradenton Bradenton
Chicago Chicago
Evansville Evansville Danbury
Independence Independence
Bellevue Bellevue Lakeland
DaytonaBeach Albuquerque
Burlington Indianapolis
Garland Garland GrandRapids
