152 75 50 184 179 119 101 139 65 144 6 162 97 162 6 144 65 110 171 110 65 139 36 169 36 142 36 139 101 119 179 0 154 78 123 170 123 78 154 51 88 130 180 16 52 107 135 26 41 149 24 173 94 13 94 173 24 143 24 149 41 133 116 165 116 147 84 56 161 4 113 5 113 4 161 56 84 147 116 133 41 26 135 107 52 16 180 130 88 51 154 0 95 0 62 155 62 0 179 184 7 14 187 156 45 156 1 58 129 115 59 53 82 53 59 115 129 58 1 156 187 8 108 136 108 89 108 74 166 74 21 74 108 8 187 14 85 14 7 184 50 183 185 111 185 183 50 75 152
48
75 75
50 50 153
184 184
101 101
139 139
65 65
144 144
162 157
97 97 27
171 171 66
36 87
169 169 105
142 142 28
0 0
154 2
78 78
170 170 31
51 51 172
130 130
180 180
41 41
149 149 79 163
94 94
13 13 38 42
143 143 151
133 90
116 116
165 165 134
56 56
113 113
5 5 182
95 95 35
62 145
155 121 12
45 45 175
58 58
129 112
115 54
53 53
82 126 181
8 8
136 136 37
89 89 60
166 166 81
21 73 92
85 85 96
183 183 9
111 111 168
