location12 location84 location19 location42 location71 location47 location25 location95 location93 location90 location36 location70 location72 location0 location99 location58 location54 location58 location99 location0 location72 location70 location36 location90 location93 location95 location25 location15 location49 location91 location49 location15 location22 location89 location63 location55 location27 location55 location63 location89 location22 location39 location17 location79 location17 location39 location22 location6 location22 location15 location25 location47 location4 location51 location67 location51 location4 location47 location71 location42 location19 location23 location53 location45 location75 location83 location75 location38 location43 location87 location43 location38 location75 location45 location53 location23 location19 location1 location60 location1 location19 location84 location12
21
location12 location12
location19 location19
location71 location71
location36 location36
location72 location72 location94
location0 location0
location54 location54 location14
location49 location49
location91 location13 location31 location57
location89 location89
location63 location63
location27 location27 location35
location17 location11
location79 location79 location16
location6 location28 location5
location51 location51
location67 location67 location77
location83 location26 location24
location87 location87 location86
location1 location1
location60 location60 location74
