4HOMU DL8LT X180A LIRLU X180A DL8LT ZRPB5 61QWU ZRPB5 O9J47 Y4WG4 HV4Z2 Y4WG4 O9J47 ZRPB5 DL8LT 4HSLO YJ67U 4HSLO FRZVP 4HSLO DL8LT 4HOMU C7WKJ YK7ZR V8GEC 1X6L1 FMCVK WBT4L FMCVK 1X6L1 JF7TT DTPF4 TORQI 1F0YL BELQC BU58G TI35I RAAD4 9O1IZ RAAD4 2KXWI H0BTZ ZGZT5 QOBDK 76HUN PYPSO 76HUN QOBDK ZGZT5 AT3CI VHCFR AT3CI ZGZT5 HWKGJ LKP22 UX00P H1LTE PTEKT C45HH PTEKT H1LTE UX00P LKP22 HWKGJ ZGZT5 H0BTZ 2KXWI RAAD4 TI35I 6NY7T BE5V8 2P5XR 4WDJE ELH5L B3Y9E M0J6A TBPBM M1HJR TBPBM M0J6A B3Y9E UW44H 52MNN 4YS4G ZN2EP 4YS4G 52MNN UW44H VOCAC 1RS2N KJDC0 N9H3X RU85S N9H3X KJDC0 1RS2N 945CN Q02X6 Q5DAA Q02X6 945CN 1RS2N VOCAC UW44H B3Y9E ELH5L EJSFK 58MIB IF7TL 58MIB 6ACGE KN0CP 0U9HU KN0CP KOYRV KN0CP 6ACGE 58MIB EJSFK G5JK6 P2H5X BJ8X0 P419D WI88U P419D BJ8X0 P2H5X G5JK6 EJSFK ELH5L 4WDJE W2M5C 4WDJE 2P5XR BE5V8 6NY7T TI35I BU58G BELQC JIVZP L2PQE JIVZP BELQC 1F0YL TORQI DTPF4 JF7TT 1X6L1 53Y1R K50JQ 6OA3K CFGE5 6OA3K K50JQ I91NY UDYJK WCHWI 45JXE WCHWI UDYJK I91NY K50JQ 53Y1R 1X6L1 V8GEC YK7ZR C7WKJ 4HOMU
63
4HOMU JXLE1
DL8LT DDXG0
X180A X180A
LIRLU LIRLU 2C63O
ZRPB5 ZRPB5
61QWU 61QWU TY0L7
O9J47 PMFJ2
HV4Z2 SYV5N XEEQB WP2MA
YJ67U YJ67U 768ZF
FRZVP FRZVP DCHO3
C7WKJ C7WKJ OIPRN
V8GEC V8GEC
FMCVK 9WSXC PXCIN
WBT4L 7GA8O 2BUI5 6WOBI
DTPF4 DTPF4
TORQI TORQI L2GJ5
1F0YL 1F0YL
TI35I TI35I
RAAD4 RAAD4
9O1IZ 69BJO FCYPJ
PYPSO PYPSO 8EXDQ
AT3CI AT3CI SHOOM
VHCFR VHCFR W2H22
HWKGJ HWKGJ T9O11
LKP22 LKP22
UX00P V22SY MC71K
H1LTE H1LTE OLLV9
C45HH C45HH BVMDZ
6NY7T CM5WA
BE5V8 BE5V8
4WDJE 4WDJE
ELH5L ELH5L
M0J6A Y61KP
TBPBM TBPBM A1QRL
M1HJR M1HJR ZHSBU NPDI9
UW44H UW44H
52MNN 52MNN
4YS4G SA6G0
ZN2EP ZN2EP IZESQ
1RS2N 1RS2N
RU85S RU85S HZHRA
945CN 945CN
Q02X6 0D2BR
Q5DAA Q5DAA ZZH8Z 3AIXW SKPO7
EJSFK LLTLN
IF7TL IF7TL 50J5H
6ACGE 6ACGE
KN0CP 0VPRW
0U9HU 0U9HU KC9RF WZB33
KOYRV KOYRV 8CLEZ
G5JK6 WXZHF
P419D P419D
WI88U WI88U EDSMH
W2M5C W2M5C Q7FCL
JIVZP TCC7B
L2PQE L2PQE LEBVZ
53Y1R 53Y1R 7U3JG
K50JQ K50JQ
6OA3K 6OA3K
CFGE5 CFGE5 FC0PR
UDYJK C8O6I
WCHWI DOLRQ
45JXE 45JXE PTADN
