WNYCV UUOP5 XTUSM UUOP5 2CPYE F07YB QSI1X F07YB 2CPYE UUOP5 18R1B FS0ES J501P GAXPM J2Z2N 2PD2W XDKMD 2PD2W J2Z2N GAXPM J501P RN3DW URMBF X8T63 KRLTG Z2GJ8 7CXN0 Z2GJ8 KRLTG X8T63 URMBF RN3DW J501P 639ON KGZCW HR8IA KGZCW 4O059 MB70R BGJ6Q BMC9X BGJ6Q MB70R 4O059 KGZCW 639ON J501P FS0ES 18R1B H7R17 WZTTJ PQ40E EYREL PQ40E 91RFG TG5ZG UDC3C 1BUOS P3DJ7 X2AM4 KB443 X2AM4 P3DJ7 1BUOS UDC3C TG5ZG 91RFG PQ40E WZTTJ H7R17 LK2JB WH9QK DDBA4 1ACIU B8UZ8 1ACIU DDBA4 WH9QK WJHGG WH9QK LK2JB H7R17 XRQ65 5I6U4 XRQ65 H7R17 18R1B UUOP5 WNYCV
32
WNYCV K1ZSD
UUOP5 UUOP5
XTUSM XTUSM UGOIO
F07YB F07YB
QSI1X QSI1X 1UWW5
18R1B 18R1B
GAXPM GAXPM
2PD2W BO3AW
XDKMD XDKMD EQWAL 1NBGE
RN3DW 9HVLF
URMBF URMBF
X8T63 77EY5
KRLTG KRLTG 2FT0Z
7CXN0 7CXN0 ULCTZ
639ON GXYLV
HR8IA HR8IA OE5TB
MB70R CUG55
BGJ6Q HZ80H
BMC9X BMC9X ZA57Z
WZTTJ F5YBY
EYREL EYREL QTZLJ
91RFG 91RFG
TG5ZG TG5ZG
1BUOS 1BUOS
X2AM4 X2AM4
KB443 KB443 H8ZPW YMTTJ
WH9QK XPFOM HHCET 65TK9
1ACIU 1ACIU XD7IR
B8UZ8 B8UZ8 42QVU
WJHGG XBRKQ H212X
XRQ65 XRQ65
5I6U4 5I6U4 V11OW 2KYXC
