10 59 15 53 30 35 84 0 3 71 3 0 84 35 64 26 64 35 45 73 72 41 87 51 33 50 33 51 87 41 18 31 91 56 91 31 18 41 72 73 45 24 75 24 45 35 30 53 15 36 55 36 54 89 23 43 77 76 46 48 78 48 46 13 67 40 66 40 67 13 46 76 77 43 8 61 93 61 8 19 80 19 8 43 23 21 2 82 2 63 95 63 2 21 23 89 54 36 15 59 10
31
10 58 92
59 59
53 53
30 52 88
84 84 85
71 71 70
64 64
26 65 96
73 73
72 72
87 87
51 51
50 50 86
91 91
56 56 57
75 75 74
55 55 90
54 54
89 89
77 77
76 76
78 78 79
67 67 98
66 66 97
61 61
93 93 60
80 80 81
21 68 69
82 82 83
63 63 62
95 95 94
