0 161 0 92 45 197 198 152 51 11 79 66 91 133 185 33 179 180 125 97 56 95 131 95 130 183 49 100 163 164 15 144 60 143 192 191 192 143 60 65 30 189 139 96 140 96 139 189 30 104 103 104 30 65 60 64 35 113 35 112 35 64 60 144 15 164 2 88 149 196 23 118 50 118 23 109 110 109 21 154 93 14 116 25 115 25 116 14 93 154 21 12 178 122 94 121 94 122 178 12 21 109 23 196 149 88 148 88 2 67 85 136 187 136 85 67 2 164 163 100 43 100 49 183 130 95 56 97 125 180 179 33 185 133 91 78 31 107 168 107 31 78 91 66 79 41 181 127 77 127 181 41 79 11 51 7 146 194 146 80 146 7 51 152 198 197 45 92 0
67
0 162
161 161 160
92 157 158 159
197 197
198 198
152 152
51 151 153
91 134 135
133 133
185 185
33 186
179 179
180 180
125 125
97 124 126
95 132
131 131 184
130 130
183 183
100 100
163 163
164 164
144 144
143 143
192 192
191 191 142
30 166
189 189
139 139
96 141
140 140 190
104 104
103 103 105 165
35 114
113 113 172
112 112 171
2 176
88 150
149 149
196 196
118 118 175
50 119 120
109 109 169
110 110 111 170
154 154
93 155 156
116 116 174
25 117
115 115 173
178 178
122 122
94 123
121 121 177
148 148 195
85 137 138
136 136
187 187 188
43 101 102
31 106 108
107 107
168 168 167
181 181 182
127 127
77 128 129
146 146
194 194 193
80 145 147
