0 2 6 14 30 14 29 14 6 13 28 13 27 13 6 2 5 12 26 12 25 12 5 11 24 11 23 48 23 47 23 11 5 2 0 1 4 10 22 46 22 45 22 10 21 44 21 43 21 10 4 9 20 42 20 41 20 9 19 40 19 39 19 9 4 1 3 8 18 38 18 37 18 8 17 36 17 35 17 8 3 7 16 34 16 33 16 7 15 32 15 31 15 7 3 1 0
25
30 61 62
29 59 60
28 57 58
27 55 56
26 53 54
25 51 52
24 99 50
48 97 98
47 95 96
46 93 94
45 91 92
44 89 90
43 87 88
42 85 86
41 83 84
40 81 82
39 79 80
38 77 78
37 75 76
36 73 74
35 71 72
34 69 70
33 67 68
32 65 66
31 63 64
