0 2 6 14 30 62 30 61 30 14 29 60 29 59 29 14 6 13 28 58 28 57 28 13 27 56 27 55 27 13 6 2 5 12 26 54 26 53 26 12 25 52 25 51 25 12 5 11 24 50 24 49 24 11 23 48 98 48 97 48 23 47 96 47 95 47 23 11 5 2 0 1 4 10 22 46 94 46 93 46 22 45 92 45 91 45 22 10 21 44 90 44 89 44 21 43 88 43 87 43 21 10 4 9 20 42 86 42 85 42 20 41 84 41 83 41 20 9 19 40 82 40 81 40 19 39 80 39 79 39 19 9 4 1 3 8 18 38 78 38 77 38 18 37 76 37 75 37 18 8 17 36 74 36 73 36 17 35 72 35 71 35 17 8 3 7 16 34 70 34 69 34 16 33 68 33 67 33 16 7 15 32 66 32 65 32 15 31 64 31 63 31 15 7 3 1 0
50
62 125 126
61 123 124
60 121 122
59 119 120
58 117 118
57 115 116
56 113 114
55 111 112
54 109 110
53 107 108
52 105 106
51 103 104
50 101 102
49 199 100
98 197 198
97 195 196
96 193 194
95 191 192
94 189 190
93 187 188
92 185 186
91 183 184
90 181 182
89 179 180
88 177 178
87 175 176
86 173 174
85 171 172
84 169 170
83 167 168
82 165 166
81 163 164
80 161 162
79 159 160
78 157 158
77 155 156
76 153 154
75 151 152
74 149 150
73 147 148
72 145 146
71 143 144
70 141 142
69 139 140
68 137 138
67 135 136
66 133 134
65 131 132
64 129 130
63 127 128
