5 4 33 137 42 165 94 109 192 119 67 119 192 18 190 93 86 93 190 18 192 109 58 38 193 29 78 29 193 38 58 109 94 39 89 154 89 39 94 20 35 20 94 165 7 121 52 162 52 121 34 138 116 138 69 183 69 138 55 138 34 133 186 189 77 196 77 189 186 112 171 104 83 79 105 79 83 104 171 112 82 27 174 101 174 27 0 53 199 166 199 53 0 27 82 112 186 133 120 158 120 133 68 195 56 118 113 197 149 90 149 28 149 197 113 88 40 155 96 155 40 88 113 118 56 195 68 133 34 76 81 76 34 62 106 47 106 62 36 91 150 191 150 130 64 37 64 130 150 91 36 62 34 121 7 165 42 137 33 4 5
61
33 33
137 137
42 42
165 63 173
109 75 168
192 192
119 156 71
67 67 41
18 18
190 16
86 44 85
58 58 152
193 193
29 164
78 78 100 179
39 39 92
154 154 46 187
20 20
35 110 135 188
121 157
52 52
162 162 48
34 34 9
138 138
116 116 99 50
69 69 153
183 183 51
55 55 102
133 133
189 189 103
77 77 143 140
196 196 184
112 10
171 171
104 104 178 26
83 83 170
105 105 17
82 146
27 25
174 174
101 101 1
53 53
199 199
166 32 122
158 158 14 80
68 68
56 56
113 61
149 149
90 2 159
28 28 180
40 123
96 96 22
76 76
81 81 151
47 47 43
36 11
91 91
191 31 194
64 64
37 37 177
