2 78 84 96 89 24 43 38 43 24 89 96 84 7 72 99 11 99 72 7 6 87 41 70 41 87 6 51 8 18 20 34 61 69 60 69 61 34 20 18 8 51 6 50 77 13 83 22 88 22 83 13 77 50 6 25 6 7 84 78 79 81 79 16 79 78 55 32 23 32 55 78 19 47 66 47 19 12 86 12 19 78 2
29
2 67 58
78 63
96 96
89 30
24 24 31
38 38 44
7 7
72 72 5 62 98
99 28 10
11 11 29
41 41 65
70 70 17
18 71
34 34
61 61
69 69 42
60 60 0
50 50
13 13
83 83
88 88 4 74
25 25 35
81 81 3
16 16 40 76
23 23 59
19 94
47 47
66 66 1
86 86 14
