A42 A100 A183 A43 A183 A100 A78 A107 A186 A143 A186 A121 A177 A121 A186 A64 A191 A64 A186 A34 A186 A107 A101 A106 A101 A95 A169 A44 A166 A185 A193 A108 A9 A108 A193 A185 A56 A88 A13 A197 A98 A148 A98 A132 A147 A164 A154 A104 A118 A104 A154 A164 A62 A99 A199 A36 A133 A157 A57 A176 A58 A35 A2 A35 A58 A176 A57 A157 A133 A36 A97 A125 A182 A125 A168 A125 A97 A36 A199 A99 A62 A164 A147 A132 A98 A63 A30 A189 A30 A63 A98 A12 A124 A12 A98 A0 A173 A103 A83 A119 A76 A187 A188 A167 A77 A115 A77 A167 A72 A165 A156 A60 A156 A165 A82 A165 A72 A167 A188 A187 A76 A39 A195 A32 A195 A39 A76 A119 A83 A103 A173 A0 A98 A197 A13 A70 A13 A67 A13 A88 A56 A185 A166 A44 A169 A28 A169 A95 A151 A17 A151 A95 A101 A107 A78 A100 A42 A71 A42
60
A42 A42
A100 A100
A183 A183 A117
A43 A43 A84
A78 A78
A107 A107
A186 A111
A143 A143 A172
A177 A177 A21
A64 A64
A191 A191 A46
A34 A34 A94
A106 A106 A144 A33
A95 A95
A44 A5 A120
A166 A93
A185 A185
A193 A193 A20 A40
A9 A9 A105
A88 A88 A113
A13 A13 A75
A197 A198
A98 A98
A148 A148 A192
A132 A132
A154 A154
A118 A118 A159
A99 A142
A199 A7
A133 A51
A57 A57 A38
A176 A176
A58 A58
A35 A35 A130
A2 A2 A135
A125 A181
A182 A182 A102
A168 A23 A54
A30 A30 A90 A196
A189 A189 A3
A12 A139
A124 A124 A145
A0 A0 A16
A103 A103
A83 A45
A76 A76
A187 A187
A167 A167
A77 A77
A115 A4 A179
A72 A72 A37 A114
A60 A92 A184
A82 A82 A65
A39 A39 A128 A123
A32 A32 A127 A137
A70 A70 A96
A67 A67 A136
A28 A28 A194
A17 A17 A122
A71 A71 A126
