A29 A5 A57 A47 A57 A11 A21 A0 A71 A45 A91 A4 A31 A4 A91 A45 A28 A81 A24 A78 A22 A56 A59 A12 A53 A12 A59 A56 A22 A78 A24 A81 A28 A45 A71 A0 A65 A54 A65 A32 A14 A61 A7 A13 A97 A13 A7 A61 A14 A32 A65 A0 A1 A88 A6 A35 A82 A75 A36 A52 A74 A73 A19 A73 A74 A52 A36 A75 A82 A35 A6 A30 A6 A88 A1 A0 A21 A11 A57 A5 A29
31
A29 A29
A5 A27
A47 A47 A66
A11 A38
A21 A39
A91 A91
A31 A31 A51
A28 A28 A89
A81 A34
A78 A10
A59 A59
A12 A12 A16 A85 A99
A53 A53 A90
A65 A65 A79
A54 A54 A3
A32 A32
A14 A14 A92
A61 A55
A7 A2 A68 A77
A13 A13
A97 A97 A18
A1 A60
A88 A88
A6 A6 A15
A35 A35 A96
A82 A82
A36 A36
A52 A52 A67
A73 A73 A69
A19 A72 A95
A30 A30 A26
