DZA AGO GNB GLP BGR BDI BMU BHS BRA BLM BES BLR BES BLM BRA GRC GUY EST ETH GGY GIB FIN GIB FSM EGY ESH GBR FRA GBR ESH EGY FSM GIB GGY ETH EST GUY GTM GUY GUM GRD GUM GUY GRC BRA BHS BRB CAN COD CAN BRB BHS DOM CUW DNK ARE ALB ARE DNK CUW DOM BHS BMU BDI BGR GLP GNB HND DMA ATA ASM CYP CHN CAF CHN CYP CYM CYP ASM ATA DMA HND GNB AGO DZA
30
GLP GLP HKG
BDI BDI
BHS BHS
BLM BLM BFA
BES BES
BLR BLR CCK BGD BEN
GRC GRC
GUY CUB
GGY ERI
FIN FIN AND FLK ABW
FSM FSM GHA
ESH ECU
GBR GBR
FRA FRA FRO
GTM HMD COG
GRD GRD GNQ
BRB BRB
CAN CAN CHE
COD COD BRN
DOM DOM AUS
CUW CUW
DNK DNK
ARE ARE
ALB ALB ARG
HND HND GEO
DMA DJI
ATA ATA
ASM ATF
CAF CAF BVT
CYM CYM CZE CXR
