COM MDG IDN HKG HTI HKG IDN MMR NPL PRY NPL MMR IDN MDG MKD HUN CHL JPN CHL HUN PAK HUN MKD MDG COM NER COM REU SDN MEX MLI CPV COK HND COK CPV LIE CPV MLI MCO SAU DOM DZA MYS IRN MYS DZA DOM SAU MCO MLI MEX POL PNG PLW NIU CZE DEU CZE NIU PER PRI PCN GMB NGA FSM FIN GAB FIN FSM NGA NFK NGA GMB PCN PRI PER PSE MLT CRI CAF CRI KGZ LAO LUX NIC LUX LAO KGZ CRI MLT PSE PER NIU PLW PNG POL MEX SDN REU COM SGS LBR LBY QAT ALB QAT SGP RUS BLZ BOL BHR BOL BLZ RUS SGP QAT LBY LBR NCL EST GIB GHA GEO GBR FRA ESH FRA GBR GEO GHA GIB EST NCL LBR SGS MUS DJI MUS SGS NZL SGS SHN CHN COD CHN SHN SGS COM
57
MDG ITA
IDN IDN COL
HKG HKG KAZ
HTI HTI GUM CAN
MMR MMR
NPL NPL
PRY PRY MOZ
HUN HUN KOR
JPN JPN LBN
PAK PAK GNQ
NER NER MTQ
REU REU MDA AFG
SDN SDN
MEX MEX
MLI MLI
CPV CPV RWA MAC
COK COK
HND HND MAR GRC
LIE LIE LTU
DZA DZA
IRN IRN IOT
POL POL ARE
PNG PNG
NIU NIU
CZE CYP
DEU DEU CXR
PCN PAN
GMB GMB
FSM FSM GIN
FIN FIN
GAB GAB EGY
NFK NFK JEY ALA
PSE PSE
CRI ATG
CAF CAF NRU CIV LKA
KGZ KNA
LAO LAO KWT
LUX LUX
NIC NIC IRL AUS ABW
SGS SGS HRV KHM
LBR LBR
ALB ALB ARM
RUS RUS HMD
BLZ BLM BEN
BOL BMU AZE BHS
BHR BHR BDI
GIB GIB
GHA GHA
GEO GEO ESP
GBR GBR
FRA FRA
ESH ESH ECU
DJI DJI DMA
NZL NZL MYT
SHN SHN
CHN CHN
COD COD COG
