9c2647cde6e44cc385c8 211ddbbf614a47428f13 82654fedf62042cb92dc cd51464f29fe4984870b 849492e2a4f04946a2c6 babcd00b2c484c36bc48 5cbb478f9b6b40daa8e9 1a4c9d2bea59474aa118 5cbb478f9b6b40daa8e9 babcd00b2c484c36bc48 849492e2a4f04946a2c6 253e23123edb46a1b9fa fab56f22f8684dd18893 8fb88a81c320403c8940 079c33e2ed6d4acab576 884e85a591684c7ebc61 7d843b16d519435d8fca 519c6812f5c84e2da127 b42e69fcc93540ff9100 519c6812f5c84e2da127 7d843b16d519435d8fca 884e85a591684c7ebc61 67a7e017424a4a94b871 3c323f20a75249bb9b7e 42f0effdbad6403aad72 ca0b4771edab4289a9de 42f0effdbad6403aad72 3c323f20a75249bb9b7e 67a7e017424a4a94b871 884e85a591684c7ebc61 079c33e2ed6d4acab576 8fb88a81c320403c8940 42e3ccb6ddd54a0aa3cb 369f058d996d4cd0a86c 06635824d9b841f7b41e 26a1d084007f489fba55 06635824d9b841f7b41e 369f058d996d4cd0a86c 0b82efcb8c2c45aeb8a2 bbd144150de64860b03c dde0459354634ebdbc7f 8908b7070dcc4e2eb3f6 6dc99e74844944e98ac6 2746836e92824d2bb044 b927c43e198546078ea6 de3e2c10d9714f8dbcde e5a9ca3b130945588284 07d82226d1a44fadb059 c947a496d2b34bb89bb9 07d82226d1a44fadb059 7e6d763cc1df4cdcba88 2aadaae628fa4024b08e 19f204e30ad4442cb966 9f09c91be53540919ab1 2b0e5d986b0a4f1cb926 9f09c91be53540919ab1 19f204e30ad4442cb966 2aadaae628fa4024b08e 242983dadb1f4402a4a9 dfd6b57b9f444dd99a9b ef84408a20334d7d9940 dfd6b57b9f444dd99a9b 242983dadb1f4402a4a9 4ef59ec864404c6baa73 f2ab71e12a0b4ca8a555 76432c67ac2d44b384c1 37f046d302d544fb9170 f4a1ab9d71dc4c2c880c 3db131116e904db799f7 85ec82d3a96e4436a5a2 4910cbb7f18c40499abc dc974af4378c41789aae 884523a7277b40f4972f f47cbc59a0584307a0f1 3574209d67b74478ae2e c15cfb41ef824fd2a1c0 3574209d67b74478ae2e f47cbc59a0584307a0f1 884523a7277b40f4972f 8a66a2d4fdf74f2e9b0e 884523a7277b40f4972f dc974af4378c41789aae 4910cbb7f18c40499abc 85ec82d3a96e4436a5a2 3db131116e904db799f7 f4a1ab9d71dc4c2c880c 37f046d302d544fb9170 76432c67ac2d44b384c1 f2ab71e12a0b4ca8a555 7bf06d15a1a54ead8fb8 4f25aeb09138402682fa 644cf1c01a4740578444 4f25aeb09138402682fa 7bf06d15a1a54ead8fb8 f2ab71e12a0b4ca8a555 4ef59ec864404c6baa73 242983dadb1f4402a4a9 2aadaae628fa4024b08e 7e6d763cc1df4cdcba88 07d82226d1a44fadb059 e5a9ca3b130945588284 2bcf7711ba8b49129f0c e5a9ca3b130945588284 de3e2c10d9714f8dbcde b927c43e198546078ea6 2746836e92824d2bb044 6dc99e74844944e98ac6 5fd6476364e640bea476 8563fff9bc9b483e839f 5b7e4d089e434c6a9293 cfa4f7b46ab548c1a67a 5b7e4d089e434c6a9293 6cdca42ad550495aa84f d616480638a04c3b955f 71be1b5c4c3a468196ea e05275dbed2540ddb1d0 fc5bdc219fbc4eb6939e 0753fe21061c4e058dad a93ad0e2cf094eb9b1f3 0753fe21061c4e058dad fc5bdc219fbc4eb6939e e05275dbed2540ddb1d0 df9c93ed7a63447389dd 529d899e8f2545bfbc5a df9c93ed7a63447389dd e05275dbed2540ddb1d0 71be1b5c4c3a468196ea d616480638a04c3b955f 6cdca42ad550495aa84f 5b7e4d089e434c6a9293 8563fff9bc9b483e839f 5fd6476364e640bea476 6dc99e74844944e98ac6 8908b7070dcc4e2eb3f6 dde0459354634ebdbc7f bbd144150de64860b03c 0b82efcb8c2c45aeb8a2 369f058d996d4cd0a86c 42e3ccb6ddd54a0aa3cb 8fb88a81c320403c8940 fab56f22f8684dd18893 253e23123edb46a1b9fa 849492e2a4f04946a2c6 cd51464f29fe4984870b 82654fedf62042cb92dc 211ddbbf614a47428f13 7e0770b0df094f329117 eff3a759e4134e70a252 4b0552fc8849432cb855 af0a537d56ff42a99a0a 4c8b2bb0f24f4375a715 8ae0afe573b34065b929 f8fb298fc6614f5ba2f5 fb99bf17106441ce9e47 934f0cae8959401e9aa3 fb99bf17106441ce9e47 f8fb298fc6614f5ba2f5 664988394a5f48d79e79 00dd89601f03490d8809 1e0fece7be3f41c786cb 00dd89601f03490d8809 664988394a5f48d79e79 f8fb298fc6614f5ba2f5 8ae0afe573b34065b929 4c8b2bb0f24f4375a715 af0a537d56ff42a99a0a 4b0552fc8849432cb855 072f6cb2b13c4dba9ed8 d8780223b4744b5b91e5 072f6cb2b13c4dba9ed8 4b0552fc8849432cb855 eff3a759e4134e70a252 7e0770b0df094f329117 211ddbbf614a47428f13 9c2647cde6e44cc385c8 084504e2b2de4f53a0b1 b47b7b94e7d74f398b8f effa9d0de823441bb67f 4f6bd13f81714bdb882b 12a170c171ef44d4b662 4f6bd13f81714bdb882b effa9d0de823441bb67f d4f8d48cee014966a5b7 5215b0f0bd724c5cb095 b3931f6d1087486cb913 d5bccd7804014eca8c6c b3931f6d1087486cb913 5215b0f0bd724c5cb095 d4f8d48cee014966a5b7 effa9d0de823441bb67f b47b7b94e7d74f398b8f 084504e2b2de4f53a0b1 9c2647cde6e44cc385c8
63
9c2647cde6e44cc385c8 910d00572d9d42cebb4a
211ddbbf614a47428f13 211ddbbf614a47428f13 5dc9f852f2454533879f
82654fedf62042cb92dc 82654fedf62042cb92dc
cd51464f29fe4984870b cd51464f29fe4984870b
849492e2a4f04946a2c6 849492e2a4f04946a2c6 54de46f8d4f647d1baa7 b3a599b5126842e1bf24
babcd00b2c484c36bc48 babcd00b2c484c36bc48 1c62a698c79e460eb5ff
1a4c9d2bea59474aa118 1a4c9d2bea59474aa118 e5d122afc38c45dea5ae
fab56f22f8684dd18893 fab56f22f8684dd18893
8fb88a81c320403c8940 8fb88a81c320403c8940
884e85a591684c7ebc61 884e85a591684c7ebc61
b42e69fcc93540ff9100 b42e69fcc93540ff9100 d484483c58914446843f ec162ad32a614344923a
3c323f20a75249bb9b7e 74bfaa171ba342fc9e58
42f0effdbad6403aad72 42f0effdbad6403aad72
ca0b4771edab4289a9de ca0b4771edab4289a9de d8316f23d67e43ccb5e7
42e3ccb6ddd54a0aa3cb 42e3ccb6ddd54a0aa3cb a2e35f0c3c9143c68a9e 0a53d934f24848f9bda3
06635824d9b841f7b41e 06635824d9b841f7b41e 7a1df78f40b245bfbb97 53afa325a7d34c438292
26a1d084007f489fba55 26a1d084007f489fba55 e6237b02869349c2bcc8
bbd144150de64860b03c bbd144150de64860b03c
b927c43e198546078ea6 b927c43e198546078ea6 e74a97c92dba4d8ea2d5
e5a9ca3b130945588284 e5a9ca3b130945588284
c947a496d2b34bb89bb9 c947a496d2b34bb89bb9 e87b98454fe24297b210
19f204e30ad4442cb966 19f204e30ad4442cb966 c7ef0821b71641f390ee
9f09c91be53540919ab1 f74897e94729433fa22f 8e02573f1324425c9311 bd01ba7047cb4d04a847
2b0e5d986b0a4f1cb926 2b0e5d986b0a4f1cb926 5b3dce289f444b0aa162
242983dadb1f4402a4a9 242983dadb1f4402a4a9
ef84408a20334d7d9940 ef84408a20334d7d9940 df9fcc997b4f4a18b94a
4ef59ec864404c6baa73 09b94d1b44c348ceadb9
f2ab71e12a0b4ca8a555 c69875060dcb453ead1a
76432c67ac2d44b384c1 76432c67ac2d44b384c1
85ec82d3a96e4436a5a2 85ec82d3a96e4436a5a2
884523a7277b40f4972f 884523a7277b40f4972f fc38d8b64f88401c97fd
f47cbc59a0584307a0f1 f47cbc59a0584307a0f1
3574209d67b74478ae2e 3574209d67b74478ae2e
c15cfb41ef824fd2a1c0 c15cfb41ef824fd2a1c0 a581f1b5cd374bd0ba96
8a66a2d4fdf74f2e9b0e 8a66a2d4fdf74f2e9b0e 9a6fd45cb4d44509bce9
644cf1c01a4740578444 e3726a85ffc34b1282cf 33edfebd58804049be59
2bcf7711ba8b49129f0c 2bcf7711ba8b49129f0c dbfc82377b8f4429bc5e
5fd6476364e640bea476 5fd6476364e640bea476 fa1e4bc6ddcc462f984f
5b7e4d089e434c6a9293 5b7e4d089e434c6a9293
cfa4f7b46ab548c1a67a cfa4f7b46ab548c1a67a 205f1eddbda0478aada6
e05275dbed2540ddb1d0 e05275dbed2540ddb1d0
fc5bdc219fbc4eb6939e 9b93a8a7d0b543339985
0753fe21061c4e058dad 0753fe21061c4e058dad
a93ad0e2cf094eb9b1f3 404713e80e9740c9b7cd b96177c96ab740b3965b
df9c93ed7a63447389dd df9c93ed7a63447389dd
529d899e8f2545bfbc5a 529d899e8f2545bfbc5a 87788962cd304b248baf
7e0770b0df094f329117 7e0770b0df094f329117
eff3a759e4134e70a252 eff3a759e4134e70a252
4b0552fc8849432cb855 5a3b69fa8cfb4982a27c
af0a537d56ff42a99a0a af0a537d56ff42a99a0a
4c8b2bb0f24f4375a715 4c8b2bb0f24f4375a715
fb99bf17106441ce9e47 0f214fa889a6406e8826
934f0cae8959401e9aa3 934f0cae8959401e9aa3 9b9da0cbe5514fabb1ae e0d1e21ff6cc4d64aff7
664988394a5f48d79e79 664988394a5f48d79e79
00dd89601f03490d8809 00dd89601f03490d8809 a0f6a505c8184e86afc9
1e0fece7be3f41c786cb dee15252c0e54b84beaf ce2f0e6b8eb94a748c7d
d8780223b4744b5b91e5 d8780223b4744b5b91e5 a22afbff48914ac888a0
b47b7b94e7d74f398b8f b47b7b94e7d74f398b8f
12a170c171ef44d4b662 12a170c171ef44d4b662 44c8674ccef1477b965f
d4f8d48cee014966a5b7 d4f8d48cee014966a5b7 bb5eae787bbc407b98a6
5215b0f0bd724c5cb095 5215b0f0bd724c5cb095
b3931f6d1087486cb913 b3931f6d1087486cb913
d5bccd7804014eca8c6c d5bccd7804014eca8c6c 2783e022fae94929bf16
