9b0f0f4ded15491691bd e70b11887ef14bce9075 9b0f0f4ded15491691bd 8234739fe11c4c58939e 1f51301d4a164bcb84b2 3404f2452daa4f839b9b cc612a917319427a804f 44b317edac764442b4cd e3f0a7bd5aa342ac9fe9 6546adf352d74e64b1d9 63d5b7c2175343c4883c 73a1db19957e40afb523 e2caa88e503f4129b613 73a1db19957e40afb523 63d5b7c2175343c4883c 6546adf352d74e64b1d9 e3f0a7bd5aa342ac9fe9 44b317edac764442b4cd 465a9fdfbe7e43bf9d6e d6b027921ae340ac8c4c edbe0486385943b583ca 9fe71c55e3ae49ae8b15 8b72f079974a49c7aa40 622df2f2f11d4fd39c78 5cce412248b74953bcf8 6e23fc10d23841e89222 6c2d42b6b644452fbba1 6e23fc10d23841e89222 5cce412248b74953bcf8 622df2f2f11d4fd39c78 8b72f079974a49c7aa40 9fe71c55e3ae49ae8b15 edbe0486385943b583ca d6b027921ae340ac8c4c 465a9fdfbe7e43bf9d6e 44b317edac764442b4cd cc612a917319427a804f 3404f2452daa4f839b9b bab9aa2939444af1b896 5a7dba50af224e2ab6b8 0f751efa18504c32ac90 a01842095e984bd09db6 0f751efa18504c32ac90 5a7dba50af224e2ab6b8 2343f68f1ed74a6f8567 7b57359ca242406bb373 d1176523a57843768e69 b645cb0bc92b4d92bdf9 97b46a2d8ead45d98077 85d65d4df3204859a6e4 1e5b81b88ae0481aa625 8a3bd04ca9844f3486da 4083eeebbfb942a38987 470940a29cd144fc97da e9554fdc2bfe4d5d8ac4 b8067c0f6fa64e82934c 9f70940221e74a07b4ec 5f97b4cc64ac4b33adb3 d3ae567eea5a44939b43 f69f6451080d4570851d 9ff40c0a1bef41898f25 3023407343b546268275 9ff40c0a1bef41898f25 f69f6451080d4570851d d3ae567eea5a44939b43 5f97b4cc64ac4b33adb3 9f70940221e74a07b4ec b8067c0f6fa64e82934c e9554fdc2bfe4d5d8ac4 76c1c57d82ff45aebedc bcb1ec18982a4bb0815b c5365df821314eeb9891 b989f75f3cac48bfbf34 a83daa3271674b8c8ea5 f97d644996214374ad52 207aa5a2bb594cbc8f60 15c171ba3ed04bb199cf 073dfdb4c73d4cc9bbb9 28b1f9c8d4d24d81bc6d 073dfdb4c73d4cc9bbb9 15c171ba3ed04bb199cf 207aa5a2bb594cbc8f60 f97d644996214374ad52 a83daa3271674b8c8ea5 b989f75f3cac48bfbf34 c5365df821314eeb9891 bcb1ec18982a4bb0815b 76c1c57d82ff45aebedc e9554fdc2bfe4d5d8ac4 470940a29cd144fc97da 4083eeebbfb942a38987 8a3bd04ca9844f3486da 1e5b81b88ae0481aa625 85d65d4df3204859a6e4 97b46a2d8ead45d98077 b645cb0bc92b4d92bdf9 d1176523a57843768e69 7b57359ca242406bb373 2343f68f1ed74a6f8567 5a7dba50af224e2ab6b8 bab9aa2939444af1b896 3404f2452daa4f839b9b 1f51301d4a164bcb84b2 8234739fe11c4c58939e 1bcf747e9b5643a184fc bef459c8a1f84af3a3a9 1bcf747e9b5643a184fc 8234739fe11c4c58939e 9b0f0f4ded15491691bd
37
9b0f0f4ded15491691bd 9b0f0f4ded15491691bd
e70b11887ef14bce9075 e70b11887ef14bce9075 c65ed76062154b0ab868
8234739fe11c4c58939e 8234739fe11c4c58939e 2bc5c3c02de447469b45
3404f2452daa4f839b9b 3404f2452daa4f839b9b
cc612a917319427a804f cc612a917319427a804f
e3f0a7bd5aa342ac9fe9 e3f0a7bd5aa342ac9fe9
e2caa88e503f4129b613 e2caa88e503f4129b613 3f0f5ffb79ce42f4a325 885e825ee7fa47d0bf37 eb960e815dd14fd6bd07
465a9fdfbe7e43bf9d6e 465a9fdfbe7e43bf9d6e
d6b027921ae340ac8c4c d6b027921ae340ac8c4c
edbe0486385943b583ca bcedb61dc02748cd9d61
8b72f079974a49c7aa40 8b72f079974a49c7aa40
5cce412248b74953bcf8 be5b9781cabc47a78aac
6e23fc10d23841e89222 2e7ecbbb3b3e47dc8d96
6c2d42b6b644452fbba1 6c2d42b6b644452fbba1 7a033f26eda14b709d28
bab9aa2939444af1b896 bab9aa2939444af1b896 c0fd362b334d43189c08
5a7dba50af224e2ab6b8 c88b4673ce3d49c6908f
0f751efa18504c32ac90 18bb444e17894062aa31
a01842095e984bd09db6 26bbebd3e4264edd8081 d41ce53800e74a0f849b
2343f68f1ed74a6f8567 2343f68f1ed74a6f8567
7b57359ca242406bb373 7b57359ca242406bb373
b645cb0bc92b4d92bdf9 b645cb0bc92b4d92bdf9
97b46a2d8ead45d98077 97b46a2d8ead45d98077
85d65d4df3204859a6e4 85d65d4df3204859a6e4
8a3bd04ca9844f3486da 8a3bd04ca9844f3486da 339edeefe40f47f4abbe
4083eeebbfb942a38987 4083eeebbfb942a38987
470940a29cd144fc97da b5e22237f3c14773b553
d3ae567eea5a44939b43 d3ae567eea5a44939b43
f69f6451080d4570851d f69f6451080d4570851d
9ff40c0a1bef41898f25 9ff40c0a1bef41898f25
3023407343b546268275 f4d7e89ec3164c95942e ddfff2b50dff43868057
bcb1ec18982a4bb0815b bcb1ec18982a4bb0815b
c5365df821314eeb9891 c5365df821314eeb9891
b989f75f3cac48bfbf34 b989f75f3cac48bfbf34
f97d644996214374ad52 0921b2d036264a09b57e
28b1f9c8d4d24d81bc6d 28b1f9c8d4d24d81bc6d 0823afbd07bf45febe21
1bcf747e9b5643a184fc 1bcf747e9b5643a184fc c0e69339ecae4efdb4d8
bef459c8a1f84af3a3a9 bef459c8a1f84af3a3a9 cbdeaac599ea4917bf3b
