Soda 167 108 167 47 167 16 160 16 142 69 70 98 156 98 148 34 148 98 70 69 142 16 81 10 130 10 81 16 51 187 43 155 43 139 43 8 43 187 51 16 167 Soda 124 24 169 2 183 2 118 29 131 37 63 11 17 83 132 83 90 83 17 11 63 37 55 37 31 115 31 3 125 3 31 37 131 29 99 29 5 170 5 29 118 2 169 24 159 39 180 6 180 39 14 46 103 46 14 39 159 24 106 56 96 117 123 117 96 56 106 24 124 12 40 177 136 177 40 85 53 0 162 0 53 85 40 12 124 7 48 7 124 Soda 68 185 68 172 68 Soda
52
167 167
108 108 111 146 198
47 163 110 193
160 160 192
142 142 194
70 120 147 190
156 156 128
148 148 149 173
34 126 152
10 191
130 130 114
187 187
43 184 122
155 155 121
139 139 141
8 113 158
124 124 119
169 169
2 134 154
183 183 164 179 181
118 118
29 104 127 189
131 131 157
17 161 186
83 129
132 132 102
90 105 135
55 176 197
115 115 182
3 109
125 125 153
99 99 145
170 170 144
159 159
180 180
6 138 165
103 103 143 175
106 106
117 117
123 123 150
12 133
40 112 151 195
177 177
136 136 166 196
85 171 101
53 140 107
162 162 100
7 174
48 116 137
68 188
185 185 168
172 172 178
