Soda 173 194 108 133 68 133 108 194 67 170 33 142 136 187 147 187 89 146 138 168 153 69 193 74 40 161 151 85 84 47 84 85 151 43 151 161 40 74 193 25 193 69 153 168 138 162 11 19 175 174 28 174 175 17 169 83 118 71 72 77 72 71 118 83 169 17 116 46 116 17 175 19 37 125 80 5 80 125 37 99 18 82 70 183 8 183 70 82 18 99 37 38 148 38 37 19 11 162 138 12 102 21 102 12 138 146 66 127 26 20 150 106 160 52 64 52 160 106 123 166 123 53 155 134 129 100 132 157 29 13 29 157 132 100 105 32 105 100 129 134 155 53 123 106 150 20 26 127 66 146 89 187 136 142 33 170 67 135 56 135 67 194 173 Soda
54
108 3
68 68 58
67 67
33 33 24
136 27
147 44 48
89 89 54
138 94 78
153 95
69 69 59
74 74
40 40 51
85 85 36
84 84 23
47 47 63
43 43 60
25 25 10
11 11 50
19 19 61 87
28 28 9
17 17
83 83 88
118 39
71 71
72 72 14 81
77 77 49
116 2 96
46 46 15
37 37 6 42
80 80 22 76
5 5 57 90 101
99 99
18 18
82 82
70 70 73
8 8 45
38 38
148 31 97 92
12 12
21 21 79
66 66 55
26 26 65
20 20
150 93
52 52 41 75
64 64 86
166 62 91
53 53
155 16
100 100 98
29 29
13 13 4 7
32 32 34 30
56 56 35
