Soda 14 37 26 77 43 55 97 80 81 35 30 25 70 79 44 61 20 91 6 17 6 91 20 52 93 13 33 50 3 50 33 13 93 52 15 52 20 61 7 61 44 79 70 25 30 35 81 80 97 76 97 45 12 32 11 75 58 64 92 98 83 41 83 98 92 64 58 75 11 32 12 45 97 55 43 77 26 4 48 67 36 34 49 34 36 67 48 4 26 37 14 Soda
33
14 14
37 37
26 26 10 42
43 43
81 47
35 35
30 30 16 31 46
25 25
44 44
61 18 22
20 20
6 6
17 17 9 23
13 13
33 33
50 50
3 3 8
15 15 29
7 7 24
76 19 21
45 45
12 12
32 32
11 11
58 51
64 38 40
41 41 27
4 4 28
48 48
67 2
36 36 5
34 34
49 49 39
