Wurster Class Juneau Idaho UC McLaughlin Baton Pitzer Baton Frank Sutardja Florida Sutardja Frank Baton McLaughlin UC Idaho Juneau Class Montgomery Vermont Montgomery Latimer Raleigh Latimer Barrows Hesse Barrows Missouri Barrows Simon Barrows Latimer Montgomery Tennessee Alabama Kleeberger Alabama Tennessee Montgomery Class Wurster
21
Wurster Wurster
Class Class Stanley Hilgard Indianapolis Honolulu Optometry Pennsylvania
Juneau Juneau
Idaho Idaho
McLaughlin McLaughlin Silver
Baton Hazardous
Pitzer Pitzer Cory
Frank Frank North Nevada
Sutardja Sutardja
Florida Florida Gilman
Montgomery Montgomery Maxwell Parking
Vermont Vermont Simpson
Latimer Observatory
Raleigh Raleigh Oregon
Barrows Barrows Moffitt Blackwell Brain Spieker
Hesse Hesse California Salem
Missouri Visitor Moses
Simon Simon Recreational
Tennessee Tennessee Anthony Chan
Alabama Alabama Boston Massachusetts Sather
Kleeberger Kleeberger Goldman
