Rhode Life University Kentucky Annapolis McCone Davis South Campanile Genetics Cleary Warren Greenhouse Denver Trenton Giannini Morrison Alabama Goldman Alabama Morrison Giannini Trenton Denver Greenhouse West Greenhouse Golden Greenhouse Energy Greenhouse Heating Greenhouse Bowles California Bowles Greenhouse Optometry Maryland Optometry Simon Boalt Simon Optometry Wyoming Richmond Wyoming Optometry Greenhouse BART Greenhouse Columbia Durham Columbia Greenhouse CNMAT Greenhouse Warren Cleary Genetics Campanile Kleeberger Kroeber Cory Kroeber Kleeberger Campanile South Davis McCone Annapolis Kentucky Wurster Lawrence Wurster Kentucky Cheyenne Kentucky Olympia Kentucky University Life Rhode
37
Rhode Rhode
Life Life
University University Donner
Kentucky Kentucky Harrisburg Hellman Michigan Silver Grinnell
Annapolis Annapolis
Davis Berkeley
Campanile Campanile Baton Nevada Simpson Oregon LeConte Santa Birge Chou
Cleary Cleary Stadium Blackwell Springer Hawaii Bancroft
Warren Warren
Greenhouse Krutch Jefferson Observatory McLaughlin Concord Hearst
Denver Wisconsin
Trenton Trenton
Giannini Barrows
Morrison Morrison Moffitt Haste
Alabama Jacobs
Goldman Mississippi Durant
West West Montgomery
Golden Little Minnesota
Energy Energy Pennsylvania
Heating Heating Etcheverry Hartford
Bowles Bowles Brain Chvez
California Florida Columbus Hargrove
Optometry Class Salt Mathematical Lower Tennessee Maxwell Hertz Nashville
Maryland Maryland Topeka
Simon Simon Illinois
Boalt Boalt Sproul
Wyoming Insectary International
Richmond Richmond Providence
BART BART Montana
Columbia Columbia Tang Mulford Utah Madison Edwards Police Jones
Durham Durham Foothill
CNMAT CNMAT Clark
Kroeber Austin Lansing
Cory Cory Moses
Lawrence Valley Martin
Cheyenne Cheyenne East
Olympia Olympia McEnerney
