100 86 85 164 165 104 156 153 156 104 165 164 85 86 100 58 55 18 53 23 53 18 55 58 100 31 15 30 16 61 26 45 44 4 44 2 46 142 131 130 129 144 42 3 42 144 129 130 131 50 133 141 20 136 188 21 56 21 188 136 20 141 133 50 19 47 48 47 19 50 131 142 46 2 17 1 17 2 44 45 26 61 14 34 103 13 29 43 72 40 8 9 8 40 72 43 29 13 103 34 7 39 7 34 14 61 16 59 25 22 25 59 16 30 15 27 70 36 33 12 11 10 11 12 33 36 70 27 15 31 100
49
100 32
86 192
165 165
153 153 111
58 58 182
55 55 24
18 18
53 53 52
23 23 51
31 31
15 15
30 30
16 16
26 26
45 45
44 44
4 4 5
2 2
46 46
42 42
3 3 41
50 50
20 20
21 21
56 56 57
19 19
47 47
48 48 49
17 17
1 1 54
14 14
34 34
13 13
29 29
43 43
40 40
8 8
9 9 6
7 7
39 39 37
59 59
25 25
22 22 60
27 27
36 36 28
33 33
12 12
11 11
10 10 121
