LeonieHill ChangiPoint SungeiKadut KampongUbi Shipyard NeeSoon OrangeGrove DefuIndustrialPark OrangeGrove NeeSoon Shipyard KampongUbi WoodlandsSouth HougangCentral Outram MonksHill PasirRisCentralTown WaterwayEast GreenwoodPark Trafalgar Seletar ChangiBay TanglinHalt ChangiBay Yishun ChangiBay Seletar Trafalgar GreenwoodPark WaterwayEast PasirRisCentralTown KampongGlam ClarkeQuay SungeiRoad Cecil Pandan Woodgrove YishunCentral ClementiCentral YishunCentral Woodgrove Pandan Cecil PasirPanjang2 TanjongRhu GeylangBahru TanjongRhu PasirPanjang2 Cecil SungeiRoad Semakau SungeiRoad SembawangSprings PasirRisPark Sentosa PasirRisPark SembawangSprings SungeiRoad Novena TampinesWest PasirRisWestElias ChoaChuKangCentral PasirRisWestElias TampinesWest Novena Clementi Victoria Clementi Novena SungeiRoad KallangWay AnchorvaleBuangkok YioChuKang MandaiWest YioChuKang AnchorvaleBuangkok KallangWay SungeiRoad ClarkeQuay KampongGlam PasirRisCentralTown MonksHill Outram HougangCentral WoodlandsSouth Gombak ConeyIsland Gombak WoodlandsSouth KampongUbi SungeiKadut ChangiPoint LeonieHill
34
SungeiKadut SungeiKadut
Shipyard Shipyard
NeeSoon NeeSoon
OrangeGrove OrangeGrove
DefuIndustrialPark DefuIndustrialPark Tyersall
HougangCentral JurongWestCentral
Outram Outram Sennett
MonksHill MonksHill
PasirRisCentralTown BishanEast
GreenwoodPark GreenwoodPark Guilin
Trafalgar Trafalgar
TanglinHalt TanglinHalt TuasBay
Yishun Yishun Phillip
KampongGlam KampongGlam
SungeiRoad SungeiRoad
Cecil Townsville
Woodgrove Woodgrove
YishunCentral PunggolTownCentre
ClementiCentral ClementiCentral ChangiWest
PasirPanjang2 PasirPanjang2
GeylangBahru Springleaf AirportRoad
Semakau Semakau FarrerPark
SembawangSprings SembawangSprings
Sentosa Sentosa Kranji
Novena Novena SingaporePolytechnic
TampinesWest TampinesWest YuhuaWestBoonLay
PasirRisWestElias BukitBatokCentral
ChoaChuKangCentral ChoaChuKangCentral LoyangEast
Victoria Victoria SerangoonGarden
KallangWay KallangWay
AnchorvaleBuangkok AnchorvaleBuangkok
YioChuKang YioChuKang Boulevard
MandaiWest MandaiWest NorthCoast
ConeyIsland ConeyIsland Ridout
