YuhuaEast TelokBlangahDrive CityHall Simpang Mandai ChengSan Sengkang Brickworks KampongUbi TelokBlangahRise KampongUbi Brickworks Sengkang ChengSan JurongWestCentral ClementiWest Anson ClementiWest JurongWestCentral ChengSan BoonLayPlace ChengSan Mandai PasirRis SembawangStraits OneTreeHill Katong EvertonPark ReservoirView PulauPunggolTimor Khatib SimpangNorth Khatib PulauPunggolTimor ReservoirView EvertonPark Katong BoonTeck ClementiNorth BoonTeck Katong OneTreeHill HongKah OneTreeHill SembawangStraits SwissClub WestCoast HougangEast Changi Sembawang Changi HougangEast JurongPort PeiChun JurongPort HougangEast WestCoast Commonwealth SungeiRoad Commonwealth Chatsworth Commonwealth WestCoast SouthernIslands Redhill MountEmily PayaLebarNorth ConeyIsland ShangriLa TiongBahru ShangriLa ConeyIsland PayaLebarNorth MountEmily PayaLebarEast TohGuan PayaLebarEast MountEmily KebunBahru Tampines KebunBahru MountEmily Redhill SouthernIslands SembawangHills Dunearn UluPandan Dunearn SenokoNorth PasirPanjang2 BukitBatokSouth WoodlandsWest Northland WoodlandsWest BukitBatokSouth PasirPanjang2 SenokoNorth KianTeck SenokoNorth Dunearn SembawangHills SouthernIslands WestCoast SwissClub SembawangStraits Shipyard OrangeGrove PeoplesPark OrangeGrove Shipyard ClarkeQuay Shipyard SembawangStraits LorongChuan Kangkar JurongRiver Saujana HougangCentral Saujana JurongRiver Kangkar LorongChuan SembawangStraits PasirRis Mandai ClementiCentral Midview UpperPayaLebar TagoreSindo UpperPayaLebar Midview ClementiCentral Mandai Simpang CityHall TelokBlangahDrive Sennett SerangoonGarden Sennett TelokBlangahDrive YuhuaEast
58
CityHall CityHall
Mandai Mandai Geylang
ChengSan BedokNorth
Brickworks Brickworks
KampongUbi Sentosa
TelokBlangahRise TelokBlangahRise SungeiKadut IstanaNegara
JurongWestCentral JurongWestCentral
Anson OneNorth AngMoKioTownCentre
BoonLayPlace BoonLayPlace LowerSeletar
PasirRis PasirRis
SembawangStraits SembawangStraits
OneTreeHill OneTreeHill Trafalgar
EvertonPark EvertonPark
ReservoirView ReservoirView
PulauPunggolTimor PulauPunggolTimor
Khatib Khatib
SimpangNorth SimpangNorth Paterson AlexandraNorth
ClementiNorth ClementiNorth Kembangan
HongKah HongKah UpperThomson
WestCoast TuasNorthPioneer
HougangEast TampinesNorth
Changi ChangiWest
Sembawang Sembawang EastCoast
JurongPort JurongPort JooSengPayaLebar MandaiEast
PeiChun PeiChun DairyFarm
Commonwealth Commonwealth KentRidge
SungeiRoad SungeiRoad WaterwayEast PangSua
Chatsworth Chatsworth InstitutionHill
SouthernIslands SouthernIslands YioChuKang HongKahNorth
Redhill Moulmein
MountEmily GeylangEast
PayaLebarNorth TuasPromenade PunggolField Tanglin
TiongBahru TiongBahru TuasBay
PayaLebarEast PayaLebarEast BenoiSector Museum
TohGuan TohGuan PasirRisDrive
KebunBahru KebunBahru RochorCanal
Tampines Tampines BukitBatokWest
SembawangHills SembawangHills
Dunearn KeatHong PearlsHill
UluPandan UluPandan YioChuKangEast
PasirPanjang2 SerangoonCentral
BukitBatokSouth BukitBatokSouth
WoodlandsWest WoodlandsWest
Northland Northland Mountbatten
KianTeck DhobyGhaut Port Cairnhill
Shipyard Shipyard ChangiPoint PasirRisPark
OrangeGrove OrangeGrove
PeoplesPark PeoplesPark BayfrontSubzone
ClarkeQuay BedokSouth Matilda
Kangkar Aljunied
JurongRiver ChoaChuKang
Saujana Saujana BoatQuay
HougangCentral HougangCentral DefuIndustrialPark
ClementiCentral Serangoon
Midview Punggol
TagoreSindo TagoreSindo SerangoonNorth
Sennett Sennett ChinaSquare
SerangoonGarden SerangoonGarden SingaporeRiver
