139 18 11 85 2 149 7 129 10 37 5 37 10 30 10 129 7 90 8 178 1 89 1 66 9 66 1 47 32 47 1 178 8 90 7 60 12 43 14 15 31 25 31 15 14 43 12 60 7 149 2 147 3 104 4 84 4 21 79 21 4 6 4 104 3 81 3 26 19 26 16 26 3 17 59 22 41 22 59 17 3 147 2 38 2 85 11 18 139
39
18 18 57
11 11 127
85 85
2 2 72 98 153 157 161
7 7 74 182
10 123 91 130
37 37 109
5 5 35 82 95 158
30 30 13 144
8 8 165
178 178
1 1 58 106 172
89 89 119
9 9 78 184
47 47
32 32 33 152
60 60
12 105 146
43 43
14 14 23 138 27
15 15 118 128 142
31 31 131
25 25 141
147 147
3 96 111 134
104 104
4 173 75 145 148
84 84 189
21 21 113
79 79 114
6 71 101 125 188 191
81 81 122
26 26 48 198
19 67 156
16 16 65 77 108 186
17 64 69 187
22 22 176
41 41 112
38 39 44
