F8 O3 R3 O2 R3 J0 K9 E7 K9 C1 K9 J0 R3 O3 F8 M5 F8 C3 C8 D0 S8 R0 I3 M1 H7 C4 T6 N2 T6 C4 H7 M1 E4 J5 E4 M1 I3 D2 B6 I2 T9 N0 Q2 H8 D3 H8 Q2 N0 G9 D8 T5 T8 H0 T8 T5 A6 K2 J2 I0 J2 K2 A6 T5 D8 S0 O1 S0 D8 G9 N0 T9 M3 P5 H6 P5 M3 O7 B7 Q8 B7 O7 M3 T9 I2 G8 T0 G8 I2 A2 F4 Q9 F4 A2 I2 B6 D2 I3 R0 S8 D0 S5 D0 A1 D0 C8 C3 F8 B8 I5 R9 I9 P1 H1 P1 F0 J4 B3 Q7 B3 J4 F0 P1 C5 P6 C5 N9 B4 M9 J7 L3 R7 O6 R7 L3 J7 M9 B4 F5 I4 F5 B4 N9 C5 K7 T1 P7 S7 P7 T1 K7 C5 P1 I9 R9 I5 B8 F8
55
O3 O3 K6
O2 O2 R8
J0 J0
K9 L9
E7 E7 A3
C1 C1 D4
M5 M5 D5
C3 C3 N8
C8 C8 M6
D0 E8
S8 S8
R0 R0
I3 I3
C4 C4
T6 B0 P9
N2 N2 K3
E4 E4 D9
J5 E3 H4
I2 I2
T9 T9 B2 E5
N0 N0
Q2 G6
D3 D3 C2
G9 G9
D8 D8
T5 T5
T8 T8
H0 H0 I8
J2 J2 O5
I0 I0 F1
S0 S0
O1 O1 E2
P5 P5 S2
H6 H6 N1
Q8 Q8 A8
T0 T0 A9 H3 K5 Q0
A2 A2 H2
Q9 M0 C0
S5 S5 G1
A1 A1 K1
R9 R9
I9 I9
H1 H1 G0 P2
B3 B3
Q7 Q7 F6
P6 P6 R4
N9 A0 N4
B4 B4 I6 N6
J7 H5 S9
R7 J1
O6 D7 G4
I4 I4 F2 F9 L6
T1 T1
P7 P7 Q3 Q5 R6
S7 S7 N7
