Qwilfish Drampa Gengar Drampa Froakie Drampa Phanpy Lotad Amoonguss Lotad Phanpy Magmar Wartortle Zekrom Wartortle Magmar Volcarona Magmar Phanpy Skiddo Skorupi Magnemite Skorupi Munna Skorupi Skiddo Noibat Honedge Noibat Terrakion Scatterbug Tsareena Scatterbug Terrakion Metang Crawdaunt Metang Terrakion Politoed Dewpider Whismur Dewpider Politoed Tornadus Kakuna Tornadus Politoed Terrakion Noibat Simisear Slowbro Nincada Slowbro Simisear Sandile Metapod Weezing Metapod Sandile Meloetta Inkay Meloetta Sandile Simisear Noibat Skiddo Phanpy Drampa Qwilfish Tropius Shellos Xerneas Shellos Tropius Drapion Vullaby Jumpluff Vullaby Drapion Taillow Drapion Tropius Qwilfish
42
Qwilfish Qwilfish
Drampa Drampa
Gengar Gengar Tauros
Froakie Froakie Bounsweet
Phanpy Phanpy
Lotad Lotad
Amoonguss Amoonguss Stufful
Magmar Magmar
Wartortle Wartortle
Zekrom Zekrom Conkeldurr
Volcarona Volcarona Steenee
Skiddo Skiddo
Skorupi Skorupi
Magnemite Magnemite Yungoos
Munna Munna Swadloon
Noibat Noibat
Honedge Honedge Weepinbell
Terrakion Terrakion
Scatterbug Scatterbug
Tsareena Tsareena Shellder
Metang Metang Slurpuff
Crawdaunt Crawdaunt Woobat
Politoed Politoed
Dewpider Dewpider
Whismur Whismur Bastiodon
Tornadus Tornadus
Kakuna Kakuna Treecko Lumineon
Simisear Simisear
Slowbro Slowbro
Nincada Nincada Comfey Seaking
Sandile Sandile
Metapod Metapod
Weezing Weezing Escavalier
Meloetta Meloetta Porygon2
Inkay Inkay Vespiquen
Tropius Tropius
Shellos Shellos
Xerneas Xerneas Wailord
Drapion Drapion
Vullaby Vullaby
Jumpluff Jumpluff Plusle
Taillow Taillow Paras
