Qwilfish Drampa Gengar Drampa Froakie Drampa Phanpy Lotad Amoonguss Lotad Phanpy Magmar Volcarona Magmar Phanpy Skiddo Skorupi Munna Skorupi Skiddo Noibat Honedge Noibat Terrakion Scatterbug Terrakion Metang Crawdaunt Metang Terrakion Politoed Dewpider Whismur Dewpider Politoed Tornadus Kakuna Tornadus Politoed Terrakion Noibat Simisear Slowbro Nincada Slowbro Simisear Sandile Metapod Weezing Metapod Sandile Meloetta Inkay Meloetta Sandile Simisear Noibat Skiddo Phanpy Drampa Qwilfish Tropius Shellos Tropius Drapion Vullaby Jumpluff Vullaby Drapion Tropius Qwilfish
29
Qwilfish Qwilfish
Drampa Drampa
Gengar Gengar Tauros
Froakie Froakie Bounsweet
Lotad Lotad
Amoonguss Amoonguss Stufful
Magmar Magmar Conkeldurr
Volcarona Volcarona Steenee
Skiddo Skiddo
Skorupi Skorupi Magnemite
Munna Munna Swadloon
Noibat Noibat
Honedge Honedge Weepinbell
Scatterbug Scatterbug Shellder
Metang Metang Slurpuff
Crawdaunt Crawdaunt Woobat
Whismur Whismur Bastiodon
Kakuna Kakuna Treecko
Simisear Simisear
Nincada Nincada Comfey Seaking
Sandile Sandile
Metapod Metapod
Weezing Weezing Escavalier
Meloetta Meloetta Porygon2
Inkay Inkay Vespiquen
Shellos Shellos Wailord
Drapion Drapion Taillow
Vullaby Vullaby
Jumpluff Jumpluff Plusle
