Monroe Berkeley Moreno Two Hampton Modesto Hampton Two Melbourne Lacey Elizabeth Bloomington Corona Houston Arlington Bridgeport Abilene Charleston Johnson Charleston Abilene Bridgeport Arlington Houston Atlanta Boise Aribel Augusta Eleven Denver Eleven Augusta Aribel Naperville Havre Marysville Viejo Lincoln Lorain Boulder Cathedral Elkhart Cathedral Boulder Lorain Lincoln Viejo Hesperia Clarke Irvine Hagerstown Irvine Clarke Hesperia Viejo Marysville Minneapolis Anchorage Apple Anchorage Minneapolis Marysville Havre Naperville Aribel Boise Madison Gulfport Madison Boise Albany Champaign Milwaukee Hialeah Brighton Bremerton Bedford GreenBay Hickory Hartford Glendale Amarillo Glendale Hartford Hickory Ten Jacksonville Ten Louisville Ten Lakeland Grays Aberdeen Grays Lakeland Ten Hickory GreenBay Bedford Bremerton Kenosha Bremerton Brighton Hialeah Milwaukee Champaign Albany Boise Atlanta Houston Corona Bloomington Elizabeth Irving Bakersfield ElkGrove Evansville ElkGrove Bakersfield Gastonia Chesapeake Asheville Escondido Miami Escondido Asheville Carrollton Asheville Chesapeake Gastonia Bakersfield Irving Elizabeth Lacey Melbourne Two Moreno Montgomery Moreno Berkeley Monroe Clarksville Aurora Layton Canton Layton Aurora Duluth Dayton Duluth Aurora Gainesville Hemet Hayward Hemet Gainesville Aurora Clarksville Monroe CSprings Lewisville CSprings Monroe
61
Monroe Monroe
Hampton Hampton Prairie
Modesto Modesto Seven
Melbourne Melbourne
Lacey Lacey
Elizabeth Elizabeth
Corona Gilbert
Arlington Arlington Rapids
Bridgeport Bridgeport Kailua
Abilene Abilene
Charleston Charleston Laredo
Johnson Johnson Burlington
Boise Boise
Denver Denver Kennewick Bradenton
Naperville Athens Julian
Havre Havre
Viejo Viejo
Boulder Boulder
Cathedral Lancaster Killeen
Elkhart Elkhart Huntington Erie
Hesperia Hesperia Greensboro
Clarke Clarke
Hagerstown Hagerstown Antioch
Anchorage Anchorage Daytona
Apple Apple Fayetteville
Madison Brownsville
Gulfport Cleveland Huntsville
Albany Albany Cambridge
Milwaukee Dallas
Hialeah Hialeah Mesa
Brighton Bethlehem
Bremerton Cary
Bedford Bedford
Hickory Hickory Lafayette
Hartford Hartford
Glendale Glendale
Amarillo Amarillo Birmingham Mesquite
Ten Ten
Jacksonville Jacksonville Kissimmee
Louisville Anaheim Three
Lakeland Lakeland
Aberdeen Aberdeen Lowell
Kenosha Kenosha Baltimore
Irving Irving
Bakersfield Mobile
Evansville Davidson Akron
Gastonia Monterey
Chesapeake Chesapeake Manchester
Asheville Asheville Fairfield
Miami Miami Corpus
Carrollton Carrollton Baton
Montgomery Montgomery Detroit Merced
Clarksville Clarksville
Aurora Vista
Layton Layton
Canton Canton Leominster Four
Dayton Dayton Austin
Gainesville Gainesville
Hayward Hayward Denton
CSprings Naples Muskegon
Lewisville Lewisville Allentown
