Myrtle Montgomery Lafayette Davidson Charles Bellevue Kansas Joliet Kansas Bellevue Charles Baton Hollywood Cedar Hollywood Brownsville Hollywood Baton Charles Cary Albuquerque Kissimmee Harlingen Lorain Harlingen Fayetteville Barnstable Fayetteville Arvada Bloomington Arvada Appleton Leominster Appleton Arvada Fayetteville Harlingen Kissimmee Lacey Huntington Lacey Kissimmee Nashua Moreno Aribel Abilene GreenBay Abilene Aribel Moreno Nashua Kissimmee Albuquerque Canton Bradenton Jacksonville Dallas Hemet Monterey Plen Erie Minneapolis Erie Plen Monterey Hemet Dallas Jacksonville Bradenton Canton Albuquerque Cary Charles Davidson Lafayette Montgomery Myrtle
31
Montgomery Montgomery Cathedral
Lafayette Baltimore
Davidson Davidson
Kansas Kansas
Joliet Joliet Deltona
Hollywood Hollywood
Cedar Cedar Champaign
Brownsville Brownsville Mobile
Cary Cary
Albuquerque Albuquerque
Kissimmee Kissimmee Miramar
Harlingen Harlingen
Lorain Lorain Lansing
Fayetteville Chicago Albany
Barnstable Barnstable Macon
Bloomington Bloomington Medford
Appleton Appleton
Leominster Leominster Houma
Huntington Huntington Muskegon
Nashua Nashua Bridgeport
Moreno Moreno Merced
Aribel Aribel
Abilene Abilene Hartford
GreenBay GreenBay Corpus
Bradenton Bradenton
Jacksonville Grays
Dallas Dallas Chandler
Hemet Hemet
Plen Plen
Erie Erie Huntsville
Minneapolis Minneapolis Lexington Alexandria
