DK BG AJ CW HD EO HD CY ER CE ER AU DO AU DB GH BS GH DB FC HE DZ GO CG DA CD AY CO AV FS EG FT AO FT EG FS CF AK DG EF DG AK CF FS AV CO AY CD DA BW DA CG CL FQ DN HB FI AM FI HB DN FQ CL DX CL CP BM CP CL CG GO DZ CJ GY CJ AI DI EU EX BK AW AR BZ EP AC FH EA FH AC DU AC EP BZ AR AW BK EX AA FB CM EH FD EH CM FB AA EX EU DI AI CJ DZ HE FC DB AU BH AU ER CY DF CY HD CW AT CK ES CK BD CV HC FF BF BV BF FF HC CV BD CK AT CW AJ BG DK
60
DK EQ
AJ DD
CW CW BI
HD HD
EO EO FN
CY CY
ER GR
CE CE HJ
AU AU
DO DO DT
DB DB
BS AB GX
FC DP
HE HE CT
DZ DZ
CG CG
DA EN HI
CD CD FA
AY AY
AV AV
EG BL
FT FT
AO AO AG
CF BR
AK AK
DG AZ
EF EF BP
BW BW ED
FQ FW CR
DN DN
HB HB FZ
AM AM CC GG
DX DX CS AN
CP CP
BM BM CU
CJ GN
GY GY BE
DI DI
EX ET
AR GZ
BZ BZ
EP EP BC DE
FH FH DL
EA EA CX
DU DU EW
AA AA
FB FB
CM CM
EH EL GT
FD FD FP
BH BH FG EB
DF DF GB CI
AT AT
CK CK
ES ES HF
BD GV EM
CV EY
HC HC CA
BF BF
BV BV DM
