Soda ResidenceHalls LowerSproulPlaza CareerCenter LowerSproulPlaza AlumniHouse HaasPavilion KroeberHall FacultyClub EvansDiamond BerkeleyArtMuseum CalvinLaboratory MLK BowlesHall HertzHall BowlesHall MLK CalvinLaboratory ClarkKerrCampus McConeHall CampbellHall McConeHall ClarkKerrCampus CalvinLaboratory BerkeleyArtMuseum AnthonyHall GilmanHall HilgardHall LewisHall BancroftLibrary LewisHall HilgardHall GilmanHall AnthonyHall BerkeleyArtMuseum EvansDiamond BarrowLane GoldmanField LevineFrickeField EdwardsStadium KoshlandHall BerkeleyWayWest KoshlandHall EdwardsStadium LevineFrickeField GoldmanField BarrowLane BarrowsHall MinorHall DonnerLab MinorHall BarrowsHall BarrowLane EvansDiamond FacultyClub KroeberHall HaasPavilion CheitHall BlumHall CheitHall HaasPavilion AlumniHouse LowerSproulPlaza ResidenceHalls Soda
21
CareerCenter CareerCenter VLSB Dwinelle
AlumniHouse AlumniHouse DoeMemorialLibrary BarkerHall
FacultyClub DurantHall EshlemanHall
EvansDiamond EvansDiamond
BerkeleyArtMuseum BerkeleyArtMuseum DavisHall
CalvinLaboratory CalvinLaboratory
HertzHall CNMAT EtcheverryHall
ClarkKerrCampus ClarkKerrCampus
CampbellHall CampbellHall EastAsianLibrary
AnthonyHall AnthonyHall Campanile ChouHall
GilmanHall EastGate
BancroftLibrary BancroftLibrary BoaltHall
BarrowLane BarrowLane
GoldmanField Cory
EdwardsStadium EdwardsStadium BanwayBldg CaliforniaHall CyclotronRd
KoshlandHall BotanicalGarden
BerkeleyWayWest BerkeleyWayWest BrainImagingCenter
BarrowsHall BarrowsHall BARTStation
DonnerLab DonnerLab ChanShunAuditorium
CheitHall CheitHall BlackwellHall
BlumHall BlumHall BirgeHall
