Soda EtcheverryHall WicksonNaturalArea OptometryClinic Piedmont NorthField FacultyGlade Emeryville HaasSchoolofBusiness LevineFrickeField UniversityHall BarkerHall UniversityHall UCBerkeleyExtension BanwayBldg AlumniHouse BanwayBldg UCBerkeleyExtension UniversityHall DonnerLab NorthGateHall DonnerLab UniversityHall Hayward Saratoga MartinezCommons StanleyHall Orinda McLaughlinHall WellmanHall McLaughlinHall Orinda GiauqueHall Orinda Oakley BarrowsHall Oakley Orinda StanleyHall MartinezCommons SimonHall ClearyHall KrutchTheater MulfordHall KrutchTheater ClearyHall SimonHall MartinezCommons MLK LifeSciencesAddition SantaRosa BrainImagingCenter HildebrandHall Antioch MinorHallAddition StHelena MinorHallAddition Antioch HildebrandHall BrainImagingCenter SantaRosa LifeSciencesAddition MLK Healdsburg SutardjaDaiHall Insectary Novato McConeHall SpiekerPlaza EastAsianLibrary ResidenceHalls GoldmanField GilmanHall HearstGreekTheatre GilmanHall GoldmanField BirgeHall WheelerHall BirgeHall GoldmanField ResidenceHalls EastAsianLibrary CareerCenter OBrienHall ObservatoryHill GianniniHall WarrenHall Albany SanRafael IshiCourt SanRafael Albany WarrenHall GianniniHall ObservatoryHill OBrienHall CareerCenter EastAsianLibrary SpiekerPlaza McConeHall Novato Insectary SutardjaDaiHall Healdsburg MLK MartinezCommons BerkeleyArtMuseum Dwinelle CNMAT EastGate ChouHall TangCenter Hillsborough TangCenter ChouHall EastGate CNMAT Dwinelle BerkeleyArtMuseum MartinezCommons Saratoga Hayward FosterCity HertzHall FosterCity Hayward UniversityHall LevineFrickeField HaasSchoolofBusiness Emeryville FacultyGlade NorthField Piedmont OptometryClinic WicksonNaturalArea EtcheverryHall Soda
42
EtcheverryHall EtcheverryHall
WicksonNaturalArea WicksonNaturalArea
Piedmont Piedmont
Emeryville Emeryville SproulPlaza
UniversityHall ZellerbachPlayhouse
BarkerHall BarkerHall PimentelHall FrankSchlessingerWay
AlumniHouse ClarkKerrCampus WursterHall
DonnerLab DonnerLab
NorthGateHall NorthGateHall HargroveMusicLibrary
Hayward Hayward Unit3
Saratoga Saratoga
MartinezCommons MartinezCommons
Orinda Orinda
McLaughlinHall LowerSproulPlaza
WellmanHall WellmanHall SternHall
GiauqueHall GiauqueHall Alameda StadiumRimWay
Oakley Oakley
BarrowsHall LewisHall WestGate
SimonHall SatherTower Pinole
ClearyHall ClearyHall
MulfordHall MulfordHall ZellerbachHall
MLK WomenFacultyClub Brisbane
Antioch AnthonyHall
MinorHallAddition MinorHallAddition FoundersRock
StHelena StHelena KleebergerFieldHouse
Healdsburg Healdsburg
SutardjaDaiHall Campanile EvansHall
Insectary Insectary
Novato Pittsburg KroeberHall BlumHall
GoldmanField GoldmanField
GilmanHall GilmanHall
HearstGreekTheatre HearstGreekTheatre CalvinLaboratory
WheelerHall WheelerHall WestCircle
CareerCenter HearstMiningCircle
Albany Albany
SanRafael SanRafael SanPablo Fairfield
IshiCourt IshiCourt Pacifica Benicia
BerkeleyArtMuseum Cory
EastGate EastGate BancroftLibrary
ChouHall ChouHall Belmont
Hillsborough Hillsborough SanRamon
HertzHall HertzHall Unit1
