Fizz Earthshaker Anivia Katarina Gragas Malphite Vi Kayn Irelia Kayn Vi Bard LoneDruid ArcWarden Sivir Tiny Sivir Teemo Rengar Teemo Sivir ArcWarden LoneDruid Cassiopeia SpiritBreaker Doom Tryndamere Rumble Phoenix Venomancer Phoenix Rumble Tryndamere Doom SpiritBreaker CrystalMaiden Sniper Annie Heimerdinger Annie Sniper Oracle Sniper CrystalMaiden SpiritBreaker Cassiopeia LoneDruid Medusa BountyHunter Fiddlesticks Camille Wukong Mirana Dazzle Akali Tidehunter Silencer Twitch Soraka Sven Soraka WinterWyvern Soraka Twitch Silencer Tidehunter Akali Dazzle Mirana KhaZix Mirana Wukong Camille Fiddlesticks BountyHunter Medusa LoneDruid Bard Vi Malphite Gragas Slark Gragas Katarina Nidalee Kennen Nidalee Katarina Anivia Quinn Anivia Beastmaster FacelessVoid Xerath FacelessVoid Thresh Weaver Lina Janna Lina Weaver Thresh Jayce Sona Jayce Thresh FacelessVoid Beastmaster Orianna Bane Huskar Warlock Huskar Bane Orianna Kled Maokai Ashe TreantProtector Ziggs TreantProtector Ashe Maokai Chen Malzahar Xayah Malzahar Chen Maokai Kled Orianna LeBlanc Orianna CentaurWarrunner ShadowDemon Hecarim Pantheon DeathProphet Pantheon Hecarim ShadowDemon CentaurWarrunner Orianna Nunu Razor Nunu Orianna Beastmaster Anivia Earthshaker Fizz
57
Fizz Fizz
Anivia Rubick
Katarina Katarina
Gragas Gragas
Vi Vi
Kayn Kayn
Irelia Irelia Ryze
LoneDruid LoneDruid Zilean
Tiny Tiny Puck
Rengar Rengar Singed
Cassiopeia Cassiopeia Lucian
SpiritBreaker SpiritBreaker
Rumble Rumble
Venomancer Venomancer Brewmaster
Sniper Sniper
Annie Annie
Heimerdinger Heimerdinger Azir
Oracle Oracle Leona
Medusa Medusa
BountyHunter BountyHunter
Fiddlesticks Fiddlesticks
Mirana Mirana
Silencer Nasus
Twitch ShadowShaman
Soraka Amumu Zed
Sven Sven Slardar
WinterWyvern WinterWyvern Omniknight
KhaZix KhaZix Morphling
Slark Slark Yorick Trundle
Nidalee Nidalee
Kennen Kennen Vladimir
Quinn Quinn NightStalker
Beastmaster Beastmaster
FacelessVoid FacelessVoid
Xerath TrollWarlord Techies
Thresh Thresh
Weaver Weaver
Janna Janna JarvanIV
Jayce Jayce Karma
Sona Sona Ekko Talon
Orianna Orianna
Bane Bane
Huskar Huskar
Warlock Warlock Viktor Undying
Kled Kled
Ziggs Ziggs Tristana
Chen Chen
Malzahar Terrorblade Visage StormSpirit
Xayah Xayah VelKoz
LeBlanc LeBlanc ShadowFiend
CentaurWarrunner CentaurWarrunner Magnus
ShadowDemon ShadowDemon
Hecarim TahmKench
Pantheon Pantheon
DeathProphet DeathProphet Timbersaw
Nunu Nunu Jinx
Razor Kassadin Syndra
