Pantheon Thresh Sona Rammus LegionCommander BountyHunter LegionCommander Rammus Chen SkywrathMage ChaosKnight Ziggs CentaurWarrunner Cassiopeia Talon Cassiopeia CentaurWarrunner Galio Phoenix Jax Phoenix Galio CentaurWarrunner Ziggs Akali Ziggs ChaosKnight SpiritBreaker Draven Bristleback Draven SpiritBreaker ChaosKnight SkywrathMage Chen Rammus Disruptor KogMaw Disruptor Rammus Sona Thresh Weaver LoneDruid Nautilus Nunu Nautilus LoneDruid Weaver Thresh Pantheon Spectre Renekton Undying Renekton Magnus Renekton Spectre Kalista Jayce Shyvana Jayce Kalista Spectre Kayn Skarner Jhin Skarner Kayn Spectre Pantheon Ahri Pantheon
27
Thresh Tiny
Sona Malphite
BountyHunter BountyHunter Slark
ChaosKnight ChaosKnight Lich Xerath
Ziggs Ziggs
CentaurWarrunner CentaurWarrunner
Cassiopeia TrollWarlord
Talon Talon NightStalker
Galio Galio
Phoenix Phoenix
Jax Jax WraithKing
Akali Akali Heimerdinger
SpiritBreaker SpiritBreaker Rumble
Draven Draven Jinx
Bristleback Bristleback Tailyah Maokai
Disruptor Disruptor
KogMaw KogMaw CrystalMaiden
LoneDruid LoneDruid Oracle
Nunu Nunu MasterYi Ezreal
Spectre Spectre
Undying Morgana Anivia
Magnus Magnus Lucian
Jayce Jayce
Shyvana Shyvana Ashe
Skarner Skarner Bard
Jhin Jhin Kled Lux
Ahri Ahri ArcWarden
