0 7 9 10 72 67 63 59 57 59 63 67 72 10 26 28 29 35 39 37 84 87 82 87 84 37 39 35 29 34 38 75 95 96 97 96 95 75 38 34 29 28 27 28 12 73 69 65 69 73 12 30 33 41 81 41 33 30 31 14 47 48 49 92 90 44 43 91 43 80 88 80 43 44 90 92 49 50 93 50 49 48 47 45 42 45 47 14 17 18 19 18 17 14 15 76 15 16 99 16 15 14 31 30 12 28 26 10 11 71 68 64 68 71 11 10 9 7 8 74 66 62 58 56 52 55 54 55 52 56 58 62 66 74 8 7 0 2 3 4 5 4 3 2 0
73
0 0 1 21 22 23
7 7 25
9 9 24
10 10
72 72
67 67
63 63
59 59
57 57 51
26 26
28 28
29 29
35 35
39 39
37 37
84 84
87 87
82 82 83
34 34
38 38
75 75
95 95
96 96
97 97 98
27 27 77
12 12
73 73
69 69
65 65 61 70
30 30 32
33 33 36
41 41
81 81 79
31 31 40
14 14 13
47 47
48 48
49 49
92 92
90 90
44 44
43 43
91 91 46
80 80
88 88 94
50 50
93 93 89
45 45
42 42 86
17 17
18 18
19 19 20
15 15
76 76 78
16 16
99 99 85
11 11
71 71
68 68
64 64 60
8 8
74 74
66 66
62 62
58 58
56 56
52 52
55 55
54 54 53
2 2
3 3
4 4
5 5 6
