6 199 198 199 192 190 192 199 6 11 24 30 42 55 67 73 80 96 103 111 124 133 143 158 168 172 189 180 186 184 181 184 186 180 189 172 176 170 176 172 168 164 162 160 167 160 162 164 168 158 150 158 143 146 147 146 143 133 139 130 137 130 139 133 124 126 123 129 128 121 128 129 123 126 124 111 114 112 115 112 114 111 103 105 101 102 107 102 101 105 103 96 92 96 90 96 80 81 80 73 74 78 72 79 75 79 72 78 74 73 67 66 60 64 68 62 68 64 60 66 67 55 51 55 42 40 44 48 44 40 42 30 33 32 38 32 33 30 24 28 26 28 24 20 24 11 15 13 14 16 19 12 10 12 19 16 14 13 15 11 6 3 1 4 0 4 1 3 6
59
6 7
199 196
198 198 194
190 190 191
30 31
55 57
67 69
80 88 85
111 113
143 148
158 152
172 177
180 185
186 186
184 182
181 181 187
176 176
170 170 178 179
164 164
167 167 166 163
150 150 157 153
146 146
147 144 145 149
139 139 134
130 130
137 137 132
126 126
129 129
128 128
121 120 125
114 114
112 112
115 115 118
105 105 106
101 101
107 107 109
92 98 97
90 90 95
81 81 87
74 74
78 78
79 79
75 75 77
60 60
64 65
62 62 63
51 51 50 59
40 40 41
48 48 46
38 38 36 39
26 26 23
20 20 21
15 15
14 14
19 19
10 10 18
1 1
4 4
0 0 8
