L16 L135 L73 L138 L27 L63 L149 L4 L143 L4 L149 L63 L103 L133 L103 L41 L45 L49 L131 L49 L45 L47 L45 L0 L120 L20 L120 L0 L113 L46 L113 L0 L79 L114 L84 L126 L118 L90 L119 L90 L118 L88 L35 L88 L118 L59 L53 L59 L118 L13 L109 L21 L109 L13 L89 L13 L38 L13 L118 L126 L104 L150 L17 L51 L154 L95 L19 L130 L19 L95 L154 L51 L17 L150 L104 L9 L104 L126 L84 L8 L116 L8 L84 L3 L36 L70 L36 L3 L84 L114 L79 L12 L28 L52 L28 L12 L79 L0 L45 L41 L22 L153 L148 L153 L82 L62 L124 L6 L124 L62 L121 L24 L121 L62 L82 L153 L22 L94 L85 L94 L22 L41 L103 L63 L27 L138 L73 L58 L18 L58 L73 L135 L16
53
L16 L16
L73 L99
L138 L138
L27 L27
L63 L63 L61
L149 L149
L4 L4
L143 L143 L40 L65
L103 L103
L133 L133 L68 L144
L41 L72
L131 L131 L141
L47 L47 L146
L120 L128 L129
L20 L20 L92
L46 L67 L145
L79 L79 L100
L114 L114 L140
L84 L84
L126 L126 L151
L118 L107
L90 L90
L119 L119 L80
L35 L35 L106
L53 L53 L110
L13 L76 L139
L109 L109
L21 L21 L147
L89 L89 L11
L38 L38 L125 L134
L104 L104
L150 L150 L87
L95 L95 L152
L130 L130 L1
L9 L9 L83
L8 L8
L116 L2 L101
L3 L56
L70 L70 L77
L12 L12 L142
L28 L28
L52 L52 L43
L22 L22
L153 L153
L148 L78 L91
L82 L82
L62 L62
L124 L124
L6 L29 L93
L24 L24 L7
L94 L94
L85 L85 L75 L74
L18 L18 L5
