5 11 17 23 29 35 41 47 53 59 65 71 77 83 89 95 101 107 102 103 104 103 102 107 101 96 97 98 97 96 101 95 90 91 92 91 90 95 89 84 85 86 85 84 89 83 78 79 80 79 78 83 77 72 73 74 73 72 77 71 66 67 68 67 66 71 65 60 61 62 61 60 65 59 54 55 56 55 54 59 53 48 49 50 49 48 53 47 42 43 44 43 42 47 41 36 37 38 37 36 41 35 30 31 32 31 30 35 29 24 25 26 25 24 29 23 18 19 20 19 18 23 17 12 13 14 13 12 17 11 6 7 8 7 6 11 5 0 1 2 1 0 5
54
102 102 106
103 103
104 104 105
96 96 100
97 97
98 98 99
90 90 94
91 91
92 92 93
84 84 88
85 85
86 86 87
78 78 82
79 79
80 80 81
72 72 76
73 73
74 74 75
66 66 70
67 67
68 68 69
60 60 64
61 61
62 62 63
54 54 58
55 55
56 56 57
48 48 52
49 49
50 50 51
42 42 46
43 43
44 44 45
36 36 40
37 37
38 38 39
30 30 34
31 31
32 32 33
24 24 28
25 25
26 26 27
18 18 22
19 19
20 20 21
12 12 16
13 13
14 14 15
6 6 10
7 7
8 8 9
0 0 4
1 1
2 2 3
