0 108 1 38 34 38 1 108 0 4 49 50 58 62 67 75 82 81 82 75 80 119 80 75 67 62 58 50 49 4 12 20 27 35 43 54 56 64 91 103 98 96 98 103 91 64 56 54 43 51 43 42 73 77 73 42 43 35 27 20 12 19 60 19 26 32 40 118 87 93 99 106 122 106 111 106 99 93 97 93 87 118 40 32 26 19 24 29 30 29 24 19 12 4 10 13 10 6 11 15 21 16 23 31 100 105 113 105 100 31 36 31 23 28 23 16 21 15 11 6 9 133 131 133 9 6 7 76 104 76 84 76 7 6 10 4 0 2 90 2 0
60
0 0 145
108 108
1 148
34 34 39
4 4
49 49 55
58 66
62 62 146
67 67 70
75 75 132
82 82
81 81 86
80 80
119 119 123 134
12 12
20 128
27 27 33
35 35
43 43 47
56 56 138
64 64 68 137
98 98
96 96 101
51 51 53
42 42 45
73 73
77 77 78
19 19
60 60 65
26 26
32 32
40 40
118 118
93 93
122 122 120
111 111 117
97 97 89
24 24 109
29 29
30 30 69
10 10 25 135
13 13 125
6 5
11 11 18
15 15 22 127
16 16
23 23 141
31 31
105 105
113 113 114
36 36 44
28 28 85
9 9 8
133 133
131 131 142
7 7
76 76 95
104 104 110
84 84 83
90 94 143
