1 54 116 176 65 18 177 27 160 27 155 23 82 24 192 108 110 146 31 149 184 166 91 166 184 149 121 86 88 132 88 33 14 33 88 20 135 197 87 195 67 188 9 131 113 100 113 131 9 89 9 188 67 36 199 126 199 109 76 109 199 47 147 90 191 181 68 94 32 92 28 71 178 71 28 92 32 94 68 12 142 12 68 181 191 90 147 73 120 73 66 150 66 73 147 47 143 47 138 180 60 72 137 72 34 159 84 159 34 72 6 72 60 3 97 112 97 3 60 180 138 47 199 36 67 195 87 127 17 111 17 127 87 197 135 20 88 86 121 56 49 158 49 56 121 149 31 146 110 108 192 24 82 23 155 27 177 18 65 176 116 54 1
63
116 116 64
176 176
65 65
27 27
160 160 95
155 155 29
82 81 153
192 192 99
108 108 25
149 149
184 184
166 16
91 91 182 139 167
121 121
132 132 42
33 170
14 14 45
20 20 119
197 197
87 87
195 7
67 67
188 188
9 9 35
131 131 129
113 78
100 100 53 164
89 89 140
36 36
126 126 118
76 76 117
147 147
191 191
181 181 186
68 68
94 94 114
32 32 122
92 92 163
28 28 77
178 178 52
12 12
142 142 123
120 120 57 93
66 44
150 172 190
143 143 79
138 151
180 180
60 60
72 11
137 137 148
34 34
159 159
84 40 161
6 6 165
3 3
97 97
112 112 21
127 127 70
17 17
111 2 74
56 183
158 59 13
