187 86 156 141 103 88 153 88 103 141 37 121 18 67 138 50 142 175 102 128 124 181 100 65 140 117 140 65 64 95 58 159 157 19 53 35 137 165 194 167 33 130 139 189 54 97 135 14 21 192 106 6 149 169 149 6 106 192 21 14 135 97 54 189 139 130 33 167 194 154 194 165 74 129 160 39 69 146 114 146 41 146 69 39 160 129 74 165 137 35 53 19 157 159 58 95 64 65 61 34 197 24 60 81 127 28 127 81 123 148 123 81 60 24 197 34 61 65 100 181 71 22 109 22 71 181 124 128 102 175 142 50 138 67 99 7 68 162 185 199 195 63 195 199 185 32 185 162 68 7 38 145 177 98 172 144 52 104 166 173 30 173 166 78 166 104 113 11 188 49 161 49 188 11 113 104 52 144 172 98 177 145 36 145 38 7 99 67 18 121 37 59 37 141 156 86 187
67
86 86
156 156
88 94
153 153 29
37 42 120
18 18
67 67 47
142 142
175 175
102 9
128 128
124 124 23 133
181 181
65 65 183
140 140
117 117 73
95 95
58 58
159 176
157 157 83
53 53
137 180
165 165
33 33
189 80
54 54 55 89
97 97
21 90 108
106 111 152 163
6 6 12
149 132
169 169 190
154 154 134
160 160
39 39
69 69 44 171
146 146
114 114 79
41 41 93
34 126
127 127 82
28 92 184
123 15
148 148 150
71 71
109 109 131
99 196
7 7
68 68
162 162
199 199 70
63 63 48
32 32 45
145 110
98 8
172 172
144 119
52 52
166 166
173 173 72
30 30 2
78 78 164
188 191
49 107
161 161 136
36 36 87
59 59 13
