16 39 78 73 75 92 83 60 88 60 83 92 19 85 19 92 75 73 78 39 16 33 63 43 67 55 40 9 52 57 84 96 0 72 0 38 86 99 82 20 82 99 86 38 0 96 84 56 37 59 94 48 4 71 51 71 4 61 23 95 28 1 5 45 3 46 74 46 3 45 5 1 28 95 17 29 50 29 17 95 23 61 4 48 94 59 37 56 15 56 84 57 52 9 40 55 67 43 63 33 16
34
39 39
78 6
75 75
92 92
83 83 90
60 60
88 88 35
19 19
85 85 7
33 33
63 25 36
55 55
40 40
52 52
84 84 21
96 96
0 0
72 31 93
86 86
82 82 62
20 20 11 81
37 37 65
94 94 53
71 77 44
51 51 18
61 61
23 23
5 5
3 3
74 74 68
17 17
29 29
50 50 58
15 15 80
