location1 location38 location28 location86 location92 location96 location92 location51 location21 location75 location89 location75 location42 location75 location21 location36 location55 location39 location44 location39 location55 location36 location19 location34 location54 location34 location19 location36 location21 location51 location92 location86 location20 location10 location62 location49 location62 location10 location46 location45 location100 location15 location94 location15 location100 location45 location4 location30 location57 location7 location43 location7 location35 location85 location60 location85 location35 location14 location35 location7 location57 location30 location11 location58 location50 location58 location11 location30 location4 location45 location46 location10 location20 location86 location28 location38 location1
28
location1 location31
location38 location38 location17 location90
location96 location66 location52
location51 location51
location21 location21
location75 location75 location9
location89 location89 location6
location42 location42 location59
location36 location36 location29
location44 location44 location23
location19 location19 location71
location34 location2
location54 location54 location53
location10 location10
location49 location49 location47
location46 location46 location56
location45 location45 location99
location94 location94 location32
location30 location30 location91
location57 location57 location95
location43 location43 location83
location35 location35
location85 location78
location60 location40 location3 location72 location77
location14 location79 location80
location11 location74
location58 location58
location50 location48 location8
