location1 location178 location27 location178 location1 location20 location31 location169 location143 location106 location168 location163 location32 location96 location125 location70 location95 location86 location196 location94 location196 location86 location95 location70 location125 location96 location32 location163 location168 location100 location84 location138 location157 location167 location64 location179 location158 location179 location64 location93 location19 location92 location194 location139 location187 location101 location140 location49 location140 location101 location187 location139 location194 location92 location19 location24 location190 location69 location190 location24 location19 location93 location64 location23 location62 location46 location62 location23 location64 location167 location157 location44 location53 location5 location53 location44 location12 location44 location157 location138 location84 location77 location136 location174 location11 location174 location136 location141 location136 location77 location84 location100 location168 location106 location151 location182 location67 location110 location67 location182 location151 location61 location159 location184 location81 location91 location112 location68 location112 location91 location81 location184 location72 location181 location72 location184 location60 location172 location60 location126 location60 location184 location159 location61 location16 location61 location151 location37 location151 location106 location118 location43 location102 location43 location118 location106 location143 location57 location17 location57 location143 location169 location79 location127 location154 location165 location116 location165 location154 location127 location79 location169 location31 location20 location1
60
location1 location90
location178 location178
location27 location27 location108
location20 location20 location56
location31 location133
location169 location169 location111
location143 location143 location171 location186
location106 location106
location163 location87
location32 location32 location175
location96 location96 location85
location70 location2 location150
location95 location95
location86 location195
location196 location196
location94 location94 location22 location130
location100 location100 location33
location84 location109
location138 location6
location157 location157
location179 location179
location158 location158 location28
location93 location93
location19 location193
location92 location92
location139 location139 location75
location187 location146
location140 location140
location49 location49 location3
location190 location190
location69 location69 location107
location23 location149
location46 location46 location40 location123
location44 location44
location5 location5 location114
location12 location12 location25 location128
location136 location136 location30
location11 location11 location185
location141 location180 location105
location151 location59 location177
location182 location182 location164
location110 location110 location142
location159 location159
location184 location184 location129
location91 location91 location82
location68 location68 location161
location181 location181 location58
location172 location172 location74
location126 location97 location199
location16 location16 location13
location37 location37 location65
location118 location118 location148 location188
location43 location43
location102 location35 location197
location57 location57
location17 location17 location152
location127 location127
location154 location154
location165 location165
location116 location116 location26 location10
