0 44 46 90 49 56 70 30 71 15 59 87 48 87 59 15 71 30 70 56 49 90 46 44 0 1 80 62 61 45 75 93 57 23 42 11 13 8 17 28 17 8 13 11 42 7 29 72 79 38 47 43 84 52 94 81 94 64 33 64 94 52 84 43 47 38 79 72 29 10 29 7 42 23 57 93 75 22 18 83 50 85 60 86 40 86 60 85 50 83 18 69 3 69 18 22 75 45 61 62 19 95 27 95 19 62 80 1 0
35
44 44
46 46
49 49 5
70 32
30 30
15 15 26
48 48 14 16
1 1 39
80 12
45 45
23 23
42 42
11 11
13 13 41
8 8
17 17 36 31
28 28 20
7 7
29 29
38 38
47 47
43 43
81 9 34
33 33 24
10 10 4
22 22
18 18
83 6
50 50
85 37
86 35
40 40 2
3 3 25
19 19
27 27 21
