0 194 21 25 78 103 37 19 22 49 98 137 11 123 108 67 10 170 28 180 60 180 28 170 10 67 108 123 76 176 32 15 132 9 142 47 89 88 115 124 4 141 182 125 35 143 38 143 35 125 182 141 4 124 115 88 89 47 142 9 132 15 32 176 76 123 11 86 11 137 98 12 98 49 22 19 37 103 29 199 51 57 94 26 3 83 172 31 129 133 159 166 24 166 159 133 129 31 113 16 48 190 46 56 169 110 130 198 165 93 193 136 158 64 116 45 74 138 1 66 44 161 131 87 131 161 44 66 1 138 74 45 116 64 158 136 193 93 165 198 65 177 55 177 65 198 130 110 169 97 117 181 186 188 189 40 82 8 82 40 189 188 13 62 17 171 36 121 61 53 54 53 61 121 36 171 17 62 13 188 186 181 185 167 95 167 185 181 117 97 169 56 79 34 79 56 46 190 48 16 113 31 172 83 155 122 70 197 175 107 14 72 14 68 14 107 175 197 92 197 70 122 155 91 155 83 3 26 94 57 51 199 29 163 52 127 157 126 192 43 192 126 157 127 52 163 29 103 78 25 21 194 0 18 85 18 0
77
21 21
25 25
78 78
37 37
19 19
22 22
49 49 20
98 98
11 11
67 67
10 10
28 28
60 60 90
76 76
32 32
15 15
9 9 41
47 47
89 89
88 88
4 4
125 42
35 35
38 38 39
86 86 81
12 12 80
29 29 59
51 51
57 57
94 94
26 26
3 3
83 83
31 31
24 24 73
16 16
48 48
190 5
46 46
56 56
93 93
64 64
45 45
74 74 27
1 1
66 66
44 44
161 2
87 87 30 71
65 65
177 50
55 55 75
97 97
40 40
82 82
8 8 96
13 13
62 62
17 17
36 36 33
61 61
53 53
54 54 7
95 95 77
79 79
34 34 99
70 70
14 14
72 72 6
68 68 84
92 92 69
91 91 58
52 52
192 63
43 43 23
18 18
85 85 100
