c5 t1 t0 n2 e3 i9 n4 i4 n4 i9 f0 s0 n0 i5 n9 k4 o5 l9 e7 r3 l3 t6 l8 t6 l3 r3 d9 j5 s1 j0 d5 d1 f1 g7 s9 r6 r4 g4 t5 g4 r4 r6 g8 r6 s9 g7 f1 d1 d5 j0 s1 j5 d9 c7 j1 h0 k0 t3 q0 l7 r1 m7 o7 f4 k1 b9 f6 p4 i3 e6 k2 h2 k2 e6 i3 p4 f6 b9 k1 f4 o7 m7 g1 n1 t2 n1 g1 m7 r1 e8 m4 j7 a0 j7 m4 e8 r1 l7 m5 b6 d0 l6 f8 s3 o9 j2 p6 n8 a6 r0 m9 p7 m9 r0 a6 n8 p6 j2 o9 s3 n7 c8 k9 t4 b8 l1 b8 t4 k9 c8 n7 s3 f8 o1 f9 i7 p8 h1 c4 g9 l0 p9 o8 i2 c2 m1 b3 m1 c2 i2 o8 p9 l0 f3 f5 t7 p0 r8 g0 b0 q5 o2 q5 b0 e0 b0 g0 r8 p0 m0 b1 d4 b1 m0 p0 t7 f2 a3 f7 q3 s2 q3 f7 h3 r7 h4 r7 e4 p1 e1 b4 s5 b4 e1 p1 e4 r7 h3 f7 a3 c0 i6 j6 i6 c0 a3 f2 t7 f5 f3 l0 g9 c4 h1 p8 i7 f9 o1 f8 l6 d0 b6 m5 l7 q0 t3 k0 h0 j1 c7 d9 r3 e7 l9 o5 k4 b5 m3 l4 m3 b5 k4 n9 i5 n0 s0 f0 i9 e3 n2 t0 t1 c5
77
c5 t9
t1 t1
t0 t0
n2 q1
n4 n4
i4 i4 r9
n0 n0
i5 i5 d6
o5 o5
l3 l3
t6 t6
l8 l8 t8
j5 j5
s1 s1 h6
d5 d5
f1 e2
g7 g7
s9 s9
r4 r4
g4 g4
t5 t5 e5
g8 g8 s7
h0 h0
q0 q0
r1 r1
m7 m7
o7 o7
k1 k1
f6 f6
k2 q8
h2 h2 n3
g1 g1 h5
t2 t2 i0
m4 m4
j7 j7
a0 a0 o0
l6 l6
s3 s3
o9 c3
j2 j2
p6 a4
a6 a6
p7 p7 b7 g6
c8 c8
k9 k9
l1 l1 a8
h1 h1
c4 c4
g9 g9
l0 l0
p9 p9 j3
o8 o8
b3 b3 a1
f3 f3
f5 f5
t7 t7
p0 p0
r8 a7
g0 g0
q5 q5
o2 o2 k6
e0 e0 g5
m0 m0
b1 b1
d4 d4 i1
f2 f2
q3 q3
s2 s2 n6
h3 h3
r7 r7
h4 h4 s4
e4 e4
e1 e1
s5 g3 o4
j6 j6 r2
b5 b5
l4 l4 o6
