0 128 59 152 111 181 111 152 59 141 107 78 93 135 4 143 140 34 105 8 67 110 86 57 86 110 67 8 105 34 140 143 87 19 185 19 87 143 4 38 147 89 88 82 166 10 127 10 50 163 196 123 12 43 12 123 196 72 30 187 197 187 30 72 196 163 50 10 166 82 85 82 88 89 147 38 124 189 124 38 4 135 93 78 48 168 151 199 151 184 131 159 198 52 145 65 95 83 95 65 145 52 134 27 134 52 198 159 138 173 138 159 115 159 131 184 32 171 73 64 129 186 178 13 178 186 126 191 126 80 102 139 23 45 58 195 101 195 58 194 117 194 58 45 23 139 102 80 126 186 129 165 129 64 73 171 32 184 151 175 151 168 48 78 107 31 136 142 125 142 136 31 107 141 59 128 0
66
128 7
59 59 133
111 111
181 181 103
141 141
107 107 21
93 93
135 135 179
143 143
140 109
105 105
67 67
110 33
86 177 169
57 57 167
87 87 61
19 19
185 185 5
147 147 81 155
89 89 63
166 71 161
127 127 193
50 55
163 163
196 113
123 123
43 43 69
30 153
187 187
197 197 75
85 85 77
189 189 157
168 119
151 151
199 199 9
131 131
159 159 97
145 145
65 65
95 95 51
83 83 183
27 27 91
173 173 53
115 115 3
32 1 137
171 171
73 73
129 129
186 29
13 13 49
126 35
191 191 79
80 15 47
102 39
139 139
23 23
45 45 37
58 17
195 195
101 101 11
117 117 99
165 165 149
175 175 121
31 31
136 41
125 125 25
