0 58 31 94 31 58 0 41 179 46 179 41 80 41 0 39 0 17 51 3 126 15 145 12 30 16 123 5 25 62 77 62 25 5 9 5 7 165 4 165 7 29 74 29 7 5 123 16 30 12 145 15 53 15 32 19 131 19 32 15 126 14 79 130 2 130 79 18 185 11 24 6 24 11 185 18 149 20 149 18 93 18 33 18 79 14 126 3 119 3 26 47 36 47 26 3 8 160 8 3 51 17 37 17 0
44
0 0 158
58 58 192
31 31
94 94 86
41 105
179 179
46 46 136
80 80 197
39 39 78 52 183 195
17 17
51 51
3 3 174
126 126
15 60
12 12 109
30 115
16 16 159
5 190 182
62 62
77 77 21
9 9 157
4 4 189
29 29
74 74 156
53 69 163
32 32 191 35
19 19 96
131 131 178
14 188
130 193
2 2 180
18 18
185 185
11 43 103
24 24 70
6 142 177 199
20 38 198
93 93 194
33 33 68
119 119 170
36 125 50
8 8 116 143
160 160 129
37 133 184
