61 48 59 77 94 87 12 22 12 87 94 49 90 82 90 71 33 71 90 21 52 91 60 57 88 1 83 1 88 57 51 57 60 36 97 19 97 36 60 91 29 15 29 91 8 0 8 91 52 21 90 49 28 35 28 49 11 26 45 54 98 54 38 80 74 80 38 54 45 26 11 49 94 25 27 2 27 25 94 77 92 77 59 48 61
29
48 48
12 5
22 6 4
90 90
82 82 17
33 33 63
52 42
91 91 32 70
60 60
57 57
1 1
83 83 31
51 51 76 86
36 36
97 97 85
19 3 73
15 15 37
8 8
0 39 69
28 28 65 30
35 35 10
11 11
26 26
98 98 72 58
80 80 14
74 74 40
25 25
2 2 67
92 92 44
