190 75 166 56 74 60 76 107 62 107 76 60 74 56 68 199 146 199 68 25 22 117 110 28 147 67 165 67 33 114 92 132 92 114 33 58 83 58 33 67 147 28 133 108 126 9 148 177 148 9 126 108 54 163 93 163 54 108 133 28 110 117 89 112 89 100 179 66 71 66 179 64 65 38 145 38 65 64 55 34 16 21 176 169 176 21 16 34 55 64 44 103 168 23 186 194 72 102 198 160 24 189 24 160 198 102 151 4 151 102 72 194 186 84 186 23 168 103 44 82 52 82 44 18 14 37 182 113 182 2 99 2 182 37 14 18 44 64 179 100 89 117 22 25 68 56 45 153 45 56 0 95 0 56 166 75 155 1 155 75 190
63
190 135
166 166
56 56
60 60
76 76
62 62 46
68 68 10
146 146 193
25 104
22 22
117 117
147 27
67 67 8
165 165 136
33 33
114 114
92 92 106
132 132 152
58 40 141
83 83 129
133 133 156
108 108 69
126 3 30 139
9 118
148 185
177 177 101 173
54 54 32 50
163 163
93 93 116 164
112 112 149
100 100
179 179 11
66 66
71 71 195
65 65
38 38
145 137 121
55 55 36
34 34
21 21
176 176
169 169 57
44 44
103 103
168 168
23 23
186 186
102 102 109
198 198
189 189 111
151 29 181
4 47 172
84 84 192
82 61
52 52 138
182 182
113 113 94 123
2 2
99 99 188
45 45
153 153 5
95 95 162
1 1 142
