Loc1 Loc37 Loc49 Loc5 Loc88 Loc65 Loc69 Loc65 Loc53 Loc27 Loc92 Loc27 Loc4 Loc87 Loc16 Loc70 Loc50 Loc51 Loc18 Loc90 Loc94 Loc6 Loc75 Loc80 Loc55 Loc73 Loc21 Loc73 Loc3 Loc73 Loc55 Loc64 Loc43 Loc64 Loc55 Loc80 Loc75 Loc10 Loc34 Loc2 Loc31 Loc2 Loc7 Loc2 Loc34 Loc10 Loc75 Loc6 Loc94 Loc90 Loc18 Loc51 Loc50 Loc70 Loc16 Loc87 Loc4 Loc27 Loc53 Loc25 Loc44 Loc25 Loc53 Loc65 Loc23 Loc84 Loc17 Loc84 Loc23 Loc65 Loc88 Loc45 Loc88 Loc5 Loc49 Loc37 Loc1
29
Loc37 Loc19
Loc49 Loc49
Loc65 Loc65 Loc81
Loc69 Loc69 Loc72
Loc53 Loc53
Loc92 Loc92 Loc13
Loc4 Loc4 Loc91
Loc87 Loc87 Loc74
Loc16 Loc46
Loc70 Loc70 Loc52
Loc50 Loc50
Loc18 Loc18 Loc63 Loc98
Loc90 Loc90
Loc6 Loc6
Loc80 Loc80
Loc55 Loc55 Loc42
Loc21 Loc21 Loc9
Loc3 Loc3 Loc29
Loc64 Loc15
Loc43 Loc43 Loc47
Loc10 Loc10 Loc38
Loc34 Loc34
Loc2 Loc2 Loc11
Loc31 Loc0 Loc79
Loc7 Loc7 Loc22 Loc68
Loc25 Loc25 Loc56
Loc44 Loc41 Loc62
Loc17 Loc17 Loc32
Loc45 Loc45 Loc76
