114 78 161 99 128 19 171 64 127 165 111 82 60 195 5 65 5 37 5 195 60 140 137 44 11 32 24 179 17 147 96 147 17 179 24 32 11 44 137 140 60 82 111 165 127 64 171 19 128 99 161 78 114 49 67 98 100 73 81 182 57 117 57 182 81 73 100 98 67 91 28 85 62 149 129 92 47 26 18 26 47 92 129 149 95 149 45 164 45 149 62 108 51 80 133 10 133 80 51 46 187 135 187 46 173 175 173 46 0 29 0 46 51 108 62 85 28 91 67 49 58 102 97 174 97 88 122 31 14 162 125 70 43 113 89 59 27 55 79 20 83 139 143 139 83 20 79 15 48 136 50 112 181 112 50 136 48 15 79 55 42 55 27 59 89 113 43 70 125 162 90 180 16 130 176 183 138 146 169 146 138 183 176 104 87 104 176 130 16 180 90 162 72 3 72 162 14 31 122 88 97 102 58 49 114
69
114 114
78 78
161 161
19 119
171 171
127 127 155
111 111 69
195 195
5 5 41
65 134 196
37 37 115
140 177
32 32
24 24
17 36
147 147
96 96 167
49 49
67 67
98 98
100 100
81 81 188
182 182
57 75
117 117 1
91 91
28 28
85 199
62 62
149 149 35
92 92
47 47
26 26
18 18 63
95 95 53
164 164 154
108 108
51 51
133 133
10 10 191
187 187
135 135 93
173 173
175 175 74
0 0
29 29 76
102 102 170
174 174 94 150
31 31
14 14
70 70
43 43 197
89 89
59 59 131
143 105 109
15 15
48 33
50 166
112 112
181 181 21 148
42 42 66
90 124
16 16 12
176 176
183 183
146 146
169 169 84
87 87 38
3 3 4 7 103
