49 20 96 60 91 88 91 60 96 20 62 56 3 95 53 24 34 87 39 82 98 97 42 86 16 18 15 45 27 38 94 19 65 5 65 19 94 38 27 45 15 18 16 86 42 97 98 82 39 87 34 13 99 31 1 11 1 31 99 13 34 24 53 95 3 73 41 67 26 85 33 66 80 59 78 64 78 59 80 66 33 37 81 55 81 52 40 51 23 51 40 52 81 37 71 37 33 85 26 67 41 73 3 56 62 20 49
35
49 49
20 20
60 60
88 88 36 90
95 95
53 53
24 24
34 6
87 87
82 82
98 98
97 97
42 42
86 86
16 16 77
18 18 10
45 45
38 38 21
19 19
5 5 72
13 83
1 1 4
11 11 89
73 73
41 76
80 80 48
59 59
64 64 32
37 37
81 7
55 55 12
40 2
51 51
23 23 9 70
71 71 47 93
