bw m ak az ak m ai ay bb cu cq bl u an ab cf ci bs q ch q bs ci cf w ae bp bk ce ca a r bz cd br cd bz r bo k bt k bo r a ca ce bh ce bk l bk bp ae p ae w cf ab an u bl cq cu ad cu bb ay ai m i af d bj cg s bi h v ao g cc as aa av aa as cc g ao v ag v h bi s cg bj d af i m bw
31
bw bw
az az ac
bb cn
cq cq
u u x
an bm
ab co
cf cf
ci ci
q q
ch ch j
w w ct
ca ca z bd
r r
bz bz
br br b
bo bo n
k k o
bt bt aj by
bh bh ck
l l ax
p p ap cr bx
ad ad au
af af
d d
s cs
ao ao
g al
aa f
av av cp
ag ag bq
