gc gk gc ej ad gj di gi d dh en dq bp cf fi cf aw h dj gg dj h aw cf bp dq en dh d gi di gj ad be gl dr bb bt f bf gd fp ag ao ev ct cw bc bs bz gn dx fv fq fv dx gn bz bs bc cw ct cl ee cj ee cl ct ev ao ag fp gd bf f bt bb dr gl be ad ej gc as co bw ax r fx fd fo ft bo an bo ft fo fd fx r q fr dg cm dg u fm bk et df bv gf fw dy bh gp ew cg fy fb br g br fb al er eu l go z de z go l eu er al fb fy cx db fa db cx fy cg ew gp bh dy fw gf bv j cp j bv df bn b aq dc dk v gq bu fg eg aj du aj eg fg bu gq a c e c a gq v ai v dk dc aq b bn df et bk fm u dg fr q r ax bw co as gc
71
gk gk em
ad ad
gj gj
di di
gi gi
d d eq
dh dh
en en
dq dq
bp bp
fi fi bj
aw aw do
dj dj
gg gg dp
be bx
gl cq
dr ap
bb bb ae
bt bt
bf ey fn
ao ao cv
bc bc ah by
gn gn
dx dx gh
fv p
fq fq fk
cl cl cs
ee ee
cj cj bi el
as as ac
co co
fd fd
fo fo
ft ft
an an bl
q q
fr fr
dg dg gm
cm cm ab
u u
bk ds
et et
df fh
bv bv
fw fw
dy dy
cg cg
fy fy
br br
g g cn
er er
go go
z ck
de am ep
db db az
fa fa ge
j j
cp cp cr
bn bn
b b
dc cz
v v
gq gq
bu bu
eg es
aj y
du dw ga
a a
c bq at
e e ff fe
ai ai dn
