n0 n74 n65 n97 n67 n21 n73 n41 n71 n31 n43 n31 n4 n64 n61 n80 n29 n13 n23 n68 n19 n75 n48 n3 n40 n96 n76 n33 n45 n98 n25 n57 n72 n22 n26 n70 n14 n46 n14 n70 n26 n22 n72 n57 n25 n98 n45 n28 n2 n28 n45 n33 n76 n96 n40 n16 n20 n16 n40 n3 n34 n3 n48 n75 n19 n68 n23 n13 n29 n80 n61 n64 n4 n31 n71 n41 n73 n21 n67 n97 n65 n91 n78 n58 n12 n85 n27 n10 n27 n85 n11 n32 n11 n85 n12 n58 n78 n91 n65 n74 n0
33
n0 n0 n47
n21 n21 n5 n15
n41 n41
n31 n31
n43 n43 n18 n42
n4 n4
n61 n1
n29 n29
n13 n13
n23 n23
n19 n19
n48 n48
n3 n3
n40 n40
n76 n38
n33 n33
n45 n45
n25 n25
n22 n22 n37
n26 n26 n35
n14 n14
n46 n46 n36
n28 n28 n17
n2 n2 n30
n16 n16
n20 n20 n24 n49
n34 n34 n39
n78 n6
n12 n12
n27 n27 n7
n10 n10 n44
n11 n11 n9
n32 n32 n8
