n0 n163 n136 n171 n39 n99 n96 n162 n17 n156 n147 n173 n91 n158 n72 n121 n47 n170 n106 n144 n41 n73 n58 n73 n41 n144 n106 n170 n70 n26 n70 n170 n47 n121 n72 n108 n148 n176 n75 n86 n75 n176 n148 n108 n72 n158 n91 n173 n147 n156 n97 n35 n76 n43 n149 n5 n153 n174 n180 n164 n190 n64 n71 n95 n71 n64 n30 n89 n111 n90 n117 n98 n107 n183 n63 n84 n63 n27 n150 n14 n161 n82 n24 n198 n9 n3 n79 n3 n9 n198 n24 n82 n161 n14 n150 n27 n63 n183 n107 n98 n117 n90 n111 n89 n30 n64 n190 n164 n180 n174 n153 n5 n53 n5 n149 n43 n76 n35 n97 n156 n17 n162 n96 n99 n39 n78 n187 n83 n192 n32 n87 n8 n36 n151 n25 n151 n36 n8 n87 n2 n81 n125 n199 n154 n93 n186 n172 n100 n10 n20 n10 n100 n172 n74 n165 n179 n16 n179 n165 n74 n172 n186 n93 n65 n55 n109 n142 n23 n67 n23 n142 n109 n55 n65 n93 n154 n199 n125 n81 n2 n87 n32 n192 n83 n187 n78 n39 n171 n136 n163 n0 n85 n131 n68 n31 n66 n195 n191 n34 n181 n137 n115 n77 n12 n33 n92 n45 n196 n178 n196 n45 n92 n33 n12 n77 n115 n137 n181 n34 n191 n195 n66 n31 n68 n131 n85 n0
73
n0 n0 n22
n171 n54
n39 n39
n99 n99
n96 n96
n17 n17
n91 n91
n72 n72
n47 n47 n29
n41 n41
n73 n73
n58 n58 n7 n15
n70 n70
n26 n26 n37
n75 n75
n86 n86 n57 n6
n97 n97
n35 n35
n76 n76
n43 n43
n5 n5
n174 n18
n64 n64
n71 n71 n42
n95 n95 n62
n30 n30
n89 n89 n38
n111 n19
n90 n90
n98 n98
n63 n63
n84 n84 n1
n27 n27
n14 n14
n82 n82
n24 n24 n80
n9 n9
n3 n3
n79 n79 n52
n53 n53 n4
n78 n78
n83 n83
n32 n32
n87 n87
n8 n8
n36 n36
n151 n13
n25 n25 n94
n2 n2
n81 n81
n154 n46
n93 n93
n10 n10
n20 n20 n44
n74 n74
n16 n16 n51 n69
n65 n65
n55 n55 n40
n23 n23
n67 n67 n50
n85 n85
n68 n68 n61
n31 n31
n66 n66 n59
n191 n56
n34 n34 n49
n77 n77
n12 n12 n28
n33 n33 n88
n92 n92
n45 n45 n60
n196 n48
n178 n21 n11
