Liam Elias Isaiah Leo Aaron Nathan Ryan Cameron Jace Gavin Parker Aiden William Aiden Parker Gavin Jace Cameron Ryan Nathan Aaron Leo Isaiah Joseph Jaxson Brayden Adam Brayden Jaxson Colton Sawyer Jose Owen Jose Sawyer Colton Levi Chase Hunter Theodore Nicholas Jordan Roman Maverick Cooper Maverick Roman Jordan Nicholas Theodore David Theodore Hunter Chase Levi Evan Josiah Eli Josiah Evan Levi Colton Jack Jameson Ayden Carter Ayden Jameson Jack Colton Jaxson Joseph Mateo Alexander Mateo Joseph Isaiah Elias Liam
18
Liam Liam
Aaron James
Aiden Aiden
William William Logan
Joseph Joseph
Jaxson Michael
Brayden Ethan Samuel
Adam Jayden Dylan Daniel
Sawyer John
Owen Owen Noah
Levi Henry
Chase Luke
Roman Jacob
Cooper Matthew Elijah
David David Sebastian
Eli Lucas Jackson Wyatt Oliver
Carter Carter Benjamin
Alexander Alexander Mason
