Liam Jordan Leonardo Xander Maddox Ezekiel Maddox Xander Leonardo George Emmett Xavier Emmett George Ethan Brantley Kai Blake Calvin Nathan Kevin Weston Abel Steven Hunter Zachary Jude Theodore Jude Zachary Hunter Steven James Steven Abel Weston Kevin John Messiah Zion Gavin Dawson Gael Wyatt Gael Dawson Declan Brayden Declan Dawson Gavin Zion Messiah Miguel Amir Aaron Chase Dean Patrick Oliver Patrick Dean Chase Aaron Amir Miguel Mateo Aiden Tucker Charles Tucker Aiden Richard Aiden Mateo Miguel Messiah Eric Messiah John Matthew Jayce Gabriel Jayce Henry Malachi Bryson Malachi Adam Malachi Henry Jayce Matthew John Kevin Nathan Connor Jasper Elliot Grayson Maxwell Anthony Maxwell Grayson Elliot Jasper Alan Santiago Kaleb Antonio Grant Ashton Jose Ezra Jose Ashton Grant Max Jayden Bentley Camden Maverick Noah Brandon Kingston Miles Nolan Elijah Nolan Miles Kingston Brandon Noah Maverick Camden Bentley Jayden Max Grant Antonio Kaleb Santiago Carter Elliott Jeremy Joel Dylan Joel Jeremy Elliott Carter Santiago Alan Jasper Connor Nathan Calvin Blake Kai Brantley Ethan Juan Ivan Hudson Jameson Matteo Julian Matteo Jameson Hudson Ivan Juan Ethan George Leonardo Jordan Jack Joshua Jack Jordan Liam
59
Liam Liam Evan
Jordan Jordan
Xander Levi
Maddox Daniel
Ezekiel Ezekiel Jeremiah
Emmett Dominic
Xavier Xavier Ryan
Ethan Ethan
Kai Christopher Carson
Nathan Nathan
Kevin Jacob
Weston Jaxson
Steven Eli
Hunter Hunter Isaiah Thomas
Jude Joseph Jace
Theodore Theodore Austin
James James Isaac
John John
Zion Nicholas Landon Christian
Gavin Parker
Dawson Ian
Wyatt Wyatt Sebastian
Brayden Brayden Asher
Aaron Aaron Michael
Dean William
Oliver Oliver Andrew
Mateo Mateo
Aiden Aiden
Charles Charles Mason
Richard Easton Jonathan
Eric Samuel Greyson
Matthew Matthew Jaxon
Gabriel Gabriel Cameron
Henry Henry
Bryson Bryson Leo
Adam Adam Colton
Connor Connor
Elliot David
Grayson Grayson Alexander
Anthony Anthony Angel
Kaleb Elias Robert
Antonio Owen
Grant Cooper
Jose Jose
Ezra Ezra Jackson
Jayden Jayden
Maverick Maverick
Noah Noah
Kingston Luke
Nolan Nolan Logan
Elijah Elijah Adrian
Carter Carter
Elliott Caleb
Dylan Dylan Lincoln
Hudson Hudson
Jameson Benjamin
Julian Julian Josiah
Jack Jack
Joshua Joshua Lucas
