LOC16 LOC18 LOC83 LOC57 LOC83 LOC18 LOC15 LOC46 LOC37 LOC82 LOC34 LOC90 LOC34 LOC69 LOC0 LOC36 LOC51 LOC73 LOC51 LOC36 LOC26 LOC4 LOC47 LOC63 LOC45 LOC71 LOC44 LOC33 LOC9 LOC33 LOC44 LOC71 LOC45 LOC63 LOC47 LOC4 LOC26 LOC36 LOC0 LOC69 LOC34 LOC12 LOC34 LOC82 LOC27 LOC61 LOC48 LOC87 LOC48 LOC56 LOC48 LOC61 LOC27 LOC82 LOC37 LOC46 LOC25 LOC59 LOC13 LOC42 LOC62 LOC42 LOC13 LOC59 LOC25 LOC46 LOC15 LOC18 LOC16
27
LOC16 LOC22 LOC52
LOC18 LOC18
LOC57 LOC57 LOC17
LOC15 LOC15
LOC46 LOC46 LOC53
LOC37 LOC37 LOC95
LOC82 LOC82 LOC28
LOC90 LOC90 LOC20
LOC0 LOC23 LOC97
LOC36 LOC36
LOC51 LOC3
LOC73 LOC73 LOC43 LOC99
LOC26 LOC26
LOC4 LOC4
LOC47 LOC47
LOC45 LOC45 LOC50 LOC79
LOC44 LOC96
LOC33 LOC33
LOC9 LOC9 LOC85
LOC12 LOC12 LOC81
LOC27 LOC78
LOC61 LOC61 LOC31
LOC87 LOC70 LOC29
LOC56 LOC56 LOC98
LOC25 LOC25
LOC59 LOC59
LOC62 LOC62 LOC89
