zero one eight fifteen twentytwo twentynine thirtysix fortythree fifty fiftyseven sixtyfour seventyone seventyeight eightyfive ninetytwo ninetynine onehunsix onehunthirteen onehuntwenty onehuntwentyseven onehunthirtyfour onehunfortyone onehunfortyeight onehunfiftyfive onehunsixtytwo onehunsixtynine onehunseventysix onehuneightythree onehunninety onehunninetyone onehunninetytwo onehunninetythree onehunninetytwo onehunninetyone onehunninety onehuneightythree onehuneightyfour onehuneightythree onehunseventysix onehunseventyseven onehunseventyeight onehunseventynine onehuneighty onehunseventynine onehunseventyeight onehunseventyseven onehunseventysix onehunsixtynine onehunseventy onehunseventyone onehunseventytwo onehunseventythree onehunseventytwo onehunseventyone onehunseventy onehunsixtynine onehunsixtytwo onehunsixtythree onehunsixtyfour onehunsixtyfive onehunsixtyfour onehunsixtythree onehunsixtytwo onehunfiftyfive onehunfiftysix onehunfiftyseven onehunfiftyeight onehunfiftynine onehunfiftyeight onehunfiftyseven onehunfiftysix onehunfiftyfive onehunfortyeight onehunfortynine onehunfortyeight onehunfortyone onehunfortytwo onehunfortythree onehunfortyfour onehunfortyfive onehunfortyfour onehunfortythree onehunfortytwo onehunfortyone onehunthirtyfour onehuntwentyseven onehuntwentyeight onehuntwentyseven onehuntwenty onehuntwentyone onehuntwentytwo onehuntwentythree onehuntwentytwo onehuntwentyone onehuntwenty onehunthirteen onehunfourteen onehunfifteen onehunsixteen onehunseventeen onehunsixteen onehunfifteen onehunfourteen onehunthirteen onehunsix onehunseven onehuneight onehunnine onehunten onehunnine onehuneight onehunseven onehunsix ninetynine ninetytwo eightyfive seventyeight seventynine eighty eightyone eightytwo eightyone eighty seventynine seventyeight seventyone seventytwo seventyone sixtyfour sixtyfive sixtysix sixtyseven sixtysix sixtyfive sixtyfour fiftyseven fiftyeight fiftyseven fifty fiftyone fiftytwo fiftythree fiftytwo fiftyone fifty fortythree fortyfour fortythree thirtysix thirtyseven thirtysix twentynine thirty thirtyone thirtytwo thirtythree thirtytwo thirtyone thirty twentynine twentytwo twentythree twentyfour twentyfive twentysix twentyfive twentyfour twentythree twentytwo fifteen sixteen seventeen sixteen fifteen eight nine ten eleven ten nine eight one zero
65
zero two three six seven
one one
eight fourteen
fifteen fifteen
twentynine twentynine
fortythree fortythree fortynine
fiftyseven fiftyseven
sixtyfour sixtyfour seventy
seventyone seventyone seventyseven
seventyeight seventyeight eightyfour
eightyfive eightyseven
ninetytwo ninetyeight
ninetynine ninetynine onehunone
onehunthirteen onehunthirteen onehunnineteen
onehuntwenty onehuntwentysix
onehuntwentyseven onehuntwentyseven
onehunthirtyfour onehunthirtyfive onehunforty
onehunfortyeight onehunfiftyfour
onehunfiftyfive onehunsixtyone
onehunsixtynine onehunsixtynine onehunseventyfive
onehunseventysix onehunseventysix onehuneightytwo
onehunninety onehunninety
onehunninetyone onehunninetyone
onehunninetytwo onehunninetytwo
onehunninetythree onehunninetythree onehunninetyfour
onehuneightyfour onehuneightyfour onehuneightyseven
onehunseventyeight onehunseventyeight
onehuneighty onehuneighty onehuneightyone
onehunseventy onehunseventy
onehunseventyone onehunseventyone
onehunseventythree onehunseventythree onehunseventyfour
onehunsixtythree onehunsixtythree
onehunsixtyfour onehunsixtyfour
onehunsixtyfive onehunsixtyfive onehunsixtysix
onehunfiftyseven onehunfiftyseven
onehunfiftynine onehunfiftynine onehunsixty
onehunfortynine onehunfortynine onehunfifty
onehunfortythree onehunfortythree
onehunfortyfour onehunfortyfour
onehunfortyfive onehunfortyfive onehunfortysix
onehuntwentyeight onehuntwentyeight onehunthirty
onehuntwentyone onehuntwentyone
onehuntwentythree onehuntwentythree onehuntwentyfour
onehunsixteen onehunsixteen
onehunseventeen onehunseventeen onehuneighteen
onehuneight onehuneight
onehunten onehunten onehuneleven
seventynine seventynine
eightytwo eightytwo eightythree
seventytwo seventytwo seventyfive
sixtysix sixtysix
sixtyseven sixtyseven sixtynine
fiftyeight fiftyeight sixty
fiftytwo fiftytwo
fiftythree fiftythree fiftyfive
fortyfour fortyfour fortyfive
thirtyseven thirtyseven thirtyeight
thirtythree thirtythree thirtyfour
twentythree twentythree
twentyfive twentyfive
twentysix twentysix twentyseven
sixteen sixteen
seventeen seventeen twenty
ten ten
eleven eleven twelve
