zero one eight fifteen twentytwo twentynine thirtysix fortythree fifty fiftyseven sixtyfour seventyone seventyeight eightyfive eightysix eightyseven eightyeight eightyseven eightysix eightyfive seventyeight seventynine eighty eightyone eighty seventynine seventyeight seventyone sixtyfour sixtyfive sixtysix sixtyseven sixtysix sixtyfive sixtyfour fiftyseven fiftyeight fiftynine sixty sixtyone sixty fiftynine fiftyeight fiftyseven fifty fiftyone fiftytwo fiftythree fiftytwo fiftyone fifty fortythree fortyfour fortyfive fortysix fortyseven fortysix fortyfive fortyfour fortythree thirtysix thirtyseven thirtysix twentynine thirty thirtyone thirtytwo thirtythree thirtytwo thirtyone thirty twentynine twentytwo twentythree twentyfour twentythree twentytwo fifteen eight nine ten nine eight one zero
31
zero two three four five six
eight fourteen
fifteen fifteen twenty
twentytwo twentytwo
twentynine twentynine thirtyfive
thirtysix thirtysix
fifty fifty
fiftyseven fiftyseven
sixtyfour seventy
seventyone seventyone seventyfive seventyseven
seventyeight seventyeight eightyfour
eightyfive ninetyfive
eightyseven eightyseven
eightyeight eightyeight eightynine
seventynine seventynine
eightyone eightyone eightytwo
sixtyfive sixtyfive
sixtysix sixtysix
sixtyseven sixtyseven sixtyeight
sixty sixty
sixtyone sixtyone sixtytwo
fiftyone fiftyone
fiftythree fiftythree fiftyfive
fortyfour fortyfour
fortyfive fortyfive
fortyseven fortyseven fortyeight
thirtyseven thirtyseven thirtynine
thirty thirty
thirtythree thirtythree thirtyfour
twentyfour twentyfour twentyfive
ten ten twelve
