0 109 110 150 92 182 59 115 190 177 120 183 44 107 47 99 42 99 47 170 73 64 73 122 95 3 127 141 131 38 14 188 146 119 146 188 14 38 157 101 140 126 39 126 140 100 96 21 52 71 58 71 52 21 96 100 140 101 157 38 131 54 159 80 159 54 131 141 57 40 91 1 91 40 57 141 127 3 88 10 8 10 88 3 95 105 27 105 95 122 73 170 47 107 44 183 120 98 90 28 144 85 11 75 62 176 45 149 180 68 171 50 153 50 171 68 72 22 163 69 41 69 163 22 72 68 37 26 37 68 180 149 45 176 62 75 11 85 144 94 169 194 112 104 142 192 78 6 78 192 142 104 4 31 5 179 48 179 5 31 4 104 112 194 169 94 144 28 84 28 90 98 120 177 33 177 190 115 59 182 92 150 110 109 160 20 79 12 79 20 160 109 0
71
0 0
109 86
110 15
92 92
182 70
59 59 89
120 87
183 83
44 44
47 47
99 99 32
42 42 35
73 73
64 64 67
95 95
3 3
38 38 25
14 14
188 77
119 60 56
140 7
39 39 18
100 24
96 96 16
21 21
52 52 74
71 71
58 58 81
54 54
80 80 55
57 57
40 40
91 91
1 1 61
88 88
10 10
8 8 49
27 27 97
98 98
90 90
28 28
144 43
85 85
11 11 82
75 75 29
62 62
176 66 34
45 45
180 23
68 68
50 50
153 19 65
72 72
22 22
69 69
41 41 30
37 37
26 26 93
94 94
194 9
78 78
6 6 51
4 4
31 31
5 5 2 13 63
48 48 46
84 84 76
33 33 17
20 20 53
79 79
12 12 36
