0 52 58 38 58 14 58 52 88 52 96 71 28 80 47 2 51 94 93 24 55 48 18 48 55 24 87 22 87 92 16 17 16 92 87 24 62 53 12 26 29 26 12 53 62 24 93 94 51 2 78 8 43 8 78 30 78 20 78 2 47 80 28 71 76 81 74 91 82 19 82 97 40 45 40 97 13 69 25 69 13 97 82 91 74 81 76 71 96 52 0
31
0 0
52 27
38 38 9 46
14 14 33
88 23 6
28 28
47 47
2 2
94 39
93 32
24 24
48 48
18 18 36
22 22 21
16 16
17 17 7
12 12
26 26
29 29 42
78 5
8 8
43 43 10
30 30 37
20 20 41 4
19 19 35 31
97 1 11
40 40 44
45 45 49
13 13
69 3
25 25 34 15
