0 81 85 1 73 53 17 111 24 93 48 28 33 105 21 103 41 50 7 119 7 106 38 44 74 99 46 64 39 65 114 12 113 78 110 75 30 6 22 88 84 56 25 79 40 42 80 87 83 23 70 20 37 27 31 98 36 61 63 8 91 118 91 8 63 61 36 54 71 32 19 11 94 5 52 67 51 108 51 67 52 5 94 11 19 32 71 54 36 98 31 27 37 20 70 23 83 87 80 42 40 79 25 56 84 88 22 6 30 75 110 78 113 12 114 65 104 18 109 45 95 100 95 45 109 18 104 65 39 64 46 99 74 44 49 102 2 107 2 102 49 44 38 106 7 50 41 103 21 105 33 68 101 68 15 76 47 35 82 116 82 35 47 76 15 68 33 28 13 58 115 58 13 28 48 93 24 72 112 72 24 111 17 53 73 1 85 81 0 3 117 3 0
26
33 158
105 141 142 143 144 145 146
21 183
103 134 135 136 137
119 197 198 199
106 147 148 149 150 152 153 154
114 181 184 185
12 132
113 178 179
110 168 169 170
36 125
8 151
118 195 196
19 172
108 156 157 159 160 194
104 138 139 140
109 161 162 163 164 165 166 167 180
100 120 121 122 123
102 131 133
107 171 155
101 124 126 127 128 129 130
76 182
116 188 189 190
115 186 187
112 173 174 175 176 177
117 191 192 193
