equinox progress wilderness constant lamb improvement kitchen improve death sustain hiccup sustain death uncertainty reinforce corpse balance flow balance corpse reinforce uncertainty death improve explicit improve kitchen improvement sell cycle approach advocate essential paint seller paint essential advocate union liability chain presidential dry revise mastermind tropical mastermind revise dry presidential mirror bark glove bark fish brick fish bark mirror presidential chain liability union advocate approach cycle sell improvement lamb constant wilderness progress equinox
26
equinox equinox band funeral
progress dollar
wilderness wilderness method
lamb lamb
kitchen farewell
improve disposition
hiccup hiccup photograph
uncertainty uncertainty
corpse corpse
flow flow slice
explicit explicit clothes referee
cycle secretary
essential essential jurisdiction
paint paint orange
seller seller houseplant
union union fibre
chain chain
presidential presidential
dry dry
mastermind mastermind
tropical tropical muggy
mirror prejudice
bark bark aisle twitch
glove glove novel
fish fish
brick brick analyst remark
