pump need preoccupation inquiry voice sacrifice wear sacrifice increase sacrifice voice splurge ghost parallel ghost diagram precede extension descent opposition hallway feign tip allow tip feign Bible hierarchy Bible feign hallway opposition wife performance shed depressed shed inspector few coma minor pepper pedestrian pepper minor coma few duck slam sex slam Mars slam duck few inspector shed performance wife opposition descent gun ensure agenda ensure gun descent extension precede diagram ghost splurge fitness prevent clock deprivation compromise polish statement valley statement polish compromise distributor exercise sensitivity line operational pipe operational skin reject skin operational novel operational line sensitivity exercise separate sticky separate exercise resort sentiment packet sentiment ton sweet ton sentiment resort exercise distributor impound distributor compromise deprivation sit deprivation clock plane salesperson share admiration share salesperson plane clock prevent fitness splurge voice inquiry preoccupation need pump
48
pump pump
need need
preoccupation preoccupation
sacrifice sacrifice
wear wear lot
increase engineer guideline
splurge plug
ghost ghost
parallel parallel forest
diagram diagram wage
extension appearance
descent descent
opposition unanimous pray
hallway hallway
feign feign consideration
tip tip
allow mouse brain
Bible fairy
hierarchy hierarchy innovation
performance performance title
shed gloom
depressed depressed privilege range
minor minor
pedestrian pedestrian prospect nominate
sex overlook leadership
Mars reflection literature
gun aspect
ensure ensure lemon
agenda park physical
fitness category
polish polish
valley valley rock
distributor distributor
exercise exercise freedom
line line
pipe pipe anger
skin float
reject reject judicial
novel row pursuit genetic
separate separate
sticky sticky button
resort mud
sentiment sentiment
packet packet affect ground
sweet sweet formulate
impound impound survival
sit sit linger
admiration admiration attractive
