F1E81B DD07FF 0A147B 17779E FFFD4B 573788 2334E8 DE6899 BDE94D F8EE67 9D4968 6825D4 3EDE7E EB8E2E A9F1B8 EB8E2E 2CA4AD 1B337D C45E71 6B622D C45E71 1B337D 2CA4AD EB8E2E 3EDE7E 6825D4 1D21D3 8EBF8A 8C971D E2CE9F E33276 A7D03E 1111F7 D4A75D 124C90 612FAA B23276 103724 5A3862 CC6D2A 099830 82A1F6 E0BEFC EC4D08 B7F75A 6CAF46 B7F75A EC4D08 E0BEFC 82A1F6 099830 48EA33 10520F 086D53 9A8DF4 6B4619 CC9C14 6B4619 9A8DF4 086D53 10520F 48EA33 E63884 B27903 7BE8A9 C9AF85 9096DB 36590B 53C6C8 36590B 9096DB C9AF85 7BE8A9 B27903 AEFF96 B27903 E63884 48EA33 099830 04439C 205E5C AD0427 580DB7 5D0E2E 0CBC31 5D0E2E D2BE39 783751 ABD8FE 783751 846159 D6CC7A 846159 5BB557 1EC224 5BB557 846159 BA3320 13A782 E80628 13A782 A94B37 A014A0 D8AAF4 8F17C0 D8AAF4 A014A0 A94B37 13A782 BA3320 90451D BA3320 846159 783751 D2BE39 490F1E D2BE39 5D0E2E 5EFED0 2595F1 5EFED0 5D0E2E 112AE7 BB4908 112AE7 5D0E2E 580DB7 AD0427 205E5C 04439C 099830 CC6D2A 5A3862 3B4B53 D1967A 3B4B53 5A3862 103724 B23276 612FAA 124C90 D4A75D 1111F7 A7D03E E33276 29D5D7 E33276 E2CE9F 8C971D 8EBF8A 1D21D3 6825D4 9D4968 F8EE67 BDE94D 79BC3D EE2A22 79BC3D B69F55 79BC3D BDE94D 2924CB 1F842B 2924CB 4B3F8A 86493E 4B3F8A 2924CB 3C5D7A 230A7C 85D6DB 230A7C 3C5D7A 2924CB BDE94D DE6899 2334E8 573788 FFFD4B 17779E 0A147B DD07FF 002274 DD07FF 6C010A 5FD658 770D1A 5FD658 6C010A DD07FF F1E81B
60
F1E81B F1E81B
DD07FF 1E1095
17779E 17779E
FFFD4B FFFD4B
573788 573788
DE6899 DE6899
6825D4 AE4A01 239994
EB8E2E 14994D 596CF6
A9F1B8 52C88C 5C7062
1B337D 7E1C6C
C45E71 4A28BA
6B622D 6B622D 5F4E43
8EBF8A 8EBF8A
1111F7 6B340B 6966D7
D4A75D D4A75D 4CAD30
124C90 124C90
B23276 8BFCAC
CC6D2A 2BF7B5
82A1F6 2FEDFB
E0BEFC 47FACD 28F6D1
B7F75A B7F75A
6CAF46 813B05 685D1A
10520F C3EF62
086D53 61199E F33196 4A5708
9A8DF4 305D33
CC9C14 CC9C14 A1F104
7BE8A9 FFEEBD
C9AF85 C9AF85
9096DB 9096DB
36590B 36590B 66048A
53C6C8 7829D7 614224
AEFF96 AEFF96 36C862
205E5C BB40E6 DCE144
5D0E2E 6E313C
0CBC31 0CBC31 E3C2C9 8F495E
783751 783751
ABD8FE ABD8FE 20EAE7
846159 6D51F4
D6CC7A D6CC7A B47658
5BB557 5BB557
1EC224 C4303B 293D59 4099A6
E80628 E80628 14B430
A014A0 93EBE3
8F17C0 8F17C0 151BC9
90451D 90451D CEAC59
490F1E 490F1E 77A0B5
2595F1 8B6C2F 8B519F
112AE7 94A561
BB4908 BB4908 E5E6C0 C18C9B
3B4B53 3B4B53
D1967A D1967A 851F90
29D5D7 29D5D7 8015E0
EE2A22 396D53 4B97F1 59843B
B69F55 B69F55 2CCB19
1F842B 1F842B 7E78F3
86493E 86493E E81014
230A7C 230A7C
85D6DB 85D6DB E51A66 63361A
002274 C3B3E7 0F5860 D337F2
770D1A 770D1A 8417C8
