a1 a5 a6 a5 a1 a2 a3 a4 a8 a9 a10 a11 a187 a11 a171 a172 a176 a177 a178 a179 a180 a184 a185 a184 a180 a179 a178 a177 a176 a172 a171 a11 a155 a156 a160 a161 a162 a163 a164 a168 a169 a168 a164 a163 a162 a161 a160 a156 a155 a11 a139 a140 a144 a145 a146 a147 a148 a152 a153 a152 a148 a147 a146 a145 a144 a140 a139 a11 a123 a124 a128 a129 a130 a131 a132 a136 a137 a136 a132 a131 a130 a129 a128 a124 a123 a11 a107 a108 a112 a113 a114 a115 a116 a120 a121 a120 a116 a115 a114 a113 a112 a108 a107 a11 a91 a92 a96 a97 a98 a99 a100 a104 a105 a104 a100 a99 a98 a97 a96 a92 a91 a11 a75 a76 a80 a81 a82 a83 a84 a88 a89 a88 a84 a83 a82 a81 a80 a76 a75 a11 a59 a60 a64 a65 a66 a67 a68 a72 a73 a72 a68 a67 a66 a65 a64 a60 a59 a11 a43 a44 a48 a49 a50 a51 a52 a56 a57 a56 a52 a51 a50 a49 a48 a44 a43 a11 a27 a28 a32 a33 a34 a35 a36 a40 a41 a40 a36 a35 a34 a33 a32 a28 a27 a11 a12 a16 a17 a18 a19 a20 a24 a25 a24 a20 a19 a18 a17 a16 a12 a11 a10 a9 a8 a4 a3 a2 a1
72
a1 a1
a6 a6 a22 a38 a54 a70 a86 a102 a118 a134 a150 a166 a182
a3 a3
a4 a4
a9 a9 a14
a11 a11
a187 a187 a188
a171 a171
a172 a172
a177 a177
a179 a179
a180 a180
a185 a185 a190
a155 a155
a156 a156
a161 a161
a163 a163
a164 a164
a169 a169 a174
a139 a139
a140 a140
a145 a145
a147 a147
a148 a148
a153 a153 a158
a123 a123
a124 a124
a129 a129
a131 a131
a132 a132
a137 a137 a142
a107 a107
a108 a108
a113 a113
a115 a115
a116 a116
a121 a121 a126
a91 a91
a92 a92
a97 a97
a99 a99
a100 a100
a105 a105 a110
a75 a75
a76 a76
a81 a81
a83 a83
a84 a84
a89 a89 a94
a59 a59
a60 a60
a65 a65
a67 a67
a68 a68
a73 a73 a78
a43 a43
a44 a44
a49 a49
a51 a51
a52 a52
a57 a57 a62
a27 a27
a28 a28
a33 a33
a35 a35
a36 a36
a41 a41 a46
a12 a12
a17 a17
a19 a19
a20 a20
a25 a25 a30
