Bowles Calvin Bowles Mulford Latimer Edwards Latimer MLK Hearst Jacob TopDog Starbucks Chipotle Starbucks TopDog Jacob Hertz CVStarr Unit3 CKerr Unit3 CVStarr Hertz Jacob Foothill Davis Hildebrand Davis Foothill Dwinelle Haas Crossroads Lawrence UCTheatre Lawrence Crossroads Haas Dwinelle HearstAnnex Dwinelle Foothill Haviland Morgan Haviland Foothill Jacob Evan Blackwell Evan Jacob Cory Stanley Moses Greek Unit2 Wolf Unit2 Greek Moses Wellman Moses Stanley LeConte VLSB Boalt Kresge Boalt VLSB LeConte Campanile Bongo Campanile Wurster McCone Spats Stonefire PiLambda Stonefire Spats McCone Wurster Campanile LeConte Stanley Campbell Stanley Cory Bechtel Baker Strada Baker Bechtel Minor Memorial Maxwell Memorial Minor Bechtel Cory Jacob Hearst MLK Latimer South Pimentel Stacks Pimentel South Latimer Mulford Bowles
41
Bowles LaVals
Calvin Calvin Etcheverry Graduate
Mulford Mulford Crescent
Edwards Edwards Easterly
MLK Rochdale
TopDog Barker GammaPhiBeta
Chipotle Chipotle MFoundry
Unit3 Unit3
CKerr CKerr WayWest Ridge
Foothill Foothill Unit1
Davis Browns
Hildebrand Hildebrand YogurtPark
Haas Haas Pavilion
Crossroads Crossroads
UCTheatre UCTheatre NCEM
HearstAnnex HearstAnnex Lothlorien
Morgan Morgan Martinez
Evan Evan Cloyne BearFoodCourt
Blackwell Blackwell GenPlantBio
Cory Extension
Moses Moses Gypsys
Greek Greek
Unit2 Unit2 IndianRock
Wolf Wolf StrawberryCreek
Wellman Wellman Sutardja
LeConte RSF ALS
VLSB VLSB NorthGate
Boalt Boalt
Kresge Kresge PeoplesPark Castro
Campanile Campanile
Bongo Bongo ShengKee Cheeseboard
Wurster Wurster Zellerbach
Spats Spats
PiLambda PiLambda PiAlphaPhi
Campbell Campbell Doe Koshland Safeway
Bechtel Birge Wilde
Baker Baker Simons Daiso
Strada Strada RoseGarden
Memorial TacoBell AlphaSigmaPhi
Maxwell Maxwell Barrows
Stacks Stacks Sherman
