Wheeler Doe Campanile LeConte Campbell Haviland Memorial McLaughlin South Stephens HearstAnnex Anthony GBC WayWest Cloyne Cafe3 Hearst Davis Kresge Normandy Cheit Pimentel Morgan CVStarr Moffitt Soda Sather Soda Moffitt VLSB Etcheverry Latimer Evans Morrison Hertz Kroeber Lewis Greek Cory Jacobs Cory Greek Lewis Kroeber Hertz Morrison Evans Latimer Etcheverry VLSB Moffitt CVStarr Morgan Pimentel Cheit Normandy Kresge Davis Hearst Cafe3 Cloyne WayWest GBC Anthony HearstAnnex Stephens South McLaughlin Memorial Haviland Koshland Stonefire Haas Faculty FSM Baker McCone BigC Pavilion Simons Koja Simons Pavilion BigC McCone Baker FSM Faculty Haas Stonefire Koshland Haviland Campbell LeConte Campanile Doe Wheeler
26
Wheeler Dwinelle Sproul
Campbell Birge
Memorial IHouse
McLaughlin McLaughlin
Stephens Moses
Anthony Anthony
WayWest Warren Metropolitan
Cloyne Cloyne
Hearst Hearst
Davis Davis
Cheit Cheit
Moffitt Moffitt
Sather Martinez Barker Unit3 OCF
Etcheverry Etcheverry
Latimer Foothill
Morrison Morrison
Kroeber Kroeber Boalt
Jacobs Jacobs Bechtel
Koshland RSF
Stonefire Stonefire
Haas Haas Hargrove
Baker Baker Fiji
McCone CKerr
Pavilion PeoplePark
Simons Unit2
Koja Legends TriDelta
