0 100 107 100 106 100 105 100 104 100 103 100 102 100 101 115 101 113 101 112 101 111 101 110 101 109 101 108 101 100 0 86 81 86 20 86 10 86 0 31 89 31 64 31 57 31 25 31 0 17 77 17 70 17 68 17 5 17 0 3 29 75 29 3 11 3 4 3 0
34
100 100
107 151 152 153
106 106 142 144 145 146 147 149
105 105 138
104 104 136
103 127 128 130
102 102 118 121 123 124
101 101 198 117
115 194 196
113 113 188 189
112 112 179 180 182
111 177 178
110 168 169 171 172 173 175
109 109 167
108 154 156 158 160
86 86 62 85 90 98
81 81 82
20 20 43
10 10 83 99
31 31 35 53
89 89 1 26
64 7 72
57 57 21
25 25 24 59
17 17 13 66
77 77 22
70 70 65
68 68 44
5 5 42
3 51 56
29 29
75 75 18 28 54
11 55 58
4 4 14 49 63 87 96
