MapLocation152 MapLocation106 MapLocation41 MapLocation185 MapLocation163 MapLocation74 MapLocation51 MapLocation141 MapLocation65 MapLocation127 MapLocation29 MapLocation108 MapLocation35 MapLocation94 MapLocation100 MapLocation94 MapLocation35 MapLocation108 MapLocation29 MapLocation127 MapLocation65 MapLocation99 MapLocation57 MapLocation166 MapLocation89 MapLocation88 MapLocation195 MapLocation68 MapLocation195 MapLocation88 MapLocation27 MapLocation96 MapLocation197 MapLocation28 MapLocation73 MapLocation62 MapLocation80 MapLocation194 MapLocation80 MapLocation62 MapLocation73 MapLocation28 MapLocation42 MapLocation129 MapLocation50 MapLocation7 MapLocation115 MapLocation135 MapLocation115 MapLocation7 MapLocation10 MapLocation78 MapLocation175 MapLocation56 MapLocation104 MapLocation56 MapLocation175 MapLocation78 MapLocation10 MapLocation67 MapLocation19 MapLocation18 MapLocation17 MapLocation6 MapLocation14 MapLocation15 MapLocation16 MapLocation84 MapLocation162 MapLocation123 MapLocation170 MapLocation149 MapLocation170 MapLocation123 MapLocation13 MapLocation123 MapLocation162 MapLocation84 MapLocation16 MapLocation15 MapLocation14 MapLocation6 MapLocation17 MapLocation18 MapLocation11 MapLocation77 MapLocation11 MapLocation18 MapLocation19 MapLocation67 MapLocation10 MapLocation7 MapLocation50 MapLocation129 MapLocation42 MapLocation28 MapLocation197 MapLocation96 MapLocation27 MapLocation88 MapLocation89 MapLocation166 MapLocation57 MapLocation24 MapLocation110 MapLocation97 MapLocation154 MapLocation97 MapLocation110 MapLocation24 MapLocation57 MapLocation99 MapLocation65 MapLocation141 MapLocation3 MapLocation122 MapLocation3 MapLocation121 MapLocation72 MapLocation79 MapLocation125 MapLocation156 MapLocation125 MapLocation86 MapLocation125 MapLocation79 MapLocation72 MapLocation121 MapLocation61 MapLocation121 MapLocation3 MapLocation58 MapLocation173 MapLocation188 MapLocation173 MapLocation58 MapLocation116 MapLocation169 MapLocation2 MapLocation21 MapLocation146 MapLocation30 MapLocation146 MapLocation21 MapLocation2 MapLocation169 MapLocation116 MapLocation101 MapLocation40 MapLocation112 MapLocation71 MapLocation112 MapLocation40 MapLocation101 MapLocation116 MapLocation58 MapLocation3 MapLocation141 MapLocation51 MapLocation74 MapLocation163 MapLocation185 MapLocation9 MapLocation20 MapLocation9 MapLocation185 MapLocation41 MapLocation106 MapLocation152
67
MapLocation152 MapLocation152 MapLocation103
MapLocation106 MapLocation106
MapLocation41 MapLocation41
MapLocation185 MapLocation185 MapLocation76
MapLocation74 MapLocation150 MapLocation192
MapLocation141 MapLocation136
MapLocation127 MapLocation127
MapLocation29 MapLocation29
MapLocation35 MapLocation35
MapLocation94 MapLocation94
MapLocation100 MapLocation100 MapLocation4
MapLocation99 MapLocation99
MapLocation57 MapLocation57
MapLocation166 MapLocation166
MapLocation68 MapLocation114 MapLocation148
MapLocation96 MapLocation96 MapLocation69 MapLocation107
MapLocation197 MapLocation12
MapLocation28 MapLocation28
MapLocation73 MapLocation55
MapLocation62 MapLocation62 MapLocation23
MapLocation80 MapLocation161
MapLocation194 MapLocation194 MapLocation105
MapLocation42 MapLocation42
MapLocation129 MapLocation129
MapLocation50 MapLocation50
MapLocation7 MapLocation7
MapLocation135 MapLocation135 MapLocation171
MapLocation10 MapLocation10 MapLocation22
MapLocation175 MapLocation175
MapLocation56 MapLocation56 MapLocation145
MapLocation104 MapLocation104 MapLocation102
MapLocation67 MapLocation67 MapLocation70
MapLocation19 MapLocation19
MapLocation18 MapLocation18 MapLocation81
MapLocation17 MapLocation17
MapLocation6 MapLocation113
MapLocation14 MapLocation14
MapLocation15 MapLocation15 MapLocation109
MapLocation16 MapLocation16 MapLocation198
MapLocation84 MapLocation189
MapLocation123 MapLocation123
MapLocation170 MapLocation170
MapLocation149 MapLocation149 MapLocation43 MapLocation133
MapLocation13 MapLocation13 MapLocation60
MapLocation77 MapLocation77 MapLocation179 MapLocation47
MapLocation110 MapLocation36
MapLocation97 MapLocation97
MapLocation154 MapLocation154 MapLocation8
MapLocation122 MapLocation122 MapLocation59 MapLocation92 MapLocation137
MapLocation121 MapLocation121
MapLocation72 MapLocation72
MapLocation79 MapLocation79
MapLocation125 MapLocation125
MapLocation156 MapLocation156 MapLocation182
MapLocation86 MapLocation86 MapLocation53
MapLocation61 MapLocation61 MapLocation153
MapLocation58 MapLocation183
MapLocation173 MapLocation173
MapLocation188 MapLocation32 MapLocation164
MapLocation116 MapLocation116
MapLocation21 MapLocation111
MapLocation146 MapLocation146
MapLocation30 MapLocation85 MapLocation119
MapLocation112 MapLocation186
MapLocation71 MapLocation71 MapLocation128
MapLocation9 MapLocation9
MapLocation20 MapLocation20 MapLocation118
