MapLocation77 MapLocation67 MapLocation40 MapLocation8 MapLocation40 MapLocation67 MapLocation16 MapLocation25 MapLocation47 MapLocation94 MapLocation5 MapLocation4 MapLocation3 MapLocation99 MapLocation19 MapLocation96 MapLocation70 MapLocation96 MapLocation19 MapLocation99 MapLocation0 MapLocation83 MapLocation0 MapLocation1 MapLocation15 MapLocation68 MapLocation15 MapLocation1 MapLocation2 MapLocation78 MapLocation2 MapLocation13 MapLocation2 MapLocation1 MapLocation0 MapLocation99 MapLocation3 MapLocation91 MapLocation51 MapLocation63 MapLocation29 MapLocation89 MapLocation82 MapLocation89 MapLocation26 MapLocation88 MapLocation26 MapLocation89 MapLocation29 MapLocation35 MapLocation76 MapLocation49 MapLocation76 MapLocation35 MapLocation58 MapLocation35 MapLocation29 MapLocation63 MapLocation51 MapLocation91 MapLocation3 MapLocation11 MapLocation61 MapLocation11 MapLocation3 MapLocation4 MapLocation5 MapLocation94 MapLocation47 MapLocation41 MapLocation93 MapLocation39 MapLocation93 MapLocation41 MapLocation27 MapLocation41 MapLocation47 MapLocation25 MapLocation16 MapLocation67 MapLocation77
32
MapLocation77 MapLocation77 MapLocation55
MapLocation67 MapLocation67
MapLocation40 MapLocation40
MapLocation8 MapLocation8 MapLocation97
MapLocation47 MapLocation42
MapLocation94 MapLocation66
MapLocation5 MapLocation5
MapLocation4 MapLocation4
MapLocation3 MapLocation3
MapLocation19 MapLocation19
MapLocation96 MapLocation20
MapLocation70 MapLocation70 MapLocation73
MapLocation0 MapLocation0 MapLocation65
MapLocation83 MapLocation83 MapLocation74
MapLocation1 MapLocation1
MapLocation68 MapLocation68 MapLocation14 MapLocation45 MapLocation79
MapLocation2 MapLocation2
MapLocation78 MapLocation84 MapLocation72
MapLocation13 MapLocation13 MapLocation48
MapLocation91 MapLocation91
MapLocation51 MapLocation51 MapLocation10
MapLocation82 MapLocation82 MapLocation6
MapLocation26 MapLocation24
MapLocation88 MapLocation88 MapLocation85
MapLocation35 MapLocation35
MapLocation49 MapLocation49 MapLocation80
MapLocation58 MapLocation58 MapLocation37
MapLocation11 MapLocation81
MapLocation61 MapLocation61 MapLocation86
MapLocation93 MapLocation93
MapLocation39 MapLocation39 MapLocation17
MapLocation27 MapLocation27 MapLocation44
