aa bo dr bf dr bo by al cv bj cf dm dt du dd do bs dc aj dc bs ak cq df bk ao bw bg aw cn ag bn ae cz dq ch dq cz ae bn ag cn aw bg bw ao bb au bb ao bk af bk df cq ak bs do dd ap bd ap dd du dt dm cf bj aq cy dk cy cj cy aq an bl av bc bm cp cs cp bm bc av bl an aq bj cv al by bo aa
35
aa aa
bo bo
dr dr
bf bf be
by by
al cm
bj bj
cf cf dj
dt cl
dd am ab
bs bs ct
aj aj br
ak ak ac dg
cq ce
df df
bk bk
ao ao
bg bg
ag ag
ae ae
dq dq ax
ch ch dv
bb bb
au au cb
af af ay
ap ap
bd bd db
cy cy
dk dk de
cj cj bv
an az
bl bl
av at
bc bc
cs cs bu
