86 67 22 68 22 67 2 171 7 23 58 23 8 79 8 78 8 60 9 128 5 98 5 3 130 4 130 3 54 3 40 15 61 71 61 15 36 20 36 15 32 25 32 15 18 51 43 92 43 51 18 15 40 3 37 151 37 3 11 3 5 128 9 60 1 114 29 108 29 114 1 60 8 55 8 12 8 23 7 171 2 63 2 46 2 67 86
40
86 120
67 198
22 22
68 35 90 100
2 2
7 45 57 101 145 163
23 56 66 169 185
58 28 116
8 8
79 21 137
78 14 148
60 87
9 10 13 26 89 110 181
5 5 160
98 91 173
3 19
4 53 179 183
54 54 113
15 122 199
61 30 69 189 107
71 71 146
36 36 152
20 38 82
32 126 157 159 175
25 64 140 6 150 153 154 158
18 41 84 27 139 177
51 51
43 192
92 92 174
37 73 97 156
151 17 194
11 11 196
1 1 76 106
114 52 105
29 129 121
108 44 72 184
55 93 132
12 48 125 123 138 149
63 74 75
46 94 117
