57 95 70 10 17 42 39 61 66 56 6 80 15 1 81 55 71 91 71 55 68 38 94 38 31 52 31 38 68 55 13 45 76 89 50 11 29 82 60 12 24 73 26 73 24 12 60 82 29 11 50 89 76 45 47 93 27 36 27 93 47 45 13 55 81 1 15 80 6 56 66 61 39 42 5 23 86 49 54 14 62 67 92 67 62 14 54 49 86 23 5 42 17 10 70 95 57 75 78 85 46 64 46 85 78 75 57 53 57
38
57 57
70 70
10 21
17 17
42 42
61 61 48
56 56
6 83
80 80 7
1 98
55 55
91 91 4
68 68
38 38
94 94 43
52 52 99
13 13
76 76 58
50 50
11 11
29 29
12 12
24 24
26 26 88
47 47
36 36 34
5 5
23 77
86 86
54 54
14 14
62 62
92 87 51
75 75
78 78
46 46 84
64 64 25
53 53 2
