Location0 Location45 Location12 Location4 Location12 Location45 Location0 Location34 Location41 Location56 Location53 Location9 Location59 Location33 Location59 Location9 Location20 Location13 Location25 Location52 Location37 Location17 Location23 Location30 Location38 Location28 Location57 Location40 Location57 Location28 Location1 Location8 Location1 Location28 Location38 Location30 Location23 Location17 Location37 Location52 Location32 Location52 Location25 Location13 Location7 Location13 Location20 Location9 Location53 Location56 Location26 Location10 Location26 Location56 Location41 Location34 Location0
26
Location45 Location27
Location12 Location12
Location4 Location4 Location35
Location34 Location34
Location41 Location41
Location9 Location9 Location18 Location29
Location59 Location16 Location31
Location33 Location33 Location3
Location20 Location20 Location5
Location13 Location13 Location14
Location25 Location25
Location52 Location2
Location37 Location37 Location24
Location17 Location17
Location23 Location23
Location30 Location30
Location38 Location38
Location28 Location28
Location57 Location19 Location36
Location40 Location40 Location11
Location1 Location1
Location8 Location8 Location6
Location32 Location32 Location39
Location7 Location7 Location22
Location26 Location26 Location15
Location10 Location10 Location21
