Location0 Location43 Location25 Location71 Location47 Location67 Location121 Location58 Location97 Location112 Location44 Location13 Location44 Location112 Location97 Location58 Location80 Location58 Location30 Location126 Location105 Location110 Location17 Location110 Location105 Location126 Location30 Location58 Location121 Location57 Location49 Location98 Location31 Location89 Location59 Location89 Location40 Location8 Location79 Location55 Location117 Location20 Location26 Location7 Location26 Location20 Location117 Location55 Location79 Location8 Location40 Location89 Location31 Location1 Location31 Location98 Location49 Location57 Location121 Location29 Location66 Location52 Location69 Location36 Location45 Location37 Location115 Location24 Location115 Location37 Location2 Location14 Location75 Location33 Location23 Location33 Location75 Location14 Location2 Location37 Location45 Location36 Location69 Location52 Location10 Location52 Location66 Location29 Location121 Location67 Location47 Location71 Location25 Location43 Location0
30
Location43 Location43
Location25 Location25 Location34
Location44 Location44
Location13 Location13 Location42
Location80 Location18 Location27
Location30 Location30
Location105 Location32
Location110 Location38
Location17 Location17 Location3 Location11 Location39
Location31 Location31
Location59 Location12 Location5
Location40 Location40
Location8 Location8
Location20 Location20
Location26 Location26 Location21 Location15
Location7 Location7 Location4
Location1 Location1 Location41
Location29 Location29
Location52 Location28
Location69 Location19
Location36 Location36
Location45 Location45
Location37 Location37
Location115 Location16
Location24 Location24 Location35
Location2 Location2
Location14 Location14
Location33 Location33
Location23 Location23 Location6 Location22
Location10 Location10 Location9
