1 13 34 13 5 63 7 12 31 12 27 12 7 63 5 35 5 33 19 21 23 21 19 33 5 11 5 10 17 10 5 13 1 8 2 95 4 25 9 25 4 95 2 51 6 20 6 51 2 14 2 8 1 3 16 3 1
26
1 1 58 81 85 86 111 129 133 141 143 174 198
13 13 70
34 34 136
5 99 130 156 164 167 200
7 37 110 138 139 150 176
12 88 177 189
31 31 75
27 27 68
35 35 103
33 33
21 21
23 77 127
11 159 80
10 10 82 84 116
17 36 53 56
8 8 87 137 193
2 2 44 74 83 165
95 95
4 42 61 144 161 171
9 9 41 69 57 124 131 162
51 51
6 6 26 47 60 97 126 151
20 20 55 102
14 49 50 157
3 3 89 92 101 106 169 182 184
16 16 59 140
