31 74 56 144 157 54 114 126 121 126 72 140 153 50 45 94 149 82 109 135 136 152 88 16 28 80 143 155 90 83 148 70 110 19 5 43 76 26 102 134 32 91 116 66 116 91 61 3 22 103 27 95 85 23 106 123 106 23 49 147 49 23 85 95 27 103 22 86 118 160 67 160 118 86 22 3 61 91 32 134 102 26 53 6 30 10 119 141 119 131 13 81 13 131 119 10 30 6 53 26 76 43 69 92 38 64 35 125 151 59 11 89 8 57 8 29 33 137 75 133 159 100 62 172 167 196 167 186 199 179 163 174 187 195 169 195 187 174 178 166 164 173 198 173 164 166 178 174 163 179 162 182 180 182 162 179 199 186 167 161 200 185 188 185 200 161 167 172 62 100 159 133 75 12 75 137 33 29 8 89 11 59 151 125 35 24 150 77 150 24 35 64 38 92 69 43 5 19 110 70 148 83 90 155 143 80 28 16 88 152 136 135 109 82 149 94 45 50 153 140 72 126 114 48 142 99 142 48 114 54 157 144 56 74 31 73 132 112 132 73 65 128 124 46 124 128 65 73 31
73
74 74
114 114
121 121 47
140 140
45 45 21
94 94
149 149
82 82
152 152
88 88
16 9
28 28 4
80 80
143 143
90 90
83 83
148 148
110 110
5 60
134 134 138
32 32
66 66 14
22 22
103 103
27 27
106 106
123 123 117
49 49 78
147 147 93
86 86 7 68
160 160
67 67 108
6 6 58
30 30
119 119
141 141 20
131 131
13 13
81 81 115
69 69
38 38
64 64
35 35
125 125
151 151
89 89
57 57 34
29 29
33 33 105
137 137
167 167
196 196 175
186 186
199 199
179 179
195 195
169 169 171
164 164 184
173 173
198 198 170
162 197
180 180 191
188 188 168
12 12 120
150 127
77 77 42
48 48
99 99 156
132 146
112 112 107
65 65
128 128
46 46 52
