45 58 1 64 36 23 46 42 77 91 63 12 70 41 70 27 30 51 5 96 97 4 38 50 78 67 66 60 19 60 11 57 44 22 81 33 81 22 44 57 11 60 66 67 78 50 38 7 26 88 24 83 29 65 55 68 34 31 56 31 34 68 55 65 29 83 24 88 26 7 38 4 97 96 5 87 89 47 54 3 90 71 82 93 59 14 80 94 80 14 18 14 59 93 82 71 90 3 54 47 89 87 5 51 30 27 70 12 63 91 77 42 46 23 36 64 1 58 45
40
58 58
1 1
23 10
46 46
77 77
91 91
63 63
70 70
41 41 2
27 27 40
51 51
5 5
38 38
50 50
78 78 53
66 66
19 19 35
57 57
44 44 21
33 33 61
7 7
26 26
24 24
83 69
29 29
68 68
34 34
31 31
56 56 52
87 87
89 89 84
47 47
54 54
90 39
71 71
82 82
59 59
80 80
94 92 95
18 18 17
