A0 Q1 R2 I0 B1 U1 B1 S1 G1 S1 B1 I0 R2 Q1 K1 D3 N3 F0 N3 D3 N1 J3 V2 I3 V2 E2 T0 M2 T0 E2 V2 Y0 U2 I1 W2 I1 U2 U0 U2 J0 X2 J0 U2 Y0 S2 G0 B0 G0 S2 Y0 J2 N2 R1 K0 R1 N2 A1 M0 A1 N2 J2 Y0 R0 T2 E0 T2 R0 Y0 V2 X0 F1 X0 V2 J3 N1 D3 K1 B2 X1 B2 K1 Q1 A0
31
A0 A0
R2 R2
I0 I0 Z1
B1 B1
U1 U1 L0
G1 D1 P3
K1 K1
D3 D3
N3 N3
F0 F0 C0 P2
V2 V2 C3
I3 V0 H1
E2 N0
M2 C1 C2
U2 U2
I1 V1
W2 W2 T3
U0 U0 S3
J0 Z0
X2 X2 T1
B0 B0 L3
N2 N2
R1 L1
K0 K0 O0
A1 A1 F3
M0 M0 H0
T2 P0 S0
E0 E0 O1
F1 F1 M1
B2 B2
X1 X1 Q2
