A0 F5 A0 X4 J3 F0 Q6 X6 Q1 Q3 R5 B4 M3 B4 R5 I3 V6 C4 H4 M7 S2 Y4 D6 R4 G1 L4 Q0 L1 F1 G0 J1 G0 F1 L1 Q0 L4 G1 R4 D6 Y4 S2 D4 W4 D4 S2 C2 T0 W0 R6 W0 T0 C2 B0 Y0 B0 C2 S2 K1 A1 I5 A2 X0 P7 J0 P7 X0 V4 Y3 D3 Y3 V4 X0 A2 I5 A1 K1 S2 M7 H4 A7 Q7 A7 H4 C4 V6 R0 U6 U2 U6 R0 E6 T5 F3 T5 E6 R0 V6 I3 O6 W5 S4 Z5 S4 W5 O6 I3 R5 Q3 Q1 X1 H7 O4 E5 C3 M1 C3 E5 O4 H7 X1 Q1 H0 M0 E1 M0 H0 Q1 X6 Q6 M6 A3 E4 O7 L3 J6 Z4 J6 L3 M4 L0 M4 L3 O7 X2 N3 Q5 N3 X2 O7 E4 A3 M6 Q6 B1 B7 D7 M5 D7 B7 B1 W6 B1 W1 U4 N0 W3 Z3 W2 Z3 W3 N0 U4 W1 B1 Q6 F0 U0 D2 U0 F0 J3 X4 A0
64
A0 A0
F5 C0 P5
X4 X4 K2
F0 F0
Q6 Q6 B5 T6
X6 X6
Q3 O3
R5 R5
B4 B4
M3 M3 O5
I3 I3
V6 V6
C4 C4 Z1
M7 G4
S2 S2
Y4 Y4
R4 R4
G1 G1
Q0 Q0
L1 N1
G0 G0
J1 J1 A5
W4 W4 Q4
R6 R6 A6 F6
Y0 Y0 D0
K1 K1
A1 A1
I5 I5
A2 A2
X0 X0 P0 A4
J0 J0 P2
Y3 Y3
D3 D3 S6
A7 A7 Y6
Q7 H6 P6
U6 U6 G6
U2 U2 T3
T5 T5
F3 F3 R3
W5 W5
Z5 Z5 F4
X1 X1 Z6
O4 O4
E5 E5
C3 C3
M1 M1 V2
H0 H0
M0 M0 T2
E1 E1 X3
M6 M6
E4 E4 I0
J6 J6
Z4 Z4 B2
M4 M4
L0 L0 I1
X2 X2 S1
Q5 Q5 G3
D7 D7
M5 M5 N2 J5 C7
W6 W6 L5
Z3 Z3
W2 W2 C6
U0 E3
D2 D2 K4
