142 121 137 188 83 93 151 181 153 139 154 139 153 181 18 103 85 187 132 39 115 39 132 187 85 103 28 9 33 9 28 103 6 128 122 64 122 128 68 128 6 17 171 140 180 125 194 37 172 52 178 195 178 52 172 37 194 125 180 140 126 177 16 193 130 58 155 162 166 51 3 174 3 51 166 162 155 58 130 193 60 78 186 78 60 193 16 177 126 164 59 21 59 164 126 140 171 63 131 35 182 176 40 116 98 12 197 12 98 116 40 176 182 35 131 63 171 17 6 103 18 181 151 93 83 188 137 66 110 43 111 90 143 77 160 108 160 77 143 90 111 43 110 66 106 66 137 48 137 121 142
39
121 121
137 137
93 93
151 151 144 167
181 181 91
153 23
139 30
154 31 159
85 89
39 39
115 115 22
9 70 7
33 33 133
64 64 69
68 41 150
171 97
140 140 129
52 14
178 178
195 195 158
177 177
16 16
130 34
58 58 145
3 3
174 174 4
60 60 124
186 186 55
21 21 157
63 63 183
35 35
116 141
197 197 38
66 44
90 90
77 77
108 108 46
106 106 127
48 48 76
