149 14 68 165 148 48 97 168 193 69 42 36 2 36 42 69 193 168 72 57 187 63 60 19 41 176 30 50 67 124 95 91 107 181 98 131 104 15 86 27 146 174 161 140 93 94 130 31 106 142 53 147 78 170 81 70 139 92 162 152 34 132 83 1 169 89 198 56 13 52 160 49 160 52 13 56 198 89 120 157 120 109 25 6 25 109 120 89 169 1 135 118 111 166 84 47 128 113 189 127 151 119 29 43 172 28 105 33 153 66 64 66 153 33 105 28 172 43 29 119 151 127 189 74 117 180 99 180 117 122 51 134 112 116 20 116 112 44 37 44 112 134 51 122 117 74 189 113 55 38 55 113 128 47 84 166 111 118 135 1 83 132 34 21 34 152 162 32 145 190 197 196 3 121 58 121 12 65 12 121 3 196 197 190 145 32 162 92 139 70 81 170 78 147 17 8 17 147 53 142 106 31 39 87 39 31 130 94 93 140 161 174 146 158 46 61 71 61 46 158 146 27 86 15 104 131 98 181 107 91 82 91 95 124 67 50 30 176 41 19 60 63 187 57 72 168 97 48 148 165 75 59 184 16 188 96 154 171 76 171 154 96 188 16 184 59 75 165 68 14 149
78
149 24
14 14
68 68
48 48
97 97
69 69
42 42
36 36
2 2 45
72 72
57 57
63 63
60 60
19 19
41 41
30 30
50 50 62
67 67
95 95
91 91
98 98
15 15
86 86
27 27
93 93
94 94
31 31
53 53
78 78
81 81
70 70
92 92
34 34
83 83
1 1
89 89
56 56
13 13
52 52
49 49 26
157 10 90
25 25 5
6 6 11
84 84
47 47
29 29 79
43 43
28 28
33 33
66 66
64 64 7
74 74
99 99 23
51 51
20 20 80
44 44
37 37 18
55 55
38 38 22
21 21 85
32 32
3 3
58 58 73
12 12
65 65 40
17 17
8 8 35
39 39
87 87 54
46 46
61 61 9
71 71 88
82 82 77
75 75
59 59 4
16 16
96 96
76 76 100
