89 65 82 92 24 92 7 92 82 65 18 69 77 44 74 23 17 23 74 44 77 69 18 20 50 80 94 14 94 80 50 20 35 19 42 55 66 57 29 57 8 40 95 40 4 9 4 40 8 57 66 41 49 45 52 38 75 86 26 32 26 86 75 38 52 45 49 41 66 55 63 78 37 0 2 0 37 78 63 55 42 19 35 20 18 65 89
29
24 24 5 11 13 25
7 7 15
18 18
44 44 21
74 36
23 23 27
17 17 48
20 20
50 50 39
94 1
14 14 22
35 35
19 19
42 42 31
57 47
29 29 46
8 8 43
40 40
95 16 33 10
4 4
9 9 3
41 41 12
49 49
45 45
38 38
26 26
32 32 30
37 37 6
2 2 28 34
