myBc2oGXtwQIbhN8LZB1 6X2CNJieZ0I5rs3Wfu65 nmetx4LmU9YBYTmghDrT itlYcr1HLIijK6IEih7d jHmvxfAZsjs2mCnHbbFf itlYcr1HLIijK6IEih7d nmetx4LmU9YBYTmghDrT 6X2CNJieZ0I5rs3Wfu65 myBc2oGXtwQIbhN8LZB1 fpPjeU3Q7Ml0oxbNnONE THOlWrcPLTG3BoVkMtJU z5q6ttBPV27yxxLLSiEN 6yzFaM9N8M8BsjLACDds z5q6ttBPV27yxxLLSiEN dOBnQCXLXxGyjTj3QvT5 RBvtNZMBTgecfVkYzQF0 w5Yg5o0VnYd77fs4XPRL qizvT7wmu308zgJRCTE2 vDgQrJL5dinUbTXXnFI5 jy3jNWgqegakpFSv6gUm oTKjE2BVS0AvV4XvUeLk e3j3O8zLHFaoF4L54lX4 oTKjE2BVS0AvV4XvUeLk jy3jNWgqegakpFSv6gUm vDgQrJL5dinUbTXXnFI5 TN93ZjZBMIgkJh9ck6Ha zWpsWJk9vbOt0JkC0vhz X0l14s0sRXjXSeLRZLOJ zWpsWJk9vbOt0JkC0vhz TN93ZjZBMIgkJh9ck6Ha vDgQrJL5dinUbTXXnFI5 qizvT7wmu308zgJRCTE2 w5Yg5o0VnYd77fs4XPRL RBvtNZMBTgecfVkYzQF0 ptVEb5MtTsnyDsszLqdb ncgdwkJBMYlPXBREt3a2 bDUuepVti8upHAAenmtw KtbSULrz2h1IxsKP2DHz bDUuepVti8upHAAenmtw UMmbOoOKP6EkLMuN70H3 huAFXwtRjt3SQzwGHlqz fs293gU4e4aMhOljCB50 j2d1svPUTAqQIDPXwffl lRM59z2yUMoVl3kzgo9u j2d1svPUTAqQIDPXwffl fs293gU4e4aMhOljCB50 huAFXwtRjt3SQzwGHlqz o9aZyqilfPONdyLlpTRX ki0pv73E3TweydEr2xMN E1No0jrU6hgJwSJDwUUZ mZGLfn0jbLOpy4dRbGU2 lIw41GL97UpW0SIulzFJ MrSQPZSbMdgYshneAfKf SwF10yYWjKWmqxtGZBky C4VxHS7oWghMg001nCqT SwF10yYWjKWmqxtGZBky MrSQPZSbMdgYshneAfKf lIw41GL97UpW0SIulzFJ mZGLfn0jbLOpy4dRbGU2 QE7OzkjvlSSywyVvAzrw G6CUgOl4p73Rgc0T3f94 m1eNgjuhkxodElFqqgdb G6CUgOl4p73Rgc0T3f94 QE7OzkjvlSSywyVvAzrw tDBlCuVAUlVhYfGmo0ZK 0XkHA8PrhAZdfyodPJuj uNXUIWejT1w4vLTe7QBt EY74ASuADSlYlDTJLkL6 dDuRIa3uykAHrqtnscL7 o9XvbKLK829LHx1fwro4 9OL9rFCWxsvkui0BnJrR yHPSS57AN08ejjILeFs9 fbJ1XhavEsRSCGVVB1U1 JBiXyXogbhO9RGLjMiRP olDP1pNg8HxpvCq8TOIJ K674cUKePzN7aRSq4iqU o53aRQwjhcCKlIFPSjvf o2dWBGyrvosFrr6mKxkG o53aRQwjhcCKlIFPSjvf K674cUKePzN7aRSq4iqU olDP1pNg8HxpvCq8TOIJ JBiXyXogbhO9RGLjMiRP fbJ1XhavEsRSCGVVB1U1 yHPSS57AN08ejjILeFs9 9OL9rFCWxsvkui0BnJrR o9XvbKLK829LHx1fwro4 dDuRIa3uykAHrqtnscL7 EY74ASuADSlYlDTJLkL6 uNXUIWejT1w4vLTe7QBt VThEkwdtHmaZ1zsmfh4s uNXUIWejT1w4vLTe7QBt 0XkHA8PrhAZdfyodPJuj tDBlCuVAUlVhYfGmo0ZK QE7OzkjvlSSywyVvAzrw mZGLfn0jbLOpy4dRbGU2 E1No0jrU6hgJwSJDwUUZ ki0pv73E3TweydEr2xMN o9aZyqilfPONdyLlpTRX huAFXwtRjt3SQzwGHlqz UMmbOoOKP6EkLMuN70H3 bDUuepVti8upHAAenmtw ncgdwkJBMYlPXBREt3a2 ptVEb5MtTsnyDsszLqdb RBvtNZMBTgecfVkYzQF0 dOBnQCXLXxGyjTj3QvT5 z5q6ttBPV27yxxLLSiEN THOlWrcPLTG3BoVkMtJU fpPjeU3Q7Ml0oxbNnONE myBc2oGXtwQIbhN8LZB1
34
myBc2oGXtwQIbhN8LZB1 vy2boLWO2lxg10y7uS0y
6X2CNJieZ0I5rs3Wfu65 6X2CNJieZ0I5rs3Wfu65
nmetx4LmU9YBYTmghDrT nmetx4LmU9YBYTmghDrT 1ZOzWuPMAgV9noIUn6fI
itlYcr1HLIijK6IEih7d FMx2ghinkTg3bXUUbaTx
jHmvxfAZsjs2mCnHbbFf jHmvxfAZsjs2mCnHbbFf 4jo8IXw984NR3wvT2Dr9
fpPjeU3Q7Ml0oxbNnONE fpPjeU3Q7Ml0oxbNnONE
6yzFaM9N8M8BsjLACDds 6yzFaM9N8M8BsjLACDds yAYyOcL4ZKdEiLdSPQJm
RBvtNZMBTgecfVkYzQF0 RBvtNZMBTgecfVkYzQF0
w5Yg5o0VnYd77fs4XPRL w5Yg5o0VnYd77fs4XPRL
jy3jNWgqegakpFSv6gUm jy3jNWgqegakpFSv6gUm
oTKjE2BVS0AvV4XvUeLk oTKjE2BVS0AvV4XvUeLk
e3j3O8zLHFaoF4L54lX4 e3j3O8zLHFaoF4L54lX4 5f6BSghRQWi4UfjviKjn
zWpsWJk9vbOt0JkC0vhz zWpsWJk9vbOt0JkC0vhz
X0l14s0sRXjXSeLRZLOJ X0l14s0sRXjXSeLRZLOJ 1GbSD7rTlpNb4qV46SKR
KtbSULrz2h1IxsKP2DHz KtbSULrz2h1IxsKP2DHz RpB10dFWsUl9DC779n8X
UMmbOoOKP6EkLMuN70H3 UMmbOoOKP6EkLMuN70H3
j2d1svPUTAqQIDPXwffl j2d1svPUTAqQIDPXwffl
lRM59z2yUMoVl3kzgo9u lRM59z2yUMoVl3kzgo9u bVCSBWLjvEmxQEUvDzc4
o9aZyqilfPONdyLlpTRX o9aZyqilfPONdyLlpTRX
ki0pv73E3TweydEr2xMN ki0pv73E3TweydEr2xMN saIZq3FqZhdVPNoQWmqU
MrSQPZSbMdgYshneAfKf MrSQPZSbMdgYshneAfKf GvRFaXYJvrU5PAeeG88T
C4VxHS7oWghMg001nCqT C4VxHS7oWghMg001nCqT lYkJhGqsFKbDklNelAfr qz4O4bOhKA0YZxpN4mu9
m1eNgjuhkxodElFqqgdb m1eNgjuhkxodElFqqgdb ZhHxBzOYsJAOHrqq4mZM
uNXUIWejT1w4vLTe7QBt uNXUIWejT1w4vLTe7QBt
EY74ASuADSlYlDTJLkL6 EY74ASuADSlYlDTJLkL6
o9XvbKLK829LHx1fwro4 wy0RiFWOddqgqdcatQ9A
9OL9rFCWxsvkui0BnJrR 9OL9rFCWxsvkui0BnJrR
yHPSS57AN08ejjILeFs9 69TQpRojisYUrVnWqBaA q1ntlEPy5TkjTDK1N7QA
fbJ1XhavEsRSCGVVB1U1 fbJ1XhavEsRSCGVVB1U1
olDP1pNg8HxpvCq8TOIJ olDP1pNg8HxpvCq8TOIJ
K674cUKePzN7aRSq4iqU K674cUKePzN7aRSq4iqU jjCSZnB5168QDqTrFROq
o53aRQwjhcCKlIFPSjvf o53aRQwjhcCKlIFPSjvf
o2dWBGyrvosFrr6mKxkG o2dWBGyrvosFrr6mKxkG SUNxIlWVwIvWYg6OTKeH
VThEkwdtHmaZ1zsmfh4s VThEkwdtHmaZ1zsmfh4s LJTA7Za5kd0YC7vjiAyc
