PlmPdVeiiHQg3JYZCDWt xcisI0PJDdG9nIuyj3IS m1A3pMC42PQioFziqK5C 4SDaLq9JuVK9Hgq625aC TpLamlzpT6GwerxzVsxr 4SDaLq9JuVK9Hgq625aC m1A3pMC42PQioFziqK5C xcisI0PJDdG9nIuyj3IS PlmPdVeiiHQg3JYZCDWt vgVY143HiC3DIrnHqOVb ztpb0oeFUYAmv52dElS6 Fj3o1P7cDuinqDyM5v58 6GSZa1npVyW2652oBwaR iwJGcbQH2bifG6D82Iel 6GSZa1npVyW2652oBwaR Fj3o1P7cDuinqDyM5v58 ztpb0oeFUYAmv52dElS6 ETjjZI7uk2pIvhwlFJmu GUntLlYA0xo9Vk4WLTLV 8RfB73Lw8C9LbSwIxA9Q GUntLlYA0xo9Vk4WLTLV ETjjZI7uk2pIvhwlFJmu ztpb0oeFUYAmv52dElS6 vgVY143HiC3DIrnHqOVb qOK6WPKQJA4Q9XqXgSgT CofLnw0Ss4pVGWmPS5oO 3M9YkxmgHhrzhCgskWR0 dsndgEJWfBsFA2I3Hgqf 3M9YkxmgHhrzhCgskWR0 CofLnw0Ss4pVGWmPS5oO cUanhOambcNkocePqfvx KOLHrmR3FKDMdl4SYdK9 g0ywcwildP9K6oBendJq enzXJAvcXabmrwWV3YuL iFXIyHTPBX7ivXxsV1VM Oy6fETwECO5ouC6YS702 VXU331oDUcuzaGGUYIl9 847MZ9RXdcbtrj0xf7hq mjf2bYOpX2uCbKVikaAR W6pSplT3U7lJfu0pJGBX GzSNGBn4EPemDLEWXNxx 4S2YiI3VYPKghkl95iqK DmOYSEzvATkNwLC4lcsN aGmUpeq6kVn42aPOEaUT 4E11EdbsS5KbjeJWtodD tX1uDaXm9hMlEKqU7m9j xHjRz67dW7C8omsktslg NA24XhOMsROCBnUViAJT 82AQRTkjWEU79atYWx1r lcQ1GcVaImUGztIdTr68 9gglBKpHLZmA2dFXYK5s 0q2ewXNjMVDn3GAFEoyU YXpO8M342ISxgv446YFJ eFBRJr5p5I2EdlVEayJ6 grvEnF7GDly5W5B32u51 EkRPPDhcu5ww6XulSOgx nplSyFCfwWl94XgtPFkm Dwi7fYT8wa9I4Kzyto4Y x5UVX06335fM5pfCNBMU MSj6zOuZ0EoAKjP4wXXW C6w7afZujemehEooILjN Tr6dOTuKB3EM5juuJxqy N5YDsCDN1lKguyHbn4Zb ELEJN8tWDJT7mLhCdqW3 9EFf7Db1oVUr4vPii753 u4dtaT6NdEhJmWtNAXSE yHfbaNMH6AALGleUN7ln U7iVliqmXRkLwyPSNdfv 41HkeQtKSrMStkOA4nM4 YIxKvTpWMaQKGFtD5BDH 41HkeQtKSrMStkOA4nM4 ChEnlTNCMoqxBfyzEzW7 zvH9G6FQ1xC7CVezs43e ChEnlTNCMoqxBfyzEzW7 41HkeQtKSrMStkOA4nM4 U7iVliqmXRkLwyPSNdfv eUyNsK7nwP1YPac54CbU ukPtLY7YueARRkX8hPaS 060q0aISPODkGeAbYbQ6 jKREQK0zNUshG5l5lIJd 7yt9hKqOEGabqtqIEmdH CkcRIkbkwcSO7uvVYs8H WZsO2i9GZwvMYoV9SyKS 6WGzUhXeOltLDbkIvTzq 804aK8wEArkuheeUiB4R 6WGzUhXeOltLDbkIvTzq WZsO2i9GZwvMYoV9SyKS CkcRIkbkwcSO7uvVYs8H 7yt9hKqOEGabqtqIEmdH jKREQK0zNUshG5l5lIJd 060q0aISPODkGeAbYbQ6 ukPtLY7YueARRkX8hPaS eUyNsK7nwP1YPac54CbU U7iVliqmXRkLwyPSNdfv yHfbaNMH6AALGleUN7ln u4dtaT6NdEhJmWtNAXSE 9EFf7Db1oVUr4vPii753 ELEJN8tWDJT7mLhCdqW3 N5YDsCDN1lKguyHbn4Zb Tr6dOTuKB3EM5juuJxqy C6w7afZujemehEooILjN MSj6zOuZ0EoAKjP4wXXW x5UVX06335fM5pfCNBMU Dwi7fYT8wa9I4Kzyto4Y nplSyFCfwWl94XgtPFkm Zzs5CIqF9Ll2avkxI78N bvNUsI1a9ORRkwy1plRX nsq4rhHWMCaIVcah5fcd bvNUsI1a9ORRkwy1plRX Zzs5CIqF9Ll2avkxI78N nplSyFCfwWl94XgtPFkm EkRPPDhcu5ww6XulSOgx grvEnF7GDly5W5B32u51 eFBRJr5p5I2EdlVEayJ6 YXpO8M342ISxgv446YFJ 0q2ewXNjMVDn3GAFEoyU 9gglBKpHLZmA2dFXYK5s lcQ1GcVaImUGztIdTr68 82AQRTkjWEU79atYWx1r NA24XhOMsROCBnUViAJT xHjRz67dW7C8omsktslg tX1uDaXm9hMlEKqU7m9j 4E11EdbsS5KbjeJWtodD 48BAUsycKlkSkbOjYLFN 4E11EdbsS5KbjeJWtodD aGmUpeq6kVn42aPOEaUT DmOYSEzvATkNwLC4lcsN 4S2YiI3VYPKghkl95iqK GzSNGBn4EPemDLEWXNxx W6pSplT3U7lJfu0pJGBX mjf2bYOpX2uCbKVikaAR uaR7l3Qhn4FRAnSeVURz dRK5ma7NqggKZHlnDCi2 ANdko3dYAy7a2BOq7wpm nKDJ3ylOzub2eWcHnAhq VKQB4EmoMIRFao2cUe1s E8pbRn7LIeWnB3swkYzz gRC6QGMaofieuDp4DxNK ivcmXAg3WJYgMBzFenfb PWUaVYPeofxjJdT472wG 4QLswP82Wvxw9Z42obzh PWUaVYPeofxjJdT472wG ivcmXAg3WJYgMBzFenfb gRC6QGMaofieuDp4DxNK E8pbRn7LIeWnB3swkYzz zXFq4Mw19qGmxfgvxgKV 26HBw5rqKS910jXVuDWn 4AwtOzgg4YBT3wkiEwMr Osa2UT4anhyBl7doUFs5 WsVMGV8yZisK6ojnqzBE AmAHnr1XXkPpwJ6DUDIO JakuJordFcO229c3L5ct o1oGR6O0WpnFD6HgjJm1 jVItWJkETNqrkY47Hghp 3rqlQRwe5izypHjXjWla kaVGl3oG0Ulg2MgkbJB8 kwA1qrRggH9YLKcVfIe5 2chOacZ5nNYuf6eeGFSW KjQNU2EAAYEZSeJWPxLM DF1KTiOHBIkswyjh8uB1 ZNY0bYUvhQMUm5V6mJno 89uQTJVvGaob2884UTbx ZNY0bYUvhQMUm5V6mJno DF1KTiOHBIkswyjh8uB1 KjQNU2EAAYEZSeJWPxLM 2chOacZ5nNYuf6eeGFSW kwA1qrRggH9YLKcVfIe5 kaVGl3oG0Ulg2MgkbJB8 3rqlQRwe5izypHjXjWla jVItWJkETNqrkY47Hghp o1oGR6O0WpnFD6HgjJm1 JakuJordFcO229c3L5ct AmAHnr1XXkPpwJ6DUDIO WsVMGV8yZisK6ojnqzBE 1tmkPhHujDQhTmW4oV7S WsVMGV8yZisK6ojnqzBE Osa2UT4anhyBl7doUFs5 4AwtOzgg4YBT3wkiEwMr 26HBw5rqKS910jXVuDWn zXFq4Mw19qGmxfgvxgKV E8pbRn7LIeWnB3swkYzz VKQB4EmoMIRFao2cUe1s nKDJ3ylOzub2eWcHnAhq ANdko3dYAy7a2BOq7wpm dRK5ma7NqggKZHlnDCi2 uaR7l3Qhn4FRAnSeVURz mjf2bYOpX2uCbKVikaAR 847MZ9RXdcbtrj0xf7hq VXU331oDUcuzaGGUYIl9 Oy6fETwECO5ouC6YS702 cYMPcE5UNSzOtkRY62gr kRqgoaGzBgIxzyW55b7b loEPY9WRgDIJ7DWZtMDr XEVVfArWHJg24STfORUs XbrNBzXJSitXalj9YB4o U8sg63DCydwx1FzxqIaQ 9zoM12ZWjXrKaszveCQH o85TEEBuzMbePdf5cbCv ML4pCjYl4gPEwSnvlRaD o85TEEBuzMbePdf5cbCv 9zoM12ZWjXrKaszveCQH U8sg63DCydwx1FzxqIaQ XdyhPab6W9wOZnKLq1fq U8sg63DCydwx1FzxqIaQ XbrNBzXJSitXalj9YB4o wZppnfABPMsntS9k4lvX nyd0fM2XE4qmli1xfIwr UkqILZ2p4EbRuMBIrGXp nyd0fM2XE4qmli1xfIwr wZppnfABPMsntS9k4lvX XbrNBzXJSitXalj9YB4o XEVVfArWHJg24STfORUs loEPY9WRgDIJ7DWZtMDr kRqgoaGzBgIxzyW55b7b cYMPcE5UNSzOtkRY62gr Oy6fETwECO5ouC6YS702 iFXIyHTPBX7ivXxsV1VM enzXJAvcXabmrwWV3YuL g0ywcwildP9K6oBendJq KOLHrmR3FKDMdl4SYdK9 cUanhOambcNkocePqfvx CofLnw0Ss4pVGWmPS5oO qOK6WPKQJA4Q9XqXgSgT vgVY143HiC3DIrnHqOVb PlmPdVeiiHQg3JYZCDWt
74
xcisI0PJDdG9nIuyj3IS xcisI0PJDdG9nIuyj3IS
m1A3pMC42PQioFziqK5C m1A3pMC42PQioFziqK5C yD8JCRUWcVAZxJ4ZDldr
4SDaLq9JuVK9Hgq625aC uNMLlt0W1KUwk2d6EP98
TpLamlzpT6GwerxzVsxr TpLamlzpT6GwerxzVsxr VuvjJGf6deKVAQ0JUD4i
iwJGcbQH2bifG6D82Iel iwJGcbQH2bifG6D82Iel gdO0wiBlQ8wFbeNyGtx5
GUntLlYA0xo9Vk4WLTLV GUntLlYA0xo9Vk4WLTLV
8RfB73Lw8C9LbSwIxA9Q 8RfB73Lw8C9LbSwIxA9Q JWIkMKKlAG6fUoRVxKKI
qOK6WPKQJA4Q9XqXgSgT qOK6WPKQJA4Q9XqXgSgT
CofLnw0Ss4pVGWmPS5oO CofLnw0Ss4pVGWmPS5oO
3M9YkxmgHhrzhCgskWR0 3M9YkxmgHhrzhCgskWR0
dsndgEJWfBsFA2I3Hgqf dsndgEJWfBsFA2I3Hgqf zforAf5jhSPEL0aOiCeo
cUanhOambcNkocePqfvx cUanhOambcNkocePqfvx
KOLHrmR3FKDMdl4SYdK9 KOLHrmR3FKDMdl4SYdK9
g0ywcwildP9K6oBendJq g0ywcwildP9K6oBendJq irZyMKazQALnyfoOCtbL
iFXIyHTPBX7ivXxsV1VM iFXIyHTPBX7ivXxsV1VM
VXU331oDUcuzaGGUYIl9 VXU331oDUcuzaGGUYIl9
GzSNGBn4EPemDLEWXNxx GzSNGBn4EPemDLEWXNxx
4S2YiI3VYPKghkl95iqK 4S2YiI3VYPKghkl95iqK
DmOYSEzvATkNwLC4lcsN EVtx7khff7Fs8yuuQKJx
tX1uDaXm9hMlEKqU7m9j tX1uDaXm9hMlEKqU7m9j
NA24XhOMsROCBnUViAJT NA24XhOMsROCBnUViAJT
9gglBKpHLZmA2dFXYK5s IxWh6LSiXwGUWSx9VJ39
EkRPPDhcu5ww6XulSOgx EkRPPDhcu5ww6XulSOgx W9TKm0U6bNDZ1Aok7hNH
Dwi7fYT8wa9I4Kzyto4Y Dwi7fYT8wa9I4Kzyto4Y
x5UVX06335fM5pfCNBMU x5UVX06335fM5pfCNBMU
MSj6zOuZ0EoAKjP4wXXW MSj6zOuZ0EoAKjP4wXXW
C6w7afZujemehEooILjN C6w7afZujemehEooILjN
Tr6dOTuKB3EM5juuJxqy Tr6dOTuKB3EM5juuJxqy
N5YDsCDN1lKguyHbn4Zb N5YDsCDN1lKguyHbn4Zb MEVVMgbTLIgXdG4vAbeX
ELEJN8tWDJT7mLhCdqW3 ELEJN8tWDJT7mLhCdqW3
U7iVliqmXRkLwyPSNdfv U7iVliqmXRkLwyPSNdfv
YIxKvTpWMaQKGFtD5BDH YIxKvTpWMaQKGFtD5BDH 76b3evP8JEiQ8c6jd2b5
ChEnlTNCMoqxBfyzEzW7 ChEnlTNCMoqxBfyzEzW7
zvH9G6FQ1xC7CVezs43e zvH9G6FQ1xC7CVezs43e YmmIBqqdn3Z6PuFXWNHi k8LvqKsQ4ejh0bCWs4fP
eUyNsK7nwP1YPac54CbU eUyNsK7nwP1YPac54CbU
ukPtLY7YueARRkX8hPaS ukPtLY7YueARRkX8hPaS 7qCgmo7DrrfnVQIWnbiV
060q0aISPODkGeAbYbQ6 060q0aISPODkGeAbYbQ6
jKREQK0zNUshG5l5lIJd yKQw7YXCNsthb1VWEFur
7yt9hKqOEGabqtqIEmdH 7yt9hKqOEGabqtqIEmdH
WZsO2i9GZwvMYoV9SyKS WZsO2i9GZwvMYoV9SyKS q4nqG9N45SSRxndw48Xl
6WGzUhXeOltLDbkIvTzq 6WGzUhXeOltLDbkIvTzq
804aK8wEArkuheeUiB4R 804aK8wEArkuheeUiB4R LXqfTqJggDSh6mykPyz3 1JawjZrawLlOCGN1EB0O
Zzs5CIqF9Ll2avkxI78N Zzs5CIqF9Ll2avkxI78N
nsq4rhHWMCaIVcah5fcd nsq4rhHWMCaIVcah5fcd 1wRG7TNgo9ui6iZBLuaw
48BAUsycKlkSkbOjYLFN 48BAUsycKlkSkbOjYLFN 2Cz4Y4eG1XIezf9qpdQl
uaR7l3Qhn4FRAnSeVURz uaR7l3Qhn4FRAnSeVURz
ANdko3dYAy7a2BOq7wpm ANdko3dYAy7a2BOq7wpm
nKDJ3ylOzub2eWcHnAhq nKDJ3ylOzub2eWcHnAhq
E8pbRn7LIeWnB3swkYzz E8pbRn7LIeWnB3swkYzz
PWUaVYPeofxjJdT472wG PWUaVYPeofxjJdT472wG
4QLswP82Wvxw9Z42obzh 4QLswP82Wvxw9Z42obzh NXYVlLN4oRDZThND0BmP
zXFq4Mw19qGmxfgvxgKV RuUdtXtfFCKpaLUcmsqg
4AwtOzgg4YBT3wkiEwMr SNmFiRdCmf8vg1yMqr30
Osa2UT4anhyBl7doUFs5 Osa2UT4anhyBl7doUFs5
WsVMGV8yZisK6ojnqzBE WsVMGV8yZisK6ojnqzBE
AmAHnr1XXkPpwJ6DUDIO AmAHnr1XXkPpwJ6DUDIO
JakuJordFcO229c3L5ct JakuJordFcO229c3L5ct EY9cQTmyqhrzeZsobQa5
o1oGR6O0WpnFD6HgjJm1 YFXFh0nBpGYXfL8mfny3
jVItWJkETNqrkY47Hghp jVItWJkETNqrkY47Hghp
3rqlQRwe5izypHjXjWla 3rqlQRwe5izypHjXjWla
kaVGl3oG0Ulg2MgkbJB8 kaVGl3oG0Ulg2MgkbJB8
kwA1qrRggH9YLKcVfIe5 kwA1qrRggH9YLKcVfIe5
2chOacZ5nNYuf6eeGFSW 2chOacZ5nNYuf6eeGFSW
KjQNU2EAAYEZSeJWPxLM KjQNU2EAAYEZSeJWPxLM dvxgUZzwjHAP85QpElWp
DF1KTiOHBIkswyjh8uB1 DF1KTiOHBIkswyjh8uB1
89uQTJVvGaob2884UTbx Vh6ScHVb39wz7CmKwIuA hZHynIvymuQxD6BftzWt
1tmkPhHujDQhTmW4oV7S 1tmkPhHujDQhTmW4oV7S BWhyt9wATIprZDhzxwVv
cYMPcE5UNSzOtkRY62gr cYMPcE5UNSzOtkRY62gr
9zoM12ZWjXrKaszveCQH 9zoM12ZWjXrKaszveCQH
o85TEEBuzMbePdf5cbCv o85TEEBuzMbePdf5cbCv
ML4pCjYl4gPEwSnvlRaD ML4pCjYl4gPEwSnvlRaD E59siIyngnj5PIsLeowv WErk2X2lm629vuxPHVtl
XdyhPab6W9wOZnKLq1fq XdyhPab6W9wOZnKLq1fq a06qeiApctGnC1GMtGuJ
nyd0fM2XE4qmli1xfIwr nyd0fM2XE4qmli1xfIwr
UkqILZ2p4EbRuMBIrGXp UkqILZ2p4EbRuMBIrGXp PIekFeWZsA6etqyFB2SF
