7FWNmYu1sEzp7YpjhNM0 W2denTwXnWz4qrXL3aFw kgMLDXb5R3ORIfTilNFP AzIG5crlJuxKgwAi8EiY ifTdJaO9BbhyS7vPeYry nAg8OEdqlYhSIX9nv2SQ Wf5r5fLld7uYzA371YeY scUa5QdkUC7khfk1TYEx wmgJPf9xJgBC30Z2iBfg goJftIzc5FBlw9j9PMfL ZPdVSQmUt7J8A3Rehp7D 3KOtUmI8wx8Is2Iqqd2S qUHIoJ8btUij9h8nDU8R lDAnOMVYOYXzMCtINEX8 qUHIoJ8btUij9h8nDU8R QTxJ87HudblvfrcxhLKF CdlE2FMHtE23wbpleKPr B46pe0ii1rn1dcGCmje6 1foAom0YUla8ad6rygWf Ph9yGdcZCHpq7TcjF1ys GGbfPZ5r9fRsb9JaMs6R AKanlmGUSU3JxRuvHfxn Nqdnt8lMLeIhcHlj1s1V g2g8WLVxe9HOQYy10Bok Hp324dioHwKLfiZ19twT g2g8WLVxe9HOQYy10Bok Nqdnt8lMLeIhcHlj1s1V RIFDgOYLizqUpmzvNX0Y Hzf5jjegIHlFM1NlD4mu IcKzxr7CcACAPE40T0L0 Hzf5jjegIHlFM1NlD4mu RIFDgOYLizqUpmzvNX0Y Nqdnt8lMLeIhcHlj1s1V AKanlmGUSU3JxRuvHfxn GGbfPZ5r9fRsb9JaMs6R Ph9yGdcZCHpq7TcjF1ys 1foAom0YUla8ad6rygWf B46pe0ii1rn1dcGCmje6 CdlE2FMHtE23wbpleKPr QTxJ87HudblvfrcxhLKF qUHIoJ8btUij9h8nDU8R 3KOtUmI8wx8Is2Iqqd2S ZPdVSQmUt7J8A3Rehp7D goJftIzc5FBlw9j9PMfL wmgJPf9xJgBC30Z2iBfg scUa5QdkUC7khfk1TYEx Wf5r5fLld7uYzA371YeY nAg8OEdqlYhSIX9nv2SQ ifTdJaO9BbhyS7vPeYry AzIG5crlJuxKgwAi8EiY kgMLDXb5R3ORIfTilNFP W2denTwXnWz4qrXL3aFw 7FWNmYu1sEzp7YpjhNM0
19
7FWNmYu1sEzp7YpjhNM0 A9DFzQyemv4Vrp2lXMgz 5yzYewNOjD4D1V8ZP8q1
W2denTwXnWz4qrXL3aFw W2denTwXnWz4qrXL3aFw 9l9bqgsSEgsSkszLK4O4
kgMLDXb5R3ORIfTilNFP kgMLDXb5R3ORIfTilNFP
AzIG5crlJuxKgwAi8EiY AzIG5crlJuxKgwAi8EiY
nAg8OEdqlYhSIX9nv2SQ nAg8OEdqlYhSIX9nv2SQ
Wf5r5fLld7uYzA371YeY uKBUiyynqpfTFP93OJ0w
scUa5QdkUC7khfk1TYEx scUa5QdkUC7khfk1TYEx
goJftIzc5FBlw9j9PMfL goJftIzc5FBlw9j9PMfL
ZPdVSQmUt7J8A3Rehp7D ZPdVSQmUt7J8A3Rehp7D pPWJrH430fABR0NcoPKV
qUHIoJ8btUij9h8nDU8R qUHIoJ8btUij9h8nDU8R
lDAnOMVYOYXzMCtINEX8 lDAnOMVYOYXzMCtINEX8 PyIlH9YicODghA6KwJUV
CdlE2FMHtE23wbpleKPr CdlE2FMHtE23wbpleKPr
B46pe0ii1rn1dcGCmje6 B46pe0ii1rn1dcGCmje6
1foAom0YUla8ad6rygWf 1foAom0YUla8ad6rygWf
g2g8WLVxe9HOQYy10Bok g2g8WLVxe9HOQYy10Bok
Hp324dioHwKLfiZ19twT Hp324dioHwKLfiZ19twT LEf0huj6HzVDaAZAnsYH
RIFDgOYLizqUpmzvNX0Y RIFDgOYLizqUpmzvNX0Y
Hzf5jjegIHlFM1NlD4mu 6uJmr1C0tkMcbasOZ8YR
IcKzxr7CcACAPE40T0L0 IcKzxr7CcACAPE40T0L0 6uYVEZNStGwGBaOTSZJ3
