azv xie hyb lko ijd dqy jwx yvc wpu yvc jwx brw cwq gcw mtd eqx kxx eqx gcr uvc std dgw qpl faq boc whw hse eqk ykc mpw cib bgn ufa bgn cib mpw ykc eqk hse whw boc faq qpl dgw std uvc gcr eqx mtd gcw ipq yfq ipq gcw cwq brw til ctf gei taj hsi hob pzr hwc uon scm uon hwc pzr hob hsi taj gei ctf til brw jwx dqy ijd ovx zwf vxd rgm jvc ryg ivp zuz rov uyd rfl vxn cvb rcw zdd qzx zdd rcw cvb vxn rfl uyd rov zuz ivp ryg jvc rgm vxd zwf ovx ijd lko hyb xie azv oqv azv
40
azv azv
xie xie
hyb hyb
ijd ijd
dqy dqy
jwx jwx
yvc yvc
wpu yiy hip
brw brw
cwq cwq
gcw gcw
mtd mtd
kxx mis vfq
gcr eqa
boc boc
mpw mpw
cib cib
ufa ufa sau
ipq ipq
yfq yfq ncc
ctf ctf
gei gei cim
hsi hsi
hob wcd
pzr pzr
hwc hwc
scm scm aur
ovx ovx
jvc jvc
ryg hcc
ivp ivp
zuz zuz lmh
rov rov
uyd uyd gfr
rfl rfl
vxn vxn
rcw rcw
zdd uua
qzx qzx hlc
oqv oqv rti
