xse rsg ras ask ckx qol uok cek vsl cen vsl cek ybr jam ybr cek uok qol ckx ask ras rsg dkp iqd qiq xnr qiq iqd dkp nsw ymw odh xpy kcv xpy odh ymw jfh ils jfh mnp miy kgl nyk svk agh nry cun gfa nhi vzr gzr hks wiy qbf rir ksg tlh ksg rir hjv vmt uuw nwn hnq hxr jwx vnr fgp vlb mok uby adx dgl adx uby mok vlb fgp vnr jwx hxr hnq nwn uuw vmt hjv rir qbf wiy hks gzr vzr nhi gfa cun bsc bse fbk vmv fjy vmv fbk bse bsc cun nry agh svk uau ptu ttw byu qxs dnl hat tdu bkg zkt qdw xmg qkp nvz vpr bow fia auf bod auf fia aaj nmf ksn pvs fzi lwk nfr rtc txq igs qwk wbg qwk igs txq rtc nfr lrj nfr lwk fzi xme fzi pvs ksn nmf aaj fia bow vpr nvz qkp xmg qdw zkt bkg tdu nbk ukv nbk tdu ljd gex pjf gex ljd tdu hat fws zks rjv hmi vtd vjd aeg vjd vtd hmi rjv zks fws hat dnl qxs byu ttw ptu uau svk nyk kgl miy mnp jfh ymw nsw dkp rsg xse
71
rsg rsg
ask zud zdb
ckx ckx
qol loj
uok uok
cen cen kfu ego
ybr ybr
jam jam phg
xnr khu nwc
nsw nsw
kcv tko qjf uwo
jfh jfh
ils ils hcr
miy miy
svk svk mti
nry nry
cun cun
gfa bnl
nhi nhi
vzr vzr jgt
gzr fyc
hks emz
wiy wiy
qbf qbf
ksg ksg
tlh tlh xjt
vmt vmt
uuw uuw
nwn vvn
fgp fgp
mok mok
adx adx kxn
dgl dgl fin
bse nko
fbk fbk
vmv vmv
fjy fjy kpp
uau uau
ptu ptu
ttw ttw bda
byu byu ruo
qxs qxs
tdu tdu
zkt zkt
qdw qdw
qkp yug
nvz nvz
vpr lvm
fia fia
bod bod ogh krr
nmf nmf
ksn fhv
pvs pvs ikb
fzi fzi
lwk lwk
nfr nfr
rtc rtc
txq txq
igs aii
qwk hpx
wbg wbg ocp
lrj lrj bdh
xme xme vwg
ukv ukv nii
ljd ljd tso cma
gex gex
pjf pjf wyg
rjv rjv idv
hmi hmi
vtd vtd
aeg aeg xeh
