Potrero Meyers Calaveras Moores Vista Foothills Balsdon Sherman Banning Merced Oceanside Chinese Fremont Chinese Kentfield Richvale Carmel Old Campbell Ames Campbell Old Carmel Richvale Kentfield Chinese Oceanside Merced Banning Sherman Balsdon 18th Ramona Boulevard Colonnade Boulevard Ramona 18th Balsdon Foothills Vista Moores Calaveras Meyers Potrero
18
Potrero Potrero
Meyers Meyers
Calaveras Calaveras Clayton Warner
Balsdon Balsdon Fiorini
Sherman Santa
Banning Banning
Merced Merced
Oceanside Oceanside
Chinese Chinese
Fremont Fremont Laguna
Kentfield Hume
Richvale Richvale
Carmel Carmel
Ames Ames Ida
18th 18th Smoke
Ramona Linden
Boulevard Boulevard
Colonnade Woffard All
