Encanto Old Chinese All Bonita Cherokee Oildale Yubadocs Homestead Manzanita Helm Robertsville Vista Robertsville Helm Manzanita Homestead South Coachella Kern Beach Ramona Clark Banning Marina Forest Cypress Forest Marina Banning Clark Ramona Beach Kern Coachella South Homestead Yubadocs Oildale Cherokee Clayton Cherokee Bonita All Welden Woodbridge Welden All Rossmoor Vernon Rossmoor All Chinese Sacramento Ida Fremont Granite Colonnade McAuley Colonnade Granite Fremont Ida Sacramento Chinese Old Oceanside Armstrong Green Shafter Mount Jane Mount Smoke Mount Shafter Green Armstrong Oceanside 18th Brookdale Fiorini Merced Bangor Riverside Bangor Merced Fiorini Warner Fiorini Brookdale 18th Oceanside Old Encanto
33
Encanto Encanto
Chinese Chinese
All All
Bonita Bonita
Cherokee Cherokee
Oildale City
Homestead Homestead
Helm Santa
Vista Vista Ames
Kern Kern Los
Beach Beach Sherman Richvale
Ramona Ramona Moccasin Laguna
Clark Quail
Banning Banning
Marina Pumpkin
Forest Forest
Cypress Cypress Elmira
Clayton Clayton Presidio
Welden Welden
Woodbridge Woodbridge Willow
Vernon Vernon Garden
Ida Kentfield
Granite Granite
McAuley McAuley Glencoe
Armstrong Two
Green Green
Shafter Shafter
Mount Mount
Jane Jane Woffard
Smoke Smoke Costa
Merced Delta Alpaugh
Riverside Riverside Foothills
Warner Warner Yurok Cabbage
