Vernon Anaheim New Pacheco Willow Wallace Stanislaus Wallace Willow Pacheco New Kaiser Rowland Kaiser Hoffman Northern Lost Sherman Oildale Timbuctoo Oildale Sherman Lost Northern Hoffman Clayton Fountain Manzanita Fullerton Sonoma Sequoia Yurok Escondido Smoke Yale Escalon Yale Smoke Escondido Yurok Sequoia Sonoma Fullerton Manzanita Fountain Clayton Del Blue Three Sunny Three Blue Del Helm Tijuana Helm Del Clayton Hoffman Kaiser Clipper Warner Clipper Kaiser New Rough Le Huron Cerro Huron Le Fremont Susan Chicken East Stone Moores Creston Moores Stone Mecca Flinn Mecca Stone East Palomar Patrick Fiorini Aguanga Ellis Roseland Skydive California Commonwealth Downtown Magic Calexico Bell Brundage Capuchino Brundage Bell Calexico Magic Downtown Commonwealth California Skydive Roseland Ellis Aguanga Fiorini Patrick Palomar East Chicken Susan Fremont Le Lebec Bodad Lebec Terra Lebec Le Rough New Anaheim Jamul Welwood Aptos Inaja Pleasant Inaja Stockdale Robertsville Stockdale Inaja Aptos Davis Visalia Louis Visalia Newark Marshall Ames Fox Chittenden Fox Ames Marshall Newark Saint Bangor Saint Newark Visalia Davis Olivehurst Davis Aptos Welwood Jamul Anaheim Vernon
61
Anaheim Anaheim
Pacheco Pacheco
Willow South
Wallace Wallace Donner
Stanislaus Balboa Delta
Kaiser Kaiser
Rowland Rowland Portola Civic
Hoffman Hoffman Potrero
Northern Cabbage
Sherman Sherman
Timbuctoo Timbuctoo Antelope
Clayton Clayton
Fountain Woody Cressey
Fullerton Fullerton
Yurok Yurok Alamo
Escondido Escondido
Smoke Smoke Lake Buena
Escalon Escalon Coddingtown
Del Del
Blue Blue Bonny
Three Three
Sunny Sunny Strawberry
Helm Helm Industrial
Tijuana Tijuana Manker
Clipper Veterans Ritter
Warner Warner Industry Parchester
Rough Rough Sulpizio
Le Le
Huron Huron
Cerro Cerro Temecula
Fremont Costa
East Cypress
Stone Forbestown Ramona
Moores Moores
Creston Grasslands Bakersfield
Mecca Mecca Collins
Flinn Flinn Carmel
Fiorini Fiorini
Roseland Roseland Dulzura
Skydive Garcia
California California Beach
Downtown Downtown
Magic Smith
Bell Bell Bradley
Brundage Brundage Winterhaven
Capuchino Capuchino Hammer
Bodad Bodad Richvale
Terra Terra Quail
Jamul Calaveras Presidio
Pleasant Pleasant Cambridge
Stockdale Stockdale All
Robertsville Robertsville Yankee
Visalia Sacramento
Louis Louis Crestmont
Newark Cudahy
Marshall Marshall
Fox Fox
Chittenden Chittenden Armstrong
Saint Saint
Bangor Bangor Glencoe
Olivehurst Davenport Santa
