loc0 loc94 loc5 loc94 loc0 loc51 loc10 loc64 loc10 loc47 loc17 loc9 loc17 loc47 loc10 loc18 loc49 loc30 loc49 loc18 loc26 loc56 loc26 loc18 loc10 loc14 loc10 loc51 loc0 loc45 loc0 loc24 loc4 loc185 loc6 loc93 loc29 loc93 loc6 loc28 loc6 loc27 loc6 loc185 loc4 loc96 loc7 loc96 loc4 loc13 loc86 loc16 loc40 loc16 loc86 loc13 loc4 loc24 loc3 loc121 loc1 loc55 loc36 loc55 loc25 loc55 loc1 loc121 loc3 loc42 loc11 loc76 loc19 loc76 loc11 loc75 loc20 loc107 loc20 loc61 loc20 loc37 loc20 loc75 loc11 loc21 loc15 loc89 loc39 loc89 loc15 loc21 loc11 loc42 loc3 loc23 loc3 loc24 loc0
44
loc0 loc109
loc5 loc5 loc83 loc87 loc129 loc139
loc51 loc51
loc10 loc43 loc65 loc95 loc125 loc183
loc64 loc113 loc187
loc47 loc47 loc105 loc197
loc17 loc17 loc67
loc9 loc9 loc157 loc119 loc161
loc18 loc35
loc49 loc49 loc33 loc165
loc30 loc79 loc189 loc153 loc173
loc56 loc73 loc199
loc14 loc41 loc143
loc45 loc45 loc159
loc24 loc57 loc53
loc4 loc133 loc115 loc169
loc185 loc185
loc6 loc71 loc91 loc103 loc167 loc175
loc93 loc93
loc29 loc29 loc97 loc177
loc28 loc191 loc195
loc27 loc27 loc131 loc135 loc163
loc7 loc7 loc149
loc13 loc13 loc137
loc16 loc85 loc127 loc147
loc40 loc63 loc117
loc3 loc3
loc121 loc121
loc1 loc1 loc171
loc55 loc55
loc36 loc101 loc111
loc25 loc25 loc193
loc11 loc11 loc123
loc19 loc19 loc69 loc141 loc145
loc75 loc75
loc20 loc99 loc179
loc107 loc107 loc59
loc61 loc61 loc31
loc37 loc37 loc181
loc21 loc21 loc77 loc155
loc15 loc15
loc89 loc89
loc39 loc39 loc151
loc23 loc23 loc81
