1 5 1 2 3 4 8 9 13 9 10 11 12 16 17 21 17 18 19 20 24 25 29 25 26 27 28 32 33 37 33 34 35 36 40 41 45 41 42 43 44 48 49 53 49 50 51 52 56 57 61 57 58 59 60 64 65 69 65 66 67 68 72 73 77 73 74 75 76 80 81 85 81 82 83 84 88 89 93 89 90 91 92 96 97 101 97 98 99 100 104 105 109 105 106 107 108 112 113 117 113 114 115 116 120 121 125 121 122 123 124 128 129 133 129 130 131 132 136 137 141 137 138 139 140 144 145 149 145 146 147 148 152 153 157 153 154 155 156 160 161 165 161 162 163 164 168 169 173 169 170 171 172 176 177 181 177 178 179 180 184 185 189 185 186 187 188 192 193 197 193 192 188 187 186 185 184 180 179 178 177 176 172 171 170 169 168 164 163 162 161 160 156 155 154 153 152 148 147 146 145 144 140 139 138 137 136 132 131 130 129 128 124 123 122 121 120 116 115 114 113 112 108 107 106 105 104 100 99 98 97 96 92 91 90 89 88 84 83 82 81 80 76 75 74 73 72 68 67 66 65 64 60 59 58 57 56 52 51 50 49 48 44 43 42 41 40 36 35 34 33 32 28 27 26 25 24 20 19 18 17 16 12 11 10 9 8 4 3 2 1
75
1 196
5 5 7
2 2
4 4
13 13 15
10 10
12 12
21 21 23
18 18
20 20
29 29 31
26 26
28 28
37 37 39
34 34
36 36
45 45 47
42 42
44 44
53 53 55
50 50
52 52
61 61 63
58 58
60 60
69 69 71
66 66
68 68
77 77 79
74 74
76 76
85 85 87
82 82
84 84
93 93 95
90 90
92 92
101 101 103
98 98
100 100
109 109 111
106 106
108 108
117 117 119
114 114
116 116
125 125 127
122 122
124 124
133 133 135
130 130
132 132
141 141 143
138 138
140 140
149 149 151
146 146
148 148
157 157 159
154 154
156 156
165 165 167
162 162
164 164
173 173 175
170 170
172 172
181 181 183
178 178
180 180
189 189 191
186 186
188 188
193 194
197 197 199
