Evans WursterHall Campbell Morrisonhall Gongcha LeConte Moffit HappyLemon LawrenceHall BancroftLibrary HavilandHall VLSB HavilandHall BancroftLibrary LawrenceHall HappyLemon Moffit LeConte Gongcha Morrisonhall Campbell Eshelman Marugame ThaiNoodle Chipotle UCafe Yifang BerkeleyWayWest AlumniHouse ImmThai AshaTeaHouse HilgardHall Bowles KroeberHall Barrows Unit2 Pappys SproulHall SatherGate GreekTheatre StrawberryCreek MemorialGlade Milkbomb SouthHall Milkbomb MemorialGlade StrawberryCreek Plentea LatimerHall MLK LatimerHall Plentea StrawberryCreek GreekTheatre SatherGate SproulHall LewisHall DavisHall LewisHall SproulHall Pappys Unit2 Barrows KroeberHall Bowles Unit3 Bowles HilgardHall AshaTeaHouse ImmThai Blackwell Underhill RSF Firewings CaliforniaHall Firewings RSF Underhill Blackwell ImmThai AlumniHouse BerkeleyWayWest Yifang UCafe Chipotle ThaiNoodle Marugame Eshelman Campbell WursterHall Evans Artichokes Foothill HAAS Foothill Artichokes Evans
32
Evans Cory
Campbell Campbell DurantHall
LeConte LeConte
Moffit Moffit
LawrenceHall LawrenceHall
BancroftLibrary BancroftLibrary
HavilandHall HavilandHall
VLSB VLSB HearstMining
Eshelman Eshelman
Marugame Campanile Gilman
ThaiNoodle ThaiNoodle
Yifang UniversityVillage Wheeler
BerkeleyWayWest BerkeleyWayWest
AlumniHouse AlumniHouse
HilgardHall HilgardHall
Bowles Bowles ZellerbachHall
KroeberHall Etcheverry
Barrows Barrows MemorialStadium
Unit2 Unit2 Stern
SatherGate GiauqueHall
GreekTheatre GreekTheatre CanyonPool
MemorialGlade Kresge
SouthHall SouthHall HesseHall
Plentea Doe Soda SutardjaDai
MLK MLK Dwinelle HildebrandHall
DavisHall DavisHall BotanicalGardens
Unit3 Unit3 Boalt
Blackwell Blackwell
RSF RSF
CaliforniaHall CaliforniaHall InternationalHouse
Foothill Foothill
HAAS HAAS BAMPFA Unit1
