Ippudo Platano Soda HildebrandHall NatApartment Rachas CanyonPool Staples Chipotle Yifang NorthHall DavisHall TukTukThai DavisHall NorthHall Yifang Chipotle HAAS Mezzo BerkeleyArtStudio Quicklys BerkeleyArtStudio Mezzo HAAS Chipotle HearstMining Campbell Eureka Ikes Fengcha HavilandHall Fengcha UniversityVillage TToust BobaNinja TennisCourts TPTea Campanile LeConte AmoebaMusic SnackShack Artichokes SnackShack AmoebaMusic LeConte Cafe3 ThaiNoodle Doe JambaJuice SteamTrains Underhill Homeroom Underhill HortonHall Stern BerkeleyHigh Toss LaNote Toss BerkeleyHigh Stern ClarkKerr Stern HortonHall Underhill SteamTrains JambaJuice Doe ThaiNoodle Cafe3 LeConte AshaTeaHouse JacobsApartment Blackwell SuperDuperBurgers Blackwell JacobsApartment AshaTeaHouse Barrows BerkeleyBart BigC BerkeleyBart Barrows AshaTeaHouse Bowles HearstAnnex McDonalds HearstAnnex Bowles Namaste Bowles AshaTeaHouse LeConte Campanile TPTea TennisCourts BancroftLibrary Cheeseboard RSF Eshelman SweetheartCafe Eshelman RSF Cheeseboard BancroftLibrary TennisCourts BobaNinja TToust ImmThai BobbyGPizza Marugame Gadani Marugame BobbyGPizza ImmThai TToust Crossroads TToust UniversityVillage UCafe Flavia HearstGym WursterHall HearstGym Flavia AndrewsApartment UrbanOutfitters AndrewsApartment Wheeler GSPP EastBaySpiceCompany HesseHall ThaiBasil HesseHall Kips HesseHall EastBaySpiceCompany GSPP Wheeler AndrewsApartment Flavia SmokesPoutinerie Flavia UCafe UniversityVillage Fengcha Ikes Gongcha MSRI NoodleGirl Wikiwiki ACuppaTea GreekTheatre Tilden LatimerHall Jupiter LatimerHall Tilden GreekTheatre ACuppaTea Wikiwiki NoodleGirl Unit3 LaBurrita OptometryBuilding YogurtPark GreatChina YogurtPark OptometryBuilding LaBurrita Unit3 NoodleGirl MSRI Gongcha Ikes Eureka Campbell EastAsianLibrary LittleCampanile WindmillCoffee PokeBar WindmillCoffee LittleCampanile EastAsianLibrary Campbell HearstMining Chipotle Staples CanyonPool Rachas NatApartment HildebrandHall Soda Platano Ippudo
66
Platano Platano Gypsys
NatApartment BetaLounge
Rachas Rachas Safeway
Chipotle Chipotle
Yifang Yifang
NorthHall NorthHall
TukTukThai TukTukThai BSC Venus
Mezzo Mezzo
BerkeleyArtStudio BerkeleyArtStudio SaturnCafe
Quicklys Quicklys Firewings
Campbell MemorialGlade
Eureka Eureka
Ikes Ikes
Fengcha Fengcha
HavilandHall Bonchon GrizzlyPeak
BobaNinja BobaNinja
TPTea TPTea
Campanile ChezPanisse
AmoebaMusic AmoebaMusic
SnackShack SnackShack
Artichokes Artichokes LowerSproul
Cafe3 Cafe3
ThaiNoodle ThaiNoodle
JambaJuice JambaJuice
SteamTrains KroeberHall
Underhill Underhill
Homeroom Homeroom TheHabit
HortonHall HortonHall Shengkee Slivers
LaNote LaNote TacoBell ExtremePizza
ClarkKerr ClarkKerr TripleRock
AshaTeaHouse AshaTeaHouse
Blackwell Milkbomb
SuperDuperBurgers SuperDuperBurgers Pappys
BerkeleyBart HappyLemon SproulHall
BigC BigC TenderGreens
McDonalds McDonalds Morrisonhall
Namaste Namaste StrawberryCreek
Cheeseboard Cheeseboard
SweetheartCafe SweetheartCafe PeoplesCafe
ImmThai ImmThai
BobbyGPizza Raretea
Marugame Marugame
Gadani Gadani HalalGuys
Crossroads Crossroads Ucha BanshoRamen
UCafe UCafe
WursterHall WursterHall Spats
AndrewsApartment AndrewsApartment
UrbanOutfitters UrbanOutfitters Cornerstone
Wheeler Wheeler
EastBaySpiceCompany EastBaySpiceCompany
ThaiBasil ThaiBasil MulfordHall
Kips Kips Muraccis
SmokesPoutinerie SmokesPoutinerie LewisHall TheDwight
Gongcha Gongcha
NoodleGirl Teazone
Wikiwiki Wikiwiki
Tilden Gather
LatimerHall LatimerHall
Jupiter Jupiter Morganhall TopDog
LaBurrita LaBurrita
OptometryBuilding OptometryBuilding
YogurtPark TraderJoes Target
GreatChina GreatChina SatherGate
EastAsianLibrary EastAsianLibrary
LittleCampanile LittleCampanile
PokeBar PokeBar Plentea
