Soda BerkeleyWayWest Campanile Evans Campanile BerkeleyWayWest Soda LeConte Etcheverry Unit2 BancroftLibrary Blackwell Cory Gilman HilgardHall CaliforniaHall Barrows CanyonPool Moffit DavisHall SouthHall DavisHall Moffit CanyonPool Barrows Unit3 Barrows CaliforniaHall HilgardHall Gilman Cory Blackwell BancroftLibrary Unit2 Etcheverry LeConte Foothill HavilandHall Dwinelle HavilandHall Foothill LeConte Soda Doe GreekTheatre LawrenceHall GreekTheatre Doe Soda
18
BerkeleyWayWest BerkeleyWayWest Wheeler
Campanile Campanile
Evans Evans BAMPFA
LeConte LeConte
Unit2 Unit2
BancroftLibrary BancroftLibrary
Blackwell DurantHall
Gilman Gilman
CaliforniaHall CaliforniaHall
Moffit Moffit
DavisHall Stern
SouthHall SouthHall Unit1
Unit3 Unit3 Campbell
Foothill Foothill
Dwinelle Dwinelle HearstMining
Doe Doe Bowles
GreekTheatre GreekTheatre
LawrenceHall LawrenceHall InternationalHouse
