Loc76 Loc11 Loc51 Loc25 Loc117 Loc58 Loc183 Loc1 Loc75 Loc150 Loc71 Loc150 Loc13 Loc159 Loc114 Loc56 Loc114 Loc159 Loc13 Loc85 Loc19 Loc118 Loc61 Loc118 Loc6 Loc158 Loc88 Loc90 Loc15 Loc77 Loc15 Loc90 Loc88 Loc158 Loc6 Loc118 Loc19 Loc85 Loc13 Loc150 Loc75 Loc1 Loc183 Loc58 Loc154 Loc190 Loc154 Loc43 Loc132 Loc55 Loc44 Loc55 Loc132 Loc43 Loc50 Loc110 Loc98 Loc151 Loc14 Loc165 Loc47 Loc17 Loc28 Loc65 Loc163 Loc18 Loc92 Loc32 Loc92 Loc18 Loc163 Loc65 Loc28 Loc17 Loc3 Loc121 Loc10 Loc66 Loc141 Loc196 Loc141 Loc66 Loc41 Loc66 Loc10 Loc24 Loc64 Loc24 Loc10 Loc0 Loc107 Loc182 Loc45 Loc179 Loc82 Loc179 Loc45 Loc182 Loc37 Loc29 Loc37 Loc182 Loc107 Loc0 Loc105 Loc86 Loc39 Loc86 Loc105 Loc0 Loc31 Loc78 Loc31 Loc0 Loc10 Loc121 Loc3 Loc17 Loc47 Loc165 Loc14 Loc139 Loc199 Loc9 Loc199 Loc139 Loc14 Loc60 Loc14 Loc151 Loc98 Loc110 Loc50 Loc43 Loc154 Loc58 Loc117 Loc26 Loc94 Loc26 Loc117 Loc25 Loc42 Loc175 Loc5 Loc175 Loc42 Loc25 Loc51 Loc11 Loc76
61
Loc76 Loc76 Loc80
Loc11 Loc11 Loc12
Loc51 Loc51
Loc25 Loc25 Loc83
Loc58 Loc58 Loc54
Loc1 Loc1
Loc75 Loc75
Loc71 Loc71 Loc16
Loc13 Loc13
Loc114 Loc81
Loc56 Loc56 Loc23 Loc27
Loc85 Loc85
Loc19 Loc19
Loc118 Loc53
Loc61 Loc61 Loc22
Loc6 Loc6 Loc69
Loc88 Loc88
Loc90 Loc90 Loc36
Loc15 Loc15
Loc77 Loc77 Loc38
Loc154 Loc4
Loc190 Loc40 Loc87
Loc43 Loc43 Loc20
Loc132 Loc59
Loc55 Loc55
Loc44 Loc44 Loc67
Loc50 Loc50
Loc110 Loc63
Loc98 Loc98
Loc14 Loc14
Loc47 Loc47 Loc95
Loc17 Loc17 Loc8 Loc96
Loc28 Loc28
Loc65 Loc65 Loc72
Loc18 Loc18
Loc92 Loc92
Loc32 Loc32 Loc49
Loc3 Loc3
Loc121 Loc89
Loc10 Loc10
Loc66 Loc66 Loc97 Loc93
Loc141 Loc74
Loc196 Loc84 Loc99
Loc41 Loc41 Loc57
Loc24 Loc24 Loc73
Loc64 Loc64 Loc48
Loc0 Loc0 Loc70
Loc45 Loc45
Loc82 Loc82 Loc21
Loc37 Loc37 Loc62 Loc2
Loc29 Loc29 Loc35
Loc86 Loc86
Loc39 Loc39 Loc7
Loc31 Loc31 Loc52
Loc78 Loc78 Loc33
Loc9 Loc9 Loc68
Loc60 Loc60 Loc34 Loc91
Loc26 Loc26
Loc94 Loc94 Loc46
Loc42 Loc42 Loc30
Loc5 Loc5 Loc79
