Shelf0 Toolbox153 Ring169 Puppy140 Robot134 Android196 Ice198 Towel92 Bird43 Post158 Whale126 Book99 BBQ172 Mail6 Body55 Clock2 Puppy117 Ice165 Puppy117 Clock2 Body55 Mail6 BBQ172 Book99 Whale126 Clock61 Whale31 Cat187 Whale31 Shower57 Sink109 Fusion131 Allergies106 Settings75 Flowers178 Plus112 Ice50 Allergies7 Toolbox10 Comics105 Kitty89 Nuclear35 Rollers14 Ring161 BBQ36 Ring161 Rollers14 Nuclear35 Kitty89 Comics105 Toolbox10 Allergies7 Ice50 Plus112 Flowers178 Shoe111 Dislike27 Book24 Ice41 Shelf40 Solar59 YouTube199 Shoe17 Body180 Rollers173 Sink96 Elevator120 Allergies176 Dislike143 Towel154 Leash136 Puppy133 Drugs39 Hnads116 Running177 Drugs195 System79 Running66 Cat70 Rollers42 Kitty138 Soda119 Solar192 Clock145 Water29 Laptop125 Kitty98 Rollers95 Water135 Dog101 Boat141 Leash77 Poop150 Laptop69 Nuclear18 Solar159 Dog128 Ice9 Solar162 Ice9 Dog128 Solar159 Toolbox72 Comics113 Book171 Solar130 Allergies23 Fusion179 Monster73 Fusion179 Allergies23 Solar130 Book171 Comics113 Toolbox72 Solar159 Nuclear18 Laptop69 Poop150 Leash77 Boat141 Dog101 Crab83 Soap64 Clock139 Soap64 Crab83 Dog101 Water135 Rollers95 Kitty98 Laptop125 Water29 Clock145 Solar192 Soda119 Kitty138 Rollers42 Cat70 Running66 System79 Drugs195 Running177 Hnads116 Drugs39 Puppy133 Leash136 Towel154 Dislike143 Allergies176 Elevator120 Sink96 Rollers173 Boat67 Shoe174 Elevator115 Toilet191 Horse26 Water21 Ring60 Solar71 Fusion104 Websites94 Fusion104 Solar71 Ring60 Water21 Horse26 Toilet191 Elevator115 Shoe174 Boat67 Shoes8 Boat67 Rollers173 Body180 Shoe17 YouTube199 Solar59 BBQ167 Hnads182 BBQ167 Solar59 Shelf40 Ice41 Book24 Dislike27 Shoe111 Flowers178 Settings75 Allergies106 Fusion131 Sink109 Shower57 Whale31 Clock61 Whale126 Post158 Bird43 Towel92 Poop5 Robot164 Whale114 Robot164 Poop5 Towel92 Ice198 Android196 Robot134 Puppy140 Mail22 Toolbox147 Male149 Toolbox147 Mail22 Puppy140 Ring169 Toolbox153 Shelf0
73
Shelf0 Shelf0
Toolbox153 Toolbox153
Ring169 Ring169 Toolbox146
Puppy140 Puppy140
Android196 Android196 Dog168
Towel92 Towel92 Monster175
Post158 Post158
Whale126 Whale126
Mail6 Mail6 Poop76
Body55 Body55
Clock2 Clock2
Puppy117 Puppy117
Ice165 Ice165 Water38
Clock61 Clock61
Cat187 Cat187 Printer188
Shower57 Shower57
Sink109 Sink109 Shower47
Settings75 Settings75
Flowers178 Flowers178
Ice50 Urine97
Toolbox10 Horse148
Kitty89 Kitty89 System183
Nuclear35 Nuclear35
Rollers14 Rollers14
BBQ36 BBQ36 Urine20
Dislike27 Dislike27 Soda197
Book24 Book24
Ice41 Ice41 Laptop19 Robot51
Shelf40 Shelf40
Solar59 Kitty194
Shoe17 Shoe17
Allergies176 Allergies176
Dislike143 Dislike143
Towel154 Towel154
Drugs39 Drugs39
Hnads116 Hnads116
Drugs195 Drugs195
System79 System79
Cat70 Cat15
Soda119 Soda119
Solar192 Solar192
Water29 Water29
Laptop125 Laptop125
Kitty98 Kitty98
Rollers95 Rollers95
Water135 Water135
Leash77 Leash77
Poop150 Poop150 Robot93
Laptop69 System156
Nuclear18 Nuclear18
Ice9 Ice9
Solar162 Solar162 Website190
Toolbox72 Toolbox72
Book171 Book171 Light30
Solar130 Solar130
Monster73 Monster73 Toilet13
Crab83 Crab83
Soap64 Soap64
Clock139 Clock139 Websites4 Allergies88
Boat67 Boat67
Shoe174 Shoe174
Toilet191 Dog181
Ring60 Plants118
Solar71 Solar71 Breakfast85
Fusion104 Fusion104
Websites94 Fusion34 Poop80
Shoes8 Shoes8 Dislike12 Soap58
Hnads182 Hnads182 Plus78
Robot164 Robot164
Whale114 Whale114 Comics107
Mail22 Mail22 Allergies103
Toolbox147 Ring82 Whale137
Male149 Male149 Urine124
