Horse0 Poop43 Floppy64 Breakfast19 Soda57 Settings94 Towel16 Breakfast42 Running77 Ring97 Allergies3 Ring97 Running77 Water52 Laptop36 Allergies4 Ice30 Prints23 Website29 Shelf25 Whale22 System90 Comics49 Dislike21 Post2 Rollers34 Websites17 Leash89 Websites17 Rollers34 Post2 Dislike21 Comics49 System90 Whale22 Crab78 Book41 Male84 Leash68 Monster80 Kitty92 Water66 Towel12 Shoe87 Urine50 Printer75 Allergies54 Printer75 Urine50 Shoe87 Towel12 Ice10 Towel12 Water66 Kitty92 Monster80 Leash68 Male84 Book41 Crab78 Whale22 Shelf25 Website29 Prints23 Ice30 Allergies4 Laptop36 Water52 Running77 Breakfast42 Towel16 Settings94 Soda57 Breakfast19 Floppy64 Poop43 Shower11 Whale59 Ring45 Floppy40 Website24 Mail88 Website24 Floppy40 Ring45 Whale59 Shower11 Poop43 Horse0
33
Horse0 Horse0 Breakfast74
Floppy64 Horse55
Breakfast19 Breakfast19
Soda57 Soda57
Towel16 Towel16
Running77 Running77
Ring97 Ring97
Allergies3 Allergies3 Towel35 Solar58 Flowers98
Water52 Water52 Cat13
Allergies4 Allergies4
Ice30 Ice30
Prints23 Prints23
Shelf25 Shelf25
Whale22 Whale22 Bird82
System90 Dislike51
Comics49 Comics49 Post61
Dislike21 Shower15 Plus62
Rollers34 Rollers34
Websites17 Websites17
Leash89 Ice38 Websites81
Book41 Book41 Rollers48
Male84 Male84 Kitty14
Leash68 Leash68
Water66 Water66 Bird93
Towel12 Toilet20
Urine50 BBQ86
Allergies54 Monster39 Monster71
Ice10 Ice10 Floppy63
Shower11 Shower11 Settings5
Whale59 Whale59 Printer53
Ring45 Ring45
Website24 Towel37
Mail88 Mail88 Robot9
