0 43 5 43 0 22 1 30 2 69 188 189 190 191 192 193 194 195 196 197 198 197 196 195 194 193 192 191 190 189 188 69 2 3 40 4 15 24 15 11 14 11 15 4 40 3 19 7 19 3 17 12 17 3 2 30 1 10 1 22 0 21 6 161 162 163 164 165 166 167 168 169 170 171 172 173 174 175 176 177 178 179 180 181 182 183 184 185 186 185 184 183 182 181 180 179 178 177 176 175 174 173 172 171 170 169 168 167 166 165 164 163 162 161 6 23 8 23 6 21 0
55
0 13 51 54 61 66 68 77 80 121 124 135 143 146 157
43 43
5 5 60 118 148 160
22 22
1 62 83 95 120 133 153 159
30 28
2 2 65 94 102 151
69 69
188 188
189 189
190 190
191 191
192 192
193 193
194 194
195 195
196 196
197 197
198 198 199
3 3 101 107 142 145
4 31 35 47 86
24 24 44
11 72
14 53 56
19 19
7 7 73
12 12 155
10 34 122
6 36 59 140
162 162
163 163
164 164
165 165
166 166
167 167
168 168
169 169
170 170
171 171
172 172
173 173
174 174
175 175
176 176
177 177
178 178
179 179
180 180
181 181
182 182
183 183
184 184
185 185
186 186 187
8 67 112 129
