hutmk qtcla edkrj hkdrv guxio cjfpu pyjhz nohqc ejulp nohqc pyjhz cjfpu guxio hkdrv edkrj qtcla hutmk omjfc dowbf yaxts ablxw rlfxc zbawl aflzx lnfiu aflzx zbawl rlfxc ablxw yaxts dowbf omjfc uxtfk ugyls yzaje htfom rvhjg tqiky fswhz lsnhz mlfbi nhaik obwid nihqv misyc xeljy efjns ijofp efjns xeljy misyc nihqv obwid nhaik mlfbi oscrv lskxo xintv lskxo oscrv mlfbi lsnhz fswhz tqiky rvhjg htfom yzaje ejrpc lcghr tiyfv zsehb tyuep cursl tyuep zsehb tiyfv lcghr ejrpc dvkfe ybtpq vmgxh ofjku artvi abupm mzlsn spehv ynfag gizud spuoi kbshp kcley kbshp spuoi gizud ynfag spehv mzlsn abupm artvi ofjku bquaw ounwr cgrwy axmwy aqzce tejxc aqzce axmwy cgrwy ounwr bquaw ofjku vmgxh ybtpq dvkfe ejrpc yzaje ugyls uxtfk omjfc hutmk
30
ejulp yiodb otirh
omjfc omjfc
dowbf dowbf
yaxts yaxts
ablxw ablxw gxdqt
rlfxc rlfxc
lnfiu lnfiu aeomh
ugyls ugyls
yzaje yzaje
lsnhz lsnhz
mlfbi mlfbi
misyc misyc urlkt
xeljy xeljy
efjns ijvuq bcrwj
ijofp ijofp ywion
oscrv oscrv
xintv xintv coubd
lcghr lcghr
zsehb zsehb
tyuep tyuep
cursl cursl xnysi
vmgxh vmgxh
artvi artvi
mzlsn mzlsn
spuoi spuoi
kcley vczkh ugamb
cgrwy hopbn
axmwy axmwy
aqzce aqzce
tejxc tejxc qdzgs
