hdpxs wbvga pbqlk whqrj pwydx osxbc cihba dncuw iwpol nzirf awhmz jrghb hoxir uakjq qtdze utdhx qsmkj vcwfj lirzq htkwy frhgc lmwpk cgjda fairz sfizh cqsby sfizh fairz cgjda lmwpk frhgc htkwy lirzq vcwfj qsmkj utdhx qtdze uakjq eatck swpdc oclyb gdovn wcjeg zntkr tndwl sdqie jcqfl zadjy rjdai rmahk oaeyh rmahk rjdai zadjy jcqfl sdqie tndwl zntkr gvfpj ndszt drojn xlrzc kscoz jcwpu tivko joztf cxajk joztf tivko jcwpu kscoz xlrzc drojn pqzow qhvsb pgdnx kxmbi ynwvu wkbuf qpbmc ramjo kzwah mujil pihld yxjgq ostkf lvqun witul dsean hgzbc wajol qbdwz maqho aqoyk cxdfu yvbse lpudv yvbse pgqva olqfv armnk btwzv laqzs nzack lnjxt ymcfp jhlus xscoe zqjxb uklga qckjp wdquv lrqft uiogl fqjsk sxdiu crlfe hwmzn nqtru ekgsc yvfsg pytwh yvfsg ekgsc nqtru rlumh nqtru hwmzn crlfe sxdiu fqjsk dkjro ohzfn iyuas egclu bwknx wotiq bwknx egclu iyuas ohzfn dkjro fqjsk uiogl lrqft wdquv qckjp uklga xeylf ebwcp bdevm aoqtg ehqyk yqfdk zcjqx fjdqi oxuqn rzvtg ayrgb tjake xtzpg hulpb mkndy stflc mkndy hulpb osvgp oewcd osvgp hulpb xtzpg tjake ayrgb rzvtg oxuqn fjdqi zcjqx yqfdk ehqyk aoqtg bdevm ebwcp xeylf uklga zqjxb xscoe jhlus ymcfp bigwn yazqf lgcuf qhbyf glrpy qhbyf lgcuf yazqf bigwn ymcfp lnjxt nzack laqzs btwzv armnk olqfv pgqva yvbse cxdfu aqoyk maqho qbdwz wajol hgzbc dsean witul lvqun ostkf yxjgq pihld mujil kzwah ramjo qpbmc wkbuf bfauz mhekz bfauz wkbuf ynwvu kxmbi pgdnx qhvsb pqzow drojn ndszt gvfpj zntkr wcjeg gdovn oclyb swpdc eatck uakjq hoxir jrghb awhmz nzirf iwpol dncuw cihba osxbc pwydx whqrj txcno rchbw txcno whqrj pbqlk wbvga hdpxs
77
osxbc osxbc
cihba cihba wnelr
dncuw oxitr
utdhx utdhx
qsmkj qsmkj
vcwfj vcwfj
htkwy htkwy bsvth
frhgc frhgc
lmwpk lmwpk
cqsby cqsby ahnds
gdovn gdovn
wcjeg wcjeg
zntkr zntkr
tndwl tndwl
rjdai rjdai qhibx
oaeyh oaeyh mtcsd
ndszt vobqh
drojn drojn
xlrzc xlrzc
kscoz kscoz
jcwpu jcwpu
joztf joztf
cxajk cxajk evtgj
qhvsb qhvsb
wkbuf wkbuf
qpbmc qpbmc
kzwah kzwah
mujil mujil
pihld pihld
yxjgq xcvow aedvq
wajol wajol
qbdwz qbdwz
maqho maqho
yvbse yvbse
lpudv lpudv gdnim evsbm
pgqva pgqva
olqfv bkfuc
armnk armnk tkwle
btwzv btwzv
lnjxt lnjxt
ymcfp ymcfp
jhlus jhlus
zqjxb zqjxb
uklga uklga
qckjp qckjp
wdquv wdquv rjuxc
lrqft xnpwq
uiogl uiogl ktzce
sxdiu sxdiu
hwmzn hwmzn
nqtru nqtru
ekgsc tmwdy
pytwh pytwh gstwp
rlumh rlumh mlibf
dkjro dkjro
ohzfn ohzfn
iyuas iyuas
bwknx bwknx
wotiq wotiq vgwoi
ebwcp ebwcp
bdevm bdevm
ehqyk ehqyk
yqfdk yqfdk
zcjqx zcjqx
fjdqi fjdqi ypdnb
oxuqn oxuqn
rzvtg rzvtg
ayrgb ayrgb
tjake tjake mhuad
stflc stflc syoxf
osvgp osvgp
oewcd oewcd cxdes
yazqf yazqf
glrpy yqtob dbjxw
bfauz kjihy
mhekz mhekz gufvs syoxv
rchbw rchbw amfiz
