Hayward Asheville Norman Allentown Springdale Corona Modesto Hampton RichmondCounty Hampton Modesto Corona Springdale Cambridge Carrollton Downey Abilene Atlanta Sebastian Kennewick PuntaGorda Wilmington Winston Hickory Trenton Murfreesboro Yonkers Murfreesboro Trenton Hickory Winston Tucson Bradenton Huntsville Bradenton Tucson Aurora Tucson Winston Wilmington Washington LakeCharles Irvine NewOrleans SaintLouis SanJose DalyCity NewBedford York BelAir York NewBedford DalyCity SanJose SaintLouis NewOrleans Burbank NewOrleans Irvine LakeCharles Washington Wilmington PuntaGorda Omaha Topeka Montgomery Topeka Omaha PuntaGorda Kennewick Sebastian Atlanta Abilene Downey Carrollton Cambridge Springdale McHenry Springdale Allentown Norman Asheville Durham Asheville Hayward
30
Hayward SantaClara
Asheville Asheville CedarRapids
Springdale Springdale
Modesto Modesto
Hampton Hampton
RichmondCounty RichmondCounty Charlotte
Downey Downey SaintPaul
Abilene GrandRapids
Atlanta Atlanta Danbury
Kennewick Kennewick NewYorkCity
PuntaGorda PuntaGorda
Winston Memphis Tampa
Hickory Hickory Tyler HuntingtonBeach
Yonkers Yonkers Waterloo Barnstable
Tucson Tucson PalmBay
Bradenton Bradenton
Huntsville Huntsville McAllen
Aurora Aurora Bakersfield
LakeCharles LakeCharles
NewOrleans Waco
SaintLouis Harlingen
NewBedford NewBedford
York York
BelAir BelAir Monroe
Burbank Burbank Chicago
Omaha Omaha
Topeka Topeka
Montgomery ThousandOaks SantaCruz
McHenry McHenry Newark Torrance
Durham Durham Deltona Bloomington
