Hayward Shreveport Seaside Worcester Burlington Norwalk Huntsville Kissimmee Marina PortArthur Marina Kissimmee Huntsville ThousandOaks Cambridge ThousandOaks Huntsville Norwalk Burlington Downey Topeka Henderson Topeka Downey Burlington Worcester Seaside CapeCoral Gastonia Hampton Bryan NewYork Monroe Escondido Independence Escondido Monroe NewYork Bryan Lubbock Milwaukee StPaul Milwaukee Lubbock CostaMesa VeroBeach PembrokePines SantaMaria Poughkeepsie Salem Poughkeepsie SantaMaria PembrokePines VeroBeach KansasCity Houston Jefferson Warren York Warren Jefferson Houston KansasCity VeroBeach Stamford Marysville Stamford VeroBeach OverlandPark Anchorage OverlandPark VeroBeach CostaMesa Bakersfield SouthBend Youngstown Fullerton Paterson Victorville Scottsdale Victorville Paterson Fullerton Duluth SaintPaul ElPaso SaintPaul Duluth Detroit BoiseCity Harrisburg HuntingtonBeach Harrisburg Arvada Wilmington Vancouver Tallahassee Muskegon NewportNews Muskegon Tallahassee Vancouver Boston SterlingHeights Springfield SterlingHeights Champaign SterlingHeights Boston Vancouver Wilmington Arvada Tyler Arvada Harrisburg BoiseCity Detroit Duluth Fullerton Youngstown SouthBend Bakersfield CostaMesa Lubbock Melbourne Torrance Brighton Oxnard Fitchburg Waterbury Fitchburg Oxnard SanBuenaventura Anaheim Columbus Anaheim Eugene Anaheim SanBuenaventura Oxnard Brighton Torrance Albuquerque Torrance Melbourne Lubbock Bryan HavredeGrace PuntaGorda Hemet PuntaGorda HavredeGrace Bryan Hampton Gastonia CapeCoral Seaside Shreveport Hartford Shreveport Hayward
62
Shreveport Bethlehem
Seaside GreenBay
Worcester Modesto
Burlington Burlington
Norwalk NewBedford
Huntsville Huntsville
Kissimmee Kissimmee
Marina Marina Frederick
PortArthur RichmondCounty Lacey
ThousandOaks ThousandOaks Olympia
Cambridge PalmBay Plano
Downey Downey
Topeka Topeka
Henderson Henderson NewYorkCity
CapeCoral CapeCoral Bloomington
Gastonia Laredo
Hampton Newark
Bryan Birmingham
NewYork Tucson Kalamazoo
Monroe Monroe
Escondido Mesquite StLouis
Independence Cincinnati RoundLakeBeach
Lubbock Lubbock
StPaul CorpusChristi Savannah CathedralCity
VeroBeach SantaClara
PembrokePines Pueblo
Poughkeepsie Elkhart
Salem Salem Deltona
KansasCity Racine
York York Ogden
Stamford Stamford LasVegas
Marysville Marysville Layton
OverlandPark OverlandPark Greenville Louisville
Anchorage Anchorage Utica Fresno
Bakersfield Bakersfield
Youngstown Barnstable Hagerstown
Fullerton Fullerton Flint
Scottsdale Scottsdale Omaha
Duluth Duluth
SaintPaul SaintPaul GrandRapids
ElPaso ElPaso JohnsonCity
Detroit Detroit McAllen
HuntingtonBeach HuntingtonBeach Scranton
Arvada Arvada
Vancouver Vancouver
NewportNews NewportNews Aberdeen
Springfield Harlingen Spartanburg
Champaign Champaign Charlotte
Tyler Tyler Nashua
Melbourne Melbourne
Torrance Torrance
Oxnard Oxnard
Waterbury Waterbury Newburgh
SanBuenaventura SanBuenaventura Norwich
Anaheim Anaheim
Columbus Columbus SiouxFalls
Eugene Eugene Boise LakeCharles
Albuquerque Albuquerque Hialeah
HavredeGrace HavredeGrace
PuntaGorda PuntaGorda
Hemet Hemet Mobile
Hartford Hartford NorthLasVegas
