AndyandZeyu g8 f8 j8 f8 g8 AndyandZeyu AndyandZeyu7 j6 c7 b7 h7 b7 c7 j6 AndyandZeyu7 AndyandZeyu g6 AndyandZeyu6 g6 AndyandZeyu e5 AndyandZeyu5 h5 j4 h5 AndyandZeyu5 e5 AndyandZeyu b4 i4 b4 AndyandZeyu f3 d3 g3 d3 f3 AndyandZeyu b2 AndyandZeyu2 d2 c2 i2 e2 f2 e2 i2 c2 d2 AndyandZeyu2 b2 AndyandZeyu h1 b1 h1 AndyandZeyu f0 b0 i0 AndyandZeyu0 i0 b0 f0 AndyandZeyu c j c AndyandZeyu
24
AndyandZeyu h g1 j1 g2 g4 f6 i6 f7 i8
g8 g8
f8 f8 h8
j8 j8 j7
j6 j6 i7
h7 h7 g7
g6 g6
AndyandZeyu6 j5 h6
e5 g5
h5 h5
j4 j4 f5 i5
i4 i4 f4 h4
f3 f3
g3 g3 h3 i3 j3
AndyandZeyu2 j2
i2 i2
f2 f2 h2
h1 h1
b1 f1 i1
f0 f0 h0
i0 i0
AndyandZeyu0 g0 j0
c f
j j g i
