7f5b7c 1aa96e f045e7 f8aa7c b8c246 99ac94 683ca9 6281fb 683ca9 99ac94 b8c246 60fc1d 10f84c e0f7dc 4c44ba e0f7dc 6fe679 ce509a 11021c ce509a 32669e 4eb2aa 536b21 51c628 4e5c32 b249a2 d9c8ba b249a2 4e5c32 6be164 672a1c 2b057c 7360bb b4b2c3 f742a0 37d45e a1b647 37d45e f742a0 b4b2c3 7360bb 2b057c 672a1c 6be164 4e5c32 51c628 cf04cd 9f9c4d 6ced94 9f9c4d e8c504 541622 3292c4 541622 e8c504 9f9c4d cf04cd 51c628 536b21 4eb2aa 32669e ce509a 9c5717 70482f 9c5717 ce509a 6fe679 e0f7dc 10f84c 60fc1d 97fa28 2ca5eb a314be 8bacbb cb23fe a3eab6 d9abe3 bb543d 2c60cc 852215 2c60cc bb543d d9abe3 a3eab6 cb23fe 8bacbb a314be 2ca5eb 97fa28 60fc1d b8c246 957ec9 2e6ab4 3303e1 b535fa 3303e1 2e6ab4 957ec9 b8c246 f8aa7c bce3c7 c23933 d3c749 f4756e 1e408a f4756e d3c749 c23933 3dc79c 52d817 49e8c7 73865c 49e8c7 dfba28 49e8c7 d5f5c5 49e8c7 52d817 d9351e 52d817 3dc79c c23933 bce3c7 358d70 a13b39 6b1e31 578691 6b1e31 2193d2 408c85 4188fa 69edcb 4188fa 408c85 2193d2 6b1e31 a13b39 358d70 f5615a a670a6 c909c3 245ea2 e52589 3fd048 e52589 245ea2 853e4b a622e8 b9c2f4 e593cd e2665a e0f00d d83335 e0f00d e2665a bc8350 e2665a e593cd b9c2f4 a622e8 853e4b 245ea2 c909c3 a670a6 f5615a 358d70 bce3c7 a3eeb9 463589 a3eeb9 bce3c7 f8aa7c f045e7 1aa96e a40dde 1aa96e 7f5b7c
61
7f5b7c 7f5b7c 2ffab6
1aa96e 1aa96e
f045e7 f045e7
99ac94 99ac94 2f9755
6281fb 6281fb d12aea
10f84c 10f84c
e0f7dc e0f7dc
4c44ba 4c44ba 645a0c
6fe679 e60044
ce509a ce509a
11021c 11021c 20427f
32669e 32669e 6d23c4 86af3a
4eb2aa 4eb2aa
536b21 536b21
4e5c32 4e5c32
d9c8ba fd25f7 98bf31
2b057c 2b057c
f742a0 f742a0
a1b647 a1b647 22ad29
cf04cd cf04cd
6ced94 6ced94 a85abe
e8c504 e8c504 a6d0cb a51200 9b10ed
541622 541622
3292c4 3292c4 2c8bdc
9c5717 9c5717 3df71a
70482f 70482f 537a83
97fa28 97fa28
a314be a314be 8c6c80 3fc5b0 4459c3
cb23fe 3b9bcd
a3eab6 a3eab6
d9abe3 d9abe3
bb543d 89bc09
852215 852215 ef8230
957ec9 957ec9
2e6ab4 2e6ab4
b535fa b535fa ff603d fece60
f4756e f4756e
1e408a 1e408a 974c48
3dc79c 3dc79c 14c5c6
73865c 73865c b04992
dfba28 dfba28 36cc15
d5f5c5 d5f5c5 293f59
d9351e d9351e a21b15
358d70 358d70 e78120
578691 578691 d597c1
2193d2 2193d2 a08830
4188fa 4188fa
69edcb 4749d0 18ff59
f5615a f5615a
a670a6 a670a6
e52589 e52589
3fd048 19246a dd5707 b2fa06
853e4b 853e4b f88a12
b9c2f4 b9c2f4
e2665a e2665a
e0f00d e0f00d
d83335 d83335 626470
bc8350 bc8350 1c61d3
a3eeb9 a3eeb9
463589 e45544 9fdbc5
a40dde a40dde 73dd80
