0 199 190 199 0 1 19 20 32 42 43 51 52 62 63 64 65 73 75 88 90 104 105 106 107 111 112 121 126 127 128 129 130 137 139 137 138 147 148 149 150 156 157 173 174 173 157 156 150 149 148 147 138 137 130 129 128 127 126 121 112 111 107 106 105 104 90 88 89 88 75 73 74 73 65 64 63 62 52 54 52 51 43 42 32 20 19 1 2 3 4 3 2 1 0
29
190 192 194 198
1 15 17
20 25 30
32 23 33 44
42 42
51 40 48
52 56
62 67
64 64
73 72
75 86 87
90 99
104 108
105 105
112 114 120
121 124
127 127
130 130
137 136
139 142 146
147 154
148 148
157 158 163 168 172
174 176 178 182 186
89 91 94 101
74 76 83
54 54 53
2 2
4 4 7
