MfdzFvsdGbvl AGbRQRBgaOdX MkUBuIisCVpZ FBJfxxErGDSJ AMizjBPjmCZd nOAOIuLzBRCw mFYKjQfCsRtT QifLRRQkbeZy deJmWrylVSGK CuwogbndJgoN hypFtIVCahEe PnbamVANEguC hypFtIVCahEe CuwogbndJgoN deJmWrylVSGK QifLRRQkbeZy dFUHctNjrywb MLnLJmQHwuOS IHnRSACwPeSd MLnLJmQHwuOS PUcvIgREsriS ZjfLZjjegWJT TbekQRoKcInv ZjfLZjjegWJT pWbJtVdThhym rrRAqFcoDYfk jQrllEpFyFwz jBrNTBMPxyQD jQrllEpFyFwz rrRAqFcoDYfk pWbJtVdThhym ZjfLZjjegWJT PUcvIgREsriS MLnLJmQHwuOS dFUHctNjrywb QifLRRQkbeZy NlmuUUVQUbgI mghmklyBsbHa BxGViQLocTbz pQCFwcmaYfTN noaMakAlHdwq pQCFwcmaYfTN BxGViQLocTbz mghmklyBsbHa NtVMseWKItey GuSSYBNHDbKE rVqgoVgUmLRB UUfgFbkMxjKZ arcJTkwUqbUy UUfgFbkMxjKZ rVqgoVgUmLRB GuSSYBNHDbKE NtVMseWKItey pkzKsTORVYro FCrKCfVsEsBk pkzKsTORVYro NtVMseWKItey mtRsLIzrlNLu BkcPMTugAswL mtRsLIzrlNLu NtVMseWKItey mghmklyBsbHa NlmuUUVQUbgI dDFWxTbuPymh LkEUjKFNAyBd SojgLCNtJNvq LkEUjKFNAyBd dDFWxTbuPymh NlmuUUVQUbgI QifLRRQkbeZy mFYKjQfCsRtT nOAOIuLzBRCw AMizjBPjmCZd FBJfxxErGDSJ MkUBuIisCVpZ AGbRQRBgaOdX MfdzFvsdGbvl
34
AGbRQRBgaOdX AGbRQRBgaOdX
MkUBuIisCVpZ MkUBuIisCVpZ
FBJfxxErGDSJ axLiuEEXvnsQ
AMizjBPjmCZd AMizjBPjmCZd
mFYKjQfCsRtT mFYKjQfCsRtT
QifLRRQkbeZy QifLRRQkbeZy VyXrTLUcizAa tywOQDwDhjwZ
deJmWrylVSGK deJmWrylVSGK
hypFtIVCahEe PQTqeEtJjrHq
PnbamVANEguC PnbamVANEguC buqjmAINqGzN
dFUHctNjrywb dFUHctNjrywb
MLnLJmQHwuOS MLnLJmQHwuOS
IHnRSACwPeSd IHnRSACwPeSd hLGIbMiwjPgd
PUcvIgREsriS PUcvIgREsriS QHpWWcCYavdw
ZjfLZjjegWJT ZjfLZjjegWJT
TbekQRoKcInv TbekQRoKcInv RICmsRCgzRsB
pWbJtVdThhym GemeldahvdVv
rrRAqFcoDYfk rrRAqFcoDYfk
jQrllEpFyFwz VARFNCcqfgIc
jBrNTBMPxyQD jBrNTBMPxyQD MOpktZzuQRCH
NlmuUUVQUbgI NlmuUUVQUbgI
mghmklyBsbHa EoEdLMroSPNp
BxGViQLocTbz DvRTDyBMOCbT
pQCFwcmaYfTN pQCFwcmaYfTN BbyhqvohDUZK
noaMakAlHdwq noaMakAlHdwq hCxjbMrSlUJQ PvZWLvSzyZfH
NtVMseWKItey plKUVNXwKfVb
GuSSYBNHDbKE GuSSYBNHDbKE uFHfCerNFIme
rVqgoVgUmLRB rVqgoVgUmLRB
arcJTkwUqbUy arcJTkwUqbUy SgyAcloZDNJV
pkzKsTORVYro pkzKsTORVYro UVLyMXgqTFaJ
FCrKCfVsEsBk FCrKCfVsEsBk GKWfMfVZxbJi
mtRsLIzrlNLu mtRsLIzrlNLu
BkcPMTugAswL BkcPMTugAswL DFscNnuMhxUC
dDFWxTbuPymh dDFWxTbuPymh
SojgLCNtJNvq SojgLCNtJNvq ymJllvoAiAsf
