IvOdahrtFwzZ yVSfaizVeLPT IvOdahrtFwzZ WUqhotrexTBp hzeJgpwlnaPA sTgUExIipvWV RGYiIUdVAiVL YGzazHdyrGCd gJMLzBkWmUoV WWtfhwMSzfGW gJMLzBkWmUoV aSwTAVmQLJow zOkfhFVfOKVi aSwTAVmQLJow gJMLzBkWmUoV YGzazHdyrGCd IfTQNEFsiTgr uZQOmtLXDMXl LdhPogfUCfUq RsVDBpPbAfPa jXgKDXnEJsra etjGizhQhrRW ybLCwZqVZKud QxNjgiXciQma ybLCwZqVZKud etjGizhQhrRW jXgKDXnEJsra RsVDBpPbAfPa LdhPogfUCfUq uZQOmtLXDMXl IfTQNEFsiTgr YGzazHdyrGCd RGYiIUdVAiVL pjemGRILnFei RGYiIUdVAiVL sTgUExIipvWV PFpQuVVRxbvV BujzcwTOtypK iCJxwFELfPya sFSBpaJxLpBT TZmWJenJbEsV YyCbFndgmpDL AoaIXEzdsCrm mvdksSctoMVi AoaIXEzdsCrm YyCbFndgmpDL TZmWJenJbEsV sFSBpaJxLpBT ZPYnROAizafx etbjZlqcYdPF ijesYrTHxMcg kzPlYxPdIHVo ypApeqMQPnQA kzPlYxPdIHVo ijesYrTHxMcg etbjZlqcYdPF ZPYnROAizafx wHeDieHMYzAK ZPYnROAizafx sFSBpaJxLpBT iCJxwFELfPya AuldkFyUpsYo JNoAmCxHcsYw FLSRuaDcxhdD jXOmYlZmvqnI KpiCGGuakHIr jXOmYlZmvqnI FLSRuaDcxhdD JNoAmCxHcsYw AuldkFyUpsYo ynBAbhbIrUei TKKLChjfijhn cQMSBGdRWmjB zcAOlsVDUDkc cQMSBGdRWmjB xIUhUxhCILsJ xPYMCFkusDSL UHctRHiZQkpZ WUHzPIhaINNz tkrkUtkDqJLy lRgeGnDJBtMa nyTRNDRCsANl cRekprdsHHWw nyTRNDRCsANl xXoCKkdkKAne nyTRNDRCsANl lRgeGnDJBtMa tkrkUtkDqJLy WUHzPIhaINNz idefWDKaqcyp ocysUjOwnenm idefWDKaqcyp WUHzPIhaINNz UHctRHiZQkpZ xPYMCFkusDSL xIUhUxhCILsJ EKWhDcEeEkGK FoZLfdSCJZDk lIUKVwoOnEyc zypYDSZfKAvD SnErwRYEuFXf EUIZeYDuGKec cwlLlHKYSHkG qxhFFIUEfnzV cwlLlHKYSHkG EUIZeYDuGKec SnErwRYEuFXf zypYDSZfKAvD lIUKVwoOnEyc FoZLfdSCJZDk EKWhDcEeEkGK xIUhUxhCILsJ cQMSBGdRWmjB TKKLChjfijhn ynBAbhbIrUei AuldkFyUpsYo AJnswnydWveO TglqUXfjbefC AJnswnydWveO AuldkFyUpsYo iCJxwFELfPya BujzcwTOtypK PFpQuVVRxbvV sTgUExIipvWV hzeJgpwlnaPA cpNycWVdmzHJ mZUBOQTZyXOM xogpFjQUGEgg HEwqlaeMfSzl tARvBeqQDqSY fiHhqLtPfdZy tARvBeqQDqSY HEwqlaeMfSzl xogpFjQUGEgg mZUBOQTZyXOM vkOqMvrCUWYf mZUBOQTZyXOM cpNycWVdmzHJ hzeJgpwlnaPA WUqhotrexTBp IvOdahrtFwzZ fblrDraNAUxK qMdmyWbGDdGe oOIjuHJcVRiV AEFrBHnTsTIs FenKhdsiadPr nxbMBCPhfQij touUfboeiIya nxbMBCPhfQij yFQWQWtUUMle YIFfrMiRNqqd hPSXtHMMyKAK NxxrxPgsnMqG vfHFyZGRGvFq PiGAjicuPBgs vRfpxkfTkxRJ WnABnktZDxMx WHSGrQQrrotE KxsKsdmykxTa WHSGrQQrrotE WnABnktZDxMx vRfpxkfTkxRJ PiGAjicuPBgs vfHFyZGRGvFq NxxrxPgsnMqG EOKLHvbbCToE NxxrxPgsnMqG hPSXtHMMyKAK YIFfrMiRNqqd yFQWQWtUUMle nxbMBCPhfQij FenKhdsiadPr AEFrBHnTsTIs oOIjuHJcVRiV qMdmyWbGDdGe fblrDraNAUxK IvOdahrtFwzZ
64
yVSfaizVeLPT yVSfaizVeLPT mgKEFEWheOqk KtoZVrQmJWki LNoKVqXhLEzn zCWezcJmUGqs
WUqhotrexTBp WUqhotrexTBp
sTgUExIipvWV sTgUExIipvWV SKbQkQUhqQEt
RGYiIUdVAiVL RGYiIUdVAiVL
YGzazHdyrGCd YGzazHdyrGCd
gJMLzBkWmUoV gJMLzBkWmUoV
WWtfhwMSzfGW WWtfhwMSzfGW NMSHhfMtAJZb
zOkfhFVfOKVi zOkfhFVfOKVi EwXugPkGUVkm UYTxhnOtiPHB
IfTQNEFsiTgr IfTQNEFsiTgr
jXgKDXnEJsra jXgKDXnEJsra
etjGizhQhrRW QZQElPdcHxru
ybLCwZqVZKud ybLCwZqVZKud
QxNjgiXciQma QxNjgiXciQma nlzJUuBrsbXD
pjemGRILnFei pjemGRILnFei RQBxIsRWzmfl
PFpQuVVRxbvV PFpQuVVRxbvV gkTmCiZxFrJw
sFSBpaJxLpBT sFSBpaJxLpBT yHOsEGOhjOLt
TZmWJenJbEsV TZmWJenJbEsV
AoaIXEzdsCrm AoaIXEzdsCrm
mvdksSctoMVi mvdksSctoMVi ppfBOAvWYXyJ
ZPYnROAizafx ZPYnROAizafx
ijesYrTHxMcg PKHkuTHeRXhO
ypApeqMQPnQA ypApeqMQPnQA nschEYWjrAsr
wHeDieHMYzAK wHeDieHMYzAK oKIKkmsSWzmH cQFNlImsTWTM
JNoAmCxHcsYw JNoAmCxHcsYw
FLSRuaDcxhdD qFGlIHDqKyPA
jXOmYlZmvqnI jXOmYlZmvqnI
KpiCGGuakHIr AQgpWBullbIi ubtvaUeVUfmV UGahWpWtmUQn
ynBAbhbIrUei gXcuqckdTdIP
TKKLChjfijhn FkNlSGMBOUbz
zcAOlsVDUDkc zcAOlsVDUDkc qlMzHEurfTvO
tkrkUtkDqJLy uzYTzVwixczQ
lRgeGnDJBtMa lRgeGnDJBtMa
nyTRNDRCsANl nyTRNDRCsANl
cRekprdsHHWw cRekprdsHHWw quZcTYtpBjSn
xXoCKkdkKAne xXoCKkdkKAne hLCSOZLNEdhX
ocysUjOwnenm ocysUjOwnenm aXlcDzbXwAJW
EKWhDcEeEkGK EKWhDcEeEkGK IQvKLYGCcCbd dXlgwkdKhUmB
zypYDSZfKAvD zypYDSZfKAvD
SnErwRYEuFXf IcNVObbuvzWY
cwlLlHKYSHkG AhJBAeSEuUkL
qxhFFIUEfnzV qxhFFIUEfnzV ctZWqndwhbJm YvLRANdegrdA
AJnswnydWveO HVwGkspnDHbf
TglqUXfjbefC TglqUXfjbefC TTwdgXpOLyxF
cpNycWVdmzHJ cpNycWVdmzHJ wXjNgGRCXYRl
mZUBOQTZyXOM mZUBOQTZyXOM
HEwqlaeMfSzl HEwqlaeMfSzl
tARvBeqQDqSY tARvBeqQDqSY
fiHhqLtPfdZy fiHhqLtPfdZy WsLfQLsirtHk
vkOqMvrCUWYf vkOqMvrCUWYf QDhUZstsJKtV
fblrDraNAUxK fblrDraNAUxK
qMdmyWbGDdGe evRMhyiHKGXv
oOIjuHJcVRiV oOIjuHJcVRiV
FenKhdsiadPr DiKlonktcqTP
nxbMBCPhfQij nxbMBCPhfQij
touUfboeiIya touUfboeiIya XwPJYwaGcHxO
yFQWQWtUUMle yFQWQWtUUMle lznMKRYSMheH OIjApACwnyqG
YIFfrMiRNqqd aSpDrTbKBytW
hPSXtHMMyKAK hPSXtHMMyKAK
NxxrxPgsnMqG NxxrxPgsnMqG
vfHFyZGRGvFq GvyjKkGcUdcI nKmMbiEuiffc
WnABnktZDxMx WnABnktZDxMx
WHSGrQQrrotE WHSGrQQrrotE
KxsKsdmykxTa WRiugWLCujBI QFfSmYtuSTPl
EOKLHvbbCToE EOKLHvbbCToE JpwDMOwQmqOp
