0 47 86 21 29 21 86 47 26 47 0 20 72 78 99 12 53 12 99 5 55 32 13 39 13 23 92 95 27 68 83 18 69 18 83 68 27 52 48 87 91 87 48 52 27 95 92 23 13 32 55 5 41 6 56 34 56 6 41 5 99 78 72 33 3 96 62 45 30 90 8 14 65 84 9 84 65 14 8 90 4 90 30 45 62 96 3 42 51 2 22 2 51 42 3 33 72 20 0
32
0 0
29 29 71
26 31 63
99 99
12 12
53 53 37 61 81
5 5 67
55 55
13 13
39 39 7 11
23 23
27 27
68 82
83 83
69 69 24
52 52
48 48
87 87 77
91 91 50 79
41 41
6 6
56 56
34 34 97
3 3
62 62
14 14 64
65 65 1
84 84
9 9 60
4 58 94
42 42
22 15 44
