0 65 147 191 111 133 86 177 92 140 173 7 188 126 8 51 79 74 163 47 77 130 145 131 151 134 34 134 151 67 151 131 145 130 10 130 77 47 163 74 79 51 8 126 188 7 173 140 92 108 187 94 32 138 184 172 17 87 127 100 135 60 135 100 44 15 97 11 81 192 72 52 132 118 132 52 72 192 81 11 97 15 44 100 127 84 68 84 127 87 17 172 184 153 27 153 184 12 116 91 45 120 117 190 125 109 162 197 155 22 155 197 144 2 38 2 6 98 42 170 106 5 76 148 78 18 54 26 54 18 78 148 76 5 41 30 41 5 106 170 42 98 6 2 144 197 162 109 125 190 117 120 45 91 116 12 62 29 62 12 184 138 32 94 187 108 166 158 181 70 167 104 141 104 167 70 181 158 166 50 166 108 92 177 86 133 111 191 147 21 71 24 121 156 37 49 37 156 121 24 71 21 147 65 0 59 183 103 40 142 176 66 176 142 40 103 183 59 73 198 3 152 3 198 73 59 0
70
147 147
191 194
111 111
140 140
173 173 96
7 7
188 1
79 79 102 196
163 163
47 179
130 130
145 145
151 151
134 31
34 34 36
67 67 178
10 10 119
108 108
187 187
138 138
184 184
172 172
17 17
87 87
135 135
60 60 80 110
15 15
11 11 105 136
81 129
52 122
118 118 16
68 68 101
27 27 39 75
12 12
91 91
125 189
109 109
162 162
197 23
155 155
22 22 168
144 144
38 38 150
6 6
42 42 35
170 161 193
106 56 89
5 5
78 25
18 18 171
26 26 61
30 30 95
62 62
29 157 123
158 158
104 104
141 141 164
50 50 83
21 21
71 71 93
24 24
156 156
49 49 124
59 59
40 40
142 142
66 66 55 160
73 73
198 198
152 152 9
