Soda a0 c9 a7 c10 d9 c10 a7 a1 a7 c9 a0 c5 b2 e5 e6 b3 e6 e5 b2 c5 a0 c2 d4 c2 a0 a5 a6 a9 a4 a2 c8 b4 b6 b5 c1 b5 b6 b4 c8 a2 a4 a9 a6 a5 a0 Soda a i u i j aa z aa j i a h ak h a g a e p e a d a b k ab k l k b a Soda A F M W M F A E Q E A D K AI AH AI K D A C J C A B S AB Z Y AQ AP AQ Y Z AB S B A Soda C9 A7 C10 D9 C10 A7 A1 A7 C9 Soda C5 B2 E5 E6 B3 E6 E5 B2 C5 Soda C2 D4 C2 Soda A5 A6 A9 A4 A2 C8 B4 B6 B5 C1 B5 B6 B4 C8 A2 A4 A9 A6 A5 Soda
48
c9 c9
a7 a7
d9 d9 b9 d1
a1 a1 d5
c5 c5 e3
e5 e5 b1
e6 e7
b3 b3 c7
d4 c3 d7 e1
a5 a5
a9 a9 b7
b4 a3
b5 b5
c1 c1 d3
i ap x
u v an
j j
z z ar at
h h
ak r t aj
g f al
p p ah af
d d n
b b
ab ab av
l l ad ax
W AO AC
E P
Q Q AG
AI AS AU
AH T AW
J J AF
AB AB H
AP AP N
C9 C9
A7 A7
D9 D9 B9 D1
A1 A1 D5
C5 C5 E3
E5 E5 B1
E6 E7
B3 B3 C7
D4 C3 D7 E1
A5 A5
A9 A9 B7
B4 A3
B5 B5
C1 C1 D3
