a0 a88 a92 a55 a63 a94 a63 a55 a92 a88 a0 a10 a81 a13 a79 a29 a58 a24 a91 a37 a6 a74 a89 a3 a68 a71 a68 a3 a41 a65 a42 a65 a1 a84 a98 a84 a1 a65 a41 a3 a89 a74 a6 a37 a91 a24 a58 a29 a79 a13 a40 a8 a64 a62 a85 a77 a35 a73 a95 a80 a52 a56 a49 a56 a12 a61 a36 a18 a54 a93 a96 a82 a66 a48 a66 a82 a96 a4 a96 a93 a54 a18 a36 a61 a12 a56 a52 a80 a95 a73 a21 a76 a21 a43 a21 a73 a35 a77 a85 a62 a64 a44 a34 a44 a64 a8 a40 a13 a81 a10 a0 a7 a20 a67 a39 a67 a20 a7 a0
36
a0 a0
a88 a88
a55 a55
a94 a94 a45
a13 a13
a79 a79 a38
a29 a26
a24 a24
a91 a91
a37 a37 a17
a89 a5
a68 a68
a71 a71 a19 a53
a41 a41
a65 a65
a42 a42 a70
a98 a98 a9
a64 a64
a62 a62
a35 a35
a73 a73
a95 a51
a80 a80
a52 a52
a56 a56
a49 a49 a15
a36 a36
a54 a54
a93 a93
a96 a96
a48 a14 a75
a4 a4 a87
a76 a76 a60
a43 a43 a78
a34 a34 a86
a39 a39 a30
