ssp200 13 10 2 14 2 8 6 5 6 8 2 181 17 29 17 22 18 19 20 19 18 22 17 181 32 44 32 38 36 35 34 35 36 38 32 181 47 59 47 52 48 49 50 49 48 52 47 181 62 74 62 67 63 64 65 64 63 67 62 181 77 89 77 82 78 79 80 79 78 82 77 181 92 104 92 98 96 95 94 95 96 98 92 181 107 119 107 113 111 110 111 113 107 181 122 134 122 127 123 124 125 124 123 127 122 181 137 149 137 142 138 139 140 139 138 142 137 181 152 164 152 158 156 155 154 155 156 158 152 181 167 179 167 173 171 170 169 170 171 173 167 181 182 194 182 188 186 188 182 187 183 187 182 181 2 10 13 ssp200
62
2 3 11
14 14 15
6 6
5 5 4
17 26
29 29 30
18 18
19 19
20 20 21
32 41
44 44 45
36 36
35 35
34 34 33
47 56
59 59 60
48 48
49 49
50 50 51
62 71
74 74 75
63 63
64 64
65 65 66
77 86
89 89 90
78 78
79 79
80 80 81
92 101
104 104 105
96 96
95 95
94 94 93
107 108 116
119 119 120
111 111
110 110 109
122 131
134 134 135
123 123
124 124
125 125 126
137 146
149 149 150
138 138
139 139
140 140 141
152 161
164 164 165
156 156
155 155
154 154 153
167 176
179 179 180
171 171
170 170
169 169 168
182 191
194 194 195
186 186 185
183 183 184
