Austin Sara Austin Victoria Jessica Garrett Jessica Victoria Adam Hannah Sean Jonathon Tina Kari Arthur Ashley Arthur Kari Amy Alex Eugene Elaine Kyle Elaine Eugene Alex Amy Kari Tina Jonathon Sean Hannah Adam Jorge Robin Daniel Robin Jorge Manuel Jorge John Jennifer Walter Jennifer Brad Scott Peter Scott Paul Kimberly Aaron Cassandra Robert Cassandra Aaron Juan Jonathan Selena Alexandria Gina Alexandria Selena Jonathan Juan Aaron Kimberly Paul Tracy Dennis Tracy Paul Scott Brad Jennifer John Jorge Adam Victoria Austin
31
Austin Jamie Melinda
Sara Sara April
Victoria Victoria
Garrett Garrett Rachel
Hannah Hannah Elizabeth
Sean Sean
Jonathon Edward Maxwell
Kari Kari Glenda
Ashley Ashley Paige
Amy Amy
Alex Alex Rhonda
Eugene Eugene Ralph
Elaine Elaine
Kyle Kyle Melissa
Robin Robin
Daniel Daniel Debra
Manuel Danielle Patrick
John John
Jennifer Jennifer Jeanette
Walter Walter Joshua
Scott Scott
Peter Donald Janet
Paul Paul
Cassandra Cassandra
Robert Robert Jordan
Juan Juan
Jonathan Jonathan
Selena Mariah
Alexandria Natasha
Gina Gina Michael
Dennis Dennis Steven Monique
