Jason Reginald Brandi Anthony Brandi Reginald Cynthia Misty Jill Logan Donald Cristian Donald Logan Jill Misty Cynthia Reginald Jason Derek Julia Brenda Michael Sandra Molly Regina Molly Sandra Michael Brenda Julia Angela Edwin Angela Julia Derek Kevin Tammy Kara Erica Leonard Tommy Monique Patricia Johnathan Patricia Monique Tommy Leonard Erica Kara Daniel Rachel Monica Rachel Daniel Wendy Ashley Wendy Kelsey Barbara Garrett Wayne Garrett Phillip Ronald Roy Gregory Roy Ronald Phillip Jeffery Jordan Stephen Brad Kelly Jeffrey Jacqueline Jeffrey Robert Jeffrey Kelly Brad Stephen Jordan Angelica Erin Nicole Krista Amber Krista Nicole Erin Angelica Jordan Jeffery Ronnie Stacie Diana April Diana Stacie Ronnie Jeffery Miranda Jeffery Maurice Cindy Dustin Cindy Maurice Jeffery Phillip Garrett Barbara Carlos Rebecca Aaron Nancy Aaron Rebecca Carlos Kari Douglas Kari Deanna Jane Mary Jane Deanna Kathy Deanna Kari Carlos Barbara Kelsey Wendy Daniel Jose Sabrina Joseph Sabrina Jose Daniel Kara Tammy Kevin Brittany Kyle Joshua Kyle Brittany Sarah Dylan Ralph Victoria Alexandra Victoria Ralph Dylan Sarah Brittany Kevin Nathaniel Kevin Derek Jason
62
Jason Jeremy
Anthony Amanda Jennifer
Misty Misty
Jill Jill
Logan Logan
Donald Katelyn
Cristian Cristian William
Derek Derek
Julia Susan
Sandra Michelle
Molly Randy
Regina Regina Kayla
Edwin Edwin Dana
Tammy Tammy
Kara Kara
Erica Gabriel
Leonard Timothy
Tommy Tommy
Johnathan Johnathan Megan
Rachel Rachel Andrew
Monica Monica Crystal
Wendy Wendy
Ashley Ashley Melissa
Kelsey Kelsey Tristan
Wayne Wayne Elizabeth
Roy Roy
Gregory Gregory Samantha
Jeffery Jeffery Ricky
Jordan Jordan
Stephen Stephen
Brad Brad Shannon
Jeffrey Jeffrey Grace
Jacqueline Jacqueline Kimberly Bryan
Robert Robert Mario
Erin Adrian
Nicole Nicole
Krista John
Amber Claire Karen Mark
Ronnie Ronnie
Stacie Stacie Carrie
April April Juan Robin
Miranda Mercedes David
Dustin Dustin Melinda
Carlos Laura Rebekah
Rebecca Rebecca Kristen Brett
Nancy Christina James
Kari Kari
Douglas Lauren Brian
Deanna Paul
Jane Jane
Mary Mary Carol
Kathy Kathy Scott
Jose Jose
Sabrina Sabrina Shawn
Joseph Joseph Adam
Brittany Brittany Evan
Kyle Kyle
Joshua Joshua Cheryl
Dylan Dylan Shane
Victoria Charles
Alexandra Alexandra Nicholas
Nathaniel Nathaniel Heather
