Granbull Bulbasaur Typhlosion Bulbasaur Ursaring Lycanroc Gorebyss Heliolisk Chespin Eelektrik Whiscash Quilava Rufflet Quilava Whiscash Eelektrik Spearow Mawile Trumbeak Furfrou Elekid Pancham Mudsdale Greninja Tsareena Masquerain Cosmog Smeargle Azurill Krookodile Azurill Smeargle Cosmog Masquerain Tsareena Greninja Mudsdale Pancham Elekid Furfrou Trumbeak Mawile Spinda Mawile Spearow Eelektrik Chespin Illumise Whismur Deino Swadloon Caterpie Bidoof Politoed Klang Chatot Slakoth Chatot Klang Politoed Bidoof Caterpie Swadloon Deino Whismur Illumise Chespin Heliolisk Furret Tyrunt Mightyena Bronzor Mightyena Skrelp Glalie Skrelp Mightyena Tyrunt Charizard Volcanion Cyndaquil Corsola Budew Corsola Cyndaquil Volcanion Charizard Tyrunt Sentret Probopass Fletchling Cubone Butterfree Cubone Fletchling Probopass Sentret Tyrunt Furret Heliolisk Gorebyss Lucario Zigzagoon Buizel Aipom Nuzleaf Staryu Deoxys Finneon Lunala Kirlia Unown Kirlia Lunala Finneon Deoxys Staryu Machamp Happiny Machamp Staryu Flareon Heatmor Serperior Binacle Exeggcute Torracat Exeggcute Binacle Serperior Heatmor Flareon Staryu Nuzleaf Aipom Buizel Zigzagoon Lucario Swanna Absol Lileep Rhyhorn Carbink Rhyhorn Lileep Absol Swanna Lucario Gorebyss Mantine Gorebyss Lycanroc Amoonguss Lycanroc Ursaring Bulbasaur Reuniclus Metang Magmar Metang Reuniclus Bulbasaur Granbull PorygonZ Geodude Altaria Sylveon Altaria Geodude PorygonZ Electrode PorygonZ Granbull
60
Typhlosion Typhlosion Chinchou
Lycanroc Lycanroc Raichu
Heliolisk Heatran
Chespin Chespin Metapod Diggersby
Whiscash Whiscash Rockruff
Quilava Quilava Crabominable
Rufflet Rufflet Arbok Lampent
Spearow Spiritomb
Mawile Mawile Skitty
Trumbeak Trumbeak
Pancham Vivillon
Mudsdale Mudsdale Pidgeot
Greninja Greninja Cinccino Torkoal
Tsareena Tsareena Feraligatr
Cosmog Cosmog
Azurill Crawdaunt
Krookodile Krookodile Cascoon Corphish
Spinda Spinda Gliscor
Illumise Torchic
Deino Kangaskhan
Swadloon Electrike
Chatot Chatot
Slakoth Slakoth Ninjask
Mightyena Mightyena
Bronzor Bronzor Roserade
Glalie Glalie Mimikyu
Charizard Charizard
Volcanion Infernape
Budew Budew Grumpig
Probopass Probopass
Fletchling Luvdisc
Cubone Cubone TypeNull
Butterfree Butterfree Beedrill
Lucario Floatzel
Buizel Buizel Jolteon
Aipom Dustox
Nuzleaf Nuzleaf
Deoxys Deoxys
Lunala Whimsicott
Unown Unown Relicanth
Machamp Machamp Remoraid
Happiny Happiny Magmortar
Flareon Goomy
Heatmor Heatmor
Serperior Serperior Bergmite
Binacle Binacle
Exeggcute Exeggcute
Torracat Torracat Lapras
Swanna Swanna
Absol Absol Hitmontop
Lileep Lileep
Carbink Carbink Metagross Reshiram
Mantine Mantine Carnivine
Amoonguss Darkrai Jirachi Golbat Floette
Reuniclus Reuniclus
Magmar Magmar Blissey
PorygonZ PorygonZ
Altaria Ampharos Charmander Malamar
Sylveon Sylveon Bonsly
Electrode Electrode Flygon
