Florges Vespiquen Persian Furfrou Bayleef Bisharp Pidgey Sentret Hitmonlee Doublade Carracosta Doublade Hitmonlee Sentret Purrloin Kricketune Infernape Bouffalant Palossand Bidoof Celebi Bidoof Palossand Bouffalant Infernape Lillipup Hakamoo Buzzwole Hakamoo Palkia Girafarig Palkia Hakamoo Hoopa Hippopotas Machoke Hippopotas Hoopa Moltres Hoopa Hakamoo Lillipup Infernape Kricketune Purrloin Delibird Cascoon Caterpie Dialga Caterpie Tentacruel Caterpie Cascoon Delibird Nuzleaf Nidoking Wailmer Nidoking Nuzleaf Delibird Purrloin Sentret Pidgey Bisharp Bayleef Furfrou Persian Vespiquen Florges Zoroark Zubat Zoroark Florges Masquerain Drapion Genesect Drapion Masquerain Celesteela Snorlax Celesteela Masquerain Florges
33
Florges Stufful Bergmite
Vespiquen Weepinbell
Persian Persian
Bayleef Bayleef
Bisharp Bisharp
Pidgey Scolipede
Sentret Sentret
Hitmonlee Hitmonlee
Doublade Aurorus
Carracosta Carracosta Tsareena
Purrloin Purrloin Poliwag
Infernape Infernape
Bouffalant Bouffalant
Bidoof Bidoof Piloswine
Celebi Celebi Ralts
Lillipup Lillipup
Hakamoo Hakamoo
Buzzwole Buzzwole Volbeat
Palkia Yanmega Omastar
Girafarig Girafarig Zapdos
Hippopotas Cherrim
Machoke Machoke Timburr
Moltres Moltres Gastrodon
Delibird Delibird
Cascoon Cascoon
Dialga Dialga Pichu
Tentacruel Tentacruel Regice
Wailmer Wailmer Primarina Wormadam
Zubat Zubat Manectric
Drapion Poliwrath
Genesect Kricketot Dusknoir
Celesteela Celesteela
Snorlax Shaymin Togetic
