19 21 3 64 44 43 7 41 7 43 44 64 3 39 13 51 11 71 23 52 68 95 33 90 94 38 59 58 59 38 94 90 33 95 68 88 9 80 36 17 12 31 65 63 65 31 12 17 36 80 9 88 68 85 26 97 54 97 26 0 10 45 10 0 26 85 68 52 23 71 11 14 57 56 57 14 11 51 13 39 3 21 19
31
44 44
43 43
7 7 61
41 41 28
39 39 1 32
13 13
51 51
11 11
71 76
23 23
95 95
33 33 53 15 99
90 90
59 59
58 58 25 55
88 88
9 9 35 50 92
80 80
36 36
17 17
12 12 34 72 70
65 65
63 63 24
85 85
26 26
54 54 29
0 0
10 10
45 45 40
14 60
56 5 46
