L58 L90 L28 L98 L16 L15 L23 L15 L16 L98 L28 L60 L22 L62 L96 L45 L42 L82 L80 L74 L94 L74 L80 L13 L89 L7 L78 L7 L89 L13 L80 L12 L80 L8 L80 L82 L42 L24 L73 L69 L43 L71 L50 L85 L50 L71 L43 L69 L36 L69 L73 L24 L42 L45 L96 L4 L96 L62 L22 L60 L28 L46 L29 L48 L29 L46 L27 L46 L28 L90 L58
31
L58 L58
L90 L90
L28 L32
L98 L98
L16 L16
L15 L15
L23 L23 L19 L66
L60 L60 L88
L22 L99
L62 L62 L3
L96 L84
L45 L45
L42 L55
L82 L82
L80 L80 L83
L74 L74
L94 L94 L49
L13 L13 L91 L34
L89 L89 L30
L7 L7
L78 L78 L53
L12 L12 L0 L10
L8 L8 L47
L24 L24
L85 L85 L18
L36 L36 L44 L72
L4 L4 L2
L46 L77
L29 L17
L48 L48 L76
L27 L27 L9
