L12 L129 L169 L129 L166 L38 L21 L162 L160 L158 L160 L162 L96 L108 L56 L159 L199 L82 L68 L10 L68 L82 L1 L73 L1 L82 L199 L22 L40 L171 L188 L112 L124 L66 L189 L183 L74 L167 L139 L173 L139 L167 L74 L183 L189 L41 L180 L41 L189 L66 L124 L112 L188 L171 L40 L151 L90 L151 L7 L151 L40 L22 L199 L159 L56 L0 L56 L108 L96 L13 L44 L59 L192 L71 L170 L72 L170 L71 L192 L59 L44 L13 L96 L162 L21 L38 L166 L129 L26 L75 L116 L75 L26 L48 L53 L156 L86 L95 L11 L155 L197 L148 L182 L175 L17 L70 L17 L175 L182 L32 L185 L32 L182 L148 L197 L155 L91 L65 L119 L123 L35 L79 L78 L79 L30 L150 L30 L79 L35 L123 L119 L65 L91 L155 L11 L95 L86 L20 L86 L156 L53 L57 L92 L105 L92 L57 L53 L48 L26 L129 L12
61
L12 L103
L129 L98 L172
L169 L169 L196
L166 L174
L158 L158 L144
L96 L96
L108 L108
L56 L56
L159 L121
L199 L199 L28
L82 L82
L68 L68
L10 L10 L165 L147
L1 L55
L73 L73 L149 L37
L22 L22
L40 L40 L115
L171 L171
L112 L112 L131
L189 L189
L183 L23
L74 L74 L125
L139 L139 L190
L173 L173 L164
L180 L180 L45
L151 L141
L90 L90 L130
L7 L7 L187 L114
L0 L0 L34 L126 L195
L59 L59
L192 L192 L60 L107
L71 L168
L170 L97
L72 L72 L36
L26 L27
L75 L75 L122
L116 L116 L133
L48 L48
L53 L53
L86 L86
L95 L95
L11 L11
L155 L155
L197 L197 L146
L148 L148 L50
L182 L182
L175 L175
L17 L88
L70 L70 L3
L32 L32
L185 L87 L104
L65 L65 L181 L102 L106
L119 L117
L123 L135
L79 L79 L154
L78 L78 L2 L85
L30 L24
L150 L150 L61 L99
L20 L20 L83
L92 L92
L105 L105 L186
