0 158 175 179 103 114 85 114 1 38 131 73 177 157 149 157 110 199 110 157 63 157 177 73 131 16 98 16 17 16 131 38 1 114 103 179 175 158 0 68 128 68 126 37 13 67 7 122 7 67 13 37 126 68 83 75 130 93 194 94 127 172 183 87 180 14 148 99 96 57 19 24 70 45 70 24 19 57 96 99 148 14 129 36 125 36 82 147 82 36 129 14 180 87 183 172 127 109 176 117 160 6 153 181 152 181 153 55 72 41 74 41 72 55 11 55 153 6 160 117 176 109 127 94 194 93 174 101 174 93 130 75 83 68 0 52 115 198 187 139 187 108 18 193 136 113 121 113 136 193 18 108 187 198 9 120 31 138 31 60 141 155 141 60 31 120 9 198 115 52 0
62
0 80
158 143
179 179 156
103 103 27 184
114 114
85 85 46
131 131
73 189
177 177
157 157
149 149 48 145
199 199 197
63 63 81
16 16
98 98 106
17 17 151
68 66
128 128 26
126 126 20
13 13
67 67
122 122 35 162 166
83 83
75 75
130 130
183 183
87 87
180 180 69
14 40
19 19
70 70
45 45 137
36 36
125 125 116
82 82
147 147 59
109 109
176 176
117 117 168
160 160
6 195
153 105
181 181
152 152 134
55 55
72 72 97
74 74 144
11 11 171
174 174
101 91 84
52 52
198 198 76
139 139 111
108 108
136 136
113 53 185
121 121 23 10 102
9 9 34 88
31 31 196
138 138 50
141 4 30 62
155 42 140
