0 43 39 99 27 9 80 34 66 76 72 76 46 76 66 34 80 17 80 9 27 99 39 43 29 77 31 87 50 65 50 21 49 78 67 78 19 30 35 30 19 78 49 48 6 59 47 59 6 48 49 21 50 87 31 15 45 28 96 53 18 60 24 60 18 53 2 73 83 75 1 42 1 75 83 73 2 53 96 28 45 15 31 77 29 54 64 22 61 90 61 22 64 54 14 55 14 54 29 43 0 16 13 32 13 16 0
32
0 0 89
43 43 23
99 99
27 27
9 9 57
76 8
72 72 26
46 46 93
17 17 52
31 40
65 65 95
21 21
78 78
67 67 88
30 62
35 35 51
6 58
47 10 20
15 15 3
45 45
96 96
18 18
60 60
24 24 94
73 11
83 83
42 42 7 98
61 61
90 90 38
55 55 4
13 13
32 32 37 71
