0 37 54 39 9 23 86 16 86 23 11 83 11 25 4 38 82 17 56 73 56 17 35 75 80 72 80 75 35 17 59 78 51 64 46 64 51 18 81 18 51 78 59 17 96 36 43 6 43 36 96 97 44 71 63 66 40 58 40 57 61 57 40 66 63 29 92 67 30 10 87 8 87 10 30 67 92 29 63 71 44 97 96 17 82 38 4 25 11 23 9 39 54 37 0
33
39 39
9 9 88
23 23
86 86
16 16 65 84
11 11 74
83 83 47
38 38
82 82 60
56 56
73 73 53
35 35
80 80
72 27 68
64 64 2
46 46 45
18 76
81 81 48
96 96
43 43 95
6 6 85
97 97
44 31
71 71
63 63
66 66
40 40
58 58 91
61 61 50
29 28
92 92
30 30
8 8 90
