1 100 97 100 89 100 84 100 60 100 45 100 44 100 27 50 39 55 39 50 27 40 63 40 27 29 95 32 95 29 27 100 25 100 21 100 19 100 18 100 7 83 7 43 7 100 6 100 4 49 4 100 0 22 76 59 76 22 35 57 35 22 0 100 1 68 8 68 1 16 1
33
1 1
100 3 171 170 10 164 15 24 28 31 36 38 137 150 54 56 142 86 82 157 136 138 148 153 155 172 174 180 182 183 188 192 195 199
97 97 99
89 89 186 189
84 84 124
60 60 134
45 45 196
44 44 175
27 27 125
50 50 151
39 74 131 178
55 55 127
40 191
63 63 113
29 29
32 32 163
25 25 93
21 21 141 158
19 19 88
18 18 129 115
83 83 177
43 43 117
6 194 77 159
49 49 119 193
0 0
22 22 111
76 76 80
59 59 121
35 35 26 101
57 57 105
68 68
8 8 12 30
16 16 160
