68 63 64 37 50 91 43 78 83 53 83 78 77 78 61 89 90 30 24 93 75 93 41 93 24 74 34 18 34 74 24 30 90 89 81 89 61 78 43 42 58 42 43 22 65 45 52 5 52 4 94 49 21 49 94 11 94 4 52 45 65 22 23 84 25 84 23 22 43 91 50 37 64 17 82 80 76 55 76 80 82 17 64 63 68
28
63 63
37 37 35
91 91 67 73
43 43 57 79
83 83 29
53 53 7 51
77 77 13
61 61
89 89
93 93
75 75 3 31
41 41 71
74 87
34 33
18 19 95
81 81 9 1
42 47
58 39 85
65 65
45 45
5 5 15
49 49
21 21 97
11 11 69
23 23
25 25 27
17 17
55 55 59
