21 156 93 156 21 152 153 152 111 144 74 160 23 191 151 175 151 150 110 124 189 37 36 97 68 84 60 84 68 97 36 35 76 31 113 188 134 181 6 33 186 185 143 185 186 33 6 181 134 188 113 171 15 171 113 31 24 1 139 168 169 168 139 142 139 1 24 31 76 35 36 37 189 124 125 115 119 115 125 124 123 124 110 43 27 101 92 91 178 179 25 179 178 63 178 91 92 101 64 40 176 148 197 95 197 148 176 109 106 105 106 109 176 40 64 101 8 9 8 101 27 43 4 108 4 43 110 150 85 150 42 41 42 150 151 191 23 79 48 47 48 79 23 160 17 160 74 136 69 66 69 136 74 144 111 152 21
57
21 21
156 45
93 93 89
153 153 173
111 111
74 75
23 23
191 191
151 151 141
175 175 65
150 53
189 189
37 37 87
97 97
60 59 61
35 35 29
31 31
113 113 81
188 135
181 181 127
33 33 155
185 185 55
143 143 147 157
171 171 177
15 15 5
1 1 3
139 139 129
169 169 57
142 99 149
125 125 137
115 115
119 119 39 159
123 123 131
43 43 73
27 27
101 101 193
91 91
179 179 161
25 25 165
63 63 71 83
197 197 49 163
95 95 195
109 109
105 105 103 183
8 7
9 9 51
4 187
108 167 117
85 85 107
42 121
41 41 11 13
79 79
48 19
47 47 133
17 17 77
69 69
66 67 145
