74 72 80 79 76 79 71 75 18 192 200 194 193 198 199 198 193 194 200 192 18 182 18 172 171 177 179 180 179 177 178 177 171 172 18 169 165 167 170 162 161 162 170 167 165 169 18 141 148 150 146 150 148 141 18 132 138 139 135 140 135 139 138 132 18 121 130 121 18 118 116 120 115 119 115 120 116 111 116 118 18 98 99 98 18 87 89 82 81 88 83 88 81 82 89 87 18 63 70 65 68 65 66 65 70 63 18 58 53 60 51 54 51 60 53 55 53 58 18 46 50 44 41 44 50 46 2 151 157 153 159 152 159 153 157 151 2 7 9 8 9 7 2 46 18 38 31 39 36 35 37 35 36 39 31 38 21 26 29 28 24 25 24 28 29 26 21 38 18 17 16 17 18 11 18 75 71 79 80 72 74
68
74 74
80 80
76 76 73
71 77
75 75
18 104
192 192
194 197
198 198
199 199 191
182 185 189
172 172
179 179
180 180 174
178 178 175
169 169
165 165
167 167 166
170 168
161 161 163 164
141 141 145
148 148
146 146 142
132 136
139 139 137
135 135
140 140 131
121 128
130 122 126
118 118
116 116
119 119 113
111 111 114
99 99 96
89 89 86
82 82
81 81
88 88
83 83 85
70 70 69
68 68 61
66 66 62
58 58 59
53 53
54 54 57
55 55 52
46 46
50 50
41 41 47
2 2
151 151
157 157
153 153
152 160 156
8 8 6
38 38
31 31
39 39
36 36
35 35
37 37 32
26 26
29 29
28 28
24 30
25 25 23
16 16 13 19
11 11 14
