75 71 79 80 72 74 10 99 96 92 91 93 97 93 91 92 96 99 10 88 81 82 89 82 81 88 10 61 68 65 70 65 68 61 10 51 60 53 60 51 10 43 42 47 42 43 10 35 37 35 36 39 36 35 10 21 26 29 28 24 30 24 28 29 26 21 10 11 18 17 16 20 16 17 18 11 10 6 8 9 7 2 7 9 8 6 10 74 72 80 79 76 79 71 75
35
75 75
71 71
80 80
72 72
74 74
10 10
99 98
92 92
91 91
93 100
97 97 94
88 88
82 82
89 89 86 87
61 67
65 66
70 70 63 69
53 53 59
43 50
42 42
47 47 45
37 37 32
36 36
39 31 33
21 21
26 26
28 28
24 24
30 30 22
11 12
16 16 13
20 20 19
7 7
2 2 1
76 76 73 78
