l7 l40 l39 l67 l161 l92 l114 l182 l71 l22 l89 l179 l63 l72 l63 l179 l89 l133 l200 l177 l200 l133 l89 l22 l13 l61 l119 l138 l150 l129 l80 l59 l80 l129 l150 l138 l119 l61 l12 l105 l188 l66 l94 l66 l188 l34 l199 l34 l188 l105 l12 l61 l13 l22 l71 l182 l114 l172 l114 l92 l52 l143 l42 l143 l26 l98 l81 l51 l95 l31 l127 l43 l49 l184 l49 l43 l127 l31 l115 l57 l163 l57 l115 l31 l95 l51 l86 l24 l148 l155 l103 l139 l102 l76 l20 l112 l73 l112 l20 l76 l102 l139 l103 l38 l103 l9 l48 l9 l103 l155 l148 l24 l86 l51 l85 l194 l130 l153 l147 l153 l130 l194 l85 l51 l81 l98 l60 l2 l60 l98 l26 l143 l52 l92 l161 l67 l39 l40 l7
44
l7 l7 l35
l40 l40
l39 l39 l141
l67 l67 l27
l161 l161
l92 l6
l114 l114 l14
l63 l63 l21
l72 l72 l37 l44
l200 l200
l177 l177 l90 l116
l13 l83
l138 l138 l181
l59 l59 l122
l12 l12
l105 l109
l94 l94 l128
l199 l199 l136
l172 l172 l15
l52 l189
l143 l53
l42 l54 l169
l26 l26
l51 l162
l31 l142
l127 l127
l49 l49
l184 l184 l25 l77
l115 l115
l163 l163 l132
l86 l171
l24 l24 l124
l148 l148
l155 l155
l103 l110
l102 l102
l20 l20 l186
l73 l180 l113
l38 l160 l168
l48 l74 l192
l85 l41
l130 l130
l147 l46 l101
l2 l2 l33 l58
