l1 l91 l21 l31 l23 l95 l35 l84 l35 l95 l23 l5 l2 l34 l93 l51 l93 l34 l2 l5 l23 l31 l21 l11 l97 l16 l97 l11 l69 l7 l13 l6 l14 l8 l45 l27 l66 l39 l66 l27 l45 l8 l14 l6 l13 l7 l69 l11 l59 l24 l59 l11 l38 l9 l38 l11 l21 l91 l1 l68 l4 l68 l1 l36 l88 l36 l1
24
l1 l1 l28 l70
l91 l71
l31 l31
l23 l23
l95 l3
l84 l84 l15
l5 l5 l60
l2 l2 l85
l34 l34 l55
l93 l93
l51 l51 l100 l65
l11 l40
l16 l16 l83
l7 l7
l13 l13 l37
l14 l90
l39 l39 l63
l24 l24 l17 l43
l38 l20
l9 l9 l22
l68 l29
l4 l33 l19
l36 l36
l88 l88 l72
