0 179 178 150 70 150 178 179 0 1 175 111 112 113 78 79 165 164 163 120 4 14 152 14 4 120 163 2 163 164 165 125 124 123 83 82 81 17 81 82 83 123 124 125 165 79 78 15 47 127 147 54 24 23 22 154 22 23 24 54 147 13 12 11 103 107 106 107 103 11 12 13 147 127 126 174 126 127 47 15 78 113 37 36 37 113 112 111 110 21 20 142 141 140 139 138 95 137 136 135 92 91 118 89 132 30 29 46 45 99 45 46 32 63 62 170 62 63 32 46 29 28 27 26 27 28 29 30 132 89 118 91 92 135 136 137 95 138 94 138 139 140 141 142 20 21 110 111 175 1 8 117 116 115 116 117 8 1 0
49
178 178 44
150 150
70 70 69
175 175
111 111
112 112
113 113 102
78 77
165 86
164 73
4 4
152 152 34
2 2 158
123 123 122
83 83
81 81 80
17 17 16
15 15
47 47
147 147
54 54 53
24 24
22 22
154 154 153
11 9
103 103
106 106 105
126 126
174 55 173
36 35 87
110 109
141 7 172
140 58
95 95
135 90 72
118 49
132 131
29 29
99 99 98
32 32
63 63
62 62 61
170 170 84
28 96
27 27
26 26 25
94 94 93
116 116
115 115 114
