0 168 194 168 174 168 166 168 163 27 163 168 154 168 133 168 102 123 102 168 66 168 40 168 30 168 24 168 19 168 2 168 0 143 0 142 0 97 0 92 0 90 0 86 0 70 0 36 0
25
0 20 35 48 73 80 87 69
168 22 83 58 84
194 7 23 98
174 51 89 95 96
166 6 31
163 59 67
27 27 78
154 3 17 25 62 64 81 55
133 8 15 74
102 16 29 32 33 37 52 56 94
123 43 68 85 91
66 66 12 39 71
40 40 45 47
30 30 13 46
24 24 1 21 61
19 19 10 14 42 44 93
2 2 75
143 18 57 88 76
142 49 50
97 97 77
92 92 9 65 79
90 90 4 11 28 34 38 41 54
86 86 99
70 70 53 63
36 36 5 26 60 72 82 100
