101 130 113 136 134 169 102 194 138 149 100 99 97 99 92 95 83 88 86 88 82 88 79 77 76 72 76 77 79 75 78 74 20 26 28 65 66 60 69 60 67 64 68 17 13 10 15 10 14 16 14 10 13 17 68 64 67 60 62 60 66 65 28 27 25 27 28 26 20 74 78 75 37 30 33 34 36 34 33 30 37 75 79 88 83 81 83 95 92 94 96 94 92 99 100 50 59 53 52 56 52 41 44 46 45 48 40 48 45 46 44 41 52 53 59 50 51 50 100 0 7 5 8 9 8 5 7 0 1 0 100 149 138 194 102 169 134 136 113 130 101
60
99 99
97 97 93
92 92 90
95 95
83 83
88 88 89
86 86 85 87
82 82 84
79 79 70
77 77
76 76
72 72 73
75 75
78 78
74 74 71
20 20 23
26 26 29
28 28 21
65 65
66 66
60 60
69 69 63
67 67
64 64
68 68
17 17
13 13
10 10
15 15 19
14 14 12
16 16 11 18
62 62 61
27 27
25 25 22 24
37 37 32
30 30 31
33 33 35
34 34
36 36 38 39
81 81 80
94 94
96 96 91 98
50 50 54
59 59 57
53 53
52 52
56 56 58
41 41
44 44
46 46
45 45 42
48 48 43 49
40 40 47
51 51 55
0 0
7 7 2
5 5
8 8 6
9 9 3
1 1 4
