Soda China Kenya Czech Burkina Seychelles Congo Luxembourg Argentina Luxembourg Congo Falkland Lao Benin Italy Estonia Solomon United Niger Mayotte Saint Costa Germany Fiji Germany Costa Bahamas Costa Saint Mayotte Niger Mozambique Puerto Cocos Dominica French Dominica Cocos Puerto Mozambique Niger United Solomon Estonia Italy Benin Lao Falkland Congo Heard Singapore Heard Sao Christmas Gambia Qatar Barbados Denmark Sri Sudan Japan Sudan Sri Denmark Barbados Albania Nauru Bahrain Comoros Myanmar Paraguay Libya Hong Palau Hong Libya Paraguay Myanmar Iceland Holy Guyana Colombia Guadeloupe Republic Liberia Republic Guadeloupe Colombia Guyana Korea Guyana Holy Iceland Myanmar Comoros Bahrain Nauru Albania Barbados Qatar Gambia Christmas Sao Heard Congo Seychelles Burkina Czech Kenya Moldova Kenya Kuwait Spain Maldives Croatia Maldives Spain Kuwait Kenya China Soda
34
Soda Cambodia
Czech New
Burkina Burkina
Seychelles Macao
Congo Congo Egypt
Luxembourg Luxembourg
Argentina Argentina Northern
Falkland Malawi
Lao Lao
Estonia Iraq
United United
Niger Niger Kyrgyzstan
Mayotte Mayotte Ireland
Saint Saint
Fiji Fiji Netherlands
Bahamas Bahamas Mexico
Mozambique Nigeria
Puerto Jamaica
Cocos Burundi Antigua
French Indonesia Kiribati
Singapore Singapore Lebanon
Sao Sao
Japan Japan Rwanda
Albania Albania
Nauru Pitcairn
Bahrain Finland
Libya Pakistan
Hong Hong
Palau Palau Belize
Republic Republic Algeria
Liberia Liberia Aruba
Korea Korea British
Moldova Moldova Latvia
Croatia Croatia Sint
