1 49 108 49 1 30 18 50 53 50 18 30 3 82 10 21 16 58 116 70 42 59 97 91 90 75 66 73 72 93 110 56 110 14 41 65 41 14 110 93 27 32 89 19 89 32 27 93 72 73 66 75 39 9 31 9 39 75 90 91 97 59 42 48 42 70 116 12 15 61 45 63 28 63 45 61 17 61 15 12 116 58 23 92 34 26 34 92 23 58 16 25 78 25 74 11 6 11 74 25 71 25 16 21 10 82 3 30 1
46
1 67
49 49
108 62 64
30 30 43
18 18
50 50
53 53 60
3 36
10 10 24
21 21
16 16
58 58
70 70 76 29
42 42
59 59
97 57
75 75
66 66
73 73
72 72
56 56 20
14 14
41 41 79
65 65 46
27 27
32 32
19 19 35
39 39
31 31 13 37
48 48 69
12 12
15 15
61 61
45 45
63 63 44
28 28 55 77
17 17 54
23 23
34 34 22
26 26 38
25 25
78 78 52
74 74 68
11 11 47
6 40 51
71 71 33
