Essos Toffingburg Riverrun DiagonAlley Durnatel DiagonAlley Riverrun AirTempleIsland Riverrun Toffingburg LeakyCauldron KoralReef LeakyCauldron Yunkai Millingburg Yunkai LeakyCauldron Toffingburg Jakku TheWhompingWillow Karth Castamere Karth TheWhompingWillow Jakku Ramshorn HighGarden TheCommonwealth KnifesEdge TheCommonwealth HighGarden Accrington TheFae Grayburn Peridrift TheEyrie Peridrift Grayburn TheFae Atlantas TheFae Toperhagen TheFae Urubaen TheWall Urubaen Naboo MountOlympus Valyria MountOlympus Naboo Urubaen TheFae Accrington HighGarden Ramshorn Jakku WesternAirTemple Jakku Alethkar FogofLostSouls Millhagen FogofLostSouls Prongdale TheSpine Prongdale FogofLostSouls Alethkar Jakku Toffingburg Essos
33
Essos Essos
Toffingburg Toffingburg Lorien JahKeved Dubwall Aerodenn TheRiverStyx
Riverrun Riverrun Steeltown Tartarus
DiagonAlley DiagonAlley Shinovar Severen
Durnatel Grimbarrow Keld
AirTempleIsland Tarbean FireNation
LeakyCauldron Hogwarts Astapor TheGreatDivide
KoralReef Hogsmead Ellesmera Arrowcave
Yunkai Trebon Barkamsted SatishVille
Millingburg Duskhollow Azir Braavos Neddingtown
Jakku Jakku TheSpiritWorld Alderaan TheUnderworld CaveofTwoLovers
TheWhompingWillow TheWhompingWillow
Karth Karth Yll Newarre BeyondtheWall Carvahall
Castamere Castamere Batcave
HighGarden HighGarden Omashu TheGodswood Ivormere
TheCommonwealth TheCommonwealth
KnifesEdge KnifesEdge Meereen ProBendingArena
Accrington Accrington
TheFae TheFae FleaBottom Helgrind DuWeldenvarden
Peridrift Peridrift Chrofall GooLagoon Blackwater
TheEyrie TheEyrie Neddington
Atlantas Atlantas Soda
Toperhagen Toperhagen TheKrustyKrab RepublicCity Lockinge TheReshiIsles TheVale
Urubaen Urubaen BaSingSe Boatwright
TheWall JarrensOutpost Gizton
Naboo ShriekingShack Bobbingbourne Ademre
MountOlympus MountOlympus CastleBlack
Valyria Valyria Dragonstone
WesternAirTemple WesternAirTemple Winterfell
Alethkar Alethkar Vintas Penketh TheBoilingRock WitheredHeath Arkham Arcwallow ShatteredPlains
Millhagen FlourishBlotts Westeros BikiniBottom
Prongdale Netherfort Sanlow TheChumBucket
TheSpine TheSpine Endor
