Meckgue TheFingers CasterlyRock KoralReef Essos Sanlow Essos Neddingtown RepublicCity Vexhollow SerpantsPass Winterfell Millingburg BikiniBottom Murkcairn BikiniBottom Millingburg Winterfell SerpantsPass Steeltown Gizton Steeltown SerpantsPass Vexhollow RepublicCity Beldenn LakeLaogai Urubaen LakeLaogai Eggmanland TheWaystoneInn Eggmanland LakeLaogai ShriekingShack ShatteredPlains Braavos ShatteredPlains ShriekingShack LakeLaogai Beldenn RepublicCity Neddingtown Essos KoralReef CasterlyRock ProBendingArena CasterlyRock TheFingers Meckgue
24
Meckgue Meckgue
CasterlyRock Keld
KoralReef KoralReef
Essos Dagobah Meereen TheGodswood
Sanlow Sanlow TheBoilingRock
Neddingtown TheVale BeyondtheWall
RepublicCity RepublicCity TreeofTime Gotham ZhaoFu MysticRuins
Vexhollow Vexhollow
SerpantsPass Ademre GooLagoon TheKrustyKrab
Winterfell Winterfell
Millingburg Grayburn
BikiniBottom Carvahall
Murkcairn Murkcairn Ellesmera
Steeltown Steeltown EarthKingdom
Gizton Gizton Netherfort Larcbost EasternAirTemple
Beldenn Beldenn
LakeLaogai LakeLaogai Yunkai ThePrancingPony UtgardMountain LeakyCauldron VaultofSouls
Urubaen Urubaen FlourishBlotts
Eggmanland Castamere
TheWaystoneInn TheWaystoneInn Tartarus TheArcanum
ShriekingShack TheUniversity
ShatteredPlains ShatteredPlains TheSpine
Braavos Braavos Kinecardine
ProBendingArena Lorien TheHogsHead
