29 26 99 11 36 69 47 8 19 3 33 48 35 48 33 40 75 88 95 30 53 23 31 46 31 23 10 41 87 62 56 55 14 79 82 43 80 43 82 79 14 55 2 6 37 60 84 73 39 27 39 73 84 60 37 20 86 28 66 16 54 98 54 16 66 28 86 20 37 6 2 55 56 62 87 41 59 41 10 23 53 30 95 88 75 40 33 5 7 68 57 67 63 67 17 45 17 67 57 68 7 5 33 3 19 8 47 69 36 11 99 26 32 15 9 15 32 26 29
33
26 26
99 24
11 11
69 69 78
3 3
35 35 4
75 75
30 30 71
23 23
31 31
46 46 34 93
10 10
56 56
79 79 72
82 82
80 80 49
6 85
73 73
27 27 64 77
86 86
66 66
98 98 90
59 59 70
5 5
7 7
68 68
57 57 0
67 67
63 63 25
17 17
45 45 51 97
32 32 58
9 9 96
