21 107 142 107 21 77 2 44 128 134 118 134 94 19 159 80 59 33 117 5 10 180 193 86 61 86 193 180 10 30 132 73 90 167 129 163 122 144 126 151 9 133 84 72 137 100 109 89 199 158 79 26 67 154 25 70 20 85 24 182 145 105 145 182 24 50 172 50 116 198 46 198 116 50 24 85 20 70 25 154 67 26 66 168 36 108 98 15 42 161 52 43 162 120 16 32 169 65 114 83 82 83 114 65 169 32 16 120 162 3 34 39 64 74 49 149 49 74 64 39 34 3 162 43 52 161 47 161 42 4 156 183 123 68 185 130 136 81 136 130 185 68 123 183 156 4 42 15 98 108 36 168 66 26 79 158 199 89 27 31 195 147 195 31 27 89 109 100 137 72 84 133 9 151 126 71 152 92 135 11 188 190 188 11 139 196 12 196 139 11 135 92 152 71 126 144 122 163 78 178 119 17 119 178 78 96 78 163 129 167 90 73 132 30 10 5 117 33 59 80 159 19 94 134 128 44 2 77 21
74
21 21
107 54 97
142 142 37 121
2 2
44 48
134 134
118 118 146
159 159
33 23
10 10
180 180
61 61 40
30 30
90 90
167 167
129 102
163 163
122 122
144 144
151 151 184
133 133
72 72 53
137 137
100 100
79 115
154 154
25 45
20 20 87
85 62
24 24
105 105 38
172 172 170
116 116
46 46 177
66 125
168 168
36 36
108 108
15 15 127
42 42
162 60
120 120 14
16 16
32 32
169 169
114 114
82 82 91
34 34
64 64
74 74
49 49
149 149 95
47 47 7
156 156
123 160
68 68
130 130 18
136 136 194
81 81 88
27 27
31 31
147 147 29
152 152
135 135 131
188 188 56
190 190 186
139 139
196 196
12 51 103
78 78
178 178
119 119
17 17 176
96 96 75
