s l73 h179 h160 l75 h127 l39 h147 l39 h127 l75 h160 h179 l73 s l30 l70 l59 h159 l59 h155 h190 h184 l53 l37 h188 h100 h118 h131 h105 h135 h133 l72 h197 h137 h197 l72 h161 h174 l8 h180 h178 h180 l8 h174 h161 l72 h133 h135 h105 h131 l64 h125 l64 h131 h118 h100 h188 l37 l53 h184 h190 h171 l78 h171 h190 h155 h119 h155 l4 h148 l29 h162 l35 h138 h140 h152 l95 h199 l95 h152 h140 h151 h186 h142 h144 h142 h186 l82 h177 h164 h177 l82 h186 h151 h128 h151 h140 h138 l35 l79 h121 l79 l35 h162 l29 h148 l4 h155 l59 h149 h146 l87 h146 h149 l59 l70 l57 h157 l16 h194 l80 h187 h192 h187 l54 h116 l11 h158 l11 h116 l54 h187 l80 l47 l36 h154 l36 l97 h107 l97 l36 l47 l80 h194 l7 l60 h141 l60 l7 h194 l16 h157 l57 l70 l30 s
62
s h129
h179 h179
h160 h160
l75 h111 h117
h127 h127
h147 h147 h120
l30 h113
l70 h145
h159 h159 h112
h155 h155
h190 h190
h184 h184
l53 h170
h188 h188
h100 h100
h118 h118 h169
h131 h131
h105 h105 h106 h165
h135 h135 h114
h133 h133
h197 h197 h134
h137 h137 h189
h161 h161 h124 h102 h191
h174 h174 h176
h180 h180 h103
h178 h178 h198
h125 h125 h195
h171 h171 h122
l78 h104 h123
h119 h119 h182
h148 h148 h153
h162 h162 h126
h138 h138
h140 h140
h152 h152
h199 h199 h139
h151 h151 h132
h186 h186
h142 h142
h144 h144 h115
l82 h175
h177 h177
h164 h164 h156
h128 h128 h101 h108
h121 h121 h173 h193
h149 h149
h146 h146
l87 h109 h143
h157 h157
h194 h194 h136
l80 h196
h187 h187
h192 h192 h185
h116 h116
l11 h183
h158 h158 h150
l36 h168 h172
h154 h154 h130
l97 h163
h107 h107 h110
l60 h166 h167
h141 h141 h181
