369 11b0b 73f2 cc9c 3327 1eb1 9cde 69b7 664e 143f7 117a2 e7e4 13653 58aa 13d25 58aa 13653 e7e4 117a2 143f7 664e 221a 7e2d 1408e bb8f 14760 aa82 14760 39f9 10d67 39f9 479d da40 6d20 da40 479d 39f9 14760 bb8f 2583 8bd1 b154 1519b f8f1 132ea 14ac9 17df 121dd 17df 14ac9 132ea 139bc c933 139bc 132ea f8f1 1519b b154 8bd1 2583 bb8f 1408e 7e2d 221a 664e 69b7 9cde 1eb1 3327 cc9c 73f2 11b0b 3d62 dda9 7ac4 12546 9975 62e5 d005 62e5 c261 14e32 b826 110d0 6d2 1476 4b06 28ec f21f 4e6f 109fe 5c13 bef8 8f3a 5f7c e47b 5f7c 8f3a bef8 5c13 109fe 4e6f f21f 28ec 4b06 1476 6d2 110d0 b826 14e32 c261 62e5 9975 12546 7ac4 dda9 3d62 11b0b 369
37
369 eeb6
11b0b 11b0b
3327 3327
1eb1 1eb1
9cde 9cde
69b7 69b7
664e 664e
143f7 960c
e7e4 e7e4 10695
13653 13653
13d25 13d25 128af
221a 221a da4
1408e 1408e
bb8f bb8f
14760 14760
aa82 d36e 84ff
10d67 10d67 d6d7
da40 da40
6d20 6d20 2fbe
2583 2583
8bd1 8bd1 ffc3
132ea 132ea
14ac9 14ac9
121dd 121dd 4434 a047
139bc 139bc
c933 c933 a3b
dda9 dda9
9975 b4bd
62e5 62e5
d005 d005 2c55
c261 c261
14e32 14e32
110d0 110d0
1476 1476
4b06 4b06
4e6f 4e6f
e47b e47b 51d8
