507 2c9e2 16eff 648c b4fc 205d1 26a5d 2513a 22902 2513a 26a5d 12396 2a6b1 91cb 27972 132ab 23817 2d3f0 374d 12da4 3c54 137b2 73a1 32460 11e8f aff5 1289d 1e2a 37ede 4662 82b6 4662 37ede 1e2a 155dc 1e2a 1289d aff5 11e8f 87bd 17406 78a8 33375 1ab53 11481 1d892 379d7 5f85 1d38b 219ed 20fdf dd34 20fdf 219ed aaee 383e5 141c0 24c33 2e305 392fa 415b 1e7a7 3428a 3a20f 1790d 36ac2 f15 e23b ba03 3012f 3246 22e09 214e6 27e79 360b4 28d8e 2cee9 8cc4 2cee9 28d8e 360b4 27e79 214e6 22e09 3246 3012f ba03 1ba68 15fea 1ba68 ba03 e23b f15 36ac2 1790d 3a20f 3428a 1e7a7 415b 392fa 2e305 24c33 7daf a0e0 23310 3387c 1a64c 3519f 3154b 31a52 14bce e742 2ddfe 1fbc3 fb5e 2abb8 39d08 2ed13 d82d 388ec 10f7a d326 34791 18d29 34791 d326 10f7a 388ec d82d 2ed13 39d08 2abb8 fb5e 1fbc3 2ddfe e742 14bce 5070 5577 5070 14bce 31a52 3154b 3519f 1a64c 3387c 23310 1bf6f 2b0bf 2bacd 1c97d 96d2 10065 96d2 1c97d 2bacd 2b0bf 1bf6f 23310 a0e0 7daf 24c33 141c0 383e5 aaee 219ed 1d38b 5f85 379d7 1d892 17e14 1d892 11481 1ab53 33375 78a8 17406 87bd 2838 2b5c6 11988 1056c 18822 365bb 29295 19737 25b48 28380 1c476 c411 34c98 9bd9 34c98 c411 2c4db 10a73 2e80c 33d83 6e9a 2fc28 25641 2fc28 6e9a 33d83 2e80c 10a73 2c4db c411 1c476 28380 25b48 19737 29295 365bb 18822 1056c 11988 2b5c6 2838 87bd 11e8f 32460 73a1 137b2 3c54 12da4 374d 2d3f0 23817 132ab 27972 91cb 2a6b1 12396 26a5d 205d1 b4fc 648c 16eff 2c9e2 507
75
507 164f1
2c9e2 2c9e2
16eff 16eff
648c 648c
26a5d 26a5d
2513a 2513a
22902 22902 26f64 356a6
12396 12396
2a6b1 2a6b1
91cb 91cb 1ecae
27972 27972
23817 23817 2604f
374d 374d 200ca
3c54 3c54
73a1 169f8
32460 32460
11e8f 11e8f
aff5 aff5
1e2a 1e2a
4662 4662
82b6 82b6 32e6e
155dc 155dc ec49
78a8 78a8
33375 33375
1ab53 1ab53
1d892 1d892
379d7 379d7
20fdf 20fdf
dd34 dd34 1f1b5
24c33 24c33
2e305 2e305
3428a 3428a
1790d 1790d 38df3
36ac2 36ac2
f15 13cb9
ba03 ba03
3012f 3012f
3246 3246
22e09 22e09
214e6 214e6
27e79 27e79
360b4 360b4
28d8e 28d8e
2cee9 2cee9
8cc4 8cc4 1dd99
1ba68 1ba68
15fea 15fea 146c7
23310 23310
3387c 3387c
1a64c 1a64c
31a52 31a52
e742 e742
2ddfe 2ddfe
d82d d82d
388ec 388ec
d326 d326
18d29 18d29 1831b
5577 5577 30636
2b0bf 2b0bf
2bacd 2bacd 374d0
1c97d 1c97d
10065 10065 c918
17e14 17e14 2f21a 2472c
2b5c6 2b5c6
11988 11988
1056c 1056c
18822 18822
19737 19737
25b48 25b48 1923 23d1e
c411 c411
9bd9 9bd9 6993
2c4db 150d5
2e80c 4b69
2fc28 2fc28 2d8f7
25641 25641 36fc9
