node0 node93 node18 node59 node83 node88 node76 node87 node81 node32 node17 node73 node68 node73 node17 node32 node81 node87 node76 node4 node57 node12 node69 node5 node99 node58 node63 node58 node99 node5 node67 node5 node64 node41 node84 node41 node28 node41 node64 node5 node69 node12 node57 node4 node76 node88 node83 node80 node89 node31 node97 node8 node27 node79 node6 node82 node38 node47 node74 node46 node74 node47 node38 node82 node6 node79 node27 node8 node97 node31 node7 node43 node33 node10 node37 node94 node52 node19 node86 node2 node51 node78 node16 node60 node96 node60 node16 node78 node51 node2 node86 node19 node52 node94 node37 node10 node33 node43 node7 node31 node89 node80 node83 node59 node18 node93 node0
36
node93 node93
node59 node59
node83 node83
node88 node88
node76 node76
node87 node87
node81 node81
node73 node73 node77
node68 node68 node85
node57 node57
node69 node69
node5 node65
node99 node99
node58 node58
node63 node63 node98
node67 node67 node66
node64 node64
node84 node84 node71
node28 node54 node62
node80 node80
node89 node89
node97 node97
node8 node70
node79 node79
node6 node55
node82 node82
node74 node74 node91 node95
node46 node90 node92
node94 node94
node52 node52 node50
node86 node86 node75
node2 node72
node51 node51
node78 node78 node53 node61
node60 node60
node96 node96 node56
