node0 node184 node134 node112 node174 node24 node135 node102 node32 node124 node132 node186 node78 node89 node11 node185 node6 node187 node6 node151 node111 node67 node169 node193 node20 node128 node20 node64 node152 node159 node36 node159 node152 node64 node20 node193 node169 node67 node111 node37 node197 node163 node177 node155 node177 node163 node197 node109 node197 node37 node111 node151 node6 node185 node11 node89 node78 node186 node5 node166 node114 node119 node138 node8 node133 node8 node9 node51 node26 node179 node40 node180 node40 node179 node26 node22 node178 node22 node26 node51 node9 node8 node138 node119 node114 node166 node17 node104 node17 node28 node70 node28 node17 node166 node5 node186 node132 node124 node32 node76 node107 node173 node3 node12 node188 node46 node168 node126 node83 node145 node42 node31 node13 node87 node172 node87 node62 node85 node170 node85 node62 node87 node13 node31 node42 node145 node83 node126 node168 node46 node188 node12 node3 node173 node107 node57 node92 node143 node30 node149 node175 node118 node110 node118 node72 node65 node72 node118 node175 node149 node154 node127 node4 node95 node77 node139 node77 node95 node4 node127 node154 node149 node30 node115 node30 node143 node92 node57 node107 node76 node32 node102 node135 node24 node174 node112 node69 node71 node18 node183 node196 node183 node18 node136 node18 node71 node69 node112 node134 node184 node0 node162 node157 node162 node0
67
node0 node191
node184 node184 node130
node134 node134
node112 node112
node174 node174
node24 node199
node135 node135
node102 node102
node124 node124
node132 node132
node186 node186
node185 node185
node187 node187 node101
node151 node151
node111 node111
node169 node169
node193 node193
node128 node128 node121 node125
node152 node152 node171
node159 node159
node36 node158 node181
node197 node197 node161 node100
node163 node163
node177 node177
node155 node155 node116 node142
node109 node109 node182
node5 node105
node166 node166
node114 node114
node119 node119
node138 node138
node133 node133 node122
node179 node179
node180 node180 node141
node178 node178 node194
node104 node104 node160 node189
node70 node123 node140 node176
node76 node156
node107 node107
node173 node173
node12 node167
node188 node188
node46 node103 node195
node168 node168 node198
node126 node126
node83 node117
node145 node145
node42 node147
node172 node172 node190
node170 node170 node131 node150
node143 node143
node30 node165
node149 node149
node175 node175
node118 node118
node110 node110 node164
node65 node148 node106 node120 node192
node154 node154
node127 node127
node139 node139 node113
node115 node115 node144
node69 node153
node183 node183 node137
node196 node196 node129
node136 node136 node108
node162 node162
node157 node157 node146
