8 98 99 88 40 42 28 41 45 103 140 183 176 131 135 147 135 89 137 89 136 146 159 168 159 146 136 89 90 149 102 149 90 89 135 131 176 183 140 103 45 41 28 22 28 42 40 88 36 107 167 108 74 59 74 108 167 107 115 107 36 55 36 88 99 54 106 66 63 66 106 52 106 54 99 38 24 101 109 169 191 192 170 193 170 192 191 169 109 101 24 38 99 20 21 20 99 98 8 97 153 97 126 80 121 173 121 80 120 123 120 80 126 97 105 152 105 142 174 142 104 31 4 29 4 31 104 142 105 50 48 65 49 65 48 50 105 97 34 53 34 32 82 6 82 32 10 35 16 17 18 23 18 17 16 35 10 32 34 97 8
61
8 2
98 145
99 99
88 88
40 40
42 42
41 61
45 45 91 93
183 183
135 135
147 147 100
89 89
137 137 181
136 136
146 182
168 168 190
90 90
149 160 179
102 102 95
22 22 26
167 167
74 118
59 59 78
115 115 72 116
55 55 69 73
54 54
106 70
66 66 64
63 63 47
52 52 33 51
38 38 39
24 24
109 109
169 169
191 191
192 192 171
193 193 188
21 21 25
97 97
153 153 144
126 126
80 80
121 121
173 173 124
120 120
123 123 127
105 105 68 164 165
152 152 185
142 142 125
174 174 172
4 4
29 29 3
65 65
49 49 30 113
53 53 71
82 82 79
6 6 5 83
35 35
16 19 85
17 17
23 23 87
