0 80 81 82 83 84 85 86 87 88 89 90 91 92 93 94 95 96 97 98 99 100 101 102 103 104 105 106 107 108 109 110 111 112 113 114 115 116 115 114 113 112 111 110 109 108 107 106 105 104 103 102 101 100 99 98 97 96 95 94 93 92 91 90 89 88 87 86 85 84 83 82 81 80 0 8 11 22 11 8 4 16 24 16 4 15 4 10 6 10 4 8 0 7 25 7 2 5 2 7 0 1 19 3 13 17 13 3 9 3 19 1 18 1 12 26 12 1 0
42
0 14 29 30 33 44 52 60 66 71 79
80 80
82 82
84 84
86 86
88 88
90 90
92 92
94 94
96 96
98 98
100 100
102 102
104 104
106 106
108 108
110 110
112 112
114 114
116 116 118
8 8 51 57 65 75
11 11 46 64
22 22 76
4 4 38 43 69
16 16
24 24 61
15 15 47
10 10 36 40 74
6 6 20 31 34 53 73
7 7
25 25 59
2 2 23 42 55 56 67 70 72 77
5 5 37 39 50 78
1 1 21 28 45 58
19 19
3 3 27 41 49 54
13 13
17 17 32
9 9 35 48 68
18 18 62
12 12 63
26 26 129
