UMUCUTWAW CWTNE VYSDBC MWTSDF HQNIKFEGO TOWQNXV PLYPQBTP DQOPCH CJLYWOAQ DQOPCH PLYPQBTP NYBEJN NDWZKRTIJ USUVN AOWYQNAYA USUVN NDWZKRTIJ NYBEJN YPXLG NYBEJN PLYPQBTP TOWQNXV AAOLHW RCOMG ONFIHQJYT AWQOWSNYN ONFIHQJYT RCOMG AAOLHW TOWQNXV TNKNMUFI JJAQQ OVWBCTVDD ATQPANM HREHTSNH OIPVAKF WRQUJ VHHVQ WRQUJ XGGIUBVDN WRQUJ SUIOZK WRQUJ OIPVAKF HREHTSNH ATQPANM OVWBCTVDD JJAQQ WCHJFCRZJ AWEBMY TCXWZV AWEBMY WCHJFCRZJ PRIRIKY UGSZCNL VHLSP UGSZCNL PRIRIKY WCHJFCRZJ JJAQQ TNKNMUFI TOWQNXV HQNIKFEGO MWTSDF VYSDBC KAYADTT OMBFD QOHWG RRFKVFYKR QOHWG KUUVZB QOHWG OMBFD KAYADTT VYSDBC CWTNE UMUCUTWAW
29
VYSDBC GUDSRTKLA
MWTSDF MWTSDF MNWMWDXCQ
HQNIKFEGO TJFSEUB
TOWQNXV YNHRBC STQNQT
PLYPQBTP PLYPQBTP VSMLVXSP
DQOPCH DQOPCH
CJLYWOAQ CJLYWOAQ JVYIBRJ ELILXSR
USUVN USUVN ZPFHBWI
AOWYQNAYA AOWYQNAYA CRSMUEPQG
YPXLG YPXLG MHXHJGEF
ONFIHQJYT YFKIFTRS
AWQOWSNYN AWQOWSNYN GVNFQM
TNKNMUFI TNKNMUFI
JJAQQ JJAQQ JOWHZXTIA
ATQPANM XWBHEYXJU UENPUJ
HREHTSNH ZSHRTZVKO
OIPVAKF OIPVAKF
WRQUJ WRQUJ
VHHVQ VHHVQ VASGY
XGGIUBVDN XGGIUBVDN TNSRRJCDD RDTQTJB
SUIOZK SUIOZK EGEASKKIE
WCHJFCRZJ ZFMGDWP IZNSKNS
TCXWZV TCXWZV WEPDZ
VHLSP VHLSP ZLYFI
KAYADTT KAYADTT FVKLDY
OMBFD OMBFD
QOHWG QOHWG
RRFKVFYKR RRFKVFYKR CNINRTR
KUUVZB KUUVZB XJOXYWA
