USZWPSB HVERBTBS WYQMUDM QKULBZUR VTPZPDXM TOAKXEQ BDHKKLSE TOAKXEQ VTPZPDXM QKULBZUR YFEZIO NXLMTIMTQ FJQMKJNWE YHITQ LJIWVABQS WUUMGX JOXQIX MSHZNEX JOXQIX WUUMGX LJIWVABQS YHITQ DIXXP WEXBJV DIXXP YHITQ FJQMKJNWE NXLMTIMTQ JEGRK KYSSK CCTJZN WTQCHXQ CCTJZN KYSSK JEGRK NXLMTIMTQ GKDIY AIGGLZT GKDIY UZGTEP NIVCBBO KRUSUHB NIVCBBO EJXSCSGM ZNZOQPE EJXSCSGM NIVCBBO UZGTEP GKDIY DFFFG GKDIY NXLMTIMTQ AERLK NXLMTIMTQ YFEZIO QINTC RZIWNJFXV NJLNWKM EHQRYBZ RGLCPSJQE EHQRYBZ NJLNWKM RZIWNJFXV WKIASJP TNHRK GSVJPWC ACYPAPBPW RUGMYM AOVKACB EMAAQWO AOVKACB RUGMYM ACYPAPBPW GSVJPWC TNHRK WKIASJP RZIWNJFXV QINTC YFEZIO OIANIWMW FBLXKVQA GLYDZ JIDZW KAUIIR JIDZW RBNAR XENTNT VWNAJFRNG XENTNT RBNAR JIDZW GLYDZ FBLXKVQA TQSCIQTX LYRSZA MBRDNYP OGEJDN MBRDNYP SIJTRDMKR XZUPVI UDNWTRHT XQOMNCXDB JXLFSOAT GMRFZFR JXLFSOAT XQOMNCXDB UDNWTRHT HSAIPP RGSOR HSAIPP UDNWTRHT XZUPVI SIJTRDMKR MBRDNYP LYRSZA HNOOUELP LYRSZA TQSCIQTX FBLXKVQA OIANIWMW TGPYEAP APIOYKU GWDJBFTV HWJUZVNH GWDJBFTV YOUZA GWDJBFTV APIOYKU WVLTLUD YCGJNQA LNDUQDYSK YCGJNQA WVLTLUD APIOYKU TGPYEAP OIANIWMW GEGFOSJ OIANIWMW YFEZIO QKULBZUR EFOWXJQKY QKULBZUR WYQMUDM HVERBTBS USZWPSB
56
USZWPSB USZWPSB GALHVZ
HVERBTBS HVERBTBS
QKULBZUR MRXNI
TOAKXEQ TOAKXEQ PJXURKPC FLOTLYFG
BDHKKLSE OLUPAJLP RQWCFDHW
YFEZIO YFEZIO NTZSZ
FJQMKJNWE FJQMKJNWE FZNKCK
LJIWVABQS FCWRH
JOXQIX JOXQIX YAETAC
MSHZNEX MSHZNEX RJDHJFNIN
DIXXP DIXXP
WEXBJV WEXBJV GNXDBJSVR RVPJHZLQQ MOXGRP
JEGRK JEGRK FPWMJC
CCTJZN CCTJZN
WTQCHXQ WTQCHXQ AXCWU
GKDIY BHAMV YKOGGTNN
AIGGLZT AIGGLZT VVSNO
UZGTEP BCHOPGEE
NIVCBBO NIVCBBO
KRUSUHB KRUSUHB JQHORKB
EJXSCSGM EJXSCSGM
ZNZOQPE ZNZOQPE HSJUMJH ZKGYGD
DFFFG DFFFG JVWIZDBS
AERLK ORCMU VWHRKOPZ
EHQRYBZ EHQRYBZ
RGLCPSJQE RGLCPSJQE VBAQD
TNHRK AHZYCQM
ACYPAPBPW ACYPAPBPW
RUGMYM RUGMYM XHMMLM
AOVKACB AOVKACB RLWAP EPJHOESBB
EMAAQWO EMAAQWO FZGDAQKRC
FBLXKVQA VFEEU
GLYDZ GLYDZ
KAUIIR KAUIIR MYDTJZPES HEFYBKPUF
RBNAR RBNAR
XENTNT XENTNT
VWNAJFRNG VWNAJFRNG QMHLIXVD XSWDY
TQSCIQTX TQSCIQTX
LYRSZA LYRSZA
OGEJDN NBRZI ANHOTJN
XZUPVI XZUPVI
UDNWTRHT UDNWTRHT NZJGYK
XQOMNCXDB XQOMNCXDB
JXLFSOAT JXLFSOAT TTXGTNV
GMRFZFR ZEZKNGTK UBODMUMJ YVIRIDDRA
HSAIPP HSAIPP
RGSOR RGSOR BLXWCB
HNOOUELP HNOOUELP APBFJMOOF
TGPYEAP TGPYEAP DKINCMT
APIOYKU APIOYKU
HWJUZVNH HWJUZVNH SICVXMLGL
YOUZA YOUZA SIAFKK
WVLTLUD NCPEGX OVKLH
LNDUQDYSK LNDUQDYSK CWLLCM NHNDWOH
GEGFOSJ GEGFOSJ ILXWSRIC
EFOWXJQKY EFOWXJQKY MWXYLX
