73 86 32 12 15 43 166 130 113 197 186 138 186 47 186 197 113 76 113 58 110 58 52 156 150 175 150 114 93 139 98 139 93 114 150 156 97 143 191 75 191 143 97 0 97 156 52 58 26 163 48 188 159 165 173 165 159 157 131 62 131 157 95 40 95 33 95 157 159 188 48 163 26 28 22 177 106 78 71 78 106 177 46 80 6 7 60 55 180 123 176 118 120 37 164 1 164 37 67 162 96 162 67 37 120 118 176 123 180 55 168 17 38 79 57 129 174 146 84 68 153 68 84 146 174 129 57 79 38 17 168 55 60 7 6 80 46 177 22 28 26 58 113 130 166 100 145 128 161 128 145 100 89 69 152 149 126 149 152 69 89 100 166 88 27 90 82 90 27 88 166 43 15 12 32 86 73
61
73 73
12 12
15 15
166 166 154
130 135
113 109
197 197
186 186 63
138 138 16 136 155
47 47 81 187
76 76 194
58 58
110 110 42
52 52 39
156 190
175 175 83
98 98 70
143 143
191 191 124
75 75 41
0 0 61 183
26 26 115
163 163
48 48
159 159
165 35
173 173 196
157 66
62 62 112
95 95 192
40 40 19
33 11 49 127
71 71 10
46 77 195
6 6
7 7 44
60 60 92
55 55 72
123 123
176 176
118 118
37 37
1 99 189
162 162 125 185
96 96 133
168 168
38 122
57 57
129 129
174 167
84 101
68 68 119 169
153 153 184
145 145
128 128
161 161 2
89 89
126 21 171
27 27 24
90 53
82 82 107
