97 71 73 91 68 83 80 72 85 95 78 89 84 89 78 95 85 82 77 9 10 11 12 69 66 58 64 62 60 56 52 54 46 48 44 88 44 48 46 54 52 56 60 62 64 58 66 69 12 13 14 15 14 13 12 11 10 9 77 82 85 72 80 83 68 91 73 67 8 7 6 5 4 3 2 1 20 18 24 22 30 26 28 32 34 36 34 32 28 26 30 22 24 18 20 1 17 19 21 23 25 29 33 31 35 37 41 86 81 100 79 96 43 47 49 51 53 57 61 63 61 57 53 51 49 47 43 96 79 100 81 86 41 37 35 31 33 29 25 23 21 19 17 1 2 3 4 5 6 7 8 67 73 71 97
44
71 71
68 68
95 95
89 75
84 84 94
10 10
58 58
62 62
60 60
56 56
52 52
54 54
48 48
44 44
88 88 99
13 13
14 14
15 15 16
67 67
8 8
7 7
6 6 87
5 5
20 20
24 24
30 30
28 28
36 36 40
19 19
21 21
23 23
33 33
35 35
86 86
100 100
79 79
96 96
43 45
47 47
49 49
51 51
53 53
61 61
63 63 65
