Building65 Building66 Building99 Building75 Building67 Building70 Building94 Building97 Building94 Building70 Building77 Building73 Building82 Building73 Building77 Building70 Building67 Building75 Building99 Building34 Building38 Building39 Building35 Building41 Building44 Building46 Building44 Building41 Building4 Building7 Building59 Building62 Building63 Building61 Building60 Building61 Building63 Building62 Building59 Building7 Building5 Building1 Building5 Building7 Building4 Building41 Building35 Building39 Building38 Building34 Building99 Building66 Building83 Building30 Building20 Building27 Building23 Building22 Building53 Building51 Building53 Building22 Building23 Building27 Building20 Building18 Building24 Building28 Building25 Building28 Building24 Building18 Building13 Building21 Building13 Building14 Building12 Building88 Building91 Building88 Building12 Building14 Building13 Building18 Building20 Building30 Building83 Building66 Building65
33
Building66 Building64
Building99 Building99
Building67 Building80
Building70 Building76
Building94 Building94 Building92
Building97 Building97 Building96
Building77 Building79 Building81
Building73 Building73
Building82 Building82 Building71
Building38 Building37 Building45
Building35 Building35 Building42
Building41 Building41
Building44 Building44 Building33
Building46 Building46 Building36
Building4 Building4
Building59 Building59
Building61 Building61
Building60 Building57 Building58
Building5 Building3
Building1 Building1 Building8
Building83 Building83
Building30 Building30
Building20 Building20
Building27 Building27
Building22 Building22
Building51 Building51 Building54 Building55
Building24 Building24 Building32
Building25 Building25 Building31
Building13 Building13
Building21 Building11 Building16
Building14 Building10 Building15
Building88 Building88
Building91 Building91 Building84
