140 153 164 41 180 184 124 47 182 47 162 172 194 181 81 127 45 5 11 19 53 19 11 5 45 127 81 181 194 172 118 49 1 196 12 196 1 49 118 172 162 103 120 185 133 80 133 185 120 103 162 47 124 33 190 146 190 33 161 186 148 144 25 165 18 165 25 144 24 151 29 168 69 149 179 149 128 149 69 168 29 151 24 144 148 134 175 134 59 62 167 62 137 197 97 93 97 197 137 62 112 22 112 62 59 134 34 61 177 174 70 160 158 105 56 150 8 150 56 105 158 160 70 174 177 32 177 61 34 134 148 77 148 186 161 33 124 16 107 50 157 72 76 125 99 82 99 125 76 72 157 67 13 67 157 50 107 16 124 184 180 83 57 147 123 147 73 147 57 83 180 41 164 153 140
65
140 135
153 153
41 41 101
180 6
184 85
47 47
182 182 14
162 36
127 127
45 45
5 5
11 11 79
19 19 21
53 53 169
49 49 117
196 196 10
12 12 193
103 103 4
185 185
133 133 114
80 80 40
33 139
190 190
146 146 94
186 186
148 55
25 25 132
18 18 96
24 154
151 151
29 29 44
168 168
149 130
179 179 7
128 128 51
134 134 42
175 175 84
59 59
62 62
167 167 9
197 197
97 97
93 93 39 173
112 112
22 22 178
61 61
177 177
160 160
158 158 95
56 56 104
150 150 27
8 8 166
32 32 115
77 77 170
107 159
50 50
157 65
76 76
125 125
82 82 89
13 13 102
83 83 142
57 57
123 123 108 176
73 73 35
