AAA ABA ACA ADA BAA BBA BCA BDA CAA CBA CCA CDA DAA DBA DCA DDA EAA EBA ECA EDA FAA FAB FBB FAB FAC FAD FBD FCD FBD FAD FAC FAB FAA EDA ECA EBA EAA EAB EBB EAB EAC EAD EBD ECD EBD EAD EAC EAB EAA DDA DCA DBA DAA DAB DBB DAB DAC DAD DBD DCD DBD DAD DAC DAB DAA CDA CCA CBA CAA CAB CBB CAB CAC CAD CBD CCD CBD CAD CAC CAB CAA BDA BCA BBA BAA BAB BBB BAB BAC BAD BBD BCD BBD BAD BAC BAB BAA ADA ACA ABA AAA AAB ABB AAB AAC AAD ABD ACD ABD AAD AAC AAB AAA
24
FBB FBB FCB
FAC FBC
FAD FAD
FCD FCD FDD
EBB EBB ECB
EAC EBC
EAD EAD
ECD ECD EDD
DBB DBB DCB
DAC DBC
DAD DAD
DCD DCD DDD
CBB CBB CCB
CAC CBC
CAD CAD
CCD CCD CDD
BBB BBB BCB
BAC BBC
BAD BAD
BCD BCD BDD
ABB ABB ACB
AAC ABC
AAD AAD
ACD ACD ADD
