AAA ABA ACA ADA BAA BBA BCA BDA CAA CBA CCA CDA DAA DBA DCA DDA EAA EBA ECA EDA FAA FBA FCA FDA GAA GBA GCA GDA HAA HBA HCA HDA IAA IBA ICA IDA JAA JBA JCA JDA KAA KBA KCA KDA LAA LAB LBB LAB LAC LAD LBD LCD LBD LAD LAC LAB LAA KDA KCA KBA KAA KAB KBB KAB KAC KAD KBD KCD KBD KAD KAC KAB KAA JDA JCA JBA JAA JAB JBB JAB JAC JAD JBD JCD JBD JAD JAC JAB JAA IDA ICA IBA IAA IAB IBB IAB IAC IAD IBD ICD IBD IAD IAC IAB IAA HDA HCA HBA HAA HAB HBB HAB HAC HAD HBD HCD HBD HAD HAC HAB HAA GDA GCA GBA GAA GAB GBB GAB GAC GAD GBD GCD GBD GAD GAC GAB GAA FDA FCA FBA FAA FAB FBB FAB FAC FAD FBD FCD FBD FAD FAC FAB FAA EDA ECA EBA EAA EAB EBB EAB EAC EAD EBD ECD EBD EAD EAC EAB EAA DDA DCA DBA DAA DAB DBB DAB DAC DAD DBD DCD DBD DAD DAC DAB DAA CDA CCA CBA CAA CAB CBB CAB CAC CAD CBD CCD CBD CAD CAC CAB CAA BDA BCA BBA BAA BAB BBB BAB BAC BAD BBD BCD BBD BAD BAC BAB BAA ADA ACA ABA AAA AAB ABB AAB AAC AAD ABD ACD ABD AAD AAC AAB AAA
48
LBB LBB LCB
LAC LBC
LAD LAD
LCD LCD LDD
KBB KBB KCB
KAC KBC
KAD KAD
KCD KCD KDD
JBB JBB JCB
JAC JBC
JAD JAD
JCD JCD JDD
IBB IBB ICB
IAC IBC
IAD IAD
ICD ICD IDD
HBB HBB HCB
HAC HBC
HAD HAD
HCD HCD HDD
GBB GBB GCB
GAC GBC
GAD GAD
GCD GCD GDD
FBB FBB FCB
FAC FBC
FAD FAD
FCD FCD FDD
EBB EBB ECB
EAC EBC
EAD EAD
ECD ECD EDD
DBB DBB DCB
DAC DBC
DAD DAD
DCD DCD DDD
CBB CBB CCB
CAC CBC
CAD CAD
CCD CCD CDD
BBB BBB BCB
BAC BBC
BAD BAD
BCD BCD BDD
ABB ABB ACB
AAC ABC
AAD AAD
ACD ACD ADD
