Milton Thessalon Stawell Swansboro Bonao Zvezdnyy Iturama Campana Grovetown Ashtabula Trang Ashtabula Grovetown Campana Iturama Zvezdnyy Bonao Mold Lucena Clawson Pleasantville Totness Zumpango Totness Pleasantville Clawson Lucena Mold Bonao Swansboro Chancay Colombo Joliet Maidstone Martin Bam Helotes Berkley Shamva Berkley Helotes Bam Martin Maidstone Joliet Shu Kimba Shu Toktogul Serpukhov Wallington Cochrane San Skovorodino Lochbuie Chengde Lochbuie Skovorodino San Cochrane Wallington Serpukhov Toktogul Shu Kerma Moanda Plainfield Yambol Dalby Multan Dalby Pakalongan Dalby Yambol Plainfield Moanda Kerma Skiatook Kerma Shu Joliet Colombo Chancay Cooma Plast Cooma Managua Makinsk Carnikava Makinsk Rumuruti Nguigmi Scottsdale Piran Karur Piran Lukulu Sari Jeonju Samux Jeonju Koboko Crawfordsville Moorhead Aylesbury Tabriz Aylesbury Moorhead Crawfordsville Winona Nusaybin Winona Crawfordsville Koboko Jambi Koboko Esperance Hengshui Kardzhali Heath Kardzhali Hengshui Esperance Koboko Jeonju Sari Lukulu Piran Scottsdale Nguigmi Luga Nguigmi Rumuruti Makinsk Managua Cooma Marsaskala Sofia Vinita Sofia Marsaskala Cooma Chancay Swansboro Stawell Boosaaso Yevlax Tallaght Winnsboro Keene Mauldin Keene Winnsboro Tallaght Yevlax Boosaaso Stawell Thessalon Barabinsk Thessalon Milton Kiruna Milton
65
Milton Milton
Bonao Bonao Barddhaman
Zvezdnyy Zvezdnyy
Campana Campana Devine
Ashtabula Ashtabula
Trang Trang Hayden
Clawson Clawson
Pleasantville Pleasantville
Totness Totness
Zumpango Zumpango Kanoya
Chancay Chancay Lodja
Joliet Joliet Esik
Martin Martin
Bam Bam
Helotes Helotes Madrid
Berkley Berkley
Shamva Shamva Pasadena
Shu Shu
Kimba Kimba Ihosy
Toktogul Toktogul
Wallington Wallington
Cochrane Cochrane
San San
Chengde Burylbaytal Chicopee
Kerma Kerma
Moanda Moanda
Plainfield Plainfield Salsk Jerusalem
Yambol Arras
Dalby Dalby
Multan Multan Chicago
Pakalongan Pakalongan Socorro
Skiatook Skiatook Aizawl
Cooma Cooma
Plast Plast Eydhafushi
Managua Managua
Makinsk Makinsk
Carnikava Carnikava Agago
Rumuruti Rumuruti
Nguigmi Nguigmi Ipatinga Kitamilo
Scottsdale Scottsdale
Piran Piran
Karur Karur Tunapuna
Sari Sari
Jeonju Jeonju
Samux Samux Cairo
Koboko Koboko
Crawfordsville Crawfordsville Zadar
Moorhead Moorhead
Tabriz Tabriz Tabuk Dunhuang
Winona Winona
Nusaybin Nusaybin Quime
Jambi Jambi Jizan
Hengshui Hengshui
Heath Heath Kirovohrad
Luga Luga Kasaali
Marsaskala Marsaskala
Sofia Sofia Zicheng
Vinita Elburn Morondava
Boosaaso Boosaaso
Yevlax Yevlax Littlestown
Tallaght Tallaght
Keene Keene
Mauldin Mauldin Kelang Esmeraldas
Barabinsk Barabinsk Siquijor
Kiruna Kiruna Harahan
