Wrightsville Massena Maywood Gevgelija Kaduna Necochea Leeuwarden Necochea Kaduna Bayonne Changde Ljutomer Ayacucho Progress Ayacucho Ljutomer Changde Bayonne Kaduna Gevgelija Rauna Pljevlja Manta Gyumri Zanzibar Gyumri Manta Pljevlja Rauna Golubac Coihaique Temirtau Metz Gemena Metz Temirtau Coihaique Golubac Rauna Gevgelija Maywood Massena Wrightsville
18
Wrightsville Irvington
Maywood Maywood Praya
Gevgelija Gevgelija
Necochea Necochea
Leeuwarden Leeuwarden Mzimba
Bayonne Bayonne
Changde Changde
Ljutomer Ljutomer
Ayacucho Ayacucho Rivas
Progress Progress Asti
Rauna Rauna Palopo
Pljevlja Pljevlja
Zanzibar Zanzibar Hsinchu
Golubac Golubac
Coihaique Coihaique
Temirtau Temirtau
Metz Metz
Gemena Gemena Sayhut
