Gastre Triesen Juliaca Scottsdale Tukchi Hope Forteau Aasiaat Forteau Coatzacoalcos Polevskoy Palu Charlestown Palu Polevskoy Coatzacoalcos Forteau Sambava Forteau Hope Tukchi Scottsdale Juliaca Paramount Polatsk Taungoo Winters Taungoo Polatsk Coronel Bell Pingtung Bell Coronel Polatsk Malolos Neryungri Malolos Polatsk Paramount Balzan Liuzhou Caen Benha Scranton Sholapur Scranton Benha Caen Liuzhou Balzan Paramount Juliaca Cocieri Juliaca Triesen Kyrenia Dongola Visby Branson Visby Dongola Kyrenia Triesen Gastre
30
Triesen Triesen Destrnik
Juliaca Juliaca
Scottsdale Scottsdale
Tukchi Tukchi Bovec
Hope Hope
Forteau Forteau
Aasiaat Aasiaat Absecon
Coatzacoalcos Coatzacoalcos
Polevskoy Polevskoy
Palu Allahabad
Charlestown Charlestown Gwadar Narva
Sambava Sambava Chepes
Paramount Woodinville
Polatsk Polatsk Cumming Clay
Taungoo Taungoo
Winters Winters Kalgoorlie
Coronel Coronel
Bell Bell
Pingtung Pingtung Leo
Malolos Malolos
Neryungri Neryungri Bungoma
Caen Caen
Benha Benha
Scranton Scranton
Sholapur Sholapur Kindu Derby Daloa
Cocieri Cocieri Bosilovo
Kyrenia Kyrenia Maidenhead
Dongola Dongola Punakha
Visby Visby Luganville
Branson Branson Baicheng Channahon
