Soda Location15 Location20 Location113 Location1 Location156 Location22 Location156 Location1 Location113 Location20 Location15 Location18 Location160 Location4 Location30 Location187 Location13 Location188 Location33 Location143 Location17 Location135 Location9 Location135 Location17 Location143 Location33 Location188 Location13 Location179 Location14 Location191 Location11 Location89 Location39 Location89 Location11 Location74 Location26 Location121 Location52 Location144 Location65 Location62 Location65 Location144 Location52 Location121 Location40 Location121 Location26 Location74 Location11 Location191 Location14 Location145 Location0 Location122 Location43 Location151 Location28 Location96 Location66 Location96 Location28 Location151 Location43 Location122 Location0 Location27 Location19 Location99 Location19 Location27 Location0 Location145 Location14 Location29 Location14 Location179 Location13 Location159 Location24 Location38 Location176 Location38 Location24 Location159 Location13 Location49 Location2 Location112 Location41 Location112 Location2 Location75 Location7 Location48 Location81 Location57 Location81 Location48 Location16 Location6 Location180 Location12 Location120 Location32 Location120 Location12 Location180 Location6 Location16 Location48 Location7 Location75 Location2 Location49 Location13 Location187 Location30 Location141 Location23 Location141 Location30 Location105 Location30 Location42 Location30 Location4 Location160 Location18 Location15 Soda
50
Soda Soda
Location113 Location113
Location1 Location1 Location154 Location132
Location22 Location50 Location3
Location30 Location30 Location34
Location187 Location187 Location182
Location188 Location188
Location33 Location33
Location143 Location143
Location17 Location129 Location172
Location135 Location135
Location9 Location9 Location158
Location179 Location179
Location191 Location191
Location11 Location11 Location10 Location125
Location89 Location89
Location39 Location39 Location173 Location119
Location74 Location74 Location87
Location26 Location46
Location144 Location144
Location62 Location62 Location147
Location40 Location40 Location162
Location145 Location145 Location36
Location0 Location0 Location131 Location190
Location43 Location43
Location151 Location151
Location28 Location28
Location96 Location90 Location101
Location66 Location104 Location118
Location27 Location27 Location64 Location127 Location168
Location19 Location19 Location25 Location142 Location115 Location163 Location164
Location99 Location99 Location56
Location29 Location29 Location181
Location38 Location38
Location176 Location176 Location8
Location49 Location49
Location112 Location112
Location41 Location41 Location102 Location123
Location75 Location75 Location184
Location48 Location48
Location57 Location57 Location88
Location16 Location16
Location6 Location134 Location189
Location180 Location180
Location12 Location12 Location60
Location120 Location120
Location32 Location32 Location116
Location23 Location70 Location149
Location105 Location105 Location72
Location42 Location42 Location128
