Soda Location25 Location90 Location17 Location45 Location2 Location57 Location2 Location45 Location17 Location90 Location14 Location50 Location46 Location26 Location46 Location50 Location14 Location16 Location72 Location16 Location62 Location5 Location11 Location80 Location11 Location40 Location13 Location70 Location13 Location40 Location11 Location7 Location94 Location29 Location58 Location29 Location94 Location7 Location44 Location7 Location11 Location5 Location62 Location16 Location14 Location90 Location6 Location54 Location3 Location12 Location32 Location12 Location3 Location54 Location6 Location22 Location20 Location22 Location6 Location90 Location1 Location90 Location25 Soda
24
Location17 Location17 Location56
Location45 Location45 Location76 Location39
Location2 Location2
Location57 Location57 Location9
Location14 Location38
Location46 Location46
Location26 Location26 Location0
Location16 Location16
Location72 Location72 Location41
Location5 Location5
Location80 Location80 Location23
Location40 Location93
Location13 Location82
Location70 Location70 Location35 Location79
Location7 Location7
Location94 Location94
Location29 Location29
Location58 Location58 Location77
Location44 Location44 Location74
Location3 Location3
Location12 Location12 Location28
Location32 Location32 Location66 Location42
Location20 Location20 Location31
Location1 Location1 Location10
