xjbms hwhxr hnizb swhav ybgaf ydhop nwnsv otdam vaeqh otdam nwnsv ydhop ayxok nrtqp lyixz nrtqp ayxok ydhop ybgaf swhav hnizb hwhxr ttdxn fxnnl npvgp kymjg qkzwm itxfb hgzmo bwgqu htabn rfxfz tykrt rfxfz htabn bwgqu hgzmo rlqrg usrtf vlzjn czppi akegy xecik riwwe xecik begrs impuz mrnvg bqgqy mrnvg impuz begrs xecik akegy czppi vlzjn usrtf rlqrg yuayd yifeb xvefe lfceh svmzn nnnts bsuwt nnnts svmzn lfceh xvefe yifeb yuayd rlqrg hgzmo itxfb qkzwm kymjg npvgp fxnnl ttdxn fuume bicnj ocgbu bicnj fuume ttdxn hwhxr xjbms
36
xjbms xjbms
hwhxr hwhxr
swhav llwzk
ybgaf ybgaf
ydhop ydhop
otdam ejwkt
vaeqh vaeqh qkysn
nrtqp nrtqp
lyixz lyixz beqlb
fxnnl fxnnl
npvgp npvgp
kymjg wxnxi
itxfb itxfb
bwgqu bwgqu
htabn lkzxl
tykrt tykrt kyaqs
rlqrg uegez
usrtf usrtf rnrnh
vlzjn wnlug psudb
czppi czppi bthif
akegy akegy
xecik xecik
riwwe riwwe mbzzn
begrs fnhle
impuz impuz
mrnvg mrnvg
bqgqy bqgqy yztko
yuayd deoux
yifeb hstmf
xvefe xvefe
lfceh lfceh uzzfw
nnnts nnnts dzfkr
bsuwt bsuwt xeikc kvvqk
fuume fuume lpolv
bicnj bicnj
ocgbu ocgbu iddrb
