mqncr fhsjw qxsoe jkkgv kpxlz yhpwd pnmkd yhpwd kpxlz roimn ilbfw derxh fdewe peobk hribg nsllr hribg peobk fdewe derxh ilbfw fjrpj jydxd mnymy jydxd fjrpj ilbfw hqiic ilbfw roimn diapc kwvgs qpjoh lfdet qpjoh hgwal nmygm mjgiw gpwkr mjgiw nmygm hgwal eakbg tyjab iyzri iggzg wxaab cegzm wwphq lhsag wwphq cegzm wxaab witaj rkzmv kdtrw rkzmv witaj wxaab maarr ybtvs rjdkz jorhq ssyjd jorhq rjdkz ybtvs maarr wxaab iggzg iyzri tyjab eakbg hgwal qpjoh kwvgs diapc roimn mlqbj tctxs dsbhm gkosc vnnvv gkosc dsbhm tctxs mlqbj olqki gztsf ayayj gsero hdvet vtcqw qwmew vtcqw zfawc vtcqw hdvet gsero ayayj gztsf olqki mlqbj ngjyx jujev cakfa kamos wmdth dtvfs anscp dtvfs mwoev dtvfs mqreu bwbkg iigud gupku wxcvg rtshe mzwec rtshe wxcvg gupku iigud macxu iigud bwbkg ibnyw azsmx weuhz sfgmu ywyyb sxqhs ywyyb sfgmu weuhz azsmx ibnyw bwbkg ezhmp zmwtk jwmjp byjai jwmjp dxztc dabkf bwinl dabkf dxztc jwmjp zmwtk ezhmp bwbkg mqreu dtvfs wmdth qotnp eakkr qotnp wmdth kamos vdlja innfa vdlja kamos tgxta kamos cakfa jujev ngjyx mlqbj roimn kpxlz jkkgv qxsoe fhsjw mqncr
61
qxsoe qxsoe
jkkgv jkkgv jemlu
yhpwd mxihv
pnmkd pnmkd axdtz
ilbfw ilbfw
derxh derxh
peobk peobk
hribg hribg
nsllr jxcvu fnipk
fjrpj fjrpj btqda
mnymy mnymy tcxbn
hqiic xftof yuvek
diapc diapc
kwvgs kwvgs
qpjoh qpjoh
lfdet lfdet ypkmm zcixl
hgwal lukkm jvfig hrhzb
mjgiw mjgiw
gpwkr gpwkr gsdqj
tyjab tyjab
iggzg iggzg
cegzm cegzm
wwphq wwphq rnrth
lhsag lhsag irkbu
kdtrw kdtrw nppux
maarr ygust
ssyjd ssyjd ylsow
mlqbj mlqbj
tctxs tctxs
dsbhm dsbhm awsuk
gkosc gkosc
vnnvv vnnvv mrnva
olqki mpjyf bymoa
gztsf gztsf
ayayj ayayj aoxfw
qwmew qwmew fblut
zfawc qkftw tcqqe
cakfa cakfa qcfox
dtvfs mbqyg
anscp anscp sbnmi
mwoev mwoev dsfpg
mqreu mqreu dkdci
iigud iigud
wxcvg xphcw piswp
rtshe rtshe
mzwec mzwec eludu
macxu macxu edxoe
ibnyw ibnyw cfspg
sfgmu sfgmu drlqp
ywyyb ywyyb
sxqhs sxqhs eustb
zmwtk kqysx igpmu
jwmjp jwmjp
byjai byjai uooez
dxztc eqddq yuuqu
bwinl bwinl drrap
qotnp qotnp
eakkr eakkr vzoqh
vdlja qfcxo
innfa innfa qrmyp dxllq
tgxta pvzeb jjlwh
