0 132 62 98 136 19 124 55 5 189 69 65 53 36 53 65 69 189 5 146 103 14 135 118 150 60 150 118 135 14 103 146 6 71 6 146 5 7 113 9 113 7 5 55 124 19 121 73 158 63 120 157 116 183 100 163 128 192 76 64 76 192 128 163 100 183 116 176 125 94 151 94 125 21 39 88 95 17 66 37 106 37 66 17 95 88 39 21 34 130 165 42 165 8 165 130 34 21 125 176 116 157 120 63 158 25 168 131 77 188 23 27 23 188 77 72 41 196 114 59 67 139 57 139 67 59 3 59 114 196 41 72 77 131 168 25 158 73 68 102 51 102 68 73 121 19 136 98 62 132 0 52 49 52 0
47
0 0
132 11 31 70
62 62
19 19
55 55 56
5 5
69 69
65 65
53 53
36 36 30
14 14
60 60 4
6 6
71 71 48
7 7
9 9 44
73 73 29
63 63
192 26
76 76
64 64 78 38
151 12 13
21 21 24
39 39 61
95 18
17 17 20 54
66 66 35 45
37 37 46 47
106 10 16
34 34
42 42 22
8 8 15
25 25
77 77
23 23
27 27 43
72 72
41 41
59 59 2
67 67
139 28
57 57 74
3 3 32 50
68 68 33 75
51 51 58
52 52
49 49 1
