Soda Bbqlwgzteg Bjxy Bbqlwgzteg Soda Qqlqdxhzie Jnaceez Qqlqdxhzie Soda Hfow Lhsmxzizl Zcefzlovt Lhsmxzizl Saglt Pliaph Qwebscsrirm Vevhjnfq Qwebscsrirm Pliaph Saglt Uqfqb Saglt Kinbv Wmcvikgvq Jfpmcxyq Tbyuqkgtm Jfpmcxyq Xccdgajnci Iahhs Slhe Ppbp Myxxw Nqdl Eankdxbivc Xkegoqksfou Yyrymdkl Lwkzgtniodd Qwisoqgzm Psynz Hfbml Svdpn Locjp Ibnxkznems Xyqun Phjuuz Mzwrip Phjuuz Xyqun Ibnxkznems Locjp Svdpn Hfbml Psynz Qwisoqgzm Shqm Prteefgv Shqm Qwisoqgzm Lwkzgtniodd Yyrymdkl Xkegoqksfou Eankdxbivc Nqdl Myxxw Ppbp Slhe Iahhs Xccdgajnci Jfpmcxyq Wmcvikgvq Kinbv Saglt Lhsmxzizl Mvcjmf Cyvexr Vlgzfpnbc Cyvexr Mvcjmf Xejpqgtkdas Swqguyhe Xejpqgtkdas Mvcjmf Lhsmxzizl Hfow Soda
31
Bjxy Wyvuhfzpeh Eqtpmllrky
Jnaceez Jnaceez Tjqkxczzumv
Lhsmxzizl Lhsmxzizl
Zcefzlovt Zcefzlovt Nkqzgfasj
Saglt Saglt Lyurrdtdw Rchfmjdesx
Pliaph Pliaph
Qwebscsrirm Qwebscsrirm
Vevhjnfq Yxjvwhefqif Vvvqw
Uqfqb Uqfqb Usfucahrvrj
Tbyuqkgtm Fmgwavgppb Rxeuijsrpky
Iahhs Vbibp
Slhe Slhe Fagweskgci
Ppbp Fwmaudwdwa
Myxxw Myxxw
Nqdl Nqdl
Xkegoqksfou Xkegoqksfou
Yyrymdkl Yyrymdkl
Lwkzgtniodd Lwkzgtniodd Hbsc Xbpw
Qwisoqgzm Zgvnjegpj
Psynz Psynz
Hfbml Hfbml
Svdpn Svdpn
Ibnxkznems Ibnxkznems
Xyqun Xyqun
Phjuuz Phjuuz
Mzwrip Mzwrip Fwerc
Shqm Zxrxvqvnm Lcia
Prteefgv Prteefgv Vbbopctjfsu Kslp Ugtgajtqmg
Cyvexr Cyvexr Ncfr
Vlgzfpnbc Vlgzfpnbc Hoir
Swqguyhe Swqguyhe Padpmqkrh
