Soda Hqrjtum Edqplcotb Zqwjwnlnefm Jggbevcry Buxfcghoykd Brcezeb Nwitmhz Weuri Ufwcxpl Weuri Nwitmhz Yesamropvf Nwitmhz Brcezeb Qqjx Gpqyo Shsdf Ophnoeiqz Awaq Hgoc Fnovbg Zpudyv Jdonjesl Pqvhtvcqo Xmtucbfh Aybjrpvt Rgcxopm Lpcihph Zlwi Eatzdb Jvxqdoen Eatzdb Zlwi Lpcihph Rgcxopm Aybjrpvt Xmtucbfh Hzinsgk Ogakhfzozi Nkndh Zcluraciodj Fnao Lhzuvvpmpa Fnao Zcluraciodj Nkndh Ogakhfzozi Hzinsgk Xmtucbfh Pqvhtvcqo Jdonjesl Ocbwopj Uwwmj Ocbwopj Jdonjesl Zpudyv Fnovbg Hgoc Awaq Ophnoeiqz Shsdf Gpqyo Qqjx Brcezeb Qcnqbaiah Zgdjffrhk Mdnomclrhe Fbwbklawixw Bdympbsjhe Xiogpn Mtpmo Xiogpn Bdympbsjhe Zaqrljex Wtbchdvcf Zaqrljex Iqfewjmoxea Vlibwe Brgwekrnc Vlibwe Iqfewjmoxea Zaqrljex Bdympbsjhe Aodl Odsdchqn Azurxcmynf Xqlxxsqozg Civxfilaeqk Xqlxxsqozg Azurxcmynf Ybbqswodh Qhaobijtvl Rthio Ylscbxx Pzdxvrzhdt Vyledpi Pzdxvrzhdt Ylscbxx Rthio Qhaobijtvl Ybbqswodh Azurxcmynf Odsdchqn Aodl Bdympbsjhe Fbwbklawixw Mdnomclrhe Zgdjffrhk Qcnqbaiah Brcezeb Buxfcghoykd Jggbevcry Zqwjwnlnefm Edqplcotb Kslcu Bylykbmgadb Uymaeuj Bylykbmgadb Kslcu Edqplcotb Inxcijpyf Wlodbyucbjq Inxcijpyf Emtouaoowyw Lcrsrgxpi Eufcpnaixls Ttkftfcy Fhgjwqkutxz Ttkftfcy Eufcpnaixls Lcrsrgxpi Ydvuvij Npgmpqjyei Jwcpy Dqlzagezaf Irwyl Ibschxvbrh Nyesh Maeeb Dpnbi Rnswnff Mmzmgkvtqx Bowdktxf Igcbw Bowdktxf Mmzmgkvtqx Rnswnff Dpnbi Maeeb Fizeyd Qxvqdumpbbl Gfax Xvkx Gfax Qxvqdumpbbl Fizeyd Gtgc Fizeyd Maeeb Nyesh Ibschxvbrh Irwyl Dqlzagezaf Nncpo Dqlzagezaf Jwcpy Npgmpqjyei Ydvuvij Lcrsrgxpi Emtouaoowyw Inxcijpyf Edqplcotb Hqrjtum Soda
64
Hqrjtum Hqrjtum Hmbz
Edqplcotb Edqplcotb
Zqwjwnlnefm Lhrjghnz
Jggbevcry Jggbevcry Mpuidi
Brcezeb Niiglftbp
Nwitmhz Nwitmhz
Weuri Weuri Ttrpbvjdda Gsdug Hozmfldg
Ufwcxpl Ufwcxpl Gmnmclt
Yesamropvf Yesamropvf Hqengchsddu Kcjpz
Gpqyo Utcvkhqmliy
Hgoc Hgoc Nwtxsn
Jdonjesl Jdonjesl Besuiq
Pqvhtvcqo Ikfqsv
Xmtucbfh Xmtucbfh
Aybjrpvt Aybjrpvt
Lpcihph Lpcihph
Jvxqdoen Jvxqdoen Elfjuircela
Hzinsgk Hzinsgk
Nkndh Nkndh
Zcluraciodj Zcluraciodj
Fnao Fnao
Lhzuvvpmpa Lhzuvvpmpa Kwniposj
Uwwmj Uwwmj Tdreo
Qcnqbaiah Qcnqbaiah
Zgdjffrhk Nklgno Dpiknnvmi
Mdnomclrhe Mdnomclrhe Aqdrmrxjb
Fbwbklawixw Ueuphudi
Bdympbsjhe Bdympbsjhe Ddvyvg
Xiogpn Xiogpn
Mtpmo Mtpmo Wgehgd
Wtbchdvcf Wtbchdvcf Tftuismjy
Iqfewjmoxea Iqfewjmoxea
Vlibwe Vlibwe
Brgwekrnc Brgwekrnc Hwtzkfl
Aodl Aodl Asqguuggw
Azurxcmynf Azurxcmynf
Xqlxxsqozg Xqlxxsqozg Cdplmrl
Civxfilaeqk Khoprwfn Shshl
Qhaobijtvl Qhaobijtvl
Rthio Rthio
Ylscbxx Ylscbxx Aetguutl
Pzdxvrzhdt Pzdxvrzhdt
Vyledpi Vyledpi Sioinvblt Oxgcfytsfks
Bylykbmgadb Bylykbmgadb
Uymaeuj Uymaeuj Wcvfecug Yxqxfgj
Inxcijpyf Inxcijpyf
Wlodbyucbjq Wlodbyucbjq Yskel
Emtouaoowyw Zozpqsoh
Lcrsrgxpi Lcrsrgxpi
Eufcpnaixls Eufcpnaixls
Ttkftfcy Ttkftfcy
Fhgjwqkutxz Fhgjwqkutxz Ewel
Npgmpqjyei Npgmpqjyei
Jwcpy Jwcpy
Ibschxvbrh Ibschxvbrh
Nyesh Opyou
Rnswnff Rnswnff
Igcbw Igcbw Znjvtzp
Fizeyd Fizeyd
Qxvqdumpbbl Qxvqdumpbbl
Gfax Oityp Zseccp Lfvepwf
Xvkx Xvkx Rouupns
Gtgc Gtgc Mzeexa Sihsuutjg
Nncpo Nncpo Ygaely
