0 58 38 100 46 100 17 100 38 58 0 16 40 16 0 4 179 33 21 77 22 13 88 7 88 13 22 1 25 10 15 72 48 63 37 45 12 45 37 63 48 72 2 43 51 50 128 3 97 18 119 55 76 20 105 95 67 8 67 95 105 20 76 55 119 18 97 14 9 174 42 174 9 14 97 3 128 50 6 75 6 50 51 43 2 72 15 10 25 1 22 77 21 33 179 4 35 4 0
34
58 58 173
46 46 149
17 181 130
40 40 29 52
179 179
33 33
21 21 53
22 34 164
13 13 23
88 88
7 104 199
1 24
10 118
15 15 27 32
37 156
45 45 61
12 12 92
2 131 153
43 145
50 50
128 188
3 3 108
97 97
18 93
55 55 140
76 57 102
20 106 124
95 154
67 80
8 8 125
42 42 152 144
6 6 98
75 90 160 197
35 35 86 134
