m6 k7 z4 z7 c0 l4 n3 g0 n3 l4 d9 b6 h2 x1 e6 x1 h2 b6 f1 l5 k4 l5 a5 n0 r1 e7 r1 n0 a6 x7 w5 e0 m7 j3 m7 e0 w5 x7 a6 n0 a5 z9 a5 f5 a5 b7 n7 l2 w9 l2 n7 l1 w2 l1 c1 n1 e4 g4 k2 f0 m0 v1 m0 f0 e2 w8 q3 v5 b0 z8 b0 v5 q3 w8 e2 d5 b5 f2 x2 g9 x2 f2 b5 e3 b5 d5 e2 f0 k2 g4 e4 n1 c1 l1 a1 f3 l0 n5 c2 v2 k0 h7 m5 y0 m5 h7 k0 v2 c2 n5 l0 d8 m9 e8 c4 e5 c4 a4 r3 x3 g8 x3 r3 a4 c4 e8 m9 d8 l0 f3 a1 l1 n7 a8 g1 z3 g1 a8 n7 b7 a5 l5 f1 b6 d9 l4 c9 q7 e9 a7 w3 n8 w3 b9 j9 b9 w3 a7 e9 q7 c9 v3 d3 v3 c9 l4 c0 z7 z4 j0 z4 k7 m6
63
m6 m6
k7 k7 f6
z4 a0
c0 c0
l4 l4
n3 n3
g0 g0 x5
x1 x1
e6 e6 e1
f1 f1
l5 l5 r7
k4 k4 f7
a5 a5 d4 j1
r1 r1
e7 h4 n2
a6 a6
x7 x7
j3 j3 h1
z9 z9 q4
f5 f5 v4
b7 q1
n7 n7 v0
l2 l2
w9 w9 j4
w2 w2 j8
g4 v6
k2 k2
f0 j2
m0 n6
v1 v1 k9
e2 e2 m8 r2
w8 w8
q3 q3
b0 b0 w1
z8 z8 h8
d5 d5
b5 l6
f2 g2
g9 g9 j5 c3
e3 e3 a9
a1 a1
l0 l0
n5 n5
c2 c2
v2 x9
k0 k0 r8
h7 h7
y0 y0 q6
e5 d0 k8 m4 l7
r3 r3
g8 g8 b3 q8
a8 a8 b8
z3 z3 l8
c9 c9
q7 q7
e9 e9
w3 w3
n8 n8 q0
b9 b9
j9 j9 h9
v3 r4
d3 d3 g6 f4
j0 j0 c5
