d6 j5 c0 d7 b5 f1 j9 g6 a1 b6 f7 c6 g4 c6 f2 h6 b8 a0 b8 h6 f2 f3 f2 b3 f2 b1 b9 a5 b9 b1 f2 c6 e2 c6 f7 b6 d8 b2 h0 b2 g8 d5 g9 k2 g9 d5 g8 b2 d8 b6 a1 g6 j9 f1 b5 e0 b5 d0 j2 c1 j2 d0 b5 a9 h3 a9 a7 a9 b5 d7 c0 j5 d6 g2 h2 g2 d6 a2 h9 j7 h9 a2 d6
31
j5 j5 h7
c0 c0
d7 d7
b5 b5
j9 a8 c2
c6 c6
g4 g4 d2
f2 f2
b8 b8
a0 a0 h4
f3 f3 g5
b3 b3 g7
b1 b1 d3 h5
b9 c8
a5 a5 d1
e2 e2 g0 j0
d8 d8
b2 b2
h0 h0 e1
d5 d5
k2 k2 h8
e0 e0 f0
d0 k0
c1 c1 a6
h3 h3 j6
a7 a7 d9
g2 j3
h2 b7 f5
a2 a2
h9 h9
j7 j7 c7
