0 96 33 32 33 99 45 18 27 68 12 2 76 83 80 39 97 17 48 89 55 71 31 71 87 21 87 41 19 1 51 64 20 64 51 1 19 28 19 41 87 71 55 89 48 17 30 67 36 67 30 17 97 39 40 39 80 83 76 2 12 68 27 18 53 18 43 72 62 15 62 72 43 18 95 8 59 8 95 18 45 99 33 96 0
31
0 0 11
33 33 9
32 32 34
99 10
45 45
18 18
27 27 4
12 12
2 2
39 39
97 37
17 17 47
48 48
89 6
71 5
31 31 3
21 21 44
41 41
19 19
1 1
20 20 26
28 28 22
30 30 29
67 14
36 36 35
40 40 16 46
53 23 49 7
43 43
15 15 42 24
8 8 25
59 13 38
