0 18 13 117 89 81 37 188 166 60 166 188 37 81 89 117 7 68 71 187 43 11 178 115 61 136 55 181 134 184 113 98 87 126 70 126 169 96 169 126 87 98 113 184 134 83 134 181 128 171 135 151 75 151 135 16 177 16 135 171 128 181 55 136 61 121 15 23 101 174 14 40 31 133 154 19 12 157 27 157 12 34 12 19 158 146 159 120 161 39 57 39 161 120 159 146 158 19 154 133 31 40 14 174 101 23 15 121 61 115 178 170 5 36 35 51 35 110 155 77 42 186 147 97 4 25 33 58 62 47 160 30 160 138 124 102 65 44 45 90 50 150 72 150 50 90 45 44 65 102 124 138 160 47 62 58 33 25 4 97 147 186 42 77 155 110 35 36 5 170 178 11 43 187 111 193 38 193 111 187 71 68 7 117 13 21 13 18 0
63
0 0 3 10
18 18
13 13 2
117 85
89 89 56
81 81
37 37 78
60 60 49
7 7
68 68
71 71
43 43 93
11 11
61 61 9
55 55 52
181 17
98 98 59 24
87 87
126 88
70 70 1
96 96 6
83 83 95
75 75 22
16 16
177 74 67
15 15
23 23
14 14
40 40 84 94 92
31 31
19 19
12 12
157 54
27 27 41
34 34 99
146 76
161 86
39 39 63
57 57 29
5 5
36 36
35 35
51 51 8 20 32
77 77 28
42 42
97 97 48 69
4 4
25 25 79
33 33
58 58
62 62
47 47 46
30 30 91
102 73
65 65
44 44 66
45 45
90 90
50 50 26
72 72 64
193 80
38 38 53
21 21 82
