144 47 11 158 60 120 49 64 49 9 121 162 7 99 95 161 8 152 185 10 17 123 122 66 81 57 180 12 101 83 181 170 67 168 137 84 124 167 74 56 70 159 70 56 74 167 124 84 137 61 154 146 108 146 154 61 137 168 67 148 104 118 85 156 130 186 35 140 106 173 178 86 164 126 21 126 164 86 178 173 106 140 35 186 130 156 85 118 104 148 67 170 181 83 101 53 101 12 180 57 81 46 89 90 169 90 89 46 81 66 122 3 105 32 153 80 73 132 88 114 88 132 73 80 16 22 62 13 62 22 16 80 153 32 105 3 122 123 17 10 185 152 8 75 175 23 175 75 8 161 95 99 7 162 121 100 5 69 141 69 51 119 51 69 5 100 121 9 49 120 26 184 145 177 129 179 45 1 176 33 131 103 131 33 176 1 45 179 129 177 145 184 26 120 60 158 11 28 11 47 144
51
144 133
47 47
11 11
158 158
120 120
49 49
64 64 136
9 127
162 93
7 7 128
99 99
95 95
8 8 79
152 152
185 92
122 122
66 66 165
83 83 174
170 170
67 67
84 157
124 124
74 74
70 70
159 159 147
108 108 24 43
104 104
156 156
130 130
106 106
126 126
21 21 78
53 53 183
90 90 107
169 169 14
3 3
132 132
88 88
114 114 44 112
16 16
62 62
13 13 110
75 75
23 39 188
141 141 18
51 51
119 119 187
45 142
131 131 76
103 42 87
28 28 19
