0 92 2 61 3 87 9 87 3 40 1 6 66 6 1 40 3 61 2 34 7 58 13 58 7 54 11 54 7 31 10 31 7 19 39 19 7 17 7 12 7 34 2 27 38 27 2 15 32 35 32 15 22 15 4 15 2 92 0 56 8 14 8 56 0 51 5 24 5 51 0 21 0 16 25 16 23 16 0
35
0 103 150
2 2 29 59 73 93 97 120 126 133 155
3 72 63 121 162 192
87 87
9 99 179 193
1 1 42 47 71 78 131 142 164
6 76
66 66 170
34 34 140
7 50 110 168 195
13 13 77 130
11 11 28 139 82 143 183
31 31 52
10 10 108 172 194
19 152
39 39 46
17 67 146
12 12 30 79 104 186 189
27 27
38 38 44
15 100 175
32 177
35 35 132
22 22 45
4 101 149 163 178
56 56
8 94 85 115
14 14 26 141
51 51
5 5
24 24 49
21 21 64
16 68 105
25 62 127
23 23 91 136
