aa0 gd9 gd6 gd4 gd3 gd5 gd2 gd0 gc9 gc4 gc3 gc0 gc1 gc0 gb9 gb6 gb1 gb2 gb0 ga9 ga8 ga5 ga1 ga0 ad9 ad1 ad2 ad3 ad2 ad1 ad9 ad0 ac9 ac4 ac7 ac3 ac6 ac3 ac7 ac4 ac9 ad0 ad9 ga0 ga1 ga5 ga8 ga9 gb0 gb2 gb1 gb6 gb9 gc0 gc3 gc4 gc9 gd0 gd2 gd5 gd3 gd4 gd6 gd9 aa0 aa1 aa5 aa8 aa9 ab0 ab1 ab5 ab8 ab7 ab4 ab7 ab8 ab5 ab1 ab0 aa9 aa8 aa2 aa4 aa2 aa8 aa5 aa1 aa0
23
gd9 gd9 gd7 gd8
gd4 gd4
gd3 gd3
gc3 gc3
gc0 gc5 gc8
gc1 gc1 gc2
gb6 gb6
gb1 gb4 gb7
gb2 gb2
gb0 gb3
ga8 ga4 ga7
ga5 ga6
ga1 ga2 ga3
ad3 ad4 ad5 ad6 ad7 ad8
ac7 ac7
ac3 ac3 ac2
ac6 ac6 ac8
aa5 aa5 aa6
ab5 ab5
ab8 ab8
ab7 ab7
ab4 ab4 ab2
aa4 aa4 aa3 aa7
