0 155 0 55 178 153 184 124 184 153 128 99 158 38 145 100 145 38 158 99 144 185 109 10 109 185 35 32 69 161 151 152 88 157 88 152 151 161 69 142 69 12 182 31 58 56 77 21 169 141 95 65 133 126 198 83 101 81 64 81 101 83 198 126 133 65 11 143 121 143 96 143 90 143 11 65 95 141 169 21 77 56 58 31 182 12 69 32 9 187 159 49 85 135 59 135 85 49 159 187 9 32 35 185 144 99 128 17 18 106 147 106 18 17 128 3 128 153 82 153 178 132 194 119 134 114 134 119 194 132 178 55 92 55 57 112 188 61 97 186 97 61 188 112 2 140 91 108 91 23 67 23 91 140 14 167 189 167 98 167 14 140 2 112 57 55 0
65
155 24 137
55 55
124 124 26 125
128 123
99 99
158 175
38 38
100 100 51
185 185
10 10 20 176
35 35
32 50
69 69
161 161
152 152 19
157 157 41 45
142 142 72
12 12
182 182 73
58 129
56 56
77 77
21 21
169 169 66 86
141 141
95 95
198 198
83 83
101 101
81 107
64 64 148
11 11
143 143
121 13 102
96 46 105
90 90 197
9 9 139
49 49
85 85
59 59 74
106 106 196
147 147 104
3 3 195
82 82 29
132 132
194 43
119 119
114 1 103
92 92 94
57 57 138
112 112 172
188 188
61 68
97 97
186 186 89 150
2 2 164
140 52
91 160
108 108 16
23 23
67 67 27
14 14
167 167
189 189 39 71
98 166 170
