0 24 25 67 121 135 196 19 196 135 150 135 121 67 95 161 138 186 138 161 95 141 192 194 192 183 142 88 142 49 181 4 90 111 74 111 18 119 106 179 106 119 18 84 103 160 149 66 81 69 81 66 149 160 118 160 103 48 103 84 96 84 18 111 90 4 181 49 44 109 107 189 139 57 176 180 176 92 176 57 105 124 130 166 198 166 130 153 130 124 105 57 139 189 107 99 14 91 82 128 82 91 14 99 107 109 40 155 122 28 122 155 20 155 40 109 29 182 162 100 41 1 3 158 86 2 86 158 75 98 120 191 120 98 75 158 3 1 41 100 162 182 29 104 29 109 44 49 142 183 192 141 95 67 25 26 25 24 0
59
0 0
24 24 132
25 108
196 196 6
19 62 148
150 150 174
138 138
186 186 136
192 192 50
194 194 60
142 142
88 88 34
181 156
4 4 72
90 90 78
74 74 190
18 18 42
119 12
106 106
179 178 188
84 84
160 160 10
66 66
81 184
69 22 38
118 118 54
48 48 146
96 96 112
44 44
189 8
139 46 144
176 176
180 180 110
92 92 56 68 140
124 124
130 130
166 166
198 198 134
153 16 154
14 14
91 116
82 82
128 128 32
40 40
122 122
28 28 76
20 20 64 70
29 36
182 182
162 162 126 168
100 100 52
158 158 102
86 86 170 94
2 2 30 114
98 98
120 120
191 80 172
104 104 58 164
26 26 152
