71 37 60 44 53 70 57 98 34 98 57 70 42 67 47 26 73 27 18 86 52 39 61 87 7 99 43 84 81 95 21 95 81 84 43 99 25 30 36 2 36 30 25 99 7 87 61 75 19 74 20 88 41 88 20 74 19 75 15 94 45 62 66 58 77 93 55 93 77 58 66 62 45 94 15 75 61 39 3 28 3 16 11 16 3 14 54 14 3 39 52 86 18 27 9 65 9 27 73 26 47 67 42 70 53 44 60 37 71
38
37 64
60 60
53 53
70 70
34 24 69
42 42
67 85
47 47 10
26 26
18 18
86 78 59
39 39
61 61
87 87
7 7
43 38
84 84
95 95
21 21 50
30 30
36 36
2 2 33
19 19
74 74
88 88 5
41 41 79
15 15
94 94
45 45
66 66
77 77
55 55 6
28 28 13
16 29
11 11 35
54 54 49
9 0
65 65 96
