2 157 2 41 85 9 60 142 24 103 172 137 30 15 57 94 62 139 55 130 184 189 184 130 55 139 62 90 177 70 100 198 147 115 147 198 128 173 59 20 27 141 75 64 186 136 119 68 89 69 13 69 89 68 119 136 186 38 83 73 83 38 186 0 186 64 75 141 27 20 59 5 163 188 35 199 195 148 159 156 131 109 161 4 161 109 131 156 159 148 102 45 181 34 23 11 26 11 23 34 181 45 102 148 195 56 195 199 121 196 155 178 155 196 121 7 121 199 35 188 163 158 163 5 125 31 10 194 10 31 125 5 59 173 128 86 37 25 81 12 127 132 47 29 74 144 74 29 47 132 127 12 81 25 37 86 128 198 100 114 107 43 71 6 118 80 118 6 71 43 107 114 100 70 177 90 62 94 57 15 30 137 172 103 116 28 174 176 51 176 174 99 165 140 149 171 179 171 149 140 165 99 174 28 116 103 42 50 193 50 42 103 24 142 60 9 85 41 2
69
2 2
157 157 49 53
41 48
85 85
9 61
142 142
30 30
15 15
94 94
62 96
139 139
55 55
130 130
189 189 122 182
90 90 95
177 177
100 100
147 32
115 115 44
128 128
173 173 36
59 59
27 27 98
141 141
136 136
119 119
13 13 8 138
38 38 46
73 73 58
0 0 192
188 188
35 35
156 156
131 131
161 161
4 4 112
102 164
181 181
34 34
23 23
26 26 63
56 56 52
121 121
196 196
178 178 82
7 7 79
158 158 110
125 125
194 194 93
86 86
25 25
12 12
144 97 106
114 114 126
6 6
118 118
80 80 54
116 116 67
28 28
174 174
51 51 76
99 113
165 165
149 149 3
171 171 14
179 179 133
42 42 92
50 50 187
193 193 145
