ffffff uuuuuuu ll aaaa ll xxxxx qqqqqqq ggggg rrrrr ddddd u jjjj vv dddd vv jjjj u ddddd ttttttt sssss bbbb bbbbbbb d cccc dd cccc d bbbbbbb bbbb sssss ttttttt ddddd rrrrr fffff rrrrr ggggg qqqqqqq xxxxx ll uuuuuuu ffffff uu uuu jj nnn tt mmmm gg ww vvvvvvv ppppppp hhhhhh r m r hhhhhh ppppppp vvvvvvv ww gg kkkk uuuu cc jjj gggg pppp cccccc pppp xxxxxx zzzz ppp yyyyyy ooooo wwwww rrrrrrrr vvv llllllll llllll b pppppp yyyy yyyyy ss rrrr iiiiiii rrrr ss ccccc vvvvv ccccc ss yyyyy yyyy pppppp b llllll llllllll xxxx wwww rr bbb p eeeeeee fff kkkkk fffffff kkkkk fff eeeeeee p bbb rr wwww xxxx llllllll vvv rrrrrrrr wwwww ooooo yyyyyy ppp zzzz xxxxxx pppp gggg jjj hh ppppp z nnnnnnnn hhh bb kkkkkkk aaaaaa zz iiii nnnnnnn lll hhhh jjjjjjjj oooo zzz ttttt ff y mmm qqqqqq ggggggg qqqqqq mmm eeeee f tttttt kkkkkkkk gggggggg hhhhhhh wwwwww hhhhhhh gggggggg kkkkkkkk tttttt f eeeee mmm y ff ttttt iiiiii ssssss mm eeee mm ssssss iiiiii ttttt zzz oooo llll c uuuuu zzzzzz xx xxxxxxx ccccccc xxxxxxx xx zzzzzz uuuuu sssssss qqq bbbbb ttt t aaaaaaaa t ttt kkkkkk ggg bbbbbbbb ggg kkkkkk ttt bbbbb qqq yy sss yy qqq sssssss uuuuu c llll oooo jjjjjjjj hhhh lll nnnnnnn iiii zz aaaaaa kkkkkkk bb hhh nnnnnnnn z ppppp hh jjj cc uuuu kkkk gg mmmm tt nnn jj nn o nn jj uuu uu ffffff
77
ffffff ffffff
uuuuuuu uuuuuuu
ll ll
aaaa aaaa ii
xxxxx xxxxx
qqqqqqq ffffffff
ggggg ggggg
rrrrr rrrrr
jjjj jjjj
dddd dddd a
ttttttt ttttttt
sssss sssss
bbbb zzzzz
bbbbbbb bbbbbbb
d d
cccc cccc
dd dd j
fffff fffff nnnnnn
uu uu
uuu uuu
nnn nnn
tt tt xxx
mmmm mmmm
m m eeeeee
kkkk kkkk
cc cc
jjj jjj
gggg gggg ssss
pppp pppp
cccccc cccccc qq
ooooo ooooo
wwwww wwwww
vvv vvv
llllllll llllllll
llllll llllll
b b
pppppp uuuuuu
iiiiiii iiiiiii lllllll
vvvvv vvvvv k vvvvvv
xxxx xxxx
wwww wwww
rr rr
eeeeeee eeeeeee
fffffff pppppppp aa
ppppp ppppp
z s
hhh hhh
kkkkkkk iiiiiiii
aaaaaa aaaaaa
iiii oooooooo
lll lll
hhhh hhhh
zzz zzz
ttttt ttttt
y bbbbbb
qqqqqq qqqqqq
ggggggg ggggggg aaa
eeeee eeeee
tttttt tttttt
kkkkkkkk kkkkkkkk
gggggggg gggggggg q
hhhhhhh hhhhhhh
wwwwww wwwwww ee
iiiiii jjjjjj
ssssss ssssss
mm mm tttt
eeee eeee ffff
xxxxxxx xxxxxxx
ccccccc ccccccc rrrrrr
sssssss sssssss oooooo
qqq qqq
aaaaaaaa aaaaaaaa e
kkkkkk kkkkkk
bbbbbbbb bbbbbbbb mmmmmmmm
yy yy
sss sss yyyyyyy
o o x
