f uuu qq xxx ddd ppp oooo t ll ss ffff oo qqqqq uuuuu zzz fffffff ww bbbbbbbb sss rrr dddddddd cccccccc mmmm cccccccc dddddddd rrr sss bbbbbbbb ww fffffff zzz uuuuu qqqqq oo ffff ss ll t oooo ppp ddd xxx qq m z llllll ssssss qqqq sssss ccc s vv wwwwwww kkkkkk pppppppp nnnnnnnn pppppppp kkkkkk wwwwwww vv s ccc sssss v ffffffff ddddddd dd jjjjjjj rrrrrr cccccc eeeeeeee c w rr qqqqqq aaa qqqqqq uu xxxxxx yyyyyyy n ttttt n lllllll bbbbbb ff jjjj wwww pp q pp wwww jjjj ff bbbbbb lllllll n yyyyyyy xxxxxx uu qqqqqq rr w c eeeeeeee cccccc rrrrrr jjjjjjj dd ddddddd ffffffff v sssss ssss sssss qqqq ssssss llllll z m qq uuu f
40
f f
qq qq
xxx xxx
ss ss
qqqqq j
uuuuu uuuuu
zzz zzz
fffffff fffffff
bbbbbbbb bbbbbbbb
sss sss llllllll
dddddddd dddddddd
mmmm eeee a
m m
z z
llllll llllll
ssssss ssssss
s s
vv vv
wwwwwww wwwwwww
pppppppp nnnn
nnnnnnnn iii ggg
v v
ffffffff ffffffff
jjjjjjj jjjjjjj
rrrrrr rrrrrr qqqqqqq
cccccc hhh
c c
w w
qqqqqq qqqqqq
aaa aaa p vvvv
uu uu
xxxxxx xxxxxx
ttttt ttttt hhhh
lllllll ggggg
ff ff
jjjj jjjj
wwww wwww
pp pp aaaaa
q q rrrrrrrr
ssss ssss lllll
