99 68 96 82 46 82 96 53 3 61 18 76 81 31 81 76 18 61 3 6 3 53 96 68 90 19 23 58 43 17 8 2 33 48 33 16 78 39 93 30 75 5 75 30 93 39 78 29 78 16 33 2 8 17 43 58 23 19 90 68 11 88 36 37 36 21 98 79 10 22 7 22 10 79 98 21 36 88 11 42 91 70 24 1 15 1 24 70 91 42 11 68 99 35 95 9 72 45 72 9 95 35 99
36
99 4
46 46 41
3 3 13 20
18 18 49
81 12
31 31 38
6 6 44
19 19 26
23 23
43 43
17 17
8 8
2 2
33 33
48 48 47
16 16
78 40
39 39
30 30
5 5 32
29 29 0
11 11
36 36
37 37 28
21 21
10 10
22 22
7 7 34
42 42
24 24
1 1
15 15 14
35 35
9 9
72 27
45 45 25
