199 24 10 151 197 103 182 133 105 77 105 133 91 133 182 35 159 194 64 102 52 183 62 94 55 83 124 119 156 163 49 163 156 86 65 76 65 5 65 86 14 86 156 119 124 37 145 130 120 32 120 130 145 107 127 25 113 1 108 57 61 57 11 114 59 21 59 114 11 57 108 1 113 25 127 107 36 47 129 22 63 22 129 47 93 178 50 178 93 47 46 176 189 96 189 176 46 72 46 47 36 107 145 16 198 138 198 16 81 43 92 193 31 193 92 43 81 16 145 37 124 83 38 83 55 3 55 94 62 183 52 102 64 194 159 80 45 104 85 104 45 80 159 35 182 103 177 41 157 115 167 173 74 173 167 115 157 41 177 7 29 39 29 7 177 103 67 34 98 34 67 103 197 28 158 71 2 27 19 70 19 27 2 71 158 28 197 151 10 24 199
70
199 82
24 24
10 10
197 87
77 77 51
91 91 12
35 35
64 64
52 52
62 62 15
94 94
55 55
83 83
119 4
163 17 75
49 49 0
86 86
65 65
76 76 42
5 5 44 48
14 14 66
37 37
32 32 84
25 25 69
1 1
57 57
61 61 20
11 11
59 59
21 21 73 88
36 36
47 47
129 33
22 22
63 63 68
93 93 56
50 50 13
46 46
176 54
189 95
96 96 9 60 40
72 72 6
16 16
138 30 89
81 81
43 43
92 92
31 31 97
38 38 79
3 3 18
80 80
45 45
85 85 99
177 23
41 41
167 78
74 74 58
7 7
29 29
39 39 90
67 67
34 34
98 98 8
28 28
158 26
71 71
2 2
27 27
19 19
70 70 53
