SueJosephGarza PaulShaneSoldner SueJosephGarza JustinJavierToure RickyLeahGriffin FlorenceWarrenLong BruceTeresaNelson HaleyKyleMurphy BruceTeresaNelson PamelaPageBullock JessicaJohnSpells PamelaPageBullock BruceTeresaNelson FlorenceWarrenLong RickyLeahGriffin JustinJavierToure SueJosephGarza MarkRobertIvey DonaldDoloresKelly MarkRobertIvey FrankJennieBarker PhyllisJackWilson MaryLindaKirkland PhyllisJackWilson FrankJennieBarker CharlesKristineWhite AnnaKyleChang CharlesKristineWhite FrankJennieBarker BrianRolandAli AndrewRobertEvins MartyDavidWill JerryAnnetteChilds MatthewLarryMeli MelindaKennethAzar JoseBerniceJohnston MariaMarionSimons IraJimmyYang ThomasAnneNeave IolaElfriedaHemenway KennethPamelaManey JamesGladysMccullar KevinHaroldCyr JamesGladysMccullar KennethPamelaManey IolaElfriedaHemenway ThomasAnneNeave IraJimmyYang MariaMarionSimons JoseBerniceJohnston MelindaKennethAzar MatthewLarryMeli JerryAnnetteChilds MartyDavidWill AndrewRobertEvins BrianSarahCumming DarnellAliciaPeters BrianSarahCumming AndrewRobertEvins BrianRolandAli NathanKevinCorathers JamesRodneyUpshaw EugeniaKimberlyArauj JamesRodneyUpshaw NathanKevinCorathers BrianRolandAli LauraPhilipWinkler PatriciaBernardBrock LauraPhilipWinkler BrianRolandAli FrankJennieBarker MarkRobertIvey SueJosephGarza ElsieJosephPhelps LillieKathleenCervan ElsieJosephPhelps SueJosephGarza BillyJoshuaBall SueJosephGarza
25
PaulShaneSoldner PaulShaneSoldner KennethShannonGardel
RickyLeahGriffin WilburnDavidMiller
HaleyKyleMurphy LeroySandraLewis SueCourtneyOsgood
PamelaPageBullock PamelaPageBullock
JessicaJohnSpells JessicaJohnSpells MariaChristopherCast
MarkRobertIvey OllieGeorgeSova
DonaldDoloresKelly DonaldDoloresKelly AlfredaKirstenMartin
PhyllisJackWilson PhyllisJackWilson
MaryLindaKirkland MaryLindaKirkland LuisHelenHughes
AnnaKyleChang AnnaKyleChang ChristinaDanaGrant BrianLuzArce
BrianRolandAli BrianRolandAli
MatthewLarryMeli ThomasAnnieRuiz
MelindaKennethAzar MelindaKennethAzar
IraJimmyYang IraJimmyYang
IolaElfriedaHemenway JohnDustinKenny
KevinHaroldCyr KevinHaroldCyr KarenErmaJensen LucyBennyHaag
BrianSarahCumming JamesJaredGonzalez
DarnellAliciaPeters DarnellAliciaPeters PaulEvanRichard
NathanKevinCorathers NathanKevinCorathers
EugeniaKimberlyArauj CrystalShermanVida WilliamGeorgeWilliam
LauraPhilipWinkler LauraPhilipWinkler
PatriciaBernardBrock PatriciaBernardBrock MarianLuluDiaz
ElsieJosephPhelps ElsieJosephPhelps
LillieKathleenCervan LillieKathleenCervan JohnJoseJudd
BillyJoshuaBall FranciscoFrancesHarr AshleyWilliamClarke
