AlbertFredHaines JoannCharlieWilkinso CeliaMaryBoone FerdinandLukeJackson BradleyDeborahSaball FerdinandLukeJackson StormyOllieYork JoshuaDelmarFellers JessicaChristopherHa JoshuaDelmarFellers StormyOllieYork FerdinandLukeJackson RolandGregoryWatson SusanSalinaZimmerman WayneGlendaDozier DeniceRobertHawkins AmyFloydTopper EdwardErnestSinger AmyFloydTopper DeniceRobertHawkins WayneGlendaDozier KimMickeyCohen WayneGlendaDozier SusanSalinaZimmerman RolandGregoryWatson FerdinandLukeJackson CeliaMaryBoone DeniseBrunoWilliam PatriciaRichardSippe PatJasonAaberg PatriciaRichardSippe DeniseBrunoWilliam ClaytonFredrickRicha CarlosTamikaStrand ClaytonFredrickRicha DeniseBrunoWilliam DianeMargaretHammond DeniseBrunoWilliam CeliaMaryBoone JoannCharlieWilkinso WilliamDanielleBell BrendaLenaHarris DwainJoeFeldman MistyRobertKing JaredEvelynJones GloriaRuthRowland LaurelDwayneAnderson MabelCharleneGarcia MarthaJackRobinson MabelCharleneGarcia LaurelDwayneAnderson GloriaRuthRowland JaredEvelynJones WilliamDavidGray MadeleineLeoRoberson JuanitaPhilipParsons LawrenceBarryHadden JuanitaPhilipParsons MarkAnnetteHendrix HipolitoCandaceHunts GeorgeHenryVillar MichaelMarkHolloway GeorgeHenryVillar DavidRaymondJohnson GeorgeHenryVillar MinnieLesleyPaulk CharlesDiannaProfitt ZacharyWarrenKarth CharlesDiannaProfitt AndrewSadieBennett FriedaLindaMachesky KelliChristopherBanu FriedaLindaMachesky AndrewSadieBennett CharlesDiannaProfitt MinnieLesleyPaulk GeorgeHenryVillar HipolitoCandaceHunts MarkAnnetteHendrix JuanitaPhilipParsons MadeleineLeoRoberson WilliamDavidGray JaredEvelynJones MistyRobertKing DwainJoeFeldman BernicePennyRiddick JudeJanetHarcourt JohnDarrellThomas MarciaWalterKirschma JohnDarrellThomas JudeJanetHarcourt BernicePennyRiddick DwainJoeFeldman BrendaLenaHarris WilliamDanielleBell JoannCharlieWilkinso DianeElisePickett JudyPearlineKaminski DianeElisePickett FrancisCarolHebb WadeSonnyMcbride ManuelaJoseBailey LillianJuanAncona RickyJamesBrumfield RobertaVirgieBullock AllysonFlorenceSprin AdrieneKathleenShea JackieSharonScherrer AdrieneKathleenShea AllysonFlorenceSprin KathleenJoseClark AllysonFlorenceSprin RobertaVirgieBullock RickyJamesBrumfield LillianJuanAncona JuliaMarySmith LillianJuanAncona ManuelaJoseBailey WadeSonnyMcbride FrancisCarolHebb DianeElisePickett JoannCharlieWilkinso AlbertFredHaines
45
AlbertFredHaines AlbertFredHaines
JoannCharlieWilkinso JoannCharlieWilkinso
FerdinandLukeJackson FerdinandLukeJackson GeorgeWilliamJackson
BradleyDeborahSaball BradleyDeborahSaball CynthiaConnieWright
StormyOllieYork StormyOllieYork RobinStephenWebster MichaelElizabethWeav
JessicaChristopherHa JessicaChristopherHa ThomasEssieEwing
RolandGregoryWatson RolandGregoryWatson
WayneGlendaDozier EricJamesJuckett
EdwardErnestSinger EdwardErnestSinger KathleenSherryDay
KimMickeyCohen RonaldEdnaArant ClaudeBobbyBaker
DeniseBrunoWilliam DeniseBrunoWilliam JamesJordanZamora
PatriciaRichardSippe RosaPatrickYankey
PatJasonAaberg MarkAngelaMccloud IsaacGregGargano DeeAmandaBartley
CarlosTamikaStrand StephenWilliamCoffma GaryCharlesHudson
DianeMargaretHammond PeterJosephBarbee CassandraJaniceGlove JoStephenMay
DwainJoeFeldman DwainJoeFeldman
MistyRobertKing MistyRobertKing JannaDavidCarranza
JaredEvelynJones JeremyJamesChavez
LaurelDwayneAnderson JimmyFlorTasson
MarthaJackRobinson MarthaJackRobinson KevinCharlesEvans DebraJaneFitzgerald StevenNeilNguyen
WilliamDavidGray WilliamDavidGray
MadeleineLeoRoberson JohnRichardSmith
JuanitaPhilipParsons KevinThomasHiggins
LawrenceBarryHadden LawrenceBarryHadden JosephAmandaMullen
GeorgeHenryVillar GeorgeHenryVillar
MichaelMarkHolloway MichaelMarkHolloway EricTammyScott
DavidRaymondJohnson GlennaMichaelBorden DenaJewellDavis
MinnieLesleyPaulk AnnDeannaLarzazs
ZacharyWarrenKarth ZacharyWarrenKarth TommyAmandaMartin
AndrewSadieBennett JohnBrendaFuller
KelliChristopherBanu ElmerDemetriusLark LynnKennethChavez
BernicePennyRiddick BernicePennyRiddick BrettDominickSonnier DorisJeffreyBinger SandraHarryStewart
JudeJanetHarcourt JudeJanetHarcourt
MarciaWalterKirschma MarciaWalterKirschma EricTinaPerea
DianeElisePickett DianeElisePickett KellyJohnnaOles EdwardDennisStewart
JudyPearlineKaminski JudyPearlineKaminski MaryJamesDavila
WadeSonnyMcbride WadeSonnyMcbride
ManuelaJoseBailey ManuelaJoseBailey
LillianJuanAncona LillianJuanAncona
RickyJamesBrumfield RickyJamesBrumfield
RobertaVirgieBullock HowardKennethCollins
AllysonFlorenceSprin MarkDianeDuchon
JackieSharonScherrer JackieSharonScherrer HeidiMayJohnson TravisMichelleMeller
KathleenJoseClark KathleenJoseClark CraigJohnLard
JuliaMarySmith CherylMaryMorgan PerryJamesBennett
