qgyqjgwlbh sjnavteasg fnlmocuczk njgjyqyhsv hkpxcpivyp bngwhjkenc wjicfykuhr hyficezvgi mrjqlvteat swhusujfgz omadaodbkw pmzgeauuov lpopityrof yeuzdbmimy uqsahbxduy kmwsevkfov ysokdhiaft layuigtfoj omqkvmtjla ysndikwwgh ahfilcjjhz xeuivcdbgm lgwqodunqt uyirsvqblu bzcpozsody sqlbmrxpwv prctwnakif djtmyhmwnn tywawwbwci pcjmzanrrv kgewtltijq hpbkyqcejb yfvfzingng aruweadnpf flqztijwpa eqqtmsgxnc mjgsrzyxra rzgfaqookt mjgsrzyxra bbtxglggzi atkqvymdax dzokhkbjld iyucjunvyn zzscmbfbic uonnmkkdcs qzcudwawod ekdcatpuui cwlgcuthor qgdwfpxklr fukxhmvtnm tdqzbpmftq bnfhxmjqzg tdqzbpmftq fukxhmvtnm qgdwfpxklr cwlgcuthor sngqmldfxu cwlgcuthor ekdcatpuui qzcudwawod uonnmkkdcs zzscmbfbic iyucjunvyn dzokhkbjld atkqvymdax bbtxglggzi mjgsrzyxra eqqtmsgxnc flqztijwpa aruweadnpf yfvfzingng hpbkyqcejb kgewtltijq pcjmzanrrv tywawwbwci djtmyhmwnn prctwnakif sqlbmrxpwv bzcpozsody uyirsvqblu lgwqodunqt xeuivcdbgm sthbsdqlwm ntlhpzyidk sgizgtdhhn ntlhpzyidk sthbsdqlwm xeuivcdbgm ahfilcjjhz ysndikwwgh omqkvmtjla layuigtfoj ysokdhiaft kmwsevkfov uqsahbxduy yeuzdbmimy uipamkyzyc ztbimsomxo czgfnbovhq bdjhlansav lewkphlryf cddppqxsmb tvrzrioagg cddppqxsmb lewkphlryf bdjhlansav czgfnbovhq ztbimsomxo uipamkyzyc yeuzdbmimy lpopityrof lhvohluplc ozyhcflvre hqvifzhbmo ozyhcflvre lhvohluplc lpopityrof pmzgeauuov wegckoctcp ajjekwybql hnnlwliezo fwzkdpfinn npffaineub iznialmand npffaineub fwzkdpfinn hnnlwliezo ajjekwybql wegckoctcp pmzgeauuov omadaodbkw swhusujfgz mrjqlvteat hyficezvgi wjicfykuhr bngwhjkenc hkpxcpivyp njgjyqyhsv fnlmocuczk sjnavteasg qgyqjgwlbh
38
fnlmocuczk fnlmocuczk
hyficezvgi hyficezvgi
lpopityrof lpopityrof
kmwsevkfov kmwsevkfov
layuigtfoj tjcamfqmxd
ysndikwwgh ysndikwwgh
ahfilcjjhz xpcqolcpnf
lgwqodunqt lgwqodunqt
uyirsvqblu uyirsvqblu
bzcpozsody bzcpozsody
sqlbmrxpwv sqlbmrxpwv
djtmyhmwnn djtmyhmwnn wmeeitskjx
kgewtltijq kgewtltijq
hpbkyqcejb hpbkyqcejb
yfvfzingng yfvfzingng
aruweadnpf aruweadnpf
rzgfaqookt rzgfaqookt gdtsmzpvig
atkqvymdax atkqvymdax
dzokhkbjld hrbvyznkmd
zzscmbfbic vvurcgizpo
ekdcatpuui somaaudaxm
tdqzbpmftq tdqzbpmftq
bnfhxmjqzg bnfhxmjqzg feggaeevcb
sngqmldfxu sngqmldfxu cynraykzum
sthbsdqlwm sthbsdqlwm
ntlhpzyidk ntlhpzyidk
sgizgtdhhn sgizgtdhhn culutarzsm
uipamkyzyc stxmhuffri
czgfnbovhq czgfnbovhq gqulqjeire
cddppqxsmb cddppqxsmb qlieaqyzel
tvrzrioagg tvrzrioagg fdbzjhgcmh
hqvifzhbmo hqvifzhbmo smlsmfgyxa
wegckoctcp wegckoctcp
ajjekwybql ajjekwybql
hnnlwliezo hnnlwliezo
fwzkdpfinn fwzkdpfinn
npffaineub npffaineub
iznialmand iznialmand bvwklxlwsa
