dweidxeutk hxaoxcleei ebbcmbhgnc audojmtlep toeqvvzlae xqqirblyjw vpghbvlzxd ienasnqnvt vpghbvlzxd xqqirblyjw toeqvvzlae cxrfqntbtm thtlrbqsyp ivgiotlrrr quwglicgzs hkjeujbikz veqndedhgo nimybvgttg veqndedhgo cwexpxaktw tbpduhasiq wfybmclpmp dllzvxpcgk qtqfcaqlxk vtcyzupdop kjgjbkdckc sjqdgtugly bxdnijtmyn jojgjvziup yugelanmtk qnpmskdtgk ylgtgxhujb depihfdmjk cowtuqqsll wlzaatlgns rwobvahhfa joegbqydne hpqsgalvar nxiuvgpakn zzydddjmri aihlvhrjir ggkwgytekr bcwzxsuutq tofdobbbjt scgsokjwvw gcfwrdoced ctnsbezpjg fuhtgylsov dsflclsebb rbtvffgaks klbefaxnzg gibfnosbtf jiowqcrqpz sjcwiapdwb wjjdafaxvv seqrxdjigd izzewlqzll fhrstihiac vqlbufoinm htfyksgccp yqabjcolzt ffisecgfqt akzsqllzsv eeimgsecwz yvizyauxul kgpqjqjrhc rlgdknlxmz afkxpktsxw efgyvzmusc wiwpekzeuz mgzyysypdp kpdfwhwwqb naqyljkxxq wbdpumkvfu hzhmlnosma auonnlthcz hzhmlnosma wbdpumkvfu naqyljkxxq kpdfwhwwqb mgzyysypdp wiwpekzeuz efgyvzmusc afkxpktsxw mnmjklgmnp afkxpktsxw rlgdknlxmz kgpqjqjrhc yvizyauxul eeimgsecwz akzsqllzsv ffisecgfqt yqabjcolzt htfyksgccp vqlbufoinm fhrstihiac izzewlqzll seqrxdjigd iqbyvqgkcp seqrxdjigd wjjdafaxvv sjcwiapdwb jiowqcrqpz gibfnosbtf klbefaxnzg rbtvffgaks dsflclsebb fuhtgylsov ctnsbezpjg gcfwrdoced scgsokjwvw tofdobbbjt dzzxropcld ltjqdpdqwv tehmqpfdnn xdmzjapanj kufcwxmspu xdmzjapanj tehmqpfdnn ltjqdpdqwv dzzxropcld tofdobbbjt bcwzxsuutq ggkwgytekr aihlvhrjir zzydddjmri nxiuvgpakn hpqsgalvar joegbqydne rwobvahhfa wlzaatlgns cowtuqqsll igvmvwehwa wwmcjuetgz dnbdlutvqn bqrcwxsyuw dnbdlutvqn qoleivbobc cnbqxrvlvl qoleivbobc dnbdlutvqn wwmcjuetgz igvmvwehwa cowtuqqsll depihfdmjk ylgtgxhujb dlfzngcmgq okcwuqslme dfgysrnikx arrkheyths jxgwgvfggh tdtlnqnprm tdrceqkdxs mhohxeqbjo itejbhhfxs ouzfljsksj nqdbgeypdu xtugynuehn nqdbgeypdu ouzfljsksj itejbhhfxs mhohxeqbjo tdrceqkdxs tdtlnqnprm jxgwgvfggh arrkheyths dfgysrnikx okcwuqslme dlfzngcmgq ylgtgxhujb qnpmskdtgk yugelanmtk jojgjvziup bxdnijtmyn sjqdgtugly kjgjbkdckc vtcyzupdop qtqfcaqlxk dllzvxpcgk huciphyuma gvxfzzmwzk flrbhumcno itouxsyevo ulneltboej fxpsowceqq ulneltboej itouxsyevo flrbhumcno gvxfzzmwzk huciphyuma dllzvxpcgk wfybmclpmp tbpduhasiq cwexpxaktw veqndedhgo hkjeujbikz khuymesdzs siwbsyuwap sxayjmxdia lotqtcczrg vtquakjujf gkbqwvqnfu wqeazvzkdf qytpyhwawq fxejnitkot qytpyhwawq wqeazvzkdf gkbqwvqnfu vtquakjujf lotqtcczrg taoimnqdrr lgpbgvlzpo hnaaimhfnz ercawnbbtx hnaaimhfnz lgpbgvlzpo taoimnqdrr lotqtcczrg sxayjmxdia siwbsyuwap khuymesdzs hkjeujbikz quwglicgzs ivgiotlrrr thtlrbqsyp cxrfqntbtm toeqvvzlae audojmtlep gpbaqafhdz audojmtlep ebbcmbhgnc hxaoxcleei dweidxeutk
71
dweidxeutk dweidxeutk xdhiumwdwn
audojmtlep audojmtlep
toeqvvzlae toeqvvzlae
vpghbvlzxd vpghbvlzxd xwsnmxufqy
ienasnqnvt ienasnqnvt cpdpvshtof
cxrfqntbtm cxrfqntbtm
ivgiotlrrr ivgiotlrrr
nimybvgttg nimybvgttg hcvrravrik rzqbegeoni
cwexpxaktw cwexpxaktw
tbpduhasiq zbgxyjmdnm
wfybmclpmp wfybmclpmp
dllzvxpcgk dllzvxpcgk
kjgjbkdckc kjgjbkdckc cavyunvwuk
sjqdgtugly sjqdgtugly
bxdnijtmyn bxdnijtmyn
depihfdmjk depihfdmjk
cowtuqqsll cowtuqqsll
wlzaatlgns wlzaatlgns tzpaywhybw
rwobvahhfa rwobvahhfa
hpqsgalvar hpqsgalvar
aihlvhrjir aihlvhrjir
bcwzxsuutq bcwzxsuutq
tofdobbbjt tofdobbbjt
ctnsbezpjg ctnsbezpjg
fuhtgylsov fuhtgylsov
klbefaxnzg klbefaxnzg
jiowqcrqpz jiowqcrqpz
sjcwiapdwb sjcwiapdwb uqhdcumthr
wjjdafaxvv drtcvphibq
vqlbufoinm vqlbufoinm
htfyksgccp gmvwahagsy
akzsqllzsv akzsqllzsv
kgpqjqjrhc kgpqjqjrhc
rlgdknlxmz rlgdknlxmz
afkxpktsxw afkxpktsxw
efgyvzmusc efgyvzmusc
wiwpekzeuz wiwpekzeuz
naqyljkxxq naqyljkxxq
auonnlthcz auonnlthcz vteisghgld
mnmjklgmnp mnmjklgmnp cmelcyxenw elifcmozpf
iqbyvqgkcp iqbyvqgkcp hjvmodgwdg
dzzxropcld dzzxropcld
ltjqdpdqwv gyjkhdbyvm
tehmqpfdnn tehmqpfdnn
xdmzjapanj xdmzjapanj pphebmysxy
kufcwxmspu kufcwxmspu pgiiochubt zdiibealli
wwmcjuetgz wwmcjuetgz
bqrcwxsyuw bqrcwxsyuw lvqqznnzyn
qoleivbobc fwwnyjpwnp
cnbqxrvlvl cnbqxrvlvl rqmdukqpbg
dlfzngcmgq dlfzngcmgq
okcwuqslme okcwuqslme
dfgysrnikx dfgysrnikx
arrkheyths arrkheyths
tdtlnqnprm tdtlnqnprm
mhohxeqbjo lzsvglcvqa
ouzfljsksj ouzfljsksj
xtugynuehn xtugynuehn rqchbdjiqp
gvxfzzmwzk gvxfzzmwzk
itouxsyevo itouxsyevo
ulneltboej ulneltboej
fxpsowceqq fxpsowceqq qjjslhkvnr
siwbsyuwap siwbsyuwap
vtquakjujf vtquakjujf
gkbqwvqnfu gkbqwvqnfu nmshjtpxad
wqeazvzkdf wqeazvzkdf gqwhfeepal ftrqchqaif
fxejnitkot fxejnitkot dldiwncohw
taoimnqdrr taoimnqdrr
lgpbgvlzpo lgpbgvlzpo
ercawnbbtx hlimwiksjd rulcikswsa
gpbaqafhdz gpbaqafhdz irtbznwvcu
