Place72 Place18 Place0 Place10 Place65 Place10 Place48 Place84 Place74 Place24 Place19 Place5 Place55 Place42 Place99 Place20 Place99 Place42 Place55 Place5 Place14 Place53 Place93 Place62 Place96 Place4 Place96 Place62 Place93 Place53 Place79 Place58 Place79 Place53 Place76 Place53 Place14 Place5 Place19 Place2 Place90 Place66 Place15 Place54 Place15 Place66 Place90 Place2 Place52 Place17 Place52 Place2 Place19 Place24 Place74 Place84 Place48 Place67 Place13 Place38 Place22 Place23 Place31 Place23 Place8 Place23 Place22 Place38 Place13 Place67 Place48 Place56 Place3 Place59 Place3 Place36 Place3 Place56 Place48 Place10 Place0 Place18 Place72
32
Place18 Place18
Place0 Place0 Place77
Place10 Place10 Place88
Place65 Place30 Place33
Place48 Place48
Place74 Place16
Place19 Place19
Place42 Place78
Place99 Place98
Place20 Place20 Place34
Place14 Place71
Place53 Place53
Place93 Place93
Place62 Place60 Place91
Place4 Place4 Place61
Place58 Place58 Place1 Place87
Place76 Place26 Place83
Place2 Place2 Place86
Place90 Place47
Place15 Place15
Place54 Place54 Place81
Place52 Place52
Place17 Place17 Place89
Place67 Place43
Place22 Place22
Place23 Place23
Place31 Place31 Place41 Place57
Place8 Place75 Place40
Place56 Place56 Place29
Place3 Place3
Place59 Place59 Place85
Place36 Place36 Place50
