Egsmith Blanworth Durnell Burfield Shaftbridge Burfield Wywick Wychbeck Wywick Burfield Durnell Blanworth Egsmith Whittree Wenside Whittree Egsmith Barnton Shaftsted Egtree Shaftsted Barnton Ashbourne Sudwich Wetwick Nortley Wetwick Sudwich Pemlow Sudwich Ashbourne Barnton Wychbourne Sudtree Wenwold Stainby Brackbrough Stainby Wenwold Sudtree Wychbourne Cookford Farnsmith Wychsmith Farnsmith Cookford Chelmbeck Marlover Hurstlow Edgey Shaftbage Edgey Hurstlow Marlover Chelmbeck Cookford Wychbourne Barnton Egsmith
23
Egsmith Waltditch
Shaftbridge Shaftbridge Penborne
Wywick Wywick
Wychbeck Wychbeck Staplake
Whittree Alfchester
Wenside Wenside Burbourne
Barnton Barnton
Egtree Egtree Chelmden
Ashbourne Ashbourne
Wetwick Wetwick
Nortley Nortley Stainbrough
Pemlow Pemlow Wenbeck
Wychbourne Wychbourne Egavon Wychnell
Sudtree Sudtree Leathermere
Wenwold Wenwold
Stainby Stainby
Brackbrough Brackbrough Stapbeck
Cookford Cookford
Farnsmith Farnsmith
Wychsmith Wychsmith Chelmwang
Chelmbeck Chelmbeck Flitgrove
Edgey Edgey
Shaftbage Shaftbage Ashdown
