Chelmbourne Edgwich Staintree Elgrove Staflow Rocktree Barnden Shrivlow Flitham Enbage Prestey Sudwich Enlow Sudwich Prestey Enbage Flitham Shrivlow Barnden Rocktree Whitborough Waltwood Harthall Whitover Harthall Waltwood Whitborough Rocktree Staflow Cleredon Staflow Elgrove Staintree Stafthorne Waltbrook Stafthorne Stapwell Alfby Leatherlow Sudgrove Southmere Sudgrove Leatherlow Bracklow Barngrove Egborne Barngrove Southstoke Egwood Edglow Dartsted Kingsbrook Wenden Stainfield Nortmoor Hornbridge Stapwold Marlton Alfwell Marlton Stapwold Hornbridge Nortmoor Stainfield Elside Whitavon Nortcastle Egcastle Melborne Sudworth Wenwang Edgchester Wenwang Sudworth Melborne Egcastle Nortcastle Whitavon Elside Stainfield Wenden Kingsbrook Dartsted Clerethorne Dartsted Edglow Egwood Southstoke Barngrove Hornley Barngrove Bracklow Leatherlow Alfby Stapwell Stafthorne Staintree Edgwich Chelmbourne
37
Chelmbourne Shaftwich Casford
Edgwich Edgwich
Staintree Staintree
Elgrove Elgrove Wenborough
Staflow Staflow Bursted
Rocktree Rocktree Cookbridge
Shrivlow Shrivlow
Flitham Flitham Kingsley
Enbage Enbage
Prestey Prestey Stapmoor
Sudwich Sudwich
Enlow Enlow Hartbage
Whitborough Whitborough Horndown
Whitover Whitover Stainside
Cleredon Cleredon Wyhead
Waltbrook Waltbrook Hurstworth
Stapwell Stapwell
Alfby Alfby Leatherlake
Leatherlow Leatherlow
Southmere Southmere Stainhall Shrivside
Bracklow Bracklow Pemwood Sodside
Barngrove Prestdon
Egborne Egborne Barnham Cookton
Southstoke Brainbridge
Dartsted Dartsted
Wenden Wenden
Marlton Marlton
Alfwell Alfwell Aldhall
Elside Elside
Whitavon Whitavon
Egcastle Egcastle
Melborne Pemwold
Sudworth Sudworth
Wenwang Wenwang
Edgchester Edgchester Horncester
Clerethorne Stapthorne Barnside
Hornley Hornley Durditch
