qtq xzk pjx rcs ifc xmz wpq rwt ahv krg ahv rwt qbh cer tmc udq unk dkn qbj dkn unk udq pwa osc pug fgo fbz gud egz gak egz gud fbz fgo pug osc xax gfp otp zye mln yiz ili bsz iuz nfy art ooc art nfy czf hxp qbq nhr viv tro wpo htv wpo tro viv nhr qbq hxp czf nfy iuz bsz ili yiz mln zye ooi nxr ynq orc pkx qof bpm gup fib cxu fib gup bpm qof pkx orc nhk unf vlt unf nhk orc ynq nxr ooi zye otp gfp xax tto qbe tto xax osc pwa udq tmc cer qbh rwt wpq xmz ifc fsl apg wuf vsu cov lbs jxq itg ick xzf opt hhe opt xzf mmf ase mmf xou qlo qls qlo xou cpw lfh cpw xou mmf xzf ick itg jxq lbs cov vsu wuf apg fsl sfp blo gac llr uca qnn tvy hxo tvy qnn uca llr lah llr gac blo sfp fsl ifc rcs pjx xzk qtq uxr eku ahy thd ahy eku uxr wuc npu zgf npu wuc uxr qtq
66
qtq qtq wju
pjx pjx pta
ifc ifc
wpq wpq
rwt rwt
ahv ahv
krg krg kza uoz
tmc tmc
udq udq
unk pxs
dkn dkn
qbj qbj mnv rut
pwa pwa
fgo fgo
egz egz vub bai cjp
gak gak qjm
xax xax
gfp thz
zye rod
yiz yiz
ili ili
bsz bsz
iuz iuz
nfy nfy plx tnl
art idl
ooc ooc brk
hxp hxp
nhr nhr wiq slq
viv viv
tro tro tmd
wpo mbx
htv htv eqm jta
ooi ooi
ynq ynq
orc orc hpb lxt
pkx pkx
gup gup
fib zqn
cxu cxu nkx
nhk nhk
vlt vlt ptq
tto txk
qbe qbe qfc
fsl fsl
wuf wuf
vsu vsu
itg itg
xzf zbn
hhe hhe rxi
ase ase vaf
qlo qlo
qls qls lnv
cpw cpw
lfh lfh spp
sfp sfp
blo zgs rju uwp
uca uca
qnn qnn
hxo hxo ukh
lah lah xos
uxr uxr
ahy ahy xdz
thd thd jno
wuc wuc
npu npu
zgf zgf cnv
