Soda Yolo Bristol Sojourner Jones Latham Fresno Olympus Woodhaven Eunice Wheeler Marin Greenwood Heinz Greenwood Marin Fernwald Visalia Ajax Visalia Fernwald Marin Wheeler Eunice Lewiston Buena Blake Tulare Haviland Oregon Mabel Spring Mabel Oregon Anne Oregon Haviland Tulare Garber Halkin Addison Shasta Columbia Shasta Addison Halkin Garber Colusa Menlo Bancroft Cutter Sport Cutter Bancroft Menlo Colusa Garber Tulare Blake Buena Lewiston Eunice Woodhaven Olympus Fresno Bowditch Fresno Latham Jones Bret Jones Sojourner Bristol Keeler Bristol Yolo Soda
26
Soda Browning
Yolo Martin
Bristol Bristol Hospital
Fresno Fresno
Eunice Eunice Allston
Marin Marin Madera
Greenwood Greenwood Haste
Heinz Heinz High
Ajax Ajax Forest
Lewiston Lewiston Edith
Haviland Haviland
Mabel Mabel
Spring Spring Comstock Poplar
Anne Anne Arch
Halkin Florida
Addison Addison
Shasta Shasta Domingo
Columbia Columbia Byron
Colusa Colusa Fulton
Menlo Menlo Belrose Burnett
Bancroft Bancroft
Cutter Cutter Muir
Sport Summit Overlook
Bowditch Bowditch Bataan Haskell
Bret Bret Kenilworth Poppy Vermont Terrace
Keeler Keeler Pardee
