AZ DT AZ AU BM DK BR DQ DI DQ BZ BK DV CO DV BK BZ BF CQ AI CQ BF BZ DQ BR DK AW BT AL BH CA CG BG CH AJ DE DP AT CC DG CK AK CK DG BL DG CC AT DP DE BA CV BA DE AJ CH BG CG CA AP BC BP BY DM BY BP AV CX BO BU CB DF CB CY CB BU BO CX AV BP BC AP CA BH AL BD BQ BD AL BT AW DK BM AO BM AU AZ
28
DT DT BS DD
BM AX
DQ DQ
DI BJ CL
BK BK
DV DV CD DC
CO CO BI
AI AI AR
AL AL CN
CG CG CP
CH AN
AJ AJ
DE DE
CC CC
CK CK
AK AA DL
BL BL BW
CV CV CZ
BP BP
DM DM BX
AV AV CR
BO BO AH
BU BU CJ
DF AF BE DB
CY CY CT DO
BD BD
BQ BQ AE
AO AO AS
