FD AU GK DP GK AU BV AC FE GH FK GH FE CM HH CM CG CM BT CM FE AC BV AU BG DI GP DF AS AE DD HE ES GD CS GX FS FQ GU EX HQ HK CV GT FJ HC DW EZ FY HM ER FL EN CB CN BA GN BA CN CB EN FL ER HM FY EZ DW HC FJ GT CV HK HQ EX GU DS EK DS GU FQ CE FQ FS GX CS GD ES EM HO BS HP EP DG FM FA GC HF BY GM BR EL FP GQ BC CL GA AZ GA CL BC GQ FP EL BR GM BY HF GC FA FM CW GG FR AL GZ ED EO AP DR FX HR EB DB EB HR FX HI EC AD DK HN DK AD BZ AD EC HI FX DR AP EO ED GZ AL FR GG CW GF CW FM DG EP HP BS HO AI BK AI HO EM AV EM ES HE DD AE AS DF GP DI BG AU FD AR CZ HB HD HB CZ AR FD
69
FD CU
AU AU AF
GK GK
DP DP BO
BV BV
AC FU
FE CK
GH CA
FK DU DM
HH HH EE
CG CG AG
BT BT DE
BG BG
DI DI
GP GP
DF DF
DD GO
ES ES
GD GD
CS CS
GX GX
FS FS
EX EX
FJ FJ
HC HC BF
EZ EZ
FY FY
HM EG FN
ER ER DA
FL DN
EN EN CF FV
CB CB
BA BA
GN GN CC
EK EK CO FO
CE AX DQ
EM EM FI GS
HO HO
HP HP
FM FM
GC GC
HF HF
GM EW
BR ET
EL EL
FP FP EJ BE DC
GQ GQ
BC BC DZ
CL CL
GA GA
AZ AZ BN
CW CW
GG BQ
FR FR
GZ GZ
ED DH GR
EO EO
AP CT
HR HR
DB DB AJ
AD AD EY
DK DK
HN BM FT
BZ BZ AK
GF GF CI
BK BK AM
AV AV AT
HB HB
HD HD AW
