Cleresmith Whitby Bothensborough Sodmersmith Chedlake Chippenringfield Ketterwold Milditch Winhead Wydon Edgney Whitseyborough Todderworth Southling Warrerbage Durblechester Melwold Dribbasborne Hanworth Sunderbrough Chillerlow Leatherglefield Eggerrensling Hannerworth Buravon Waltcombe Dribbinggrove Cheddlesport Pendton Skelwang Elfield Warblesdown Handlechester Wolvingrethorne Cammingbury Blanden Egwood Wolborne Skelcastle Cannerrebeck Eggendhampton Ciside Hartrenslow Enderavon Pemhampton Hampensshot Reddenwell Suddlebrough Shrivditch Pendingstoke Stainsdenwold Ashworth Cannenringwell Burrensham Elmsbrook Chilcompcester Blandlesney Hanscombe Watchmanshead Chippenden Camsdenden Botlow Rockhead Bootworth Elmsnell Dribbingenborne Dribside Wendlemerford Dribside Dribbingenborne Elmsnell Bootworth Rockhead Botlow Camsdenden Chippenden Watchmanshead Hanscombe Blandlesney Chilcompcester Elmsbrook Burrensham Cannenringwell Ashworth Stainsdenwold Pendingstoke Shrivditch Suddlebrough Reddenwell Hampensshot Pemhampton Enderavon Hartrenslow Ciside Eggendhampton Cannerrebeck Skelcastle Wolborne Egwood Blanden Cammingbury Wolvingrethorne Handlechester Warblesdown Elfield Skelwang Pendton Cheddlesport Dribbinggrove Waltcombe Buravon Hannerworth Eggerrensling Leatherglefield Chillerlow Sunderbrough Hanworth Dribbasborne Melwold Durblechester Warrerbage Southling Todderworth Whitseyborough Edgney Wydon Winhead Milditch Ketterwold Chippenringfield Chedlake Sodmersmith Bothensborough Whitby Cleresmith
26
Cleresmith Warringwood
Bothensborough Chippingwood
Ketterwold Ketterwold
Milditch Milditch
Edgney Basfield
Warrerbage Warrerbage
Durblechester Durblechester
Hanworth Ellingey
Eggerrensling Eggerrensling
Hannerworth Hannerworth
Dribbinggrove Pendrenslake
Elfield Elfield
Warblesdown Warblesdown
Cammingbury Soddenreey
Skelcastle Skelcastle
Cannerrebeck Cannerrebeck
Hartrenslow Cammenenwich
Reddenwell Reddenwell
Suddlebrough Suddlebrough
Stainsdenwold Reddentree
Elmsbrook Elmsbrook
Chilcompcester Chilcompcester
Chippenden Shrivden
Rockhead Rockhead
Bootworth Bootworth
Wendlemerford Ribney Wetley
