Wolney Horndleside Reddingringey Nortditch Sodditch Dartworth Brombrough Hamwich Hammensmith Rotsted Wendlethorne Ketthorne Southcompmere Nortmansford Bromwich Stapseyden Prestlake Sistanwick Boothingtree Edgfield Hannensworth Skellingstoke Watchsmith Endlesthorne Alddlesbasbridge Boothingwick Rockdenport Hanbasside Bootherbersted Elmsbasbridge Wendlerewick Dribbinglow Rockenborough Ribbendhead Toddlenell Blanavon Ennell Melwich Wolden Horslake Alfcastle Brackavon Wycombe Sundlecombe Chedcastle Chipbasfield Basserchester Cannell Reddennell Camsreborough Braindlemere Ellensbrough Eggermoor Marlwich Cheddenwang Sudhead Pemsdown Wencester Windlesseywang Pendlesbascastle Endcastle Whitwood Marlborne Pendlesford Wolverbury Whitborough Camhampton Elmerdown Skelling Emmingwell Chilworth Wolbourne Suddendmansavon Braddlesreport Farnsmerbeck Hammingreport Camsmere Cirerdown Burglesbrook Soddlesbasbourne Eghampton Braddleswick Sismith Clereshot Worringcompgrove Sundtree Alddlesenbage Horndlehampton Chelmsbertree Falrensavon Suddingney Toddleborne Kettenwell Hammingdenden Sundlesborne Staindlemansavon Pendnell Chilmermere Penswick Ketworth Ciringover Tippendside Aldlow Cammertree Reddlebershot Candleseyney Elsmith Sudderbage Camsted Suddlescester Sirengrove Worglesmernell Shrivgrove Sodham Durrenslow Flitcompwold Sunsseybrook Tipencester Camtree Reddlesley Hansside Chippingchester Ribblesremoor Skellerbury Rothensden Endover Wychringden Ensdown Prestwood Chedwick Dribberbrough Melborne Camling Botbeck Sudderwick Shaftport Chelmenthorne Falbaswood Siringbrook Skellingbaswold Skellingmansgrove Skellingbaswold Siringbrook Falbaswood Chelmenthorne Shaftport Sudderwick Botbeck Camling Melborne Dribberbrough Chedwick Prestwood Ensdown Wychringden Endover Rothensden Skellerbury Ribblesremoor Chippingchester Hansside Reddlesley Camtree Tipencester Sunsseybrook Flitcompwold Durrenslow Sodham Shrivgrove Worglesmernell Sirengrove Suddlescester Camsted Sudderbage Elsmith Candleseyney Reddlebershot Cammertree Aldlow Tippendside Ciringover Ketworth Penswick Chilmermere Pendnell Staindlemansavon Sundlesborne Hammingdenden Kettenwell Toddleborne Suddingney Falrensavon Chelmsbertree Horndlehampton Alddlesenbage Sundtree Worringcompgrove Clereshot Sismith Braddleswick Eghampton Soddlesbasbourne Burglesbrook Cirerdown Camsmere Hammingreport Farnsmerbeck Braddlesreport Suddendmansavon Wolbourne Chilworth Emmingwell Skelling Elmerdown Camhampton Whitborough Wolverbury Pendlesford Marlborne Whitwood Endcastle Pendlesbascastle Windlesseywang Wencester Pemsdown Sudhead Cheddenwang Marlwich Eggermoor Ellensbrough Braindlemere Camsreborough Reddennell Cannell Basserchester Chipbasfield Chedcastle Sundlecombe Wycombe Brackavon Alfcastle Horslake Wolden Melwich Ennell Blanavon Toddlenell Ribbendhead Rockenborough Dribbinglow Wendlerewick Elmsbasbridge Bootherbersted Hanbasside Rockdenport Boothingwick Alddlesbasbridge Endlesthorne Watchsmith Skellingstoke Hannensworth Edgfield Boothingtree Sistanwick Prestlake Stapseyden Bromwich Nortmansford Southcompmere Ketthorne Wendlethorne Rotsted Hammensmith Hamwich Brombrough Dartworth Sodditch Nortditch Reddingringey Horndleside Wolney
54
Wolney Braindlemoor
Reddingringey Sodden
Brombrough Brombrough
Hamwich Hamwich
Wendlethorne Chipcester
Bromwich Bromwich
Stapseyden Stapseyden
Boothingtree Reddingbourne
Watchsmith Watchsmith
Endlesthorne Endlesthorne
Rockdenport Hampenlake
Wendlerewick Wendlerewick
Dribbinglow Dribbinglow
Blanavon Egmanston
Wolden Wolden
Horslake Horslake
Sundlecombe Meley
Basserchester Basserchester
Cannell Cannell
Braindlemere Endingey
Cheddenwang Cheddenwang
Sudhead Sudhead
Pendlesbascastle Cirercompsted
Marlborne Marlborne
Pendlesford Pendlesford
Camhampton Emthorne
Chilworth Chilworth
Wolbourne Wolbourne
Farnsmerbeck Marlringlake
Burglesbrook Burglesbrook
Soddlesbasbourne Soddlesbasbourne
Clereshot Hammermere
Alddlesenbage Alddlesenbage
Horndlehampton Horndlehampton
Toddleborne Hannerley
Sundlesborne Sundlesborne
Staindlemansavon Staindlemansavon
Penswick Tiphampton
Aldlow Aldlow
Cammertree Cammertree
Elsmith Suddendwell
Sirengrove Sirengrove
Worglesmernell Worglesmernell
Flitcompwold Bootbeck
Camtree Camtree
Reddlesley Reddlesley
Ribblesremoor Worrersted
Wychringden Wychringden
Ensdown Ensdown
Melborne Emsbrook
Sudderwick Sudderwick
Shaftport Shaftport
Siringbrook Leatherberlake
Skellingmansgrove Elringlow Chilhall
