Whitgrove Sodberling Ellerbridge Boothingchester Sundendford Botbeck Sundendford Boothingchester Wycastle Bootwick Wycastle Boothingchester Ellerbridge Ketchester Watchlake Bursted Botbage Penddenchester Chelmdenmoor Ketnell Rockbage Sundcompney Prestwick Wychchester Waltbeck Cannerthorne Elside Wetsmith Warsmith Horsnell Siavon Abgleham Sundlethorne Abgleham Siavon Horsnell Warsmith Wetsmith Elside Cannerthorne Waltbeck Hampingcastle Basditch Tipbeck Burglemere Southbury Bassinghead Nortwell Bassinghead Southbury Burglemere Sirenshall Burglemere Tipbeck Basditch Hampingcastle Waltbeck Wychchester Barndlesborough Skellingover Candleswick Endleshall Melwood Reddensden Cirerham Reddensden Melwood Suddenmoor Egmerhampton Shaftwick Hurstdown Botshot Hurstdown Shaftwick Egmerhampton Suddenmoor Tippenbrook Marlbeck Faldenhall Marlbeck Enderbeck Sifield Enderbeck Marlbeck Tippenbrook Suddenmoor Melwood Endleshall Candleswick Skellingover Barndlesborough Wychchester Durbrook Falderseythorne Worford Hamscombe Stainbrough Maidendstoke Basbage Southmere Ribberrenston Farnditch Ribberrenston Southmere Rothead Chilsmith Bastlebury Rothendcombe Wychditch Cookfield Staindledown Endingnell Staindledown Cookfield Wychditch Rothendcombe Dribwold Reddingtree Dribwold Rothendcombe Bastlebury Chilsmith Rothead Southmere Basbage Warblestancester Tippendham Hannersmith Worhall Alddleringworth Leatherport Cireport Egbeck Skellenshot Egbeck Cireport Leatherport Alddleringworth Worhall Hannersmith Tippendham Warblestancester Basbage Maidendstoke Stainbrough Hamscombe Worford Hampingworth Botenbrook Tipstoke Botenbrook Hampingworth Worford Falderseythorne Durbrook Wychchester Prestwick Sundcompney Rockbage Ketnell Toddenmoor Ketnell Chelmdenmoor Penddenchester Pemnell Rothingcombe Pemnell Penddenchester Botbage Bursted Watchlake Ketchester Ellerbridge Sodberling Bromstanham Sodberling Whitgrove
61
Whitgrove Whitgrove Staplow Dribblecombe
Sodberling Sodberling Bursmith
Ellerbridge Ellerbridge Worrenberwang Suddingover
Sundendford Sundendford Chedworth
Botbeck Botbeck Whitringlake
Wycastle Wycastle
Bootwick Bootwick Todhampton
Ketchester Ketchester
Watchlake Watchlake Farndlesover Tippingbage
Chelmdenmoor Bothenton
Ketnell Ketnell
Prestwick Prestwick
Wychchester Wychchester Siey
Waltbeck Waltbeck Boothingmanstree
Cannerthorne Cannerthorne
Elside Elside Penby
Wetsmith Wetsmith
Warsmith Marlbrook Horstleover
Horsnell Horsnell
Siavon Siavon
Abgleham Abgleham
Sundlethorne Sundlethorne Blansbrook
Hampingcastle Hampingcastle Redcombe
Basditch Basditch
Southbury Southbury
Nortwell Nortwell Marlcester
Sirenshall Sirenshall Hampingbascombe
Skellingover Skellingover
Candleswick Candleswick
Melwood Melwood
Cirerham Dartden Wolley
Suddenmoor Suddenmoor Staincombe
Egmerhampton Egmerhampton
Botshot Wetwick Falworth
Tippenbrook Tippenbrook
Faldenhall Faldenhall Wethampton
Enderbeck Enderbeck
Sifield Sifield Abcester
Durbrook Durbrook Sodport
Falderseythorne Falderseythorne
Worford Worford Dribberham Rotherlow
Hamscombe Alfmere Skelberden
Stainbrough Wendleringdown
Southmere Southmere Egsted
Ribberrenston Ribberrenston
Farnditch Farnditch Abglewold
Rothead Bothenhall
Bastlebury Bastlebury Emmerley Hamwold
Rothendcombe Rothendcombe
Endingnell Endingnell Casbrook
Reddingtree Eley Stapbrough
Tippendham Tippendham
Hannersmith Shaftborough
Worhall Worhall Reddendeney
Leatherport Leatherport
Skellenshot Skellenshot Cihead
Hampingworth Hampingworth
Tipstoke Tipstoke Endleberey
Toddenmoor Toddenmoor Wychcompwold
Rothingcombe Rothingcombe Milthorne
Bromstanham Bromstanham Clereennell
