Warfield Chilbury Hammenshead Cicombe Dribcastle Candlegrove Elmswang Burcombe Wyborne Chedberdon Pendingbrook Ketsmith Whitchester Siringwang Chedtree Burglebrough Sudsmith Burglebrough Chedtree Siringwang Whitchester Ketsmith Pendingbrook Chedberdon Wyborne Cammerrensmoor Wyborne Cambingstoke Suddlecombe Ashfield Suddlecombe Cambingstoke Wyborne Burcombe Elmswang Candlegrove Dribcastle Cicombe Falport Pendlewood Falport Faldingney Hamsey Hannenmanswick Hamsling Hannenmanswick Ashborne Tipwick Cannerthorne Todtree Worhall Dribbingworth Worhall Barndberbrough Camwood Chelmstanwell Camwood Barndberbrough Skellingden Dribblewick Windling Dribblewick Skellingden Barndberbrough Worhall Todtree Cannerthorne Tipwick Ashborne Hannenmanswick Hamsey Faldingney Falport Cicombe Rotcombe Enswang Ciditch Stainbrough Fulbourne Southbasport Fulbourne Stainbrough Ciditch Enswang Rotcombe Cicombe Hammenshead Chilbury Warfield
31
Warfield Warfield
Chilbury Chilbury Brackcompwang
Cicombe Cicombe
Wyborne Wyborne
Pendingbrook Pendingbrook Suddlecastle
Whitchester Whitchester
Siringwang Siringwang
Chedtree Chedtree Suddleover
Burglebrough Burglebrough
Sudsmith Sudsmith Elmansham
Cammerrensmoor Cammerrensmoor Suddleborne
Cambingstoke Cambingstoke
Suddlecombe Suddlecombe Chippingsted Ellingreham Basringney
Ashfield Ashfield Bastleseyham Ketport
Falport Falport Botherseyworth
Pendlewood Pendlewood Horstlescompstoke
Hannenmanswick Hannenmanswick
Hamsling Hamsling Worberbrook
Ashborne Ashborne
Tipwick Tipwick
Cannerthorne Soddlewick Chedderrenswich
Todtree Todtree
Worhall Worhall
Dribbingworth Dribbingworth Leatherbleside Skelling
Barndberbrough Barndberbrough
Chelmstanwell Chelmstanwell Hammerringey
Skellingden Skellingden
Windling Windling Millendon
Ciditch Northall
Stainbrough Stainbrough
Southbasport Southbasport Chiphead
