0 16 17 33 48 63 48 62 64 65 80 95 80 81 82 83 82 81 80 65 50 36 51 66 67 69 70 85 100 85 70 69 67 66 51 36 50 65 64 62 48 33 17 16 0 15 30 45 60 75 91 107 122 106 122 107 91 92 108 92 91 75 90 75 76 77 78 79 94 79 78 77 76 75 60 45 31 45 30 15 0 1 2 3 18 19 4 5 20 5 6 7 8 9 24 23 22 38 53 68 53 38 22 23 24 9 10 25 10 11 12 27 43 58 73 58 59 89 104 89 59 74 72 71 56 41 56 71 72 74 59 58 43 27 12 11 10 9 8 7 6 5 4 19 18 3 2 1 0
41
0 0
63 63 47
80 80
95 95 110 111
83 83 98
50 50
36 36
51 51
70 70
85 85 88
100 100 115 116
15 15
30 30
45 45
75 75
122 122
106 106 120 121
108 108 124
90 90 105
76 76
78 78
94 93 109
31 31 46
3 3
18 18
19 34
5 5
20 20 35
7 7
8 8
23 23
68 68 52
10 10
25 25 40
12 13
27 28
73 73 57
104 103 119
71 71
56 56
41 41 55
