0 68 73 49 87 97 29 55 34 30 48 30 34 20 78 64 93 42 93 64 78 20 3 65 92 91 22 91 92 65 74 31 37 9 77 45 80 45 12 13 1 13 12 45 77 9 52 41 52 9 37 31 74 65 3 51 3 20 34 55 29 97 21 7 86 10 86 7 58 4 35 84 50 6 50 84 35 4 58 7 21 97 87 49 23 47 33 39 33 47 23 49 73 68 0
32
87 87
34 34 16 54
30 30
48 48 90
20 20 83
78 2
64 64
93 93
42 42 71
3 3
92 72
22 22 89
74 74
37 32
9 24
80 80 79
12 12 99
13 13
1 1 36
41 41 95
51 51 63
7 7
86 86
10 10 75
4 4
35 35
84 84
50 50 11
6 56 81
47 47
33 33 60 62
39 39 59 98
