0 188 28 103 170 1 129 146 136 91 19 85 99 190 48 118 64 118 31 94 86 199 105 186 193 186 180 186 105 181 196 66 26 8 39 8 26 66 196 181 105 81 105 199 86 94 31 118 22 150 51 111 51 150 22 118 48 190 99 85 19 91 11 157 50 77 182 45 96 67 47 29 47 67 96 45 182 77 50 62 61 24 164 35 167 117 107 143 159 143 131 137 191 134 128 168 156 141 152 141 60 83 60 59 10 59 60 141 4 141 156 168 125 168 128 134 191 127 109 42 84 42 109 127 191 137 131 143 107 117 167 35 164 24 101 15 189 93 132 162 27 185 5 53 154 116 6 153 6 116 154 53 5 185 27 162 132 92 108 92 132 93 189 15 101 24 61 62 50 157 11 91 136 146 129 1 170 103 163 103 28 188 0
64
0 49
28 28 155
103 103
170 170
146 146
91 91 63
19 19 74
85 85 160 145
99 99 175
48 48
118 17
64 64 58
31 31
86 106
199 199
186 186 197
193 193 178
180 180 69
196 196 179
26 26 176
8 166
39 39 151
81 81 78 121
22 22
51 51 79
111 111 126 149
157 157 70
50 50
77 77
182 182
96 96
67 67
47 47
29 95 119
62 18
24 24
35 138
167 9
117 117
107 184
159 159 87
137 137
134 134
128 128
168 168
156 156 25
152 20 130
60 104
83 83 36
10 10 12 100
4 4 14
125 125 133
109 109
42 42
84 65 89 173
93 139
27 27
185 185
53 98
116 116 32 75 120
6 6
153 38 44
108 108 102
163 163 194
