location0 location66 location32 location55 location98 location92 location89 location24 location7 location14 location29 location1 location58 location25 location79 location37 location82 location73 location3 location27 location65 location96 location16 location69 location63 location17 location63 location69 location59 location5 location59 location69 location28 location69 location16 location96 location65 location27 location3 location73 location82 location37 location79 location25 location58 location1 location29 location14 location7 location24 location89 location10 location22 location86 location91 location53 location30 location9 location30 location53 location91 location86 location38 location86 location22 location46 location22 location43 location22 location34 location21 location39 location21 location34 location22 location10 location89 location92 location98 location55 location74 location15 location31 location15 location74 location55 location32 location66 location0 location48 location0
31
location0 location47
location32 location32
location92 location20
location24 location24 location4
location7 location7
location14 location14
location29 location29
location1 location1 location11
location58 location45
location25 location25
location37 location37
location3 location3
location27 location27
location16 location16
location17 location17 location50
location5 location5 location44 location19
location28 location28 location33
location10 location10 location8 location36
location22 location22
location53 location2 location35 location40
location30 location30
location9 location9 location12
location38 location38 location23
location46 location46 location49
location43 location43 location6 location26
location34 location34 location42
location21 location21
location39 location39 location41
location15 location15
location31 location31 location13
location48 location48 location18
