SantaClarita Carrollton Lubbock Frisco SanDiego Frisco PembrokePines Austin Indianapolis Stockton Pomona Allentown Peoria Wichita Chesapeake Escondido Oakland Memphis Modesto Independence Fayetteville Fontana Irvine SantaAna SantaRosa Newark OklahomaCity Tulsa Miami Cary RanchoCucamonga Washington Tempe McAllen Lancaster Surprise Torrance Portland Sunnyvale Portland Torrance Surprise Lancaster McAllen Tempe Washington RanchoCucamonga Cary Miami Tulsa Madison Orlando Madison Tulsa OklahomaCity Newark SantaRosa SantaAna Irvine Fontana Bellevue Davidson Alexandria Worcester Alexandria Davidson Bellevue Fontana Fayetteville Independence Modesto Memphis Oakland Escondido Chesapeake Wichita Peoria Allentown Omaha Ontario Boston Hartford Boston Ontario Omaha Allentown Pomona Stockton Indianapolis Austin PembrokePines Frisco Lubbock Reno Durham FortCollins Fremont GardenGrove Victorville Shreveport Huntsville Thornton Beaumont Thornton Huntsville Shreveport Victorville GardenGrove Fremont FortCollins Spokane Berkeley Spokane FortCollins Durham Reno Lubbock Carrollton SantaClarita
38
Carrollton Carrollton
Lubbock Concord
Frisco LexingtonFa
SanDiego Waco StLouis
PembrokePines PembrokePines
Austin Austin
Indianapolis Indianapolis
Stockton Stockton
Pomona Pomona
Allentown Allentown
Wichita Wichita
Memphis Yonkers
Independence Independence SiouxFalls
Fayetteville Fayetteville
Irvine Scottsdale
Newark Newark
OklahomaCity OklahomaCity LosAngeles Lafayette
Tulsa StPetersburg
RanchoCucamonga RanchoCucamonga
Washington Washington WestValleyCity
Surprise Surprise
Torrance Henderson
Sunnyvale Sunnyvale Visalia
Orlando Orlando Brownsville
Bellevue Bellevue
Alexandria Alexandria
Worcester Worcester Garland
Omaha Omaha
Ontario Ontario
Boston Boston
Hartford Hartford LongBeach LouisvilleJefferson
GardenGrove GardenGrove
Victorville Victorville
Shreveport Shreveport
Huntsville Huntsville
Thornton Midland
Beaumont Beaumont NewportNews
Berkeley Paterson Stamford
