Plano SantaClara Amarillo Cary OklahomaCity Rochester SanFrancisco Warren Tacoma Abilene MorenoValley Pasadena Norman Pasadena MorenoValley Abilene Tacoma Warren SanFrancisco Rochester OklahomaCity Clyde Sacramento Syracuse Worcester Dallas Hartford NewOrleans Surprise NewOrleans Hartford Mobile HuntingtonBeach Oski Tempe Fullerton AthensClarkeCounty Alexandria Irvine Olathe Cincinnati Tallahassee Cincinnati Olathe Irvine Alexandria AthensClarkeCounty Fullerton Tempe Oski HuntingtonBeach Mobile Hartford Dallas Worcester SanDiego Thornton Lakewood Frisco Murfreesboro Naperville Philadelphia Salinas Oceanside ElPaso SanAntonio NewHaven ChulaVista Houston Gilbert Raleigh Yonkers FortWorth Denton Springfield LexingtonFa SiouxFalls FortCollins SantaRosa Shreveport Laredo Hialeah Tampa McAllen Tampa Hialeah Laredo Shreveport Allentown Killeen Modesto Glasses Fontana Akron LosAngeles Lancaster Torrance PembrokePines Orlando Lafayette ElkGrove Fayetteville JerseyCity Fayetteville ElkGrove Lafayette Orlando PembrokePines Torrance Lancaster ColoradoSprings Elizabeth ColoradoSprings Lancaster LosAngeles Akron Fontana Glasses Modesto Killeen Allentown Shreveport SantaRosa FortCollins SiouxFalls LexingtonFa Springfield Denton FortWorth Yonkers Raleigh Gilbert Houston ChulaVista Spokane CorpusChristi Spokane ChulaVista NewHaven Birmingham Indianapolis CoralSprings Fremont Madison Knoxville Phoenix Salem Peoria Brownsville Peoria Salem Phoenix Knoxville Madison Fremont CoralSprings Indianapolis Birmingham NewHaven SanAntonio ElPaso Oceanside Salinas Philadelphia Naperville Murfreesboro Frisco Lakewood Durham DesMoines AnnArbor Jackson KansasCity Garland Omaha Albuquerque Denver Hayward WinstonSalem Waco WinstonSalem Hayward Buffalo Chesapeake OWO Mesa Memphis Mesa OWO Chesapeake Buffalo Hayward Denver Cleveland Atlanta Beaumont Atlanta Cleveland Denver Albuquerque Omaha Garland KansasCity Jackson AnnArbor FortLauderdale Norfolk Reno LouisvilleJefferson Reno Norfolk FortLauderdale AnnArbor DesMoines Durham Lakewood Thornton SanDiego Worcester Syracuse Sacramento Clyde OklahomaCity Cary Amarillo SantaClara Plano Rockford Plano
74
SantaClara SantaClara Irving
Cary Cary
OklahomaCity OklahomaCity
SanFrancisco SanFrancisco
Warren Warren
MorenoValley MorenoValley
Pasadena Pasadena
Norman Norman Sunnyvale
Clyde LasVegas
Sacramento Vallejo
Worcester Worcester
Dallas Dallas
Hartford Hartford
NewOrleans NewOrleans
Surprise Surprise Greensboro
Mobile Mobile
HuntingtonBeach HuntingtonBeach
Oski SimiValley
Fullerton AugustaRichmond
Irvine Irvine LittleRock
Olathe Olathe
Cincinnati Cincinnati
Tallahassee Hampton Miami
Thornton Thornton Mesquite
Frisco Anchorage
Philadelphia GardenGrove
Salinas Salinas
SanAntonio SanAntonio
NewHaven NewHaven
Houston Houston
Gilbert Glendale
Raleigh Raleigh
Denton Denton
Springfield Chicago
SiouxFalls SiouxFalls
FortCollins FortCollins
SantaRosa SantaRosa
Laredo Laredo
Tampa Tampa Portland ThousandOaks
McAllen McAllen GrandPrairie
Allentown Allentown Stamford
Killeen Killeen
Glasses Glasses SanJose
Fontana Hollywood
Akron Akron Escondido
Lancaster Lancaster
Torrance Torrance
PembrokePines Lincoln
Lafayette Lafayette
ElkGrove Huntsville
JerseyCity JerseyCity Pikachu
Elizabeth Elizabeth Anaheim
Spokane Pomona
CorpusChristi CorpusChristi SantaClarita
Birmingham Davidson
Fremont Fremont
Madison Madison
Knoxville Knoxville SanBernardino
Brownsville Brownsville Corona
AnnArbor AnnArbor StLouis
Garland Garland
Omaha Omaha Ontario
Denver Denver
Hayward Hayward
Waco Waco Wichita
OWO OWO
Mesa Mesa Montgomery
Memphis Memphis Charleston
Atlanta Atlanta Oxnard
Beaumont Beaumont Vancouver
FortLauderdale FortLauderdale
Norfolk Norfolk
LouisvilleJefferson LouisvilleJefferson Tulsa
Rockford Rockford Riverside
