18 28 35 49 72 59 72 26 74 13 76 52 80 52 76 13 74 26 72 49 29 97 60 78 81 6 84 6 1 46 24 37 24 20 39 7 99 32 17 32 99 7 83 12 92 12 83 7 39 20 24 46 1 6 81 78 33 78 60 97 29 57 14 48 2 3 36 3 2 48 14 57 29 22 75 42 95 42 75 22 29 49 35 28 18
34
18 18
28 28
35 16 98 61
49 0
72 72
59 59 43
76 76
80 80 87
97 63
81 9
6 6 25
84 84 45
1 73
46 46 79
37 37 69
20 20
39 39 53
7 7 93
32 32
17 17 41
83 83
12 12 85
92 92 90
33 33 4
57 57
14 14
48 62
2 2
3 3
36 36 71
22 22
75 75
42 42
95 95 88
