0 185 23 153 162 156 175 173 6 15 6 5 17 137 129 137 17 114 154 163 154 114 17 72 184 122 195 29 90 133 90 29 195 122 184 57 66 188 22 74 38 145 26 12 26 145 38 74 22 188 66 57 184 72 78 177 194 176 51 176 194 177 78 52 78 72 17 50 182 135 112 135 61 165 130 88 67 172 67 169 151 169 67 88 130 48 130 9 130 165 61 135 8 37 108 37 101 196 18 196 101 37 8 135 182 50 17 30 197 30 17 5 6 173 175 128 81 123 193 39 193 123 81 128 28 128 175 117 147 19 125 119 2 119 125 19 11 87 190 87 49 35 49 87 43 87 11 19 147 117 14 117 175 156 162 153 23 185 0
63
0 0
185 70
23 23
153 153 102
175 143
173 173 138
15 15 16
5 5 160
17 17 94
137 137
129 129 47
114 114
154 154
163 1 98 146
72 72
184 184
195 96
133 133 86
66 66
22 22
74 74
38 38
26 26 167
12 84 120
78 78
177 177
176 69
51 51 93
52 52 199
50 50
182 182
112 100 111
165 42 80
130 130
88 183
67 67
172 172 134
151 151 31
48 4 24
9 9 103
8 8
108 20 166
101 101 68 141
196 164
18 18 33
197 197 71
128 128 107
81 81 152
123 59 158
193 193
39 39 56
28 28 187
117 115
19 89
125 125
119 174
2 2 27
11 11 65
87 83
190 190 21 116
35 35 3 157
43 43 159
14 14 13
