13 98 57 31 57 98 24 69 79 74 60 74 79 69 64 58 64 69 12 99 83 97 83 21 91 81 49 65 49 81 91 21 48 95 9 50 9 95 48 21 83 18 42 61 84 88 84 51 26 89 73 85 40 85 73 52 73 89 28 33 28 89 26 51 84 61 0 53 66 37 67 37 66 53 0 61 42 18 83 99 12 69 24 98 13
35
13 87
98 98
57 57
31 76 77
24 75
69 69
79 79
74 74 78
60 60 80
64 64
58 58 70
12 63
99 99 86
83 83
97 97 59
91 91
81 81
49 55
65 65 92
95 95
50 50 71
61 61
84 84
88 88 62
51 51
89 89
73 73
85 85 93
40 54 56
52 52 94
33 72 90
53 53
66 66 96
37 82
67 67 68
