13 62 147 178 147 62 64 143 64 21 168 18 198 18 130 18 16 67 73 170 81 43 110 175 190 195 190 142 55 104 91 169 119 106 119 169 91 104 55 142 31 40 85 27 61 51 159 165 159 161 33 131 8 171 140 181 174 181 140 36 102 135 102 36 140 171 8 131 33 108 121 108 33 161 159 129 159 24 192 71 49 113 49 71 192 24 158 22 87 94 0 154 0 115 167 115 0 94 87 22 34 155 34 22 30 22 158 24 159 51 116 51 61 27 85 40 31 142 12 88 78 88 12 142 190 175 110 43 81 170 73 136 73 67 16 18 168 21 42 193 42 2 15 2 42 21 64 62 13 32 127 32 103 162 103 32 13
58
62 124 126
147 147
178 178 100
143 143 107 120
21 184 179
168 168 138
198 198 152
130 130 114
16 166
73 196 122
170 170
81 182
43 194
110 110
175 175
190 190
195 195 153 160
142 142 146
104 104
169 169 172
119 119 191
106 106 188
31 132
85 150
27 185
159 159
165 165 101
161 161
131 131
171 171 151 197
140 140 117
181 181
174 174 139
102 102 163 149
135 135 145 187
108 108
121 121 118
129 129 105 199
24 189
192 192 157
71 123
113 113 141
158 158
94 173
154 154 111 134
115 115
167 167 144
155 155 177
30 128 186
116 116 148
78 176 125
136 136 180
42 112
193 193 137
15 164 183
127 127 109
103 103
162 162 133 156
