vLeODpVlYSBeYNDYoXha biqCAetglYuANrTRzMiX DDEuYWXXufMefzDjgEFm CfkBzkPETvagyIDCsLTD oCvaAQKOXXWgeSNnUmae OVoYVQPnlYoZBBKtyuLk TCAkluAESUWAMGFeNcGN MlwlINEFqmyzZNPXRLJF zxeoSbTqbWPpSzalAtBI MlwlINEFqmyzZNPXRLJF TCAkluAESUWAMGFeNcGN FqdjKgdpEanmCnmxJMFA fPxvnMVMFwhJbNBURdgD FqdjKgdpEanmCnmxJMFA gzxzakmqbxbsOczuQVLG wRjMmrpRuknxqunJrMAE DqUxIMslnixWfmkjQTmS wRjMmrpRuknxqunJrMAE gzxzakmqbxbsOczuQVLG FqdjKgdpEanmCnmxJMFA TCAkluAESUWAMGFeNcGN OVoYVQPnlYoZBBKtyuLk oCvaAQKOXXWgeSNnUmae CfkBzkPETvagyIDCsLTD DDEuYWXXufMefzDjgEFm biqCAetglYuANrTRzMiX LGqbVTsFMANIedVHAALW SouQfuEdAivolPXFbygH VhDSPHxolLkNxxDnpUyx klkbOWCZrzPBFVDxhNbj gIttwvzcgONwFblnGIqq gMqbbwopmbxmOomqZjfm CmbFyJmcvVqyCmJgQxeI fHcdXnOxSadpKeCUwNYm CmbFyJmcvVqyCmJgQxeI gMqbbwopmbxmOomqZjfm QkAjrUUuVdzSMnlfJLcO FEqXJcVrZfnSsHEUPhnl ASXwCgVTXDdhSXJwFovC LeLGVrNGvkwLbzIWTNFP ubTtmhAXQixwuFvQluYa RjKEHTlRvtaVBbyqZVAw QQSjCkgLAWAPObYQvNsB RjKEHTlRvtaVBbyqZVAw ubTtmhAXQixwuFvQluYa LeLGVrNGvkwLbzIWTNFP ASXwCgVTXDdhSXJwFovC FEqXJcVrZfnSsHEUPhnl QkAjrUUuVdzSMnlfJLcO AdXveYSBaneNwCQzrdSw ruLqpYqEzGGiKysvsarb AdXveYSBaneNwCQzrdSw QkAjrUUuVdzSMnlfJLcO gMqbbwopmbxmOomqZjfm gIttwvzcgONwFblnGIqq klkbOWCZrzPBFVDxhNbj VhDSPHxolLkNxxDnpUyx mevvwcZLudaokctOWvKe iBYHAWUhqeQPjphQzpdN mevvwcZLudaokctOWvKe mlipOrSnGcxXtoXBbRyl LOMgYipCQQXQnRqEqRwO kOaPwvTTqhaYDvjPPZCZ fvYrLpgzqLNOAQbahgax McOZQehrTygkGidmwyMe DWWCMAjZQQIEKOIiHFQN cZgmtoPGHxdozTaDMiyf DWWCMAjZQQIEKOIiHFQN McOZQehrTygkGidmwyMe fvYrLpgzqLNOAQbahgax kOaPwvTTqhaYDvjPPZCZ LOMgYipCQQXQnRqEqRwO mlipOrSnGcxXtoXBbRyl mevvwcZLudaokctOWvKe VhDSPHxolLkNxxDnpUyx SouQfuEdAivolPXFbygH LGqbVTsFMANIedVHAALW WCCOEUYmDvzZlrkDAqoi LGqbVTsFMANIedVHAALW biqCAetglYuANrTRzMiX vLeODpVlYSBeYNDYoXha
28
CfkBzkPETvagyIDCsLTD CfkBzkPETvagyIDCsLTD iDucfyZGMCbCQbXjbQqM
OVoYVQPnlYoZBBKtyuLk OVoYVQPnlYoZBBKtyuLk CPszTohYUHARNedzFlDK
MlwlINEFqmyzZNPXRLJF MlwlINEFqmyzZNPXRLJF tVzUgXVoBYxBMnkkwFmk
zxeoSbTqbWPpSzalAtBI zxeoSbTqbWPpSzalAtBI dyUDfEGgAoSshTRjMZZg pdXCnKagnvEntNTuPHdK uyPyJzKFqWxgSNmpkDrB
FqdjKgdpEanmCnmxJMFA fToHwimUqLsKcKLZHiUX
fPxvnMVMFwhJbNBURdgD fPxvnMVMFwhJbNBURdgD sBkAYRISjTYinLFSNcKW
gzxzakmqbxbsOczuQVLG gzxzakmqbxbsOczuQVLG gEufXNuuWhnlbNYaoQFJ
wRjMmrpRuknxqunJrMAE iBjjCWwkYToOKfrrLnny
DqUxIMslnixWfmkjQTmS DqUxIMslnixWfmkjQTmS TqyFrXuGvuBuqnpYbjKc
VhDSPHxolLkNxxDnpUyx VhDSPHxolLkNxxDnpUyx jwIBHKkXHTPVsOJwBOsr PLDOWRIeaCSVLMyDadzC
gIttwvzcgONwFblnGIqq gIttwvzcgONwFblnGIqq
gMqbbwopmbxmOomqZjfm gMqbbwopmbxmOomqZjfm aCucdhmWbhlrgfstQigR NAHeKyyhAObyyUEUSkSU UgFPXEAdAfcfHGIbNTsq
CmbFyJmcvVqyCmJgQxeI CmbFyJmcvVqyCmJgQxeI
fHcdXnOxSadpKeCUwNYm fHcdXnOxSadpKeCUwNYm fvEcAuRDdfuHEPLNpaTz
QkAjrUUuVdzSMnlfJLcO QkAjrUUuVdzSMnlfJLcO NciLXNPTvMoXdbTDZmlg
FEqXJcVrZfnSsHEUPhnl sXfgLMwoysnMazVSWnhc
ASXwCgVTXDdhSXJwFovC ASXwCgVTXDdhSXJwFovC
RjKEHTlRvtaVBbyqZVAw RjKEHTlRvtaVBbyqZVAw
QQSjCkgLAWAPObYQvNsB QQSjCkgLAWAPObYQvNsB cvlwIwajcIlbhZbyFgmq
AdXveYSBaneNwCQzrdSw AdXveYSBaneNwCQzrdSw
ruLqpYqEzGGiKysvsarb ruLqpYqEzGGiKysvsarb ybrQlUhznqOhsvndWAbl
mevvwcZLudaokctOWvKe FcEsyaTmqpoyvbDrHjlc
iBYHAWUhqeQPjphQzpdN iBYHAWUhqeQPjphQzpdN jzQJaGLLiuQLhhyqBagr
mlipOrSnGcxXtoXBbRyl mlipOrSnGcxXtoXBbRyl NVEtShKeuxpaFIOiyVqE
fvYrLpgzqLNOAQbahgax BXzACdzjLITNgbmDPlEu
DWWCMAjZQQIEKOIiHFQN DWWCMAjZQQIEKOIiHFQN
cZgmtoPGHxdozTaDMiyf cZgmtoPGHxdozTaDMiyf TwgqMzgExFHTIfcwfBnr
WCCOEUYmDvzZlrkDAqoi WCCOEUYmDvzZlrkDAqoi xQaDpDGAXhDYzSMnMWvb
