wNqlpYNsRbJEgiGpKxrU lbWonvEbeplndKguSTkk igyeOiSdezmmXGTwMzLw lbWonvEbeplndKguSTkk shaRjZRSPDzVXmetmolj scpUkbcaYSAsHhSktebT FYfGkhtzhjqJHqxmUsVx kwPuYZgJgVVJfdBGUtPw FYfGkhtzhjqJHqxmUsVx scpUkbcaYSAsHhSktebT EEeDJaHeajXXlwYcHTeJ efZntVbfQTvIUOiRNPSH SiOEBWtHUiopSvDVOkjb oDgfEuAVpeOlkkTIMDLw iVjkcMenotYGMFEBTvoa CWozbDsqFUhTlbxWhCmh cMYyKTXGNKnFzrpwnXUl CWozbDsqFUhTlbxWhCmh iVjkcMenotYGMFEBTvoa gFUGYXSirCYiFTivWNah erZKLqpCZsYKDnOCaBGq gFUGYXSirCYiFTivWNah TOntbQDzHvMkxiKuanmw gFUGYXSirCYiFTivWNah RlHeRhvUOhGhZVGGJuED gFUGYXSirCYiFTivWNah iVjkcMenotYGMFEBTvoa oDgfEuAVpeOlkkTIMDLw UIlSMnVKIdNiXZNSiHsI CvZkdIYtdeDHtwufupie QyXpliHSeQOPIsurIcpa DpztIuGTRpGuLsdlODJw QyXpliHSeQOPIsurIcpa ANDviqMIuFwdcboQDprt pGEDfjoOOYfHsrRVgAyF gqsFUfkkQrlyYYdSXwmt pGEDfjoOOYfHsrRVgAyF ANDviqMIuFwdcboQDprt QyXpliHSeQOPIsurIcpa CvZkdIYtdeDHtwufupie syonLisTOSczosCwoILE qoaNjvaRghiMQXaVEoQe syonLisTOSczosCwoILE CvZkdIYtdeDHtwufupie UIlSMnVKIdNiXZNSiHsI fgzJCwocQniGlXAZHJId vIbIQYXZnmYrooTLYNtu IamFpWICdyBhLFRVaylm twwHXGyTBfZUDOGVnCzA FWnudSYFvYQJHehOpEKf twwHXGyTBfZUDOGVnCzA IamFpWICdyBhLFRVaylm vIbIQYXZnmYrooTLYNtu fgzJCwocQniGlXAZHJId UIlSMnVKIdNiXZNSiHsI oDgfEuAVpeOlkkTIMDLw eCBFrcppbiLzdGQubocl ubMKewvRqrviLcycMHcN eCBFrcppbiLzdGQubocl oDgfEuAVpeOlkkTIMDLw SiOEBWtHUiopSvDVOkjb efZntVbfQTvIUOiRNPSH shugRMnaHVqQSmKaNBgu IvXQutSorlqOgnSVAIUd shugRMnaHVqQSmKaNBgu yYaxxtTIkvUeyUpwOvuY shugRMnaHVqQSmKaNBgu efZntVbfQTvIUOiRNPSH EEeDJaHeajXXlwYcHTeJ MBJqOYmxhUYbldNVEdRy NzDQJknJPDEkcwCHzzbF wvSJDoqoPGAkYgSuPFPw NzDQJknJPDEkcwCHzzbF MBJqOYmxhUYbldNVEdRy QePOUWiXcAUCoHETxuGS MBJqOYmxhUYbldNVEdRy uUKZHvHmBrpBHjYWNaUL HeWrJOKsDjgdrcamgZLN uUKZHvHmBrpBHjYWNaUL MBJqOYmxhUYbldNVEdRy EEeDJaHeajXXlwYcHTeJ scpUkbcaYSAsHhSktebT jUSlIFtitQxyvVLJjiCc scpUkbcaYSAsHhSktebT shaRjZRSPDzVXmetmolj lbWonvEbeplndKguSTkk lIpVoDPUIfHCPpjswogJ lbWonvEbeplndKguSTkk oZXYedlbtBLmkfoVmgta lbWonvEbeplndKguSTkk wNqlpYNsRbJEgiGpKxrU
42
wNqlpYNsRbJEgiGpKxrU NtyLZDOaSczVvOGdocUp
lbWonvEbeplndKguSTkk lbWonvEbeplndKguSTkk eOfnBeTgmYCNEnRUhlEK qfRRtdRbhYJBARMfPlZM
igyeOiSdezmmXGTwMzLw igyeOiSdezmmXGTwMzLw KcrnMnFDTrBKaUaGpdLY NYdfLxXxFVvLEbDKzXWn
scpUkbcaYSAsHhSktebT scpUkbcaYSAsHhSktebT JVONrXhhmtFWhFfDiOXW JvFxbsySBAiFiOUrzrBi kyApsCeFkLoLFCdkazaE
FYfGkhtzhjqJHqxmUsVx zHPSSEtFTQIbLYMdHqgP
kwPuYZgJgVVJfdBGUtPw kwPuYZgJgVVJfdBGUtPw GMxGouyyndiUBMqMdOoc
EEeDJaHeajXXlwYcHTeJ EEeDJaHeajXXlwYcHTeJ oLMkSrYLQRLHmPiuLCTC
efZntVbfQTvIUOiRNPSH efZntVbfQTvIUOiRNPSH
oDgfEuAVpeOlkkTIMDLw mgNeYYUOPKpLeiVEFIXd wlySPverjehsBxldyigf ADVVlRLpnspleRTgeTdu
iVjkcMenotYGMFEBTvoa ZauPfhkpsGmhbvkhkltR VIPPawblKbhOVWrmrWBx
cMYyKTXGNKnFzrpwnXUl cMYyKTXGNKnFzrpwnXUl wuSVWJYvpiWaQAHXocSG
gFUGYXSirCYiFTivWNah gcXUxTVUZWsOwtRNeDDa ayQgUwyRuQVKeyFLPNbQ
erZKLqpCZsYKDnOCaBGq erZKLqpCZsYKDnOCaBGq NIJaJxCurulNUdZZMxFk
TOntbQDzHvMkxiKuanmw zNRhhVdMWUgTnnqmAfeY EmbDgEECbkHbfAfHCgwB
RlHeRhvUOhGhZVGGJuED RlHeRhvUOhGhZVGGJuED jznspKyqlmxZtgfQUJVB eiLPqIroFfCGzqSAlzAp
UIlSMnVKIdNiXZNSiHsI UIlSMnVKIdNiXZNSiHsI eobSFtKBbBdcVrTOREdK bEfUXCTlwRBndElSbPGf
CvZkdIYtdeDHtwufupie CvZkdIYtdeDHtwufupie ZXihCBEQBTdisqSlEMsj szyiMlKhtyOynWjcoMsm EhDFVLWZueLOrdjEOzEQ oHoxoLeyDYnKZDzgMtxI
QyXpliHSeQOPIsurIcpa QyXpliHSeQOPIsurIcpa
DpztIuGTRpGuLsdlODJw DpztIuGTRpGuLsdlODJw lSJjEsqamUCgRZdCmdyI NJZlnWyeJFrkOwoqHKtT
ANDviqMIuFwdcboQDprt ANDviqMIuFwdcboQDprt YTwycpmzEWCqqTELtzXc vTbNxpVTEoFlSjvvVvfG juzxSpUVuccJUMBOcJjO
pGEDfjoOOYfHsrRVgAyF DZEpVGVXkxHljziwItaS
gqsFUfkkQrlyYYdSXwmt xgBrJmdXVwtxgRuCBhMe nreoVgWrBhNXFZgTBlXO
syonLisTOSczosCwoILE syonLisTOSczosCwoILE aIuYyryCOUGVeCAqbqkg
qoaNjvaRghiMQXaVEoQe QjbdwbUnopENkiNyqirZ ccdJRKiTXwIErdhSIxfh VRpSthoDcomqMDsGoVql joWAhkfNqIEECnBeulGl
fgzJCwocQniGlXAZHJId fgzJCwocQniGlXAZHJId XtZHoAxqEyzvMChzPHpN
vIbIQYXZnmYrooTLYNtu vIbIQYXZnmYrooTLYNtu
IamFpWICdyBhLFRVaylm kqcEdfKLaRzxOhAIzchh QeYNNLpZMBxyiFbZMPFY
FWnudSYFvYQJHehOpEKf FWnudSYFvYQJHehOpEKf fpoTaBKmVdlDCxFwCFoz
eCBFrcppbiLzdGQubocl SitzoubgYFeTjmkLjVPz TEPaiCedHTXapLxoBXMp
ubMKewvRqrviLcycMHcN ihxEqMQIIvyQmtrtMjeO xlbpuxAjoVPJWPCWBEkJ imEmCMbYEtZJJkwxkSDD
shugRMnaHVqQSmKaNBgu shugRMnaHVqQSmKaNBgu
IvXQutSorlqOgnSVAIUd IvXQutSorlqOgnSVAIUd oKAKfpUUuLItChLyByFh edlAtPQdNXJQPCIzpkyX
yYaxxtTIkvUeyUpwOvuY pMOSpTzPTPLXHLOQMjnt XPPBMlNyfVVeZGIzTCEW
MBJqOYmxhUYbldNVEdRy MBJqOYmxhUYbldNVEdRy PZwTcKCPsEmpxetNZvef hLaNXBYgTzgUhvjmqUTu CbGuHgZfQMmSOfHDFJnK
NzDQJknJPDEkcwCHzzbF NzDQJknJPDEkcwCHzzbF pzrGQEObzJGPnfATEYDc NPSPGRTNRcKKVpsBRSwh
wvSJDoqoPGAkYgSuPFPw wvSJDoqoPGAkYgSuPFPw UdSbtwxTqTJxOiUoxEqw
QePOUWiXcAUCoHETxuGS QePOUWiXcAUCoHETxuGS gDYKDrbERUXTnCayjBrC
uUKZHvHmBrpBHjYWNaUL wfEFdNDcColoskjTjcLm ZwvojvRdUOYNJXIwAqgC XvUPApTFkqaSSizYsCIr
HeWrJOKsDjgdrcamgZLN HeWrJOKsDjgdrcamgZLN aGPbLNWYAMujnfHCTCMo
jUSlIFtitQxyvVLJjiCc jUSlIFtitQxyvVLJjiCc bFmSeBrfNuxjYPUDCLYq
lIpVoDPUIfHCPpjswogJ WMWBpOSnHGywZjCgaYyY cwgJAHVpCCTmuckJkncL nCedHqGgdWAicwyuYWpg yscsUFTNNyaVMKBztBdV
oZXYedlbtBLmkfoVmgta oZXYedlbtBLmkfoVmgta svUOWvTJLneAqJGnExpc
