0 163 167 163 119 190 97 3 97 190 119 73 150 194 165 170 165 194 150 73 119 36 119 163 116 12 116 163 0 155 14 155 0 113 18 41 45 41 18 26 112 7 112 26 18 113 0 58 101 195 1 105 1 22 138 122 34 122 138 86 138 23 151 42 28 47 28 42 151 23 69 10 135 114 35 196 75 196 35 109 123 166 178 21 175 21 178 166 123 109 35 65 43 83 24 40 71 40 24 83 43 76 43 65 35 114 135 10 57 188 88 188 57 10 54 10 69 23 8 159 15 159 8 23 138 22 49 103 191 96 111 77 93 77 82 66 82 77 111 96 191 103 49 53 144 149 144 53 49 22 1 195 101 58 0
59
167 62 99
97 97 27
3 3 52
73 73
150 91
194 59
165 84
170 85 98
36 36 19
12 12 63
14 14 4
18 18 60
41 41
45 45 50 67
26 26 6
7 7 46
58 58
1 1 48 100 17
105 9 37 79
22 22 51
122 55
34 34 74
86 86 39
23 23
42 42
28 28
47 47 68
69 69
10 10
135 29 5
35 35 70 44
196 61
75 75 94
123 89
166 25
21 21
175 64 38
65 65 31
43 43 87
83 83
24 24
40 40
71 71 16
76 76 13 81
57 57 78 2
88 88 92
54 54 56
8 8
15 15 95
49 49
103 33 90
96 96
77 77 80
93 93 20
82 82
66 66 72
53 53
144 30
149 11 32
