Soda L129 L186 L79 L186 L28 L101 L119 L54 L117 L88 L61 L23 L61 L88 L27 L171 L151 L92 L66 L139 L141 L139 L66 L92 L151 L87 L149 L123 L115 L123 L149 L87 L151 L47 L165 L22 L165 L47 L151 L171 L27 L159 L164 L104 L107 L32 L107 L6 L60 L20 L135 L160 L74 L189 L81 L189 L74 L160 L135 L20 L116 L20 L60 L6 L107 L104 L49 L183 L169 L183 L49 L57 L126 L57 L49 L15 L195 L168 L108 L168 L195 L15 L49 L104 L164 L159 L11 L159 L27 L157 L0 L150 L130 L97 L130 L150 L4 L150 L0 L157 L27 L88 L24 L134 L91 L134 L37 L163 L37 L90 L37 L134 L24 L88 L117 L54 L119 L101 L28 L53 L112 L53 L28 L52 L177 L120 L9 L106 L192 L1 L175 L1 L192 L106 L9 L120 L177 L10 L121 L145 L121 L10 L177 L52 L28 L186 L129 Soda
58
L129 L102
L186 L186 L39
L79 L79 L188
L101 L101
L119 L119 L69
L54 L54
L117 L117
L61 L61
L23 L23 L34
L27 L27 L99
L171 L171
L151 L151
L92 L92 L12 L114
L66 L85
L141 L25 L83
L149 L149 L176
L115 L115 L63
L22 L22 L13
L159 L159 L44
L164 L164 L21
L107 L107
L32 L32 L5
L6 L14 L86
L60 L60 L45 L98
L135 L135
L74 L74
L189 L189 L76 L194
L81 L81 L193
L116 L116 L191
L49 L49
L183 L183 L84
L169 L169 L133
L126 L126 L75 L68
L195 L35
L168 L168
L108 L108 L158
L11 L11 L124
L157 L157 L50
L0 L0
L150 L150 L172
L130 L130 L174
L97 L97 L173
L4 L4 L70 L190
L24 L24
L134 L67
L91 L143 L62
L37 L37 L132
L163 L163 L166
L90 L90 L125
L112 L93 L198
L52 L52
L177 L177
L120 L89 L113 L122
L9 L9
L192 L192
L175 L43 L167
L121 L121
L145 L145 L103
