Soda location87 location77 location13 location39 location13 location77 location2 location77 location87 Soda location54 location76 location26 location14 location26 location6 location62 location3 location85 location35 location24 location45 location24 location35 location85 location3 location62 location6 location46 location6 location26 location76 location54 location60 location21 location60 location54 Soda location4 location88 location11 location72 location94 location30 location94 location72 location11 location88 location4 location8 location63 location34 location12 location70 location90 location98 location29 location98 location90 location70 location12 location34 location63 location8 location32 location82 location32 location50 location71 location69 location57 location18 location57 location69 location71 location50 location32 location8 location4 Soda
30
location87 location47
location13 location13
location39 location39 location33
location2 location2 location22 location36 location7
location54 location28
location26 location26 location42
location14 location14 location5 location9
location6 location6
location3 location3
location85 location20
location35 location35
location24 location24
location45 location45 location1
location46 location46 location27 location40
location60 location49
location21 location21 location19
location4 location4 location41
location11 location11
location30 location30 location44
location8 location8 location43
location34 location34
location12 location12
location90 location31
location29 location29 location16
location32 location32 location15 location23 location37
location82 location10 location17
location50 location50
location71 location48
location57 location38
location18 location18 location25
