Soda location182 location171 location117 location59 location192 location101 location53 location169 location129 location42 location174 location6 location174 location42 location63 location5 location63 location42 location129 location22 location11 location147 location134 location14 location134 location147 location11 location22 location129 location169 location53 location9 location53 location101 location192 location25 location85 location56 location44 location56 location85 location30 location85 location25 location192 location59 location36 location3 location36 location59 location117 location171 location72 location47 location186 location173 location65 location173 location186 location47 location18 location170 location161 location116 location138 location148 location24 location148 location138 location97 location138 location116 location71 location31 location71 location116 location161 location90 location16 location112 location194 location35 location194 location112 location16 location90 location161 location170 location18 location47 location72 location171 location182 Soda location178 location93 location159 location26 location159 location93 location150 location29 location50 location29 location150 location10 location130 location175 location168 location151 location135 location79 location135 location151 location168 location175 location32 location175 location130 location100 location60 location100 location130 location10 location34 location77 location125 location54 location125 location77 location45 location81 location57 location46 location57 location81 location45 location77 location34 location10 location23 location115 location70 location184 location76 location184 location70 location115 location23 location64 location12 location64 location23 location17 location23 location10 location150 location93 location128 location114 location107 location43 location107 location114 location13 location114 location128 location93 location178 Soda
62
location171 location33
location59 location59
location53 location53 location2
location42 location42
location174 location61 location7
location6 location6 location95
location63 location63
location5 location5 location83
location22 location22
location11 location11
location147 location39
location14 location14 location48
location9 location9 location94 location20
location25 location25 location62
location85 location85
location56 location56
location44 location44 location69
location30 location30 location38
location36 location36
location3 location3 location58
location72 location72 location21
location47 location47
location186 location8
location65 location65 location67
location18 location18 location88
location161 location92
location148 location55
location24 location24 location15
location97 location97 location99
location71 location71 location28 location98
location31 location31 location4
location90 location90
location16 location16
location35 location35 location37
location93 location93
location26 location26 location96
location150 location27
location29 location29 location86
location50 location50 location91
location10 location10 location41 location51 location73
location151 location40 location66
location79 location79 location87
location32 location32 location49
location100 location100
location60 location60 location68
location34 location34
location77 location77
location54 location54 location89 location1
location45 location45
location81 location81
location57 location57
location46 location46 location75
location23 location23
location115 location74
location70 location70
location184 location19
location76 location76 location78
location64 location64
location12 location12 location52
location17 location17 location82
location43 location43 location84
location13 location13 location80
