Soda woolf winifred danyal rosen ishaan sun emily lebron garcia bloch shen liang amanda sunny lewke tamara jarrett deven lin roshan ellen eric franco steven annie eshaan ruhi kevin louie massachusetts curry umar evan noor martinez misyutina gobears wu scott aidan george gregory lo zhou sriram chris rob srinivasan yip alvin lewis hari krishnan ravi robbie andrew lillian winston caroline daniel juliann parham hanafi golden james clark ian rabie sarina ohio walsh persson ritter ashley shah angela blue grace sophia nichole wyatt kanika erika berit chloe berkeley meghan castro singhal connor yu djajadi vilaythong nancy davis garbers davis nancy vilaythong djajadi yu connor singhal castro meghan berkeley chloe berit erika kanika wyatt nichole sophia grace blue angela shah ashley ritter persson walsh ohio sarina rabie ian clark james golden hanafi parham juliann daniel caroline winston lillian andrew robbie ravi krishnan hari lewis alvin yip srinivasan rob chris sriram zhou lo gregory george aidan scott wu gobears misyutina martinez noor evan umar curry massachusetts louie kevin ruhi eshaan annie steven franco eric ellen roshan lin deven jarrett tamara lewke sunny amanda liang shen bloch garcia lebron emily sun ishaan rosen danyal winifred woolf Soda
49
woolf woolf
winifred winifred
danyal danyal
rosen rosen
garcia garcia
shen shen
amanda amanda
sunny sunny
lewke lewke
tamara tamara
jarrett jarrett
roshan roshan
annie annie
eshaan eshaan
ruhi ruhi
kevin kevin
massachusetts massachusetts
noor noor
martinez martinez
aidan aidan
lo lo
sriram sriram
rob rob
yip yip
alvin alvin
krishnan krishnan
andrew andrew
caroline caroline
daniel daniel
juliann juliann
golden golden
ian ian
rabie rabie
sarina sarina
walsh walsh
ritter ritter
ashley ashley
shah shah
grace grace
berit berit
chloe chloe
meghan meghan
castro castro
singhal singhal
connor connor
djajadi djajadi
vilaythong vilaythong
davis davis
garbers garbers patagonia
