Soda lindsey blue rob portnoff ian daniel castro chase george angela nancy vikram melissa meghan krista kanika umar pratibha jacob sam grace hsu ishaan shah gibson adele wong maniku hubert irene sun garbers yash srivastava xavier quiterio yu sahai chung noor tsai du ritter berkeley ruhi chris kevin shahroz evan wang danyal sophia jarrett subbaraj vilaythong angelis saurav singhal wu colby nacouzi jifu lin pabreja misyutina agarwal tan krishnan guan scott bears mack nair tamara sarina cal harim margaret lillian hanafi bloch srinivasan zhifei sriram louie barth erika annie irvin jade walsh robbie xin weaver tyler andrew avery woolf martinez lewke william nichole ohio hanlon franco youmna soman zou katherine oscar celine lo charles lewis brady rosen alvin doshi chloe sunny parham brett devesh netzke rao yen ananya rabie curry james roshan wyatt winston singorahardjo hari ronald emily garcia greg aidan winifred ellen nguyen lee shen rebecca jia clark massachusetts yanay caroline ashley berit gregory rouzbahani patagonia logan juliann king zhou olivia hayakawa ravi aanika ani ahluwalia achacoso sathvik lebron yip alan kaur burns chandran eric djajadi amanda mittal chen anna gobears tran steven luo adhikiari vaibhav syu inderpal lucy persson jennifer liang deven eshaan connor eshaan deven liang jennifer persson lucy inderpal syu vaibhav adhikiari luo steven tran gobears anna chen mittal amanda djajadi eric chandran burns kaur alan yip lebron sathvik achacoso ahluwalia ani aanika ravi hayakawa olivia zhou king juliann logan patagonia rouzbahani gregory berit ashley caroline yanay massachusetts clark jia rebecca shen lee nguyen ellen winifred aidan greg garcia emily ronald hari singorahardjo winston wyatt roshan james curry rabie ananya yen rao netzke devesh brett parham sunny chloe doshi alvin rosen brady lewis charles lo celine oscar katherine zou soman youmna franco hanlon ohio nichole william lewke martinez woolf avery andrew tyler weaver xin robbie walsh jade irvin annie erika barth louie sriram zhifei srinivasan bloch hanafi lillian margaret harim cal sarina tamara nair mack bears scott guan krishnan tan agarwal misyutina pabreja lin jifu nacouzi colby wu singhal saurav angelis vilaythong subbaraj jarrett sophia danyal wang evan shahroz kevin chris ruhi berkeley ritter du tsai noor chung sahai yu quiterio xavier srivastava yash garbers sun irene hubert maniku wong adele gibson shah ishaan hsu grace sam jacob pratibha umar kanika krista meghan melissa vikram nancy angela george chase castro daniel ian portnoff rob blue lindsey Soda
99
Soda li
lindsey lindsey
rob rob
daniel daniel
chase chase
george george
vikram vikram
melissa melissa
krista krista
kanika kanika
umar umar
jacob jacob
grace grace
ishaan ishaan
shah shah
wong wong
maniku maniku
sun sun
srivastava srivastava
chung chung
du du
ritter ritter
ruhi ruhi
kevin kevin
evan evan
danyal danyal
sophia sophia
subbaraj subbaraj
vilaythong vilaythong
angelis angelis
saurav saurav
singhal singhal
wu wu
krishnan krishnan
scott scott
bears bears
mack mack
cal cal
srinivasan srinivasan
zhifei zhifei
barth barth
erika erika
annie annie
xin xin
weaver weaver
tyler tyler
andrew andrew
lewke lewke
william william
nichole nichole
ohio ohio
hanlon hanlon
franco franco
soman soman
zou zou
oscar oscar
celine celine
charles charles
alvin alvin
doshi doshi
chloe chloe
sunny sunny
parham parham
brett brett
devesh devesh
wyatt wyatt
singorahardjo singorahardjo
hari hari
emily emily
greg greg
winifred winifred
ellen ellen
massachusetts massachusetts
caroline caroline
ashley ashley
berit berit
gregory gregory
rouzbahani rouzbahani
patagonia patagonia
logan logan
king king
zhou zhou
olivia olivia
ravi ravi
aanika aanika
ani ani
ahluwalia ahluwalia
lebron lebron
yip yip
kaur kaur
djajadi djajadi
amanda amanda
mittal mittal
chen chen
gobears gobears
adhikiari adhikiari
liang liang
eshaan eshaan
connor connor maya
