loc48 loc50 loc37 loc2 loc99 loc30 loc17 loc30 loc99 loc2 loc86 loc8 loc70 loc21 loc20 loc16 loc5 loc44 loc5 loc16 loc20 loc14 loc80 loc14 loc0 loc76 loc36 loc24 loc72 loc12 loc60 loc7 loc60 loc12 loc72 loc24 loc36 loc76 loc6 loc33 loc55 loc3 loc55 loc33 loc6 loc76 loc0 loc52 loc38 loc52 loc35 loc52 loc0 loc47 loc0 loc39 loc25 loc92 loc98 loc92 loc25 loc39 loc0 loc14 loc20 loc13 loc68 loc13 loc20 loc21 loc70 loc8 loc86 loc2 loc37 loc50 loc48
31
loc48 loc61
loc2 loc69 loc93
loc17 loc17 loc26 loc64 loc75
loc86 loc43
loc70 loc94
loc21 loc21 loc31 loc28
loc20 loc20 loc73
loc16 loc23 loc91
loc5 loc5
loc44 loc44 loc81
loc80 loc80 loc88
loc0 loc0
loc36 loc11
loc24 loc24
loc72 loc72
loc12 loc12
loc60 loc60
loc7 loc7 loc27 loc96
loc6 loc6
loc33 loc71
loc55 loc55 loc90
loc3 loc3 loc63
loc52 loc52
loc38 loc34 loc89
loc35 loc35 loc9
loc47 loc47 loc40
loc25 loc25
loc92 loc92
loc98 loc98 loc19
loc13 loc45
loc68 loc68 loc4
