Jingzhou Fredericia Colachel Carouge Carmichael Carouge Kheri Veenendaal Ghugus Veenendaal Kheri Malnate BurgbeiMagdeburg Kabarnet Tabatinga MelitodiNapoli BeneBeraq MelitodiNapoli Tabatinga Kabarnet Sanaa Kabarnet BurgbeiMagdeburg Malnate Kheri Srinagar Kiruna Eregli Jinotega Eregli Kiruna Srinagar Kheri Carouge Depok Carouge Colachel Rembangan Thamaga Rembangan Colachel AbualMatamir Bodhan TanahMerah Wittenau Surkhpur Bejucal Xochimilco CiudaddelCarmen Chambly Khabarovsk Crespo Khabarovsk Chambly CiudaddelCarmen SanJosedeOcoa Ketrzyn Ouarzazat Frosinone Ronse AzZuwaytinah Ronse Frosinone Ouarzazat Ketrzyn SanJosedeOcoa CiudaddelCarmen Xochimilco Bejucal Surkhpur Wittenau TanahMerah Bodhan AbualMatamir Colachel Fredericia CoonRapids Fredericia Jingzhou
31
Colachel Colachel Ibri
Carouge Carouge
Carmichael Carmichael elCampello
Kheri Kheri
Veenendaal Veenendaal Shizunaifurukawacho
Ghugus Ghugus Manduria
Malnate Malnate Lysva Jeypore
BurgbeiMagdeburg BurgbeiMagdeburg
Kabarnet Kabarnet
Tabatinga Tabatinga
BeneBeraq BeneBeraq Gangtok
Sanaa Sanaa Sarzedo JabalosSaraj
Srinagar Srinagar Entroncamento
Eregli Kirovsk
Jinotega LondonderryCountyBor FortLauderdale
Depok Depok Shively
Rembangan Rembangan
Thamaga Thamaga Tottori
AbualMatamir Ermelo SaintMichael
TanahMerah TanahMerah
Bejucal Bejucal
CiudaddelCarmen Chittaranjan
Khabarovsk Khabarovsk Chegem
Crespo Crespo Rangae
SanJosedeOcoa SanJosedeOcoa
Ketrzyn Ketrzyn Shumen
Ouarzazat Ouarzazat
Frosinone Radnor
Ronse Ronse
AzZuwaytinah AzZuwaytinah RioFormoso
CoonRapids CoonRapids Sagalo
