LesLilas Nahorkatiya Skelmersdale Licata Mondlo Botad Kineshma SpanishTown Lloydminster Khulm Anjarah Khulm Lloydminster SpanishTown Kineshma Botad NorthAurora Protaras Bourgoin Kambove CerroAzul Aringay CerroAzul Kambove Bourgoin Malpe Itororo Shchekino Itororo Malpe Shieli Malpe Bourgoin ElCentro Marchena Shobara Marchena ElCentro Pozzuoli ElCentro Bourgoin GongdanglegiKulon Sobue Mandan Pezinok Belalcazar Pezinok Mandan NahiyatashShinafiyah Nangi Lembang Acireale Banting GuaMusang Andrychow Magdeburg Haora Magdeburg Andrychow SanJuandelaMaguana Andrychow GuaMusang Banting Acireale Baramula Acireale Lembang Nangi NahiyatashShinafiyah Gorgan Shimofurano Gorgan Manacapuru Gorgan NahiyatashShinafiyah Mandan Sobue Johnston Wenchi Hangu Daokou Hangu Wenchi Johnston Sobue GongdanglegiKulon Bury GongdanglegiKulon Bourgoin EastLongmeadow Scottsdale FetestiGara Scottsdale EastLongmeadow Bourgoin Protaras HaciendaLaCalera Protaras NorthAurora Aracuai NorthAurora Botad Mondlo Grajau Cherkasy Escada Mauban Akcaabat Mauban Escada Ipil Escada Tias Balachor Ibirataia SouthSaintPaul Djelfa Rivas Djelfa SouthSaintPaul Ibirataia Balachor Tias Escada Cherkasy Grajau Mondlo Licata Skelmersdale BlueIsland Skelmersdale Geiro Skelmersdale FortWorth Skelmersdale Nahorkatiya TagbilaranCity Nahorkatiya LesLilas
55
Skelmersdale Skelmersdale Tabou Prostejov
Licata MonteAlegre Battambang Rhondda
Mondlo AinArnat
Kineshma Kineshma
SpanishTown SpanishTown
Lloydminster Lloydminster
Khulm Khulm SenadorPompeu
Anjarah Anjarah Nagar
Bourgoin Morwa
Kambove Kambove
CerroAzul Mabopane
Aringay Kaifeng AshtonunderLyne
Malpe Wangon
Itororo Itororo Ortaca
Shchekino Shchekino Espiye
Shieli Shieli Yafo
Marchena Garbsen
Shobara Izhevsk MadinatHamad
Pozzuoli Pozzuoli Haripur
GongdanglegiKulon VillaPauladeSarmient
Sobue Sobue
Mandan Butuan
Pezinok Pezinok
Belalcazar Belalcazar Oerlinghausen
NahiyatashShinafiyah NahiyatashShinafiyah
Acireale Acireale Ontinyent
GuaMusang GuaMusang
Andrychow Andrychow Turek
Haora Haora SaintCyrlEcole
SanJuandelaMaguana SanJuandelaMaguana NoblePark Gunzenhausen
Baramula Baramula Fuxin Sorada
Gorgan Gorgan
Shimofurano Shimofurano Arzamas
Manacapuru Manacapuru Shurugwi
Johnston Johnston Kairouan
Wenchi Wenchi
Hangu Hangu
Daokou Daokou Sosnovka
Bury Bury PriegodeCordoba Braila
EastLongmeadow EastLongmeadow Mocoa Gowurdak
FetestiGara FetestiGara Embu PortoVelho
HaciendaLaCalera HaciendaLaCalera KotRadhaKishan
Aracuai Aracuai Vyazniki AinBessem
Escada Escada
Mauban WestIslip
Akcaabat Akcaabat Acarau
Ipil SenaMadureira Vaniyambadi Korsakov
Tias SantanadoLivramento
Ibirataia Ibirataia
SouthSaintPaul SouthSaintPaul Kemise Angleton
Rivas Rivas Twante
BlueIsland BlueIsland MineralnyeVody Kotka ChalcodeDiazCovarrub
Geiro Zhaodong CapimGrosso
FortWorth FortWorth Langenhorn
TagbilaranCity TagbilaranCity Hirosaki
