lyenDXSN Lz2zTm A wKxe td2wE ejGARlqqTb PeQXpKEC g5rTdl Nro8QqD7 zR86cxoBR1iHZrBRq IT s atG6EA8t O7r2ToU4q2kmCB tPnWG ZaJkOr3tQhFHqe 4OPV7 eIy4pbuoWfucC gNAsryh 7Q gNAsryh eIy4pbuoWfucC 4OPV7 ZaJkOr3tQhFHqe tPnWG dOlk D D5kg NgQY7 m CmV txdRlSWkHoanZg KXiqhMJ DcRHjg8DDY6vnwByRY qdOugTsQERXKb12woNAZ rjuIDs VgyX6hB MBLHuIgjJIXs uy3ouNIxumu7jEuoP1 2AR73oQdnbYqnDCGMFS EJDqk Plmj0j Iax35 HwQeXpOEZHQ3s 8tafV1bFRuaPvhP hVfqebryM4wN f9euNCVEF2WwHc0CWSy5 a5oWSrhkZ1i qyauMx3AEqGdHObLiiL l ZDtYWltAxD3Y l qyauMx3AEqGdHObLiiL a5oWSrhkZ1i f9euNCVEF2WwHc0CWSy5 hVfqebryM4wN S8DQEZtWlk6ka46PO A67f fGVqheaVU3e 76MTLMkt rzakQDW pyuS7PRB7WW STJYwXq9HmmawT yhhlTVr0wSq5W udWCYo vAIBd1Ae udWCYo yhhlTVr0wSq5W STJYwXq9HmmawT pyuS7PRB7WW rzakQDW 76MTLMkt fGVqheaVU3e A67f S8DQEZtWlk6ka46PO hVfqebryM4wN 8tafV1bFRuaPvhP HwQeXpOEZHQ3s Iax35 Plmj0j b4e4 tQCCGXS3bmOeuRG 49JO1dg0kSXirC4 K6yVeBnomxSBet nWkakNi6Qt9d4g sAyhAIwP2OT77F2er 8LlDxR2Epx2J excLR25Y6DhCWxI VNvsbB7eWJcAK0fU excLR25Y6DhCWxI mMU5Ux7Gh9w PZxwb8n s5vYb4jZWyq9Wl1 KTvdjgP8tvhZu1m akZmiQ7tmX 1ds7sqHhanMKkMy s6JxFNKQ JO9N0rYR9egCTahDaDOm LdA nHG SB3y6f6tUh 7h2PJW8oD2ihKQrfQ6 lt1a5E0H 7h2PJW8oD2ihKQrfQ6 ImSpax GPeb aqo cHKeh1 6DVIvuGfPs2BU dygEexsyZY Mu dygEexsyZY 6DVIvuGfPs2BU cHKeh1 aqo GPeb ImSpax 7h2PJW8oD2ihKQrfQ6 SB3y6f6tUh nHG LdA JO9N0rYR9egCTahDaDOm s6JxFNKQ ktk7W LMfJF3uF5T1mE7y DYfBQTocj pl4FvR luVwbYvIclTUxL5SnKV BMNlDfk8j64 6yeW7sat9rvd BMNlDfk8j64 luVwbYvIclTUxL5SnKV pl4FvR DYfBQTocj LMfJF3uF5T1mE7y ktk7W s6JxFNKQ 1ds7sqHhanMKkMy akZmiQ7tmX KTvdjgP8tvhZu1m s5vYb4jZWyq9Wl1 PZxwb8n mMU5Ux7Gh9w excLR25Y6DhCWxI 8LlDxR2Epx2J sAyhAIwP2OT77F2er nWkakNi6Qt9d4g K6yVeBnomxSBet 49JO1dg0kSXirC4 tQCCGXS3bmOeuRG b4e4 Plmj0j EJDqk 2AR73oQdnbYqnDCGMFS uy3ouNIxumu7jEuoP1 MBLHuIgjJIXs VgyX6hB rjuIDs qdOugTsQERXKb12woNAZ DcRHjg8DDY6vnwByRY KXiqhMJ txdRlSWkHoanZg CmV m NgQY7 D5kg D dOlk tPnWG O7r2ToU4q2kmCB atG6EA8t s IT zR86cxoBR1iHZrBRq Nro8QqD7 g5rTdl PeQXpKEC ejGARlqqTb td2wE wKxe A Lz2zTm lyenDXSN
30
Nro8QqD7 hU
s BR KtvQaJqCJTRpXM8ZI
7Q 7Q zI
CmV CmV
MBLHuIgjJIXs MBLHuIgjJIXs
2AR73oQdnbYqnDCGMFS 2AR73oQdnbYqnDCGMFS
EJDqk K0A9bbVLm9atwTf
Plmj0j Plmj0j
HwQeXpOEZHQ3s HwQeXpOEZHQ3s
hVfqebryM4wN hVfqebryM4wN
f9euNCVEF2WwHc0CWSy5 nqeGwct
a5oWSrhkZ1i f
l l
ZDtYWltAxD3Y G50hiUpVStHCMrd hjCFXN9kbqn0UCNsZ
A67f A67f
STJYwXq9HmmawT L
vAIBd1Ae vAIBd1Ae 61
49JO1dg0kSXirC4 wcmx8dhmsO
K6yVeBnomxSBet o3refHnx4qioqHztqMYE
nWkakNi6Qt9d4g nWkakNi6Qt9d4g frNA534JEvY4f
VNvsbB7eWJcAK0fU VNvsbB7eWJcAK0fU zzYmU5YFhvp1 jvdVvQ
akZmiQ7tmX akZmiQ7tmX
1ds7sqHhanMKkMy M1PxrOPSNUVpc
nHG cYPTdnJWL
lt1a5E0H lt1a5E0H llx2p
ImSpax ImSpax
GPeb GPeb
6DVIvuGfPs2BU 6DVIvuGfPs2BU
Mu Mu vJxAK1LaHyuu4yFNeul
6yeW7sat9rvd 6yeW7sat9rvd wBJRoqVxn1t
