6a5e7697411b4a5f9bee 0f061ec7b93e40a5b96a 587de4c09b3b4117bf1b d8c441caf295405aaf52 587de4c09b3b4117bf1b 0f061ec7b93e40a5b96a 6a5e7697411b4a5f9bee 9413e484b07844a0b2a5 c83df3fc7ad7453da3a8 6e67d80aec8b4fc0a0f4 53c9cb5cf7384868ac19 0fd1133f6c554bf58899 eb4662fb37074da1ac15 aa15be66f1c1428f84aa e52407732f114aa1a1dd d836b3a637a647759376 eb69bfc02d474eb3a982 268fc1cec41445e9ae4c d231535a16d747168db6 ce0b9987a99a4073beab ccd6cde772ea4eb0939d dd3e1bad39dd43908b4e 21a28b0b88954f7aa582 9c906b337e8b4f708f0e eda12a5063b14342827b cc5f406e2dcd46bebe75 6c5164d75c654b6e9e3b bbb11a04c8a343348a26 a517a99fa3bb48a69b2a 72c52cfc431e4b0b82bd ab6a4a3d324a4e118998 a11604bab4bc49008828 6c8fdc64a38545c8997a 65b7af53d28f4262bf8f 9a007b07478f49ea8ad1 2ce2b2e6256542928a0d 9a007b07478f49ea8ad1 65b7af53d28f4262bf8f 6c8fdc64a38545c8997a a11604bab4bc49008828 ab6a4a3d324a4e118998 72c52cfc431e4b0b82bd a517a99fa3bb48a69b2a bbb11a04c8a343348a26 6c5164d75c654b6e9e3b cc5f406e2dcd46bebe75 eda12a5063b14342827b 9c906b337e8b4f708f0e a0c4fb99291e488f872a bd02ba8637cd4d18b24e 0584f8431be341e5ab2e bd02ba8637cd4d18b24e a0c4fb99291e488f872a 9c906b337e8b4f708f0e dec6cbdb369c4efca414 2eaf4a8f5c2a47b18f2a dec6cbdb369c4efca414 9c906b337e8b4f708f0e 21a28b0b88954f7aa582 dd3e1bad39dd43908b4e ccd6cde772ea4eb0939d ab30581bda5a4746a1ab 7c1bf490928b4ce8968f b5755c64ca7a4efd9c08 f451d0f96c4e44e5a7a2 6e595bd5dd23413fa0e3 79e28a889fa348f89be3 709a665a9f9b412ea230 863d51b71d174e18a8b2 cfd801acdfd6452696dd 4da00804134d4fc9a85c c576aa1a65a847f98480 c0dbf396a3c644f697c5 821d08dd9ba24bb68d87 4d6e33ce0fc84c6ea69d 950cb52e3a1446d9af98 4d6e33ce0fc84c6ea69d 821d08dd9ba24bb68d87 c0dbf396a3c644f697c5 55e89cf4bac74541ba85 1a7f1983167648c5aa97 d78d78f0d6974731a39a 7d82ff1b75504dd99230 94e0719061a446db8f0d e0cb3963860e4d049310 7c65eef332d54dcba793 0b24d415cd09478386e1 d8981e847a1946839e08 0b24d415cd09478386e1 7c65eef332d54dcba793 e0cb3963860e4d049310 94e0719061a446db8f0d 7d82ff1b75504dd99230 d78d78f0d6974731a39a 1a7f1983167648c5aa97 147f1c04198d4b1aa9eb b948a6a686f640e0a856 8da678d0b2344c54a366 00ab75eeae43479b93a1 aa3f52c94cbd4a128bbb 00ab75eeae43479b93a1 8da678d0b2344c54a366 b948a6a686f640e0a856 147f1c04198d4b1aa9eb 1a7f1983167648c5aa97 55e89cf4bac74541ba85 c0dbf396a3c644f697c5 c576aa1a65a847f98480 4da00804134d4fc9a85c cfd801acdfd6452696dd ec71cd3332104923a6b2 d40f6eaafcf0402eb0d7 c682747afcc14c9292f2 ee56330e23f14c33af6b 03b01369da244ae890f3 5c8da1e70e304c18a2e4 e42a313b3fc84870ab92 5c8da1e70e304c18a2e4 03b01369da244ae890f3 ee56330e23f14c33af6b c682747afcc14c9292f2 d40f6eaafcf0402eb0d7 ec71cd3332104923a6b2 cfd801acdfd6452696dd 863d51b71d174e18a8b2 709a665a9f9b412ea230 79e28a889fa348f89be3 a72944b166b948ed8afb 79e28a889fa348f89be3 6e595bd5dd23413fa0e3 f451d0f96c4e44e5a7a2 b5755c64ca7a4efd9c08 7c1bf490928b4ce8968f ab30581bda5a4746a1ab ccd6cde772ea4eb0939d ce0b9987a99a4073beab d231535a16d747168db6 268fc1cec41445e9ae4c eb69bfc02d474eb3a982 d836b3a637a647759376 e52407732f114aa1a1dd aa15be66f1c1428f84aa eb4662fb37074da1ac15 0fd1133f6c554bf58899 53c9cb5cf7384868ac19 6e67d80aec8b4fc0a0f4 c83df3fc7ad7453da3a8 f4f0866d5e97488aa802 c83df3fc7ad7453da3a8 9413e484b07844a0b2a5 6a5e7697411b4a5f9bee
37
d8c441caf295405aaf52 d8c441caf295405aaf52 c1b06ccaa4874b00a961
9413e484b07844a0b2a5 68b5e6aea12140d2bb26
c83df3fc7ad7453da3a8 e73af41069ed4943a52c
6e67d80aec8b4fc0a0f4 6e67d80aec8b4fc0a0f4
eb69bfc02d474eb3a982 e3697cd0e4bb4631b60b
268fc1cec41445e9ae4c 268fc1cec41445e9ae4c
ce0b9987a99a4073beab ce0b9987a99a4073beab
9c906b337e8b4f708f0e 1733e0b32fcb468e9db5
eda12a5063b14342827b 4aadb3216b4343adbebd
cc5f406e2dcd46bebe75 cc5f406e2dcd46bebe75 3b86319574304aac82c1
6c5164d75c654b6e9e3b 6c5164d75c654b6e9e3b
bbb11a04c8a343348a26 bbb11a04c8a343348a26
ab6a4a3d324a4e118998 ab6a4a3d324a4e118998
9a007b07478f49ea8ad1 9a007b07478f49ea8ad1
2ce2b2e6256542928a0d dcee8e551d34480d82e2 5042f23712404074ac94 008aafd1b0ec4150aacc
0584f8431be341e5ab2e 4e25f87635bb4843b59f 6ea877c3766c4669a150
2eaf4a8f5c2a47b18f2a ced33625aef44e049e40 4fd54063e8fe4e6591e3
f451d0f96c4e44e5a7a2 f451d0f96c4e44e5a7a2
863d51b71d174e18a8b2 863d51b71d174e18a8b2
4da00804134d4fc9a85c 4da00804134d4fc9a85c
c0dbf396a3c644f697c5 113cbb314b8c423e99ac
4d6e33ce0fc84c6ea69d 365700b51db445e3a31a
950cb52e3a1446d9af98 950cb52e3a1446d9af98 e9189c39d6f9459fb82b
d78d78f0d6974731a39a 728908ec3cef4db29934
94e0719061a446db8f0d 12424155e29a4ad09224
e0cb3963860e4d049310 e0cb3963860e4d049310
0b24d415cd09478386e1 bc0a76f3195549949d49
d8981e847a1946839e08 d8981e847a1946839e08 a1480b86aa6b4e8ab46b ac82fe0455c04a6fbc21
8da678d0b2344c54a366 5a90ec8096c2423fb598
00ab75eeae43479b93a1 00ab75eeae43479b93a1
aa3f52c94cbd4a128bbb 95119be28c194159a1ee a5e69939e9704f81a60e
ee56330e23f14c33af6b e0d6bb0c69d74ec5a7c2
03b01369da244ae890f3 3f86be020a0e43e4b1ff
5c8da1e70e304c18a2e4 5c8da1e70e304c18a2e4
e42a313b3fc84870ab92 7a06c0a05152448791da ebbbcdcdb3554877aeb0
a72944b166b948ed8afb a72944b166b948ed8afb f911fa4d522a4357aa0b
f4f0866d5e97488aa802 f4f0866d5e97488aa802 87ecc0a3a59f407c9b3d
