0 80 19 58 84 68 85 77 35 43 48 31 75 69 53 49 56 49 53 69 75 31 29 31 48 43 35 12 28 55 86 30 87 30 86 55 28 12 35 77 85 68 63 57 62 41 62 57 60 6 60 57 63 68 84 58 19 80 0 13 65 67 46 8 2 4 52 89 52 4 45 39 45 20 18 20 45 4 2 8 46 67 65 13 1 13 0
33
0 97
58 58
84 84
68 68 82
77 77
35 35
43 43
31 31
75 75
69 69
53 53 25
56 56 15
29 29 51
12 12
28 21 88
55 36
86 94
30 54
87 87 91
62 62
41 37 95
60 83 93
6 6 40
13 44
65 65
67 67
46 46 99
8 8 16
89 89 90
45 71
39 39 32
18 9 33
1 14 50 72 81
