2 60 49 94 82 66 12 73 93 41 7 41 93 73 12 53 86 95 23 36 32 4 25 6 62 11 79 21 79 11 62 6 25 4 32 36 23 95 86 53 12 66 82 94 49 60 33 60 2 56 61 56 17 29 67 92 64 58 55 74 81 80 91 71 77 83 28 46 88 1 84 100 96 97 96 57 59 57 96 100 84 1 88 46 28 43 9 51 10 31 10 51 9 44 99 44 9 43 28 83 77 71 91 80 81 74 55 58 64 92 67 29 17 56 2
37
2 37
49 49
73 73
93 93 35
41 41
7 7 19
53 53 45
95 95
23 23
25 25
11 11
79 79
21 21 15
33 33 69
56 87
61 61 27
17 17
29 29
67 67
92 75
64 5 65
55 55
81 81
91 91
71 71 63
77 77 13
83 83
28 47
1 1
97 97 89
57 57
59 59 39
43 43
9 9
51 51
31 31 85
99 99 3
