2 9 179 49 68 31 181 91 181 31 93 66 189 45 121 45 189 66 56 184 50 158 86 174 37 142 193 144 80 4 72 4 80 144 193 142 37 174 86 158 50 184 56 66 93 31 68 16 14 35 63 75 63 36 88 115 88 109 175 178 165 26 119 194 34 194 119 26 165 178 175 87 124 123 101 33 97 135 113 195 113 94 160 145 103 42 111 133 154 155 154 129 185 25 185 3 47 3 185 129 154 133 137 28 13 147 1 77 1 147 13 28 137 133 111 42 58 42 103 145 160 94 134 138 60 41 164 83 21 157 21 83 164 41 60 138 134 94 113 135 97 33 55 33 101 123 124 87 106 6 7 99 105 10 39 95 39 10 105 99 7 6 106 87 175 109 88 36 63 35 27 131 27 76 161 76 27 35 14 16 11 16 68 49 179 9 2
70
9 9
179 179
49 49 73
31 31
181 181 169
91 91 65
93 93
189 189
45 45
121 121 53
158 153
37 37
142 143
193 193
144 149
4 127 177
72 81 125
35 35
63 63
75 75 57
36 141
115 115 183
109 109 59
175 175
165 165
119 119
34 117 67
87 87
123 123
101 101
33 33
97 97
135 135 69
113 113
195 195 71
160 43
145 145
103 103 61
42 191
111 111 85
133 133
154 159
155 155 5
129 129
185 185
25 25 173
3 3
47 47 107
137 137
13 13
147 147
1 1 51
77 77 23 187
58 89 163
41 41
164 197
83 83
21 21 167
157 157 79
55 55 19
7 7 151
99 99
105 105
10 171
39 39
95 95 15
27 27 199
131 131 17
161 161 29
11 11 139
