0 198 197 196 191 192 186 181 176 171 166 167 161 164 161 162 156 151 146 141 136 131 126 130 126 127 121 116 111 112 106 101 105 101 103 101 96 91 94 91 92 91 96 101 106 112 111 116 121 127 126 131 136 141 146 151 156 162 161 167 166 171 176 181 186 192 191 196 197 198 0 1 6 11 16 21 26 32 33 31 37 36 42 43 41 46 51 57 58 56 61 66 71 76 81 76 71 66 61 56 59 56 58 57 51 53 51 46 41 43 42 36 37 31 35 31 33 32 26 29 26 21 25 21 16 11 12 11 6 1 0
52
191 193 195
192 192
186 187 189
181 183 184 185
176 179 180
171 173
166 169 170
164 164 165
162 162 163
156 159
151 152 153 155
146 149
141 142 143 144 145
136 137 138 139 140
131 135
130 130 129
127 127 128
121 122
116 118
111 113 114
112 112
106 107 108 109
105 105 104
103 103 102
96 97 98 99 100
94 94 95
92 90 93
1 3
6 7
11 14
16 17 19
21 22
26 27
32 32
33 33
37 38
36 39
42 42
41 44
46 47 48
58 58
61 62 63 64 65
66 68 70
71 72 73 74 75
76 78 79 80
81 82 83 84 87
59 59 60
53 53 52
35 35 34
29 29 30
25 25 24
12 12 13
