BY5DUgv6 UQ4QaUHy H2BV5cDz bMSvK9eQ Rn4zxmTr Af1jBIly 2mQchaeu B0wYReom 6GJHoNdy 8e8OWOIi sR6JAufL 2og9s1wD xULc5Xg4 1aJdK4y9 K3J88UDV 6nj6dyOK gbolqDJc UfRMeyI7 mXjWiYol o1w8sSXK vVYZOPt6 kkvcm3Qd c9Hgvc9w q1vN3eei FPDwKJIj Ym8LPSnY 8KVhuJvd OpfVa1HT 0zB29H2A R4zDiMu3 ucMA0iSv Y93BYexY yYTqCbSD 7CrB3pCm tDh0gTYH xTHVuNZl yqX5KOVJ KuVHgP1J Pi99fmGL KJQpAqYk FSF4Na2U w3Radp7c ayFODfwg S9dNuWxm rGjz0gOd AMieum8U GVK6CciB NL9qZEp0 UmgiH1K9 iT0t8noc HXMHfRTC 9IHe97Yy 87yhsuRE HEJxX3gA xZfXXUDQ mjMe14fC 7IV7YjRX JMul31yq WlxPulQd 8ni5D4t7 WlxPulQd JMul31yq 7IV7YjRX mjMe14fC xZfXXUDQ HEJxX3gA 87yhsuRE 9IHe97Yy HXMHfRTC iT0t8noc UmgiH1K9 NL9qZEp0 GVK6CciB AMieum8U rGjz0gOd S9dNuWxm ayFODfwg w3Radp7c FSF4Na2U KJQpAqYk Pi99fmGL KuVHgP1J yqX5KOVJ xTHVuNZl tDh0gTYH 7CrB3pCm yYTqCbSD Y93BYexY ucMA0iSv R4zDiMu3 0zB29H2A OpfVa1HT 8KVhuJvd Ym8LPSnY FPDwKJIj q1vN3eei c9Hgvc9w kkvcm3Qd vVYZOPt6 o1w8sSXK mXjWiYol UfRMeyI7 gbolqDJc 6nj6dyOK K3J88UDV 1aJdK4y9 xULc5Xg4 2og9s1wD sR6JAufL 8e8OWOIi 6GJHoNdy B0wYReom 2mQchaeu Af1jBIly Rn4zxmTr bMSvK9eQ H2BV5cDz UQ4QaUHy BY5DUgv6 m0ciW6Mx nqvcEGpR QeSUIsQ1 xvUBVRdA QfsaQspW zSMh8yQJ a7ZQHfuF hc6YxxqG gd207oOq aqFtjHzO VfL5OK8y 2zGyaLBR LiP4S7ZQ EnviW6dj ytwiYcJl PvtbjzW6 T9nDSMXa rZiSDNtK aPSEsY2w E85AysUp Rv8rDvqp 1cr6aFpX PagRRYIg nKZTEeUl YLp2gziD 8tOszPqV H8eN9fj5 lvlSObqb H8eN9fj5 8tOszPqV YLp2gziD nKZTEeUl PagRRYIg 1cr6aFpX Rv8rDvqp E85AysUp aPSEsY2w rZiSDNtK T9nDSMXa PvtbjzW6 ytwiYcJl EnviW6dj LiP4S7ZQ 2zGyaLBR VfL5OK8y aqFtjHzO gd207oOq hc6YxxqG a7ZQHfuF zSMh8yQJ QfsaQspW xvUBVRdA QeSUIsQ1 nqvcEGpR m0ciW6Mx BY5DUgv6
48
H2BV5cDz H2BV5cDz
Af1jBIly Af1jBIly
2mQchaeu 2mQchaeu
B0wYReom B0wYReom
8e8OWOIi 8e8OWOIi
sR6JAufL sR6JAufL
xULc5Xg4 xULc5Xg4
1aJdK4y9 1aJdK4y9
K3J88UDV K3J88UDV
6nj6dyOK 6nj6dyOK
gbolqDJc gbolqDJc
UfRMeyI7 UfRMeyI7
mXjWiYol mXjWiYol
o1w8sSXK o1w8sSXK
c9Hgvc9w c9Hgvc9w
q1vN3eei q1vN3eei
FPDwKJIj FPDwKJIj
OpfVa1HT OpfVa1HT
0zB29H2A 0zB29H2A
R4zDiMu3 R4zDiMu3
ucMA0iSv ucMA0iSv
tDh0gTYH tDh0gTYH
xTHVuNZl xTHVuNZl
yqX5KOVJ yqX5KOVJ
ayFODfwg ayFODfwg
S9dNuWxm S9dNuWxm
rGjz0gOd rGjz0gOd
AMieum8U AMieum8U
NL9qZEp0 NL9qZEp0
UmgiH1K9 UmgiH1K9
iT0t8noc iT0t8noc
9IHe97Yy 9IHe97Yy
HEJxX3gA HEJxX3gA
7IV7YjRX 7IV7YjRX
JMul31yq JMul31yq
WlxPulQd WlxPulQd
8ni5D4t7 8ni5D4t7 g5YhtPSt
QeSUIsQ1 QeSUIsQ1
hc6YxxqG hc6YxxqG
gd207oOq gd207oOq
rZiSDNtK rZiSDNtK
aPSEsY2w aPSEsY2w
Rv8rDvqp Rv8rDvqp
1cr6aFpX 1cr6aFpX
PagRRYIg PagRRYIg
nKZTEeUl nKZTEeUl
8tOszPqV 8tOszPqV
lvlSObqb lvlSObqb CrvusN6e
