ZtfcEeD9 6MPulFAv nFqouQp3 rbWYBihd NBKhkccj oqraQ3aF yWlzbESz CIF8DWXL BkhTgoaJ W7b2i2pG PMzcqvQL IdGLl1to WvzZeqnS O5yBujnu v654W2Kr xI4hMIxA w0QWGw2L n0riP8Jl 0MyIUMFM KcGXxWyr u2ZI4Bp6 b850DFfF ciNFdHxl 9FVeC0va mSd4Nw6v 7Xy44hse YXHt7Frx T2a0VXcz CTlg3xsv VDai7XkI Pz0LLMil hBRDGWam 9OV097CE jc6bXCnq uMuBYvMK SdpsKJEm P0hOEoLv svPb07cv y7NjqOqM CBKWpDQv gX4kBNm4 JqKGA9ul AmaYXBsi NpH6Hpsr jKNn1ZQ1 WPOgjVLu bJ22zvWV yRH0nOtz 7P5zi9hu Tb8W969R yIRIspJJ UiMRtBop CGddIqkC aZcuESum 6dJ0UicP xkCjqYXa 1gtWVzKV nDVKj516 bUsapUoo aSd01nMZ 3L2NkWiR zpLQ0R0G RleTQaHw oECxPSEB dB8nWjnw eF0ueRyu qtXV58SN VqqukjeY ntaFp6yn 1FIjcsO2 uYGlfCi2 sFR9mcaG eFJgi8X6 8Rfeklr1 J2tz5Jy2 LvdUl8D5 d5gzYuse 97y3ut3B RGBDWX4o 8LVjFaQv ijk5cHsH 1dr1nBQ7 EJI0xPm2 sAdwIwgI OEs82oEQ NgGjr3Ik qnVestAH PLFYaVF6 FdbcCrtB GZiGmLq9 fa3ra0T7 Ah46Ofm8 SUGv8yIU REvLgkhf X4DALK1Z Rd2M5nw8 OJgw7XgR LDk8elYd 0JU2DOJU fURWpj00 itC9pvuP CczWZLd1 tHTE6eug n7VUygaC 2KepLMXB APMxsbBa d4U8kEOb 3MYamZSb cZyhnB0I 0PR6ikBf xRPgtW5C kTn5Wdms 80BwLCcj poaWnZDO FGbFUcoj MwmVLu2P xZQyzblz DA7bDRCs 6hjWynHN wusYsf5E U7cZo0h2 Zy3im4wi L5pBwvut c6ZWTltk 04vrMVdi Q6NMHx0B MeetuZNx FgxkC8N1 ZCQYXo7t 8avKqSxh eHAI1Emd miUcr0K7 4pgwpiHi CxnbNU8s eJJL3lWa YWqBlkAs 43ehQX6O zvH4AKmS gmal2HHS kMauNR5Y wZJN4OBT EAWv9kfQ mlHu9OVg aWGQETjI gKOyNQPh BOlNhFGU o4xf7nVd 62Mn9lau 12RjOKOH wd6UNY9N R2FCohpD EEVF7P1A ZS8CQaI7 lqKnzPvP RjDUex61 IZjIq9He xzWL2Pp8 B65DnegI iF2sCG7R h4MzKYRp aACN5TTZ EB4WBsTV ca785uLx mrK2EXuk ZmF2u9Cy WOCLylig iJuLSUhp tCAdUY4B JfDq1Cs2 m9MRh7a0 91Uq51QB 7czjmzr9 n7cwD1GE SG64DwCC NSdaWdL7 dzvtjag1 NSdaWdL7 SG64DwCC n7cwD1GE 7czjmzr9 91Uq51QB m9MRh7a0 JfDq1Cs2 tCAdUY4B iJuLSUhp WOCLylig ZmF2u9Cy mrK2EXuk ca785uLx EB4WBsTV aACN5TTZ h4MzKYRp iF2sCG7R B65DnegI xzWL2Pp8 IZjIq9He RjDUex61 lqKnzPvP ZS8CQaI7 EEVF7P1A R2FCohpD wd6UNY9N 12RjOKOH 62Mn9lau o4xf7nVd BOlNhFGU gKOyNQPh aWGQETjI mlHu9OVg EAWv9kfQ wZJN4OBT kMauNR5Y gmal2HHS zvH4AKmS 43ehQX6O YWqBlkAs eJJL3lWa CxnbNU8s 4pgwpiHi miUcr0K7 eHAI1Emd 8avKqSxh ZCQYXo7t FgxkC8N1 MeetuZNx Q6NMHx0B 04vrMVdi c6ZWTltk L5pBwvut Zy3im4wi U7cZo0h2 wusYsf5E 6hjWynHN DA7bDRCs xZQyzblz MwmVLu2P FGbFUcoj poaWnZDO 80BwLCcj kTn5Wdms xRPgtW5C 0PR6ikBf cZyhnB0I 3MYamZSb d4U8kEOb APMxsbBa 2KepLMXB n7VUygaC tHTE6eug CczWZLd1 itC9pvuP fURWpj00 0JU2DOJU LDk8elYd OJgw7XgR Rd2M5nw8 X4DALK1Z REvLgkhf SUGv8yIU Ah46Ofm8 fa3ra0T7 GZiGmLq9 FdbcCrtB PLFYaVF6 qnVestAH NgGjr3Ik OEs82oEQ sAdwIwgI EJI0xPm2 1dr1nBQ7 ijk5cHsH 8LVjFaQv RGBDWX4o 97y3ut3B d5gzYuse LvdUl8D5 J2tz5Jy2 8Rfeklr1 eFJgi8X6 sFR9mcaG uYGlfCi2 1FIjcsO2 ntaFp6yn VqqukjeY qtXV58SN eF0ueRyu dB8nWjnw oECxPSEB RleTQaHw zpLQ0R0G 3L2NkWiR aSd01nMZ bUsapUoo nDVKj516 1gtWVzKV xkCjqYXa 6dJ0UicP aZcuESum CGddIqkC UiMRtBop yIRIspJJ Tb8W969R 7P5zi9hu yRH0nOtz bJ22zvWV WPOgjVLu jKNn1ZQ1 NpH6Hpsr AmaYXBsi JqKGA9ul gX4kBNm4 CBKWpDQv y7NjqOqM svPb07cv P0hOEoLv SdpsKJEm uMuBYvMK jc6bXCnq 9OV097CE hBRDGWam Pz0LLMil VDai7XkI CTlg3xsv T2a0VXcz YXHt7Frx 7Xy44hse mSd4Nw6v 9FVeC0va ciNFdHxl b850DFfF u2ZI4Bp6 KcGXxWyr 0MyIUMFM n0riP8Jl w0QWGw2L xI4hMIxA v654W2Kr O5yBujnu WvzZeqnS IdGLl1to PMzcqvQL W7b2i2pG BkhTgoaJ CIF8DWXL yWlzbESz oqraQ3aF NBKhkccj rbWYBihd nFqouQp3 6MPulFAv ZtfcEeD9 lwKMUcFL lWuh5cH8 uEOMgmS6 7VEdC8Bn KZzTlcqA KbQF6Z1I VgwgAKMz FqE4GP0Y Wznv2rRv tKnzhLx5 pDb2VAD0 SqpsWXRw NvpMZWSs HTyyntxa yptfWPBC aDGqWHym 4FNIiWtX Fj27Gybu 4FNIiWtX aDGqWHym yptfWPBC HTyyntxa NvpMZWSs SqpsWXRw pDb2VAD0 tKnzhLx5 Wznv2rRv FqE4GP0Y VgwgAKMz KbQF6Z1I KZzTlcqA 7VEdC8Bn uEOMgmS6 lWuh5cH8 lwKMUcFL ZtfcEeD9
98
ZtfcEeD9 ZtfcEeD9
nFqouQp3 nFqouQp3
rbWYBihd rbWYBihd
CIF8DWXL CIF8DWXL
W7b2i2pG W7b2i2pG
PMzcqvQL PMzcqvQL
IdGLl1to IdGLl1to
O5yBujnu O5yBujnu
w0QWGw2L w0QWGw2L
0MyIUMFM 0MyIUMFM
ciNFdHxl ciNFdHxl
mSd4Nw6v mSd4Nw6v
7Xy44hse 7Xy44hse
Pz0LLMil Pz0LLMil
hBRDGWam hBRDGWam
uMuBYvMK uMuBYvMK
svPb07cv svPb07cv
y7NjqOqM y7NjqOqM
CBKWpDQv CBKWpDQv
gX4kBNm4 gX4kBNm4
AmaYXBsi AmaYXBsi
NpH6Hpsr NpH6Hpsr
jKNn1ZQ1 jKNn1ZQ1
bJ22zvWV bJ22zvWV
yRH0nOtz yRH0nOtz
7P5zi9hu 7P5zi9hu
Tb8W969R Tb8W969R
CGddIqkC CGddIqkC
1gtWVzKV 1gtWVzKV
aSd01nMZ aSd01nMZ
zpLQ0R0G zpLQ0R0G
RleTQaHw RleTQaHw
eF0ueRyu eF0ueRyu
ntaFp6yn ntaFp6yn
sFR9mcaG sFR9mcaG
eFJgi8X6 eFJgi8X6
8Rfeklr1 8Rfeklr1
J2tz5Jy2 J2tz5Jy2
LvdUl8D5 LvdUl8D5
d5gzYuse d5gzYuse
8LVjFaQv 8LVjFaQv
ijk5cHsH ijk5cHsH
1dr1nBQ7 1dr1nBQ7
qnVestAH qnVestAH
PLFYaVF6 PLFYaVF6
FdbcCrtB FdbcCrtB
fa3ra0T7 fa3ra0T7
X4DALK1Z X4DALK1Z
Rd2M5nw8 Rd2M5nw8
OJgw7XgR OJgw7XgR
2KepLMXB 2KepLMXB
3MYamZSb 3MYamZSb
xRPgtW5C xRPgtW5C
kTn5Wdms kTn5Wdms
poaWnZDO poaWnZDO
FGbFUcoj FGbFUcoj
wusYsf5E wusYsf5E
U7cZo0h2 U7cZo0h2
04vrMVdi 04vrMVdi
8avKqSxh 8avKqSxh
miUcr0K7 miUcr0K7
CxnbNU8s CxnbNU8s
YWqBlkAs YWqBlkAs
43ehQX6O 43ehQX6O
zvH4AKmS zvH4AKmS
kMauNR5Y kMauNR5Y
wZJN4OBT wZJN4OBT
EAWv9kfQ EAWv9kfQ
mlHu9OVg mlHu9OVg
aWGQETjI aWGQETjI
gKOyNQPh gKOyNQPh
BOlNhFGU BOlNhFGU
o4xf7nVd o4xf7nVd
62Mn9lau 62Mn9lau
ZS8CQaI7 ZS8CQaI7
lqKnzPvP lqKnzPvP
RjDUex61 RjDUex61
xzWL2Pp8 xzWL2Pp8
B65DnegI B65DnegI
EB4WBsTV EB4WBsTV
ca785uLx ca785uLx
mrK2EXuk mrK2EXuk
WOCLylig WOCLylig
tCAdUY4B tCAdUY4B
JfDq1Cs2 JfDq1Cs2
91Uq51QB 91Uq51QB
SG64DwCC SG64DwCC
NSdaWdL7 NSdaWdL7
dzvtjag1 dzvtjag1 Q7hUKAHQ
lWuh5cH8 lWuh5cH8
KZzTlcqA KZzTlcqA
VgwgAKMz VgwgAKMz
FqE4GP0Y FqE4GP0Y
Wznv2rRv Wznv2rRv
HTyyntxa HTyyntxa
yptfWPBC yptfWPBC
aDGqWHym aDGqWHym
Fj27Gybu Fj27Gybu TNblhkGK
