74 135 163 169 130 84 43 84 130 48 52 48 130 169 31 190 184 168 176 193 88 57 115 131 55 131 115 101 186 63 70 142 160 32 160 142 40 142 70 63 186 101 12 162 179 0 22 0 179 162 21 162 12 101 115 57 88 193 176 159 177 50 191 87 141 19 141 87 191 50 177 159 39 71 175 60 92 60 1 62 95 11 80 86 18 86 80 34 20 24 123 24 61 24 20 6 161 29 90 183 44 183 90 29 161 6 20 34 80 11 95 62 1 60 175 71 39 159 176 2 176 168 85 168 184 190 31 169 163 135 74
43
135 8
43 43 56
48 48
52 52 65
31 31 7
190 15 27
57 57
55 55 58
101 3
63 63
142 5
32 32 25
40 40 13
12 12
162 59
179 49 51
0 0
22 22 9
21 21 4 38
50 50
19 19 46
39 39
175 42
60 60 26
92 30 64
1 1
62 62 17
95 10
11 11
80 14
86 37 54
18 18 28
34 34 41
20 20
24 24
123 45 47
61 61 53
6 6
29 29
183 23
44 44 16
2 2 35
85 36 33
