93 18 94 18 62 70 174 143 165 143 160 89 49 118 161 175 73 2 95 33 109 36 131 38 92 74 129 74 92 38 131 36 9 69 141 69 79 54 47 91 110 128 116 82 151 82 63 82 116 128 110 91 47 78 72 134 103 171 144 170 64 12 100 53 100 12 19 12 64 170 144 171 41 22 56 22 41 171 103 159 103 134 72 78 47 54 79 69 9 68 21 119 86 23 152 57 132 104 10 101 8 169 8 101 10 104 132 57 152 23 86 119 21 68 9 36 109 33 95 2 73 175 161 118 49 117 164 87 11 99 14 126 98 107 97 176 147 176 97 107 24 4 24 107 98 126 14 99 11 87 164 117 49 89 160 143 77 113 75 113 77 143 174 70 62 18 93
60
18 18 157
94 46 80 138
62 62
70 70 146
174 174
143 143
165 165 43
89 168
49 49
161 161 137
175 81
73 73
2 2
95 95 61
109 109
36 36
131 131 115
38 38
74 74
129 129 27
141 141 125
79 79
47 47
91 91 40
110 110
128 84
116 116
82 82
151 151 52
63 63 163
72 72
171 171
170 170 108
64 64
53 53 39 177
19 19 154
56 56 34
159 51 122 140
119 119 1
86 86
23 111
57 57
132 67
104 124
101 101 172
169 169 20 105 155
117 117
87 87 136
11 66
99 99
14 14
126 65
98 98
176 176 90 121
147 147 26
24 24
4 4 76
77 77
113 102
75 75 130
