Dannemora Hamburg Hillburn Ghent Freeport Ghent Hillburn Hamburg Fleischmanns Fonda Hempstead Hewlett Fairview Geneva Fairview Hewlett Hempstead Fonda Fabius Mills Fishkill Mills Fabius Glenwood Haviland Highfalls Hicksville Herkimer Fayetteville Herkimer Hicksville Highfalls Haviland Fishers Haviland Glenwood Fabius Fonda Fleischmanns Hamburg Dannemora Fire Goshen Highland Farmingville Florida Deer Delanson Nyack Fulton Gardiner Hannibal Odessa Frewsburg Delhi Freeville Delhi Frewsburg Odessa Hannibal Gardiner Falconer Gardiner Fulton Dexter Germantown Galeville Delevan Galeville Germantown Delmar Germantown Deferiet Germantown Dexter Fulton Nyack Delanson Deer Florida Farmingville Highland Goshen Frankfort Goshen Fire Earlville Fire Dannemora
31
Hamburg DeRuyter Flower
Ghent Ghent Depauville
Freeport Freeport Fair
Fleischmanns Fleischmanns
Fonda Fonda
Fairview Fairview
Geneva Geneva Depew Fairport
Fabius Fabius
Fishkill Fishkill Davis
Haviland Franklin
Fayetteville Fayetteville Fredonia
Fishers Fishers Forest
Fire Fire
Farmingville Farmingville Friendship
Florida Florida
Deer Deer Forestville
Delanson Delanson
Fulton Fulton
Gardiner Gardiner
Frewsburg Frewsburg
Delhi Delhi
Freeville Freeville Farnham
Falconer Falconer Gasport
Dexter Dexter Fairmount Franklinville
Germantown Germantown
Galeville Galeville
Delevan Delevan Dansville
Delmar Delmar Deposit
Deferiet Deferiet Dunkirk
Frankfort Frankfort Flanders
Earlville Earlville Firthcliffe
