Acton Compton Farmington Dublin Arnold Firebaugh Ferndale Columbia Fortuna Diablo Brentwood Galt Burbank Arcadia Burbank Galt Brentwood Biola Brentwood Diablo Artesia Fallbrook Fairfax Chino Fairfax Fallbrook Carson Bishop Fruitdale Escondido Fruitdale Byron Fruitdale Bishop Brea Bishop Carson Fallbrook Artesia Diablo Fortuna Columbia Fillmore Cobb Barstow Cobb Fillmore Columbia Brawley Corning Brisbane Corning Brawley Alhambra Cambria Cayucos Cambria Alhambra Brawley Columbia Alpine Fontana Colusa Dinuba Banning Fresno August Clio Etna Copperopolis Etna Clio August Fresno Banning Alamo Banning Dinuba Colusa Covina Downey Cerritos Bluewater Cartago Covelo Farmersville Delhi Fremont Concow Carrick Alameda Berkeley Armona Berkeley Alameda Carrick Concow Fremont Delhi Farmersville Covelo Cartago Bluewater Cerritos Bell Alpaugh Escalon Calipatria Escalon Alpaugh Bell Cerritos Anderson Calexico Cromberg Cupertino Bloomington Ceres Bloomington Cupertino Cromberg Calexico Colfax Bayview Colfax Calexico Blairsden Calexico Anderson Cerritos Downey Covina Colusa Fontana Alpine Columbia Ferndale Firebaugh Cherryland Avery Georgetown Bellflower Carlsbad Bellflower Bolinas Angwin Atascadero Bonsall Clyde Boronda Buttonwillow Bystrom Anaheim Dunsmuir Calimesa Dunsmuir Anaheim Bystrom Buttonwillow Boronda Clyde Bonsall Atascadero Antioch Atascadero Angwin Bolinas Bellflower Georgetown Avery Chowchilla Avery Cherryland Firebaugh Arnold Campbell Coachella Calabasas Coachella Campbell Arnold Bradley Arnold Dublin Farmington Compton Acton
67
Compton Bowles
Arnold Arnold
Ferndale Ashland
Columbia Carpinteria
Fortuna Calwa
Diablo Arcata
Brentwood Brentwood
Burbank Burbank Camarillo
Arcadia Arcadia Belvedere
Biola Biola Arbuckle
Artesia Artesia
Fallbrook Bonita
Chino Bootjack Burney
Carson Carson
Bishop Bishop
Escondido Albany Atwater
Byron Byron Biggs Bradbury
Brea Brea Azusa
Barstow Barstow Capitola
Brawley Brawley
Brisbane Brisbane Belmont
Alhambra Alhambra Belden
Cambria Cambria Almanor
Cayucos Cayucos Arvin
Alpine Alpine
Colusa Adelanto
Banning Banning
August August Castroville Boron
Copperopolis Bakersfield Beaumont
Alamo Alamo Avalon
Covina Bodfish
Cerritos Cerritos Aptos
Bluewater Bluewater
Cartago Cartago
Covelo Altadena
Carrick Carrick
Alameda Alameda
Berkeley Berkeley
Armona Armona Blythe
Bell Bell
Alpaugh Alpaugh
Calipatria Calipatria Cabazon
Anderson Anderson
Calexico Calexico Alturas
Cupertino Auberry Carmichael
Bloomington Bloomington
Ceres Ceres Auburn
Bayview Bayview Burlingame
Blairsden Blairsden Atherton
Avery Avery
Bellflower Bellflower
Carlsbad Carlsbad Canyondam
Bolinas Bolinas
Angwin Angwin
Atascadero Atascadero
Bonsall Bonsall
Boronda Boronda Beckwourth
Buttonwillow Buttonwillow
Bystrom Bystrom
Anaheim Anaheim Calistoga
Calimesa Calimesa Aromas
Antioch Antioch Caribou
Chowchilla Avenal Benicia
Campbell Campbell
Coachella Amesti
Calabasas Calabasas Broadmoor
Bradley Bradley Caruthers
