Acadia Guadalupe Sequoia Wrangell Teddy Haleakala Shenandoah Clark Canyonlands Brycecanyon Isle Lassen Channel Lassen Isle Kenai Voyageurs Kenai Isle Brycecanyon Glacier Gunnison Glacier Brycecanyon Canyonlands Clark Badlands Crater Badlands Clark Shenandoah Haleakala Teddy Wrangell Sequoia Guadalupe Acadia Biscayne Rocky Caverns Congaree Everglades Congaree Caverns Rocky Biscayne Acadia
18
Acadia Capitol Tortugas
Guadalupe Guadalupe
Haleakala Haleakala
Canyonlands Canyonlands
Brycecanyon Brycecanyon
Isle Isle
Lassen Smoky
Channel Channel Cuyahoga Indiana
Kenai Teton
Voyageurs Bend Gateway
Glacier Glacier
Gunnison Gunnison Basin
Badlands Badlands
Crater Crater Arches
Biscayne Biscayne
Caverns Caverns
Congaree Congaree
Everglades Everglades Denali
