6 195 193 195 188 186 188 181 174 172 174 167 165 167 160 158 160 153 152 153 146 145 146 139 137 139 132 131 132 125 124 125 118 116 118 111 109 111 104 103 104 97 96 97 90 97 104 111 118 125 132 139 146 153 160 167 174 181 188 195 6 13 20 27 34 41 48 55 62 69 76 83 76 69 62 55 53 55 48 47 48 41 34 33 34 27 25 27 20 19 20 13 12 13 6
47
6 6 1 2
195 194
193 189 190
188 184
186 186 182
181 181 179 177
174 174
172 172 169
167 166
165 165 161
160 160
158 154 155
153 148
152 149 150
146 140
145 145 142
139 136
137 133 134
132 126
131 128 129
125 120
124 124 122
118 115
116 116 112
111 110
109 105 106
103 103 100 101
97 91
96 96 94
90 90 88 87
13 11
20 18
27 27
34 32
41 41 39 38
48 43
55 51
62 62 60 61
69 69 64 65
76 76 74 75
83 83 77 80
53 53 50
47 47 44
33 30 31
25 25 22
19 19 17
12 12 10
