58 48 38 28 18 19 29 19 18 8 7 17 27 37 47 57 67 77 78 88 78 77 67 57 47 37 27 17 16 6 5 4 14 24 34 44 54 64 54 44 34 24 14 15 25 35 45 55 65 55 45 35 36 46 56 66 76 66 56 46 36 35 25 15 14 4 3 13 23 33 23 13 3 2 12 22 32 42 52 62 72 62 52 53 63 53 52 42 32 22 12 2 1 0 10 20 30 40 50 60 70 60 50 40 30 20 10 11 21 11 10 0 1 2 3 4 5 6 16 17 7 8 18 28 38 48 58
33
19 19
29 29 39
7 7
77 87
78 78 79
88 88 99 98
5 5
4 4
44 44
64 64 94
45 45
55 55
65 65 95
36 36
76 76 86
3 3
33 33 43
12 12
22 22
32 32
42 42
52 52
72 72 83
63 63 73
0 0
10 10
30 30
40 40
50 50
60 61
70 70 90
11 11
21 21 31
