0 10 20 30 40 50 60 70 80 90 100 110 120 130 140 150 160 170 160 150 140 130 131 141 151 141 142 152 162 172 162 152 142 141 131 130 120 110 100 90 80 70 60 50 40 30 20 21 31 41 51 61 71 81 91 81 82 92 102 112 102 92 82 81 71 61 51 41 31 21 20 10 0 1 2 12 22 32 42 52 42 32 22 12 2 3 13 23 33 43 53 63 73 83 93 103 113 123 133 143 153 163 173 163 153 143 133 123 113 103 104 114 124 134 144 154 164 174 164 154 144 134 124 114 104 103 93 83 73 63 64 74 84 74 75 85 95 105 115 125 135 145 155 165 175 165 155 145 135 125 115 105 95 96 106 116 126 136 146 156 166 176 186 176 166 156 146 136 126 116 106 96 95 85 75 74 64 63 53 43 33 23 13 3 4 5 15 25 35 45 35 25 26 36 46 56 66 56 46 36 26 25 15 5 6 7 17 27 37 47 57 67 77 87 97 107 117 127 137 147 157 147 137 127 117 107 97 98 108 118 128 138 148 158 168 178 168 158 148 138 128 118 108 98 97 87 77 67 57 47 37 38 48 58 68 78 88 89 99 109 119 129 139 149 139 129 119 109 99 89 88 78 68 58 48 38 37 27 17 7 8 7 6 5 4 3 2 1 0
78
20 20
30 30
40 40
80 80
90 90
150 150
170 171 180
151 151 161
162 162
172 172 192
31 31
51 51
91 91 111
82 82
92 92
112 112 132
1 11
12 12
22 22
52 52 62
3 3
13 13
33 33
43 43
53 54
63 63
73 73
123 123
143 143
173 173 193
104 104
114 114
124 124
174 174 184
64 64
84 84 94
75 75
85 85
95 95
105 105
115 115
135 135
155 155
175 175 185
126 126
156 156
186 186 196
4 4 24
15 15
35 35
45 45 55
26 26
36 36
46 46
56 56
66 66 76
6 6
17 17
27 27
47 47
57 57
77 77
87 87
107 107
137 137
147 147
157 157 167
138 138
148 148
158 158
168 168
178 178 188
58 58
89 89
119 119
139 139
149 149 159
8 8 19 28
