Loc2 Loc36 Loc43 Loc36 Loc2 Loc5 Loc89 Loc41 Loc42 Loc74 Loc70 Loc54 Loc38 Loc40 Loc96 Loc87 Loc66 Loc99 Loc85 Loc12 Loc53 Loc44 Loc9 Loc98 Loc88 Loc94 Loc79 Loc50 Loc72 Loc78 Loc72 Loc50 Loc79 Loc35 Loc83 Loc86 Loc83 Loc35 Loc79 Loc94 Loc88 Loc25 Loc47 Loc39 Loc33 Loc26 Loc57 Loc58 Loc69 Loc55 Loc22 Loc55 Loc69 Loc58 Loc57 Loc26 Loc33 Loc1 Loc68 Loc37 Loc30 Loc84 Loc63 Loc73 Loc93 Loc21 Loc7 Loc0 Loc7 Loc21 Loc93 Loc73 Loc63 Loc84 Loc30 Loc37 Loc68 Loc1 Loc33 Loc39 Loc47 Loc25 Loc88 Loc98 Loc9 Loc44 Loc53 Loc12 Loc51 Loc18 Loc80 Loc20 Loc61 Loc20 Loc80 Loc18 Loc51 Loc12 Loc85 Loc99 Loc66 Loc87 Loc96 Loc40 Loc38 Loc54 Loc70 Loc74 Loc42 Loc41 Loc89 Loc5 Loc82 Loc5 Loc2
37
Loc36 Loc13 Loc27
Loc43 Loc43 Loc56
Loc41 Loc41
Loc74 Loc74
Loc70 Loc67
Loc54 Loc54
Loc40 Loc40
Loc87 Loc14
Loc66 Loc66
Loc99 Loc6 Loc19
Loc12 Loc3
Loc53 Loc53
Loc44 Loc11
Loc9 Loc9
Loc78 Loc17 Loc34
Loc35 Loc35
Loc83 Loc15 Loc91
Loc86 Loc86 Loc75
Loc47 Loc24
Loc39 Loc28
Loc33 Loc46
Loc26 Loc26
Loc57 Loc60 Loc92
Loc58 Loc58
Loc55 Loc71
Loc22 Loc22 Loc64
Loc1 Loc1
Loc73 Loc73
Loc93 Loc77
Loc21 Loc8
Loc7 Loc7
Loc0 Loc0 Loc48
Loc51 Loc10 Loc32 Loc45
Loc18 Loc4
Loc80 Loc80
Loc61 Loc16 Loc90
Loc82 Loc82 Loc52
