Loc1 Loc114 Loc10 Loc143 Loc10 Loc114 Loc1 Loc100 Loc156 Loc125 Loc157 Loc38 Loc152 Loc36 Loc113 Loc151 Loc59 Loc151 Loc113 Loc36 Loc152 Loc34 Loc88 Loc2 Loc49 Loc76 Loc131 Loc199 Loc14 Loc187 Loc182 Loc139 Loc15 Loc121 Loc195 Loc56 Loc188 Loc66 Loc134 Loc190 Loc138 Loc28 Loc176 Loc117 Loc193 Loc51 Loc102 Loc155 Loc102 Loc51 Loc193 Loc117 Loc176 Loc47 Loc168 Loc47 Loc176 Loc28 Loc138 Loc190 Loc134 Loc106 Loc70 Loc116 Loc65 Loc116 Loc70 Loc23 Loc70 Loc106 Loc134 Loc66 Loc188 Loc56 Loc165 Loc56 Loc195 Loc121 Loc15 Loc139 Loc182 Loc187 Loc14 Loc199 Loc131 Loc99 Loc120 Loc148 Loc60 Loc174 Loc118 Loc93 Loc8 Loc185 Loc133 Loc164 Loc82 Loc11 Loc126 Loc55 Loc191 Loc26 Loc145 Loc146 Loc145 Loc26 Loc191 Loc55 Loc126 Loc11 Loc82 Loc164 Loc133 Loc185 Loc8 Loc150 Loc183 Loc22 Loc3 Loc29 Loc167 Loc198 Loc96 Loc186 Loc79 Loc86 Loc178 Loc147 Loc130 Loc194 Loc94 Loc194 Loc130 Loc147 Loc178 Loc86 Loc79 Loc186 Loc96 Loc198 Loc80 Loc45 Loc80 Loc198 Loc167 Loc29 Loc3 Loc22 Loc183 Loc150 Loc153 Loc90 Loc43 Loc44 Loc197 Loc158 Loc197 Loc58 Loc161 Loc135 Loc98 Loc135 Loc75 Loc135 Loc161 Loc58 Loc197 Loc44 Loc43 Loc90 Loc153 Loc150 Loc8 Loc93 Loc118 Loc174 Loc60 Loc148 Loc120 Loc99 Loc131 Loc76 Loc49 Loc2 Loc88 Loc34 Loc152 Loc38 Loc157 Loc125 Loc68 Loc125 Loc156 Loc100 Loc1 Loc16 Loc42 Loc64 Loc48 Loc162 Loc17 Loc162 Loc48 Loc64 Loc42 Loc16 Loc1
71
Loc1 Loc30
Loc10 Loc67 Loc107 Loc137
Loc143 Loc143 Loc13
Loc100 Loc100
Loc156 Loc192
Loc157 Loc103
Loc38 Loc38
Loc36 Loc74
Loc113 Loc77
Loc151 Loc151
Loc59 Loc59 Loc123
Loc88 Loc18
Loc49 Loc46
Loc76 Loc76
Loc131 Loc7
Loc14 Loc14
Loc182 Loc182
Loc15 Loc15
Loc121 Loc5 Loc189
Loc195 Loc195
Loc56 Loc180
Loc188 Loc188
Loc190 Loc190
Loc176 Loc176
Loc193 Loc0
Loc51 Loc51
Loc155 Loc61 Loc109
Loc47 Loc31 Loc83 Loc163
Loc168 Loc168 Loc9
Loc106 Loc106
Loc70 Loc32 Loc124
Loc65 Loc65 Loc160
Loc23 Loc23 Loc95
Loc165 Loc19 Loc110 Loc177
Loc99 Loc99
Loc60 Loc60
Loc174 Loc101
Loc118 Loc118
Loc8 Loc8
Loc133 Loc133 Loc171
Loc11 Loc11
Loc126 Loc141
Loc55 Loc33
Loc191 Loc6 Loc159
Loc145 Loc145
Loc146 Loc25 Loc97 Loc175
Loc183 Loc183
Loc22 Loc53
Loc3 Loc3
Loc167 Loc167
Loc96 Loc96
Loc186 Loc122
Loc178 Loc27
Loc147 Loc147
Loc194 Loc91
Loc94 Loc94 Loc128
Loc45 Loc62 Loc170
Loc153 Loc153
Loc44 Loc44
Loc197 Loc197
Loc158 Loc20 Loc132 Loc140
Loc58 Loc129
Loc135 Loc149
Loc98 Loc50 Loc85
Loc75 Loc75 Loc111
Loc68 Loc39 Loc52
Loc16 Loc16
Loc64 Loc71
Loc48 Loc154 Loc172
Loc162 Loc37 Loc54 Loc144
Loc17 Loc17 Loc57
