Loc0 Loc43 Loc26 Loc7 Loc11 Loc20 Loc8 Loc6 Loc37 Loc40 Loc27 Loc19 Loc28 Loc13 Loc14 Loc24 Loc2 Loc24 Loc14 Loc13 Loc3 Loc22 Loc49 Loc36 Loc32 Loc36 Loc49 Loc35 Loc33 Loc45 Loc46 Loc25 Loc12 Loc39 Loc21 Loc39 Loc12 Loc25 Loc46 Loc45 Loc33 Loc35 Loc49 Loc22 Loc3 Loc13 Loc28 Loc19 Loc27 Loc40 Loc37 Loc6 Loc8 Loc20 Loc11 Loc7 Loc26 Loc43 Loc0
19
Loc0 Loc29
Loc7 Loc7
Loc20 Loc20
Loc8 Loc15 Loc41
Loc6 Loc23
Loc37 Loc37
Loc40 Loc16
Loc27 Loc27
Loc14 Loc14
Loc24 Loc1 Loc4 Loc34
Loc2 Loc2 Loc9
Loc3 Loc3
Loc22 Loc30
Loc49 Loc49
Loc32 Loc32 Loc47
Loc45 Loc45
Loc25 Loc25
Loc39 Loc39
Loc21 Loc21 Loc31
