pace voice financial respect bitter respect injection interactive throne stroke thirsty certain sunrise title shy market miserable environment approval gate mystery gate circulation gate approval environment miserable market shy title sunrise certain page certain thirsty stroke throne interactive injection respect audience class exclusive dip joint demand pain demand cigarette demand joint dip exclusive class disclose skeleton understand figure banana judicial glasses judicial banana king guarantee dialogue romantic straighten quality straighten romantic sign legislation enhance dough enhance legislation sign romantic dialogue prison solve tolerate forge tolerate solve prison dialogue guarantee king banana figure understand paper understand skeleton disclose class audience respect financial voice pace
34
voice voice
financial financial
bitter bitter rob
interactive honor
throne throne
stroke lake
sunrise sunrise
title title
shy shy nationalist
approval other
mystery mystery enter
circulation circulation output
page page imposter
class class
exclusive exclusive buffet
dip dip
demand demand
pain pain brake
cigarette cigarette tablet
disclose injury
figure figure
glasses glasses autonomy
king king
guarantee guarantee seize
dialogue likely tool
quality quality headline
sign sign
legislation legislation
enhance enhance thumb
dough dough linger
prison prison
tolerate tolerate
forge winner vegetarian
paper paper swear
