pace other quadruple ask enemy control beg joystick bowel brake profound coast profound view dive view profound brake bowel joystick swop nationalist acceptance double approval pier bleed curriculum bleed smile bleed sign speaker due ignore shiver blonde native development confrontation development exempt dramatic opposed dip opposed dramatic exempt buffet election lifestyle election buffet exempt development native blonde virgin blonde science separate page separate science begin science blonde shiver ignore due speaker sign honor comfortable likely comfortable honor sign bleed environment bleed pier interactive error shy gate identity gate shy error interactive notebook fortune financial mercy embarrassment sunrise rent sunrise embarrassment mercy mixture joint single country triple prospect title mystery driver mystery title prospect triple country throne boom throne country single joint mixture mercy financial fortune notebook interactive pier approval double acceptance assume railcar tool railcar assume acceptance nationalist swop joystick guarantee attraction guarantee joystick beg ex teacher hospitality terms deter note deter linger decisive tolerate injury flag home flag injury demand feature quiet labour figure clay rage clay figure labour quiet feature demand injury tolerate decisive linger vegetarian linger deter terms hospitality teacher ex beg control enemy ask quadruple other pace
67
pace pace
other other
quadruple quadruple
ask ask
enemy enemy spoil illusion
control control
bowel bowel
brake scheme
profound profound injection
coast coast swear
view drawer
dive dive coincide
swop swop electronics
acceptance acceptance
approval stress
pier pig
curriculum curriculum offset
smile smile headline
due due
ignore ignore audience
shiver shiver
blonde pipe
native native
development development skeleton
confrontation confrontation forge
exempt exempt
dip dip exclusive
buffet buffet
election election
lifestyle lifestyle cotton
virgin virgin assignment
page page mature
begin begin dough
comfortable comfortable
likely likely viable
environment environment interface
interactive interactive
error error
identity identity straighten
notebook pardon
financial financial
mercy mercy
rent rent atmosphere
mixture chair
joint output
country country knot
triple triple
driver driver widen
throne throne respect structure
boom boom autonomy
railcar railcar
tool tool liver
guarantee guarantee
attraction attraction excuse imposter
teacher teacher
terms thumb
deter deter
note note tablet
linger physics
decisive decisive greeting
injury injury
flag flag
home home candle
demand rob
feature feature
rage rage coffin
vegetarian market exile
