C0 C85 C82 C95 C96 C93 C99 C90 C98 C90 C99 C93 C87 C86 C97 C83 C97 C78 C88 C84 C92 C84 C88 C78 C97 C27 C97 C86 C87 C93 C74 C69 C42 C69 C74 C93 C96 C95 C94 C95 C91 C68 C49 C68 C91 C95 C82 C85 C71 C85 C58 C85 C0
24
C85 C85 C21 C55 C75
C82 C56
C95 C95 C77 C81
C96 C96 C35 C40 C76
C93 C93 C36 C22
C99 C34 C47
C90 C14
C98 C98 C17 C59
C87 C87
C97 C97 C50
C83 C83 C20
C78 C11
C84 C84 C1
C92 C5 C44 C89
C27 C27 C9
C74 C67 C70
C69 C69
C42 C42 C28
C94 C94 C46
C91 C6 C12
C68 C39
C49 C25 C26
C71 C24 C29
C58 C58 C53
