C0 C107 C165 C100 C185 C100 C137 C100 C130 C97 C187 C82 C187 C97 C167 C97 C134 C160 C134 C98 C196 C98 C136 C101 C183 C68 C183 C101 C146 C101 C136 C98 C122 C127 C142 C127 C122 C98 C134 C97 C121 C95 C191 C91 C159 C99 C151 C106 C129 C113 C129 C106 C111 C184 C111 C106 C151 C99 C148 C93 C186 C94 C171 C94 C144 C102 C141 C102 C144 C94 C138 C96 C157 C96 C154 C96 C138 C94 C110 C109 C198 C109 C110 C94 C186 C93 C169 C93 C148 C99 C108 C103 C195 C103 C162 C103 C105 C192 C105 C103 C104 C103 C108 C99 C159 C91 C191 C95 C121 C97 C130 C100 C165 C107 C0
48
C0 C0
C107 C107 C190
C165 C165 C57
C100 C100
C185 C185 C48
C137 C137 C32 C55
C97 C97
C187 C87
C82 C8 C25
C167 C167 C26 C27
C134 C134
C160 C160 C59 C88
C196 C196 C43
C101 C101 C58
C68 C68 C18
C146 C146 C84
C122 C122
C127 C127
C142 C7 C10
C121 C121 C172
C95 C95
C191 C31 C120
C91 C54
C159 C16 C35 C63
C151 C47
C106 C124 C166 C161
C129 C129
C113 C114 C181 C119 C49 C139 C149 C152
C184 C2 C24 C70
C93 C93 C168
C94 C193
C171 C171 C28
C144 C144
C102 C11 C153
C141 C141 C4 C56
C157 C77 C78
C154 C154 C30
C110 C110
C109 C164 C194
C198 C198 C71 C74 C86
C169 C169 C50
C108 C66 C145 C182
C103 C103 C123 C132
C195 C19 C20
C162 C3 C52
C105 C105 C45
C192 C192 C1 C5 C51
C104 C104 C179
