9iIwk h2rea 0mah3 ChXAd 0mah3 rrNj1 Esl6u fS0W8 k64Ok BnAjj ZgtaX veOJ7 ZgtaX BnAjj k64Ok fS0W8 Esl6u rrNj1 0mah3 h2rea 9iIwk 6EWVx jT5CK HOs1b QVYVG q0lus 1uRw3 WJNpN AgYPL WJNpN YH6mk Y7IDR YH6mk 5ioW1 Be0ab XZKtP Be0ab 5ioW1 YH6mk WJNpN 1uRw3 knY3U jAwQw aHGHb jAwQw knY3U 1uRw3 Ri2t4 1uRw3 q0lus QVYVG LZomt QVYVG HOs1b qkJ6b HOs1b jT5CK 6EWVx 9iIwk jASvw oqPYQ jASvw AQ02H MA43U ZzWHp MA43U AQ02H jASvw 9iIwk
26
9iIwk 9iIwk 5R5Xa
h2rea h2rea
ChXAd ChXAd 1eRkH
fS0W8 fS0W8 p9vQm
BnAjj BnAjj
ZgtaX ZgtaX Vake4 JgjFI pXCjI
veOJ7 veOJ7 iCgvV
jT5CK jT5CK 5BDPJ
QVYVG 7G74f jYfXn RhUVQ
1uRw3 1uRw3 1pxZM
WJNpN 5VT1H
AgYPL AgYPL tnjfN
YH6mk YH6mk
Y7IDR Y7IDR 4a0W8
5ioW1 5ioW1
Be0ab Be0ab
XZKtP XZKtP dw7aX bXinH
knY3U vE0Pj
jAwQw jAwQw
aHGHb aHGHb kmzhT WGJpQ
Ri2t4 Ri2t4 y89SK
LZomt LZomt SgDk6
qkJ6b qkJ6b XYzcU 1xmtC
jASvw jASvw
oqPYQ oqPYQ 0GdkR
ZzWHp ZzWHp Mj2eQ iEXNY
