HAZtD 4Eg1F wnnBN Cg1yP J0OP0 F7CZj z82fM EyMEe vfAR8 zg9rt UqGfS zg9rt vfAR8 EyMEe z82fM F7CZj RN9nS 3NU9e aWuHk XbFfE O8CwF cMyGs DaieK cMyGs O8CwF XbFfE mJExt qXBVG p3gJd cC0Rg gpbSj u60s4 Tp7uZ jyRQW Xqwfz sJ62h hA7FQ SxklZ rVnMc 0moVI HAKlt 6sv9O ejBhY iPRoT Q8lcd iPRoT Vg6Sz iIQll GrnJ7 rmW0U CHx6u bMhFI SfSL1 bMhFI CHx6u rmW0U GrnJ7 iIQll Vg6Sz iPRoT ejBhY 8x5TS o2JtM e7SjH DuU0x e7SjH o2JtM 8x5TS ejBhY 6sv9O HAKlt 0moVI GUEko iimZq lqKR5 NV1GL GDCfm 6owsT GDCfm NV1GL lqKR5 iimZq GUEko 0moVI rVnMc SxklZ hA7FQ sJ62h Xqwfz jcSDd 7kY28 IOpdQ BaYb3 1VA1I BaYb3 IOpdQ 7kY28 URrao 7kY28 jcSDd Xqwfz jyRQW Tp7uZ u60s4 gpbSj cC0Rg p3gJd cpzS8 AwFdf 2zHfe fExZu wVSYr WVEjT Agb0E WVEjT wVSYr fExZu 2zHfe AwFdf cpzS8 acHTt kjZGl UQeyk EgumV fWz4T SE1WY VJX0I R6NzB v0WXM 7WH0C DchVt Q5zY0 kvy7i Ia6ul eVDVP Ia6ul kvy7i Q5zY0 69WZh jesVt 4AhmX 93R2m 4AhmX jesVt 69WZh zrVPv 69WZh Q5zY0 DchVt 7WH0C v0WXM R6NzB 0FMEI tgL8p DmTRc tgL8p 0FMEI RWE9G sU69u 9cp56 0F8yg 9cp56 sU69u RWE9G 0FMEI R6NzB VJX0I SE1WY fWz4T EgumV UQeyk kjZGl acHTt cpzS8 p3gJd rH3nx 1gvq4 Q9Dex lJnz7 Q9Dex 1gvq4 rH3nx p3gJd qXBVG mJExt XbFfE aWuHk 3NU9e CXkxa ED9em CXkxa 3NU9e RN9nS F7CZj J0OP0 Cg1yP wnnBN 4Eg1F HAZtD 6gp0A kPB79 6gp0A HAZtD
65
wnnBN wnnBN
Cg1yP Cg1yP
J0OP0 J0OP0 iKwe0
z82fM z82fM
vfAR8 vfAR8 bW6Ms
UqGfS UqGfS X2hjX Ssao4 NqBQW
RN9nS RN9nS
aWuHk aWuHk
O8CwF O8CwF TlJnt
DaieK DaieK uPUO1
mJExt iqOI4
p3gJd p3gJd
cC0Rg cC0Rg
gpbSj gpbSj
u60s4 u60s4 Zxvdf
Xqwfz pLg86
SxklZ SxklZ VESmp
0moVI 0moVI
HAKlt HAKlt Pk19A
Q8lcd Q8lcd H1xt8
Vg6Sz Vg6Sz
iIQll iIQll p4kTx
GrnJ7 UbqWX v9joy gNinx iaaYU
rmW0U 9tf0w
CHx6u CHx6u
bMhFI bMhFI lF8gH
SfSL1 HOuAL xKTIz
e7SjH E6pda 2LhKB
DuU0x DuU0x BIY9X
iimZq iimZq 8Qx0C
6owsT 6owsT OWqP4
7kY28 7kY28
IOpdQ IOpdQ
BaYb3 BaYb3
1VA1I 1VA1I Zok18
URrao URrao fiXIW
cpzS8 cpzS8
AwFdf AwFdf
fExZu fExZu v7hOX
WVEjT WVEjT
Agb0E Agb0E VG4na
acHTt acHTt
kjZGl kNG2j
EgumV EgumV
fWz4T fWz4T
SE1WY TzGS5
R6NzB R6NzB
v0WXM iHR3J
Ia6ul Ia6ul
eVDVP eVDVP SEkfX
69WZh 69WZh mdIe6 ox9Gx
jesVt jesVt
4AhmX 4AhmX
93R2m cu5FB aegld
zrVPv zrVPv wedr3
DmTRc DmTRc 4jcrD
RWE9G 2GCiD
sU69u 5EAEu
0F8yg 0F8yg zcuSA
rH3nx rH3nx
1gvq4 1gvq4
lJnz7 lJnz7 GxQg8
CXkxa Lusir
ED9em ED9em 5h4rt
kPB79 4Tt2a 4PXv9
