location46 location61 location62 location63 location62 location61 location46 location47 location48 location49 location50 location58 location66 location86 location88 location86 location66 location67 location68 location69 location70 location73 location75 location76 location77 location78 location79 location78 location77 location76 location75 location73 location70 location71 location72 location71 location70 location69 location68 location67 location66 location58 location50 location51 location50 location28 location24 location17 location11 location10 location11 location5 location6 location12 location18 location25 location18 location12 location6 location7 location13 location19 location26 location30 location26 location19 location13 location7 location6 location5 location4 location3 location2 location1 location9 location15 location9 location1 location2 location3 location4 location5 location11 location17 location24 location28 location50 location49 location48 location47 location46 location45 location44 location45 location46 location41 location46
31
location62 location62
location63 location63 location64
location48 location48
location49 location49
location86 location87
location88 location88 location89 location90
location70 location70
location73 location73
location77 location77
location78 location78
location79 location79 location80
location72 location72 location74
location51 location55 location57
location24 location24
location17 location17
location11 location11
location10 location10 location22
location5 location5
location6 location6
location18 location18
location25 location25 location29
location7 location7
location13 location13
location26 location26
location30 location30 location33
location4 location4
location3 location3
location15 location15 location37
location45 location40
location44 location39 location38
location41 location41 location14
