Taozhuang Chharra Jackson Chharra Ramla Chharra Artur Salima Southsea Ulu Rutherglen Ulu Southsea Salima Artur Somma CroixdesBouquets Gudermes Strathfield Gudermes Uran Griffith Vernon Guyong Tupelo Weimar Boo Weimar Tupelo Guyong Bhit Guyong Vernon Griffith Uran Gudermes CroixdesBouquets Villa CroixdesBouquets Somma Gua Somma Artur Chharra Taozhuang
19
Taozhuang Taozhuang
Chharra Wesseling Esperanza Sicklerville Ilesa Besuki
Jackson Jackson Rosedale
Ramla Ramla Azrou
Artur Artur New Hechingen
Southsea Bang Sarandi Freetown Calauan
Ulu Ulu
Rutherglen Rutherglen Alatyr Gauting
Somma Somma
CroixdesBouquets Jinotepe
Gudermes Gudermes
Strathfield Strathfield Fort Waverly
Uran Uran Pottstown Jingzhou Udumalaippettai
Vernon Caravaca Severodvinsk
Tupelo Tupelo
Boo Boo Esmeraldas Memmingen Donggongon Bourbonnais
Bhit Camayenne Durazno Longgang
Villa Villa Rafiganj Cibinong Nonsan Aytos
Gua Oulmes Kallio Middle
