Ilesa Foshan Aklera Bensheim Ventimiglia Viewpark Oschatz Perth Great Perth Boyeros Portogruaro Patnos Davis Patnos Portogruaro GatesNorth El GatesNorth Belper Jiangyan Sheoganj Valletta Calauan Reutlingen Batu JalalAbad Aistala PortVila Taebaek PortVila Aistala Bobigny Liberia Milledgeville Tupelo Memmingen Alexandria Memmingen Tupelo Milledgeville Liberia Bobigny Aistala JalalAbad Batu Aleshtar Rafaela Alfenas Uran Alfenas Rafaela Aleshtar Batu Reutlingen Calauan Rhosllanerchrugog Minas Houthalen Zeist Houthalen Minas Marburg Mexborough Polohy Bavly Polohy Mexborough Marburg Minas Rhosllanerchrugog Calauan Valletta Sheoganj Jiangyan Krymsk Jiangyan Belper GatesNorth Portogruaro Boyeros Perth Oschatz Viewpark Ventimiglia Malden Tupiza Valday Bogovinje MitryMory Bogovinje Valday Tupiza Malden Ventimiglia Bensheim Aklera Foshan GavrilovYam Jashpurnagar GavrilovYam Foshan Ilesa
48
Ilesa Ilesa
Foshan Foshan
Aklera Aklera
Bensheim Bensheim Campobasso An Kyzylorda Bang PointeClaire
Ventimiglia Ventimiglia Sishui
Viewpark Viewpark
Oschatz Barracas Yingkou
Perth Perth UlanUde Resplendor Tak Brzeg Villaquilambre Niort Clermont
Great Great Tyoply
Portogruaro Aurora Chacabuco Rutland Sillanwali
Patnos Puducherry
Davis Davis Talipparamba
GatesNorth Shagamu
El Sceaux DehiwalaMount
Belper Meizhou LonsleSaunier Guli Zaozhuang Skalica
Jiangyan Jiangyan
Sheoganj Ramla Shaowu
Valletta Valletta Itacoatiara
Calauan Calauan Tiruppuvanam Onex
Reutlingen Oberhausen
Aistala Tharu Palafrugell
PortVila PortVila
Taebaek GernikaLumo Sirsi Sorsogon
Bobigny Bobigny
Liberia Bon Stuttgart Paredes
Milledgeville Milledgeville Puerto
Tupelo Tupelo
Memmingen Memmingen WaltonontheNaze
Alexandria Alexandria Lille Milagro
Aleshtar Aleshtar
Rafaela Jagna Hermsdorf
Alfenas Alfenas
Uran Uran Azrou Landshut
Rhosllanerchrugog Rhosllanerchrugog
Minas Dahlem New Mouscron
Houthalen Palm
Zeist Brunswick Stupino
Marburg Marburg
Mexborough Mexborough Oulmes
Polohy Polohy
Bavly Bavly Gariadhar
Krymsk Ada American
Malden Malden
Tupiza Tupiza
Valday Valday Toledo
Bogovinje Bogovinje
MitryMory MitryMory Claremont Ponta Copperas Lodwar
Jashpurnagar Jashpurnagar Magomeni
