108 69 47 133 31 38 190 116 109 76 2 105 161 77 110 75 110 77 161 105 4 178 34 48 6 131 140 80 3 139 106 84 196 94 197 192 152 182 148 191 181 165 167 165 181 191 118 191 117 25 142 25 117 191 148 182 152 192 197 58 124 11 193 73 189 177 189 82 42 18 37 53 90 96 90 93 45 127 26 5 81 174 188 35 188 174 81 5 26 127 45 93 90 53 37 18 42 82 189 56 151 97 128 97 151 56 189 73 193 11 124 58 197 94 196 84 106 139 3 80 140 131 6 23 6 48 34 178 4 105 2 50 179 157 179 50 95 68 95 50 2 76 109 116 190 38 31 133 47 66 21 163 162 44 13 79 13 44 162 163 61 120 61 17 61 163 46 163 21 66 47 51 170 51 47 69 108
62
108 121
69 69
133 133
31 31
38 38 107
190 190
109 109
77 77
110 110
75 75 150
178 78 130
34 34 1
48 48
6 83
140 140 43
139 65
84 84 146
196 92
197 197 137
182 182
148 148 176
191 100
181 181 28
167 167 187
118 118 184
117 117 24 99
142 142 114
11 11
193 39
73 73 134
177 177 186
82 82 71
37 37 64
53 53
96 96 57
45 45 136
26 26
5 5
81 81 144
174 174 19
188 188 153
35 35 14
56 56
151 151
128 128 143
23 23 129
179 179
157 157 15
95 95
68 68 85
66 66
21 63
163 138
44 44
13 13
79 79 36
61 61
120 120 126
17 17 67
46 46 32
51 7 101
170 170 49 54
