create glide denial dilemma formation work fuss magnitude perception nationalism thread breakin dialect mind maze mind colon vote whole basketball whole vote direct domestic bring steward bring domestic direct vote colon mind dialect breakin bracket breakin thread minimize thread battery thread nationalism perception magnitude fuss work formation dilemma denial glide create childish seller equinox east equinox seller belief seller childish tribe car traction shelter farewell shelter traction car top scrap cancel scrap top car tribe childish create appear feign appear create
30
glide creation contract
denial community linear
formation skip tin
fuss fuss
magnitude magnitude transmission
perception perception
nationalism nationalism
thread line
breakin breakin
dialect think
mind mechanism
maze maze prove
colon colon
vote pastel merit
basketball basketball celebration
direct direct exotic
steward steward predict
bracket bracket pride
minimize minimize adult
battery battery concern
childish childish company ballot
east crew absorption
belief belief dose
shelter suffer
farewell farewell pupil
top top
scrap scrap accessible
cancel cancel hide
appear appear
feign feign deck
