pride thank tourist crackpot exotic plug scrap plug exotic reach auditor cancel pity pioneer element addition east addition element pioneer pity work stubborn pupil stubborn work colon work pity cancel auditor reach mind gift line withdraw tribe deficit ceiling company vote company ceiling deficit tribe withdraw line gift mind reach whole mean stadium exit adult volunteer favorable magnetic favorable volunteer administration wrong lobby wrong administration volunteer adult exit stadium mean preoccupation pawn smile domestic scatter difference craftsman contract snap contract craftsman difference fuss confidence childish fault seller skip seller fault childish confidence fuss difference scatter domestic smile celebration supply illustrate price service create understanding ballot understanding create service price illustrate supply celebration integrated celebration loud hide fortune offensive discrimination feign discrimination offensive fortune hide loud celebration smile pawn preoccupation inhibition present freckle shelter freckle direct merit tease glide tease merit direct freckle present inhibition preoccupation makeup democratic notorious absorption identification dialect identification absorption notorious democratic makeup preoccupation mean whole reach concern reach exotic crackpot tourist thank dairy pull prove basketball prove pull dairy thank pride
63
pride pride
thank thank equinox
exotic exotic transmission
scrap scrap berry
auditor pastel
cancel cancel perception
pity homosexual
addition dedicate
east east think
work work valid rabbit
pupil pupil partnership
colon colon traction
mind mind tin
gift gift
line line suffer
tribe tribe
company company
vote vote transaction
whole whole
stadium creation
exit magnitude
adult adult
magnetic magnetic nationalism
wrong wrong huge
lobby lobby mechanism
preoccupation crew
smile linear
domestic domestic accessible
craftsman craftsman
contract contract belief deter
snap snap trance
fuss fuss minimize
confidence thread
childish childish
seller seller steward
skip skip battery
celebration celebration
illustrate maze dramatic
create create
understanding denial
ballot ballot predict
integrated integrated mosaic
loud loud
hide hide
fortune fortune
offensive offensive
discrimination deck car
feign feign dilemma
inhibition inhibition
present present formation
shelter shelter knit salmon
direct direct
merit merit dose
tease community
glide glide bracket
makeup makeup
absorption absorption farewell
identification top
dialect dialect desk
concern concern breakin
dairy leash
prove prove appear
basketball basketball bring
