1 176 177 178 177 176 1 172 174 172 1 168 169 168 1 164 1 160 1 156 1 150 151 152 155 153 155 152 151 150 1 126 127 128 127 126 1 122 124 122 1 118 119 118 1 114 1 110 1 106 1 100 101 102 105 103 105 102 101 100 1 76 77 78 77 76 1 72 74 72 1 68 69 68 1 64 1 60 1 56 1 50 51 52 55 53 55 52 51 50 1 26 27 28 27 26 1 22 24 22 1 18 19 18 1 14 1 10 1 6 1 2 5 3 5 2 1
36
178 178 180
172 173
174 174 175
169 169 170 171
164 165 166 167
160 161 162 163
156 157 158 159
155 155
153 153 154
128 128 130
122 123
124 124 125
119 119 120 121
114 115 116 117
110 111 112 113
106 107 108 109
105 105
103 103 104
78 78 80
72 73
74 74 75
69 69 70 71
64 65 66 67
60 61 62 63
56 57 58 59
55 55
53 53 54
28 28 30
22 23
24 24 25
19 19 20 21
14 15 16 17
10 11 12 13
6 7 8 9
5 5
3 3 4
