loc0 loc12 loc19 loc36 loc68 loc87 loc44 loc21 loc90 loc81 loc10 loc48 loc10 loc81 loc90 loc21 loc30 loc3 loc46 loc24 loc46 loc3 loc30 loc21 loc44 loc87 loc68 loc36 loc19 loc12 loc0 loc11 loc66 loc93 loc58 loc99 loc58 loc27 loc98 loc63 loc28 loc60 loc28 loc63 loc98 loc27 loc58 loc93 loc66 loc33 loc14 loc18 loc80 loc15 loc72 loc39 loc86 loc75 loc26 loc78 loc26 loc69 loc84 loc42 loc70 loc51 loc70 loc42 loc84 loc69 loc26 loc75 loc86 loc39 loc72 loc15 loc80 loc18 loc14 loc33 loc66 loc11 loc0
32
loc0 loc0 loc2 loc38 loc62
loc12 loc12
loc36 loc36
loc68 loc68
loc87 loc20
loc44 loc44
loc90 loc90 loc6
loc10 loc10
loc48 loc48 loc32 loc50
loc30 loc30
loc46 loc46
loc24 loc24 loc56
loc66 loc66
loc58 loc58
loc99 loc16 loc92
loc98 loc98
loc63 loc74
loc28 loc28
loc60 loc60 loc4
loc14 loc14
loc18 loc18 loc52
loc80 loc80
loc15 loc96
loc72 loc72 loc54
loc39 loc64 loc94
loc86 loc86
loc26 loc26
loc78 loc78 loc22 loc34 loc82
loc84 loc84
loc42 loc42 loc8 loc88
loc70 loc70
loc51 loc40 loc76
