0 5 11 16 22 27 33 38 44 38 33 27 22 16 11 5 10 15 21 26 32 37 43 37 32 26 21 15 20 25 31 36 42 47 53 58 64 58 53 47 42 36 31 25 30 35 41 46 52 57 52 46 41 35 40 45 50 55 61 66 72 77 83 88 94 88 83 77 72 66 61 55 60 65 70 75 80 85 91 85 80 75 70 65 60 55 50 45 40 35 30 25 20 15 10 5 0 1 6 12 17 23 28 34 28 23 17 12 6 1 2 7 13 18 24 18 13 7 2 3 2 1 0
39
0 0
5 5
11 11
16 16
38 38
44 44 49
10 10
21 21
37 37
43 43 48
20 20
47 47
64 64 69
30 30
35 35
41 41
46 46
52 52
57 57 63
45 45 89
55 55
61 61
66 66
83 83
94 94 99
65 65
70 70
75 92
85 85 90
91 91 96
6 6
17 17
34 34 39
2 2
7 7
13 13
18 18
24 24 29
3 3 8
