0 10 21 31 42 52 63 73 84 94 105 115 126 136 147 157 168 178 189 178 168 157 147 136 126 115 105 94 84 73 63 52 42 31 21 10 20 30 41 51 62 72 83 93 104 114 125 135 146 156 167 177 188 177 167 156 146 135 125 114 104 93 83 72 62 51 41 30 40 50 61 71 82 92 103 113 124 134 145 155 166 176 166 155 145 134 124 113 103 92 82 71 61 50 60 70 81 91 102 112 123 133 144 154 165 175 186 175 165 154 144 133 123 112 102 91 81 70 80 90 101 111 122 132 143 153 143 132 122 111 101 90 100 110 121 131 142 152 142 131 121 110 120 130 141 151 141 130 140 150 161 150 160 150 140 130 120 110 100 90 80 70 60 50 40 30 20 10 0 1 11 22 32 43 53 64 74 85 95 106 116 127 116 106 95 85 74 64 53 43 32 22 11 1 2 12 23 33 44 54 65 75 86 96 107 96 86 75 65 54 44 33 23 12 2 3 13 24 34 45 55 66 76 87 97 108 118 129 118 108 97 87 76 66 55 45 34 24 13 3 4 14 25 35 46 56 67 77 67 56 46 35 25 14 4 5 15 26 36 47 57 68 78 89 78 68 57 47 36 26 15 5 6 16 27 37 27 16 6 7 8 18 29 18 8 7 6 5 4 3 2 1 0
83
21 21
31 31
42 42
73 73
94 94
105 105
147 147
178 178
189 189 199
20 20
51 51
72 72
83 83
104 104
114 114
125 125
146 146
167 167
188 188 198
61 61
71 71
82 82
103 103
155 155
166 166
176 176 187
70 70
81 81
102 102
123 123
133 133
154 154
165 165
175 175
186 186 196
80 80
101 101
111 111
122 122
132 132
153 153 164
152 152 184
120 120
130 130
151 151 183
140 140
150 150
161 161 182
160 160 181
22 22
43 43
53 53
64 64
95 95
116 116
127 127 158
2 2
12 12
33 33
86 86
96 96
107 107 149
24 24
45 45
76 76
87 87
108 108
118 118
129 129 139
4 4
67 67
77 77 98
5 5
15 15
26 26
68 68
89 89 99
16 16
37 37 48
7 17
8 8 9
18 18
29 29 39
