0 181 112 53 21 178 158 20 126 166 199 19 24 118 31 57 182 196 26 196 182 57 10 30 10 57 31 118 24 19 199 166 126 20 8 20 158 2 27 36 51 36 27 2 158 178 21 46 42 185 80 76 167 32 160 96 94 96 55 96 160 32 167 76 35 76 80 185 42 82 4 82 42 46 40 46 21 53 13 195 153 68 60 157 162 177 175 117 9 134 71 134 9 117 175 177 162 157 17 29 156 164 39 164 156 29 75 54 61 41 61 54 75 29 17 157 60 68 153 195 11 86 11 195 13 92 74 92 59 198 140 58 190 64 190 58 34 37 34 58 140 198 59 73 5 73 59 92 13 53 112 181 0
57
0 0 79
53 53
21 21 16
178 3 12 43 49
20 20 95
19 19
24 24 88
31 31
57 57
26 26 78
10 10
30 30 23
8 8 52 77 85
2 2
27 27 89
36 36 84
51 51 1
46 46
42 42 18 97
80 80
76 76
32 32 7 93
96 96
94 94 69
55 55 62 63
35 35 47
82 82
4 4 56
40 40 66
13 13 70
68 68
60 60 50
157 28
177 72 99
117 83
9 9
71 71 81
17 17
29 29
164 14
39 39 15
75 75
54 54
61 61
41 41 33 25
11 11 48
86 86 44 87
92 92
74 74 38
59 59 98
198 91
58 58
64 64 45
34 34
37 37 22 67 6
73 73
5 5 90 65
