BU FF DU GA AM EH AM GA DU BT DU AL BJ CV AW FU DH FU AW CA AW BP BQ GE FT BR GC GV HP EF HP GV GC BR DL GB AA CY AA GB DL BR AH GZ GW CP GW GZ DW GG DD GP DD GG DW FL EM DF EM FL DW DB GY CW FN HI BW AO EG GO DE FB GF DS GF FB DE CK DE GO AD CS AD GO EG AO CR AO BW HI BM BH BM HI FN CW BI CW GY DB DW GZ AH FI AH BR FT GE EP FS EP GE DK GE BQ CX BQ CE GN CE AE CE BQ BP AR CQ AR BP AW CV BJ AL BB AT HA AT GX AT GM BE GM AT CM AT BB AL DU FF BZ FF BU
59
BU BU
FF FF
DU DU
GA GA
AM GK
EH EH AX
BT FG FP
AL GH
CV CV
FU FU EO
DH AY DV
CA CA HF
BQ BQ
GE GE
GC EK
HP HP HM
EF DR DJ
DL DL CT
AA BG
CY CY DI
AH BY
CP AP CO
DW DP EN
DD DD
GP GP EV
FL FL
DF BK FR
GY GY
CW CW
FN FN
HI HG
BW BW
AO DX
EG EG CD HC
GO GO
DE DE AQ FW FY
FB FB
DS DS BA GT
CK CK EY
CS CS CI
CR CR BN
BM BM
BH BH BF FD
BI AF AV
FI FI GS
FS FS EC
DK DK DM
CX CX CZ
GN GN DQ
AE AE EL
AR AR EQ
CQ CQ DT DZ
AT AT
HA HA ET
GX ES HH
GM GM
BE BE HJ
CM CM GQ
BZ BZ AN ER
