Zjo93yXsdcDV6Oit TlojxXhc2qYoWZfd lPPSVl2pbI8yFIu7 hUodt8EH9XJmymZc 5gVgbSJalKNpCPGR UZSiMvKda5EcJ9hm tQutySsTV1RolOTN JBll5vlJZ1mcnrE9 dhHQUqzQAf17QtlS yE2ZPAIzLgGY7glD e9vcyjNNidNUI5lw 2ELFKhPu1hDBcz2l XxpoDiTW03kVmIFK Yp0NUpVecdudihTb 8Kka2UWih5IQ1cpb B5jkVyVn3f7O2An6 cKUQBLkhJ2YTpTZk tdEnQcfBy667BmIr L25OgxwPsOzFiHDa lFfRvw2OBMTapK25 w2eQINfJGzFmJVSa aS5gP3tBqF72MHBj SXePDE8VmWVNc3gI AzbeVJsoSmTMPZLM 2jauppFGbaMwTDI2 FpgNaPpArWgevKg6 xoNuVQFyUNw60SHt mp9G8QwevnO2Hxc1 UfyxHlwDsSdZxUWq ja6XsDQlFAUw1yfc W3Q2QtUAtGMzTlOK lWi5N9iGPSdFbw4x At29Qn6ybXGjj4BZ HzeL7kqwHpJiFrZV ZpYXkDvB4yWlBwtb YwKbp1yTO34FUrbo tE0AXQQBQImVJ6nW ODpK9gk17jDT3Sp2 ksuRDz3lVhXKZaYK PNqsQWIcQ5cFHA0e YNtoOknTE8z40fFU yZq8BYkssUcfIKn0 oheo0bgdJ9E5AaZ3 51L9NWAsddRNCbso 1tbAFBLUOcEKBREU UH9oVz7dFZbHTRhz 7rCQ85ozq5ueBf3n DCIaACaQkHoovJqQ DtNMJrqE8gQwtB9A Qekd7ffZxAXDfLzq gbLSiDepCxsLEFEh P86w2YmfZZMrKQDs CXs92joGuF2B74ma P5s4K3vn5D6QckKy rz2oBnI3oNG0KAjO XPIKYdfAB6ArI8mX z6FjXytEu6d6tpnP 6GooyGuiju54f88f 3nUfHHB7quaxw3FP wPFBAldpZF3WcEqd dtyOV6qcOqKFtIlH JTnpCiiBDFzgRSXg LjKfvPnu1IVb9d8E M9il2j2XBWeGdURv LjKfvPnu1IVb9d8E dBEYMpdveobbOa64 ZASkL5Mxwr8cbBFG TEBcdk0AQd6dKevH Of6XUqufA1wxpnuj m8Rn3gh3HBuT9R8d qKKAwpkuJY9E8dpl kmMzOIvorXbmvHXw 8vLm5GS8pptr9y8t 6Gt5ffOE5tOJA8A7 uN0YmlR4YKMmyTVh FzSHaHADmN7Zbhbr 8ae7BICLTSRkgPWv 3th5kfdmmYoxH6sF 8ae7BICLTSRkgPWv gqX9V4QU6KrO7JGI LUoJ0iRCc71uZfNX 6GsK7I0daq8OZxaS Uw31N0oW965MP4qr 1Eq6CyZRaHXkARva nPVdEshNZOOx6qGx 1Eq6CyZRaHXkARva LsIlvCjQu9Xqre9U YpZJ50mXHPeALpEr u7i0C02E9nMoZ6Ab YHVvi99ucaU9tYgf nkKMB647tDItOdTX 2v7uFoKD90sPVOTA AvHIDL41dbfeNksW ngcwhTcmwXuonGlk quCqGzaCZ5rVk9Gn U5CEflgpFptgqHUL 6La4alyyQSzgrmmj SLuZYQ4lYwLMQuMp 0BNdm9hpaqd4q3Tx EuY7nNg1nWHDnCBx pKGVzMiXVo3v1oQu fg0WyZdFGAAZWRqK uRc2j178KRm3sVAY PDtM7hU3L1QjW9eR Dg4uIWuVD7Xd3FfI EotYPttMvJbBfyaO PmJZCdR41rbLgXgi 2yhNJ9fcTz8hRVDj drsNw5E8nXGgcxxE HqZKcXPbTIsIN6eT 2hsCdf5s2NPqItPy 3SYpu8y7n2lFaEgA 1yeDQmwUGYi8LEVC 0Pfip4BXzoRzyFv2 1yeDQmwUGYi8LEVC LdwRPFzBNqStC5X8 Byr8ftz6Pn4uac3K LdwRPFzBNqStC5X8 W4POX5YqpnnI3x1U jVrty3u6KGOjBg80 8pFqGmxaOhvFeBf4 fBCH5yXHMW5jQJjk eRAtRmExinGYKjYs uuhviI1p7F0sChqp z6aHWvfWV1YcOU3s 9dVIdmIqrww8IL0A asqla05DvWvndrgH QSabhET5tNnXgX60 asqla05DvWvndrgH KHBd51v9Lk79JoNu xlWntBwCLfHgHam8 KHBd51v9Lk79JoNu e9DWnoEu0mxMb9VK ZsdU4FLz0FoJAHOC qQzEeIfIOpoI9qKk tZ46uZudk7AfSXt1 9L0zlmq9jRh6nd1I qeVT6FbNKHRizFU8 rvadWwbDVrEOdUmt J5iqQt6wukvg6KLY WVwd9ExLXa3zphJn OMjRZA0G6vbBxKd5 ziJdi0Y4mj4TIJZ9 bpy0VAq3GZuO2R8U ziJdi0Y4mj4TIJZ9 OMjRZA0G6vbBxKd5 WVwd9ExLXa3zphJn J5iqQt6wukvg6KLY rvadWwbDVrEOdUmt qeVT6FbNKHRizFU8 9L0zlmq9jRh6nd1I tZ46uZudk7AfSXt1 qQzEeIfIOpoI9qKk ZsdU4FLz0FoJAHOC e9DWnoEu0mxMb9VK KHBd51v9Lk79JoNu asqla05DvWvndrgH 9dVIdmIqrww8IL0A z6aHWvfWV1YcOU3s uuhviI1p7F0sChqp eRAtRmExinGYKjYs fBCH5yXHMW5jQJjk 8pFqGmxaOhvFeBf4 jVrty3u6KGOjBg80 W4POX5YqpnnI3x1U LdwRPFzBNqStC5X8 1yeDQmwUGYi8LEVC 3SYpu8y7n2lFaEgA 2hsCdf5s2NPqItPy HqZKcXPbTIsIN6eT drsNw5E8nXGgcxxE 2yhNJ9fcTz8hRVDj PmJZCdR41rbLgXgi EotYPttMvJbBfyaO Dg4uIWuVD7Xd3FfI PDtM7hU3L1QjW9eR uRc2j178KRm3sVAY fg0WyZdFGAAZWRqK pKGVzMiXVo3v1oQu EuY7nNg1nWHDnCBx 0BNdm9hpaqd4q3Tx SLuZYQ4lYwLMQuMp 6La4alyyQSzgrmmj U5CEflgpFptgqHUL quCqGzaCZ5rVk9Gn ngcwhTcmwXuonGlk AvHIDL41dbfeNksW 2v7uFoKD90sPVOTA nkKMB647tDItOdTX YHVvi99ucaU9tYgf u7i0C02E9nMoZ6Ab YpZJ50mXHPeALpEr LsIlvCjQu9Xqre9U 1Eq6CyZRaHXkARva Uw31N0oW965MP4qr 6GsK7I0daq8OZxaS LUoJ0iRCc71uZfNX gqX9V4QU6KrO7JGI 8ae7BICLTSRkgPWv FzSHaHADmN7Zbhbr uN0YmlR4YKMmyTVh 6Gt5ffOE5tOJA8A7 8vLm5GS8pptr9y8t kmMzOIvorXbmvHXw qKKAwpkuJY9E8dpl m8Rn3gh3HBuT9R8d Of6XUqufA1wxpnuj TEBcdk0AQd6dKevH ZASkL5Mxwr8cbBFG dBEYMpdveobbOa64 LjKfvPnu1IVb9d8E JTnpCiiBDFzgRSXg dtyOV6qcOqKFtIlH wPFBAldpZF3WcEqd 3nUfHHB7quaxw3FP 6GooyGuiju54f88f z6FjXytEu6d6tpnP XPIKYdfAB6ArI8mX rz2oBnI3oNG0KAjO P5s4K3vn5D6QckKy CXs92joGuF2B74ma P86w2YmfZZMrKQDs gbLSiDepCxsLEFEh Qekd7ffZxAXDfLzq DtNMJrqE8gQwtB9A DCIaACaQkHoovJqQ 7rCQ85ozq5ueBf3n UH9oVz7dFZbHTRhz 1tbAFBLUOcEKBREU 51L9NWAsddRNCbso oheo0bgdJ9E5AaZ3 yZq8BYkssUcfIKn0 YNtoOknTE8z40fFU PNqsQWIcQ5cFHA0e ksuRDz3lVhXKZaYK ODpK9gk17jDT3Sp2 tE0AXQQBQImVJ6nW YwKbp1yTO34FUrbo ZpYXkDvB4yWlBwtb HzeL7kqwHpJiFrZV At29Qn6ybXGjj4BZ lWi5N9iGPSdFbw4x W3Q2QtUAtGMzTlOK ja6XsDQlFAUw1yfc UfyxHlwDsSdZxUWq mp9G8QwevnO2Hxc1 xoNuVQFyUNw60SHt FpgNaPpArWgevKg6 2jauppFGbaMwTDI2 AzbeVJsoSmTMPZLM SXePDE8VmWVNc3gI aS5gP3tBqF72MHBj w2eQINfJGzFmJVSa lFfRvw2OBMTapK25 L25OgxwPsOzFiHDa tdEnQcfBy667BmIr cKUQBLkhJ2YTpTZk B5jkVyVn3f7O2An6 8Kka2UWih5IQ1cpb Yp0NUpVecdudihTb XxpoDiTW03kVmIFK 2ELFKhPu1hDBcz2l e9vcyjNNidNUI5lw yE2ZPAIzLgGY7glD dhHQUqzQAf17QtlS JBll5vlJZ1mcnrE9 tQutySsTV1RolOTN UZSiMvKda5EcJ9hm 5gVgbSJalKNpCPGR hUodt8EH9XJmymZc lPPSVl2pbI8yFIu7 TlojxXhc2qYoWZfd Zjo93yXsdcDV6Oit
75
LjKfvPnu1IVb9d8E LjKfvPnu1IVb9d8E
M9il2j2XBWeGdURv M9il2j2XBWeGdURv Zo0umr3KFWOZJQPm
dBEYMpdveobbOa64 dBEYMpdveobbOa64 Plb766RuoiNfkOGW
ZASkL5Mxwr8cbBFG ZASkL5Mxwr8cbBFG
TEBcdk0AQd6dKevH TEBcdk0AQd6dKevH
Of6XUqufA1wxpnuj Of6XUqufA1wxpnuj
m8Rn3gh3HBuT9R8d m8Rn3gh3HBuT9R8d pi9Gjwqb8nw39ALT
qKKAwpkuJY9E8dpl qKKAwpkuJY9E8dpl
kmMzOIvorXbmvHXw kmMzOIvorXbmvHXw R43sDxzHzrO5kncN
8vLm5GS8pptr9y8t 8vLm5GS8pptr9y8t
6Gt5ffOE5tOJA8A7 6Gt5ffOE5tOJA8A7
uN0YmlR4YKMmyTVh uN0YmlR4YKMmyTVh
FzSHaHADmN7Zbhbr FzSHaHADmN7Zbhbr 1r13Qnmq9ixI97Qj
8ae7BICLTSRkgPWv 8ae7BICLTSRkgPWv
3th5kfdmmYoxH6sF 3th5kfdmmYoxH6sF yILnNjtdKS6kD3NP
gqX9V4QU6KrO7JGI gqX9V4QU6KrO7JGI MxcmtGZ6qJUnGaxB
LUoJ0iRCc71uZfNX LUoJ0iRCc71uZfNX
6GsK7I0daq8OZxaS 6GsK7I0daq8OZxaS
Uw31N0oW965MP4qr Uw31N0oW965MP4qr
1Eq6CyZRaHXkARva 1Eq6CyZRaHXkARva
nPVdEshNZOOx6qGx nPVdEshNZOOx6qGx StSocpbFeWB0czP8
LsIlvCjQu9Xqre9U LsIlvCjQu9Xqre9U
YpZJ50mXHPeALpEr YpZJ50mXHPeALpEr
u7i0C02E9nMoZ6Ab u7i0C02E9nMoZ6Ab
YHVvi99ucaU9tYgf YHVvi99ucaU9tYgf xLhGn69fZWxkF2ME
nkKMB647tDItOdTX nkKMB647tDItOdTX LZyPcj0slZv1Vk6U
2v7uFoKD90sPVOTA 2v7uFoKD90sPVOTA
AvHIDL41dbfeNksW AvHIDL41dbfeNksW 27KMNaF72cTW0PDA
ngcwhTcmwXuonGlk ngcwhTcmwXuonGlk
quCqGzaCZ5rVk9Gn quCqGzaCZ5rVk9Gn
U5CEflgpFptgqHUL U5CEflgpFptgqHUL
6La4alyyQSzgrmmj 6La4alyyQSzgrmmj TbM88DujEo9BSxqT
SLuZYQ4lYwLMQuMp SLuZYQ4lYwLMQuMp 0rKC7Chib5iDGjTC
0BNdm9hpaqd4q3Tx 0BNdm9hpaqd4q3Tx
EuY7nNg1nWHDnCBx EuY7nNg1nWHDnCBx 1ByTcIJH8XabOIWu
pKGVzMiXVo3v1oQu pKGVzMiXVo3v1oQu
fg0WyZdFGAAZWRqK fg0WyZdFGAAZWRqK
uRc2j178KRm3sVAY uRc2j178KRm3sVAY
PDtM7hU3L1QjW9eR PDtM7hU3L1QjW9eR
Dg4uIWuVD7Xd3FfI Dg4uIWuVD7Xd3FfI
EotYPttMvJbBfyaO EotYPttMvJbBfyaO
PmJZCdR41rbLgXgi PmJZCdR41rbLgXgi
2yhNJ9fcTz8hRVDj 2yhNJ9fcTz8hRVDj
drsNw5E8nXGgcxxE drsNw5E8nXGgcxxE CvZWFxoaMZYhwHYj
HqZKcXPbTIsIN6eT HqZKcXPbTIsIN6eT
2hsCdf5s2NPqItPy 2hsCdf5s2NPqItPy
3SYpu8y7n2lFaEgA 3SYpu8y7n2lFaEgA
1yeDQmwUGYi8LEVC 1yeDQmwUGYi8LEVC
0Pfip4BXzoRzyFv2 0Pfip4BXzoRzyFv2 3PEg9lFbqEimkqjc
LdwRPFzBNqStC5X8 LdwRPFzBNqStC5X8
Byr8ftz6Pn4uac3K Byr8ftz6Pn4uac3K kWAnmn2xV4T8moWO
W4POX5YqpnnI3x1U W4POX5YqpnnI3x1U
jVrty3u6KGOjBg80 jVrty3u6KGOjBg80
8pFqGmxaOhvFeBf4 8pFqGmxaOhvFeBf4 Gypke7sesv6WDuj9
fBCH5yXHMW5jQJjk fBCH5yXHMW5jQJjk 5TjXpBJuIWCWGZis
eRAtRmExinGYKjYs eRAtRmExinGYKjYs LI7uFZ34s97AeNpk
uuhviI1p7F0sChqp uuhviI1p7F0sChqp
z6aHWvfWV1YcOU3s z6aHWvfWV1YcOU3s
9dVIdmIqrww8IL0A 9dVIdmIqrww8IL0A
asqla05DvWvndrgH asqla05DvWvndrgH
QSabhET5tNnXgX60 QSabhET5tNnXgX60 1bDI0W7o3Pb2zYhB
KHBd51v9Lk79JoNu KHBd51v9Lk79JoNu
xlWntBwCLfHgHam8 xlWntBwCLfHgHam8 K5TJWlCDC2GiIJEC
e9DWnoEu0mxMb9VK e9DWnoEu0mxMb9VK
ZsdU4FLz0FoJAHOC ZsdU4FLz0FoJAHOC
qQzEeIfIOpoI9qKk qQzEeIfIOpoI9qKk
tZ46uZudk7AfSXt1 tZ46uZudk7AfSXt1
9L0zlmq9jRh6nd1I 9L0zlmq9jRh6nd1I
qeVT6FbNKHRizFU8 qeVT6FbNKHRizFU8
rvadWwbDVrEOdUmt rvadWwbDVrEOdUmt
J5iqQt6wukvg6KLY J5iqQt6wukvg6KLY
WVwd9ExLXa3zphJn WVwd9ExLXa3zphJn 9pH9xdreYrmVM1JI
OMjRZA0G6vbBxKd5 OMjRZA0G6vbBxKd5
ziJdi0Y4mj4TIJZ9 ziJdi0Y4mj4TIJZ9
bpy0VAq3GZuO2R8U bpy0VAq3GZuO2R8U HAZt9xslXTTIQrh6 RnvIh4TOetAfG82E
