l0 h3 h83 h1 h83 l58 h24 h92 h47 l23 h59 h61 l97 h82 h64 h86 l9 h19 h88 h65 h88 h19 l51 h5 l56 l54 h12 h13 h97 l57 l13 l31 h27 l31 l13 l57 h97 h13 h12 l54 l63 h9 h40 l88 h40 h9 l63 l20 l63 l54 l56 h5 l51 h19 l9 l32 l64 h18 h4 h18 l64 l32 l9 h86 h64 h82 l97 h61 h59 l42 l71 h67 l86 l33 l36 h72 h66 l59 h94 h57 h20 h57 h94 l96 h10 l96 h94 l10 l28 l17 h35 h79 h98 l39 l34 h31 h48 h31 l34 l39 h98 h79 l73 l16 l15 l16 l73 h79 h35 l17 l28 l10 h94 l59 h38 l19 l47 h39 l47 l19 h38 l59 h66 h72 l36 l33 l86 h67 l71 l89 h55 l89 l71 l42 h59 l23 h47 l12 h6 l3 h84 h58 h84 l3 l55 l38 l11 h22 h23 h22 l66 l95 h51 h45 h51 l95 l66 h22 l11 l35 h71 h14 l45 h15 h16 h15 l45 h14 h71 l35 l14 h29 h80 h29 l14 l35 l11 l38 l55 l3 h6 l12 h47 h92 h24 l58 h83 h3 h2 h3 l0
70
h3 h3
h83 h83 h89
h1 h1 h0
l58 h91
h24 h24
h92 h92
h47 h47
l23 h46
h59 h59
h61 h61
l97 h60
h82 h82 h11
h64 h64
h86 h86
l9 h42
h19 h19
h88 h88
h65 h65 h99
h5 h5
h12 h12
h13 h13
h97 h97
l31 h26 h63
h27 h27 h62
l63 h87
h9 h9 h95
h40 h40
l88 h8 h36
l20 h37 h41
h18 h18
h4 h4 h53
l42 h81
h67 h67
l33 h75
h72 h72
h66 h66
h94 h94 h56
h57 h57 h93
h20 h20 h96
h10 h10 h52
l28 h21
l17 h34
h35 h35
h79 h79 h32
h98 h98
h31 h31 h69 h78
h48 h48 h49
l73 h33
l15 h30 h68
h38 h38
l47 h73
h39 h39 h90
h55 h55 h54
h6 h6
h84 h84
h58 h58 h25
h22 h22
h23 h23 h77
l95 h44
h51 h51
h45 h45 h76
l35 h70
h71 h71
h14 h14
h15 h15
h16 h16 h85 h43
l14 h17
h29 h29 h7
h80 h80 h28 h50
h2 h2 h74
