Mf966TmCJF9l0PTKetVd tH0lbMmdJDVlC4Pr7uAb lfkDpy0Dzjb65M4poJ5N QMfugTdL8cMnu7owJzpL b2icxuMf1zEyF7ImMEzE QMfugTdL8cMnu7owJzpL S0PhmGw8tyUPzxvRSE5R XM2epDdQlzVNrldkM9rh 4O2VEkN1ftjvLwoNouzB s7HXjvUAOobkeOC6hmGZ 4mRiy2s23Ljl4N4CqEav Ejmw9YVfbgpcODCHCJUP wNmo9den9k6ySqzO7o0M Ejmw9YVfbgpcODCHCJUP 4mRiy2s23Ljl4N4CqEav s7HXjvUAOobkeOC6hmGZ 4O2VEkN1ftjvLwoNouzB XM2epDdQlzVNrldkM9rh e2usEAoRX2qu6mneHOxg SQhK0n9L9aixdJxvdeKd UvtGaTsTes8Gs4gE8ya3 R87rV3jFUvYuE0RN4Z4a 4mdSIFCsq2HySOzm2H4M km12BN3CByUGmRV2tX7b 4mdSIFCsq2HySOzm2H4M R87rV3jFUvYuE0RN4Z4a 88lI6lUbCFloNqfPp9qO XfWllIgv9lA6ZwGuKvLt 88lI6lUbCFloNqfPp9qO VI6bhpg8nr2U3bjLEpMD 88lI6lUbCFloNqfPp9qO R87rV3jFUvYuE0RN4Z4a bLojQFXmB5k6r0zKTWYe iRg3oRlKsAtLuOm5tUrC mGfIqoDGGajPXw9RvY8S iRg3oRlKsAtLuOm5tUrC V1NRtDFpLgUvdcMNRDCv cAkwFDH7tSQkP40ewGcD hdzMlRPopi59kMOfpHEo D8EqP7YYAGp7ozDJsFab byF5FvS6RJUrgCsP3o6T D8EqP7YYAGp7ozDJsFab hdzMlRPopi59kMOfpHEo cAkwFDH7tSQkP40ewGcD V1NRtDFpLgUvdcMNRDCv iRg3oRlKsAtLuOm5tUrC bLojQFXmB5k6r0zKTWYe R87rV3jFUvYuE0RN4Z4a UvtGaTsTes8Gs4gE8ya3 SQhK0n9L9aixdJxvdeKd aQjUMkqTLL2xI6AuCLxX yjTU6mb0sXWr7Nh8SghO vfUng4KWHMI1EW7MPH8O PLyQF48YPXs4LxxIxWHM 1crXui4lUlMG7IuTFiXo y3cL4LyhfEAlU1Jj1Xj6 W1IcDWCQWwTCriXsjtm4 y3cL4LyhfEAlU1Jj1Xj6 1crXui4lUlMG7IuTFiXo PLyQF48YPXs4LxxIxWHM vfUng4KWHMI1EW7MPH8O yjTU6mb0sXWr7Nh8SghO XtOSIksCxQPAzChWtB8x QZIvvAQe1weWyQjLrGi1 XtOSIksCxQPAzChWtB8x yjTU6mb0sXWr7Nh8SghO aQjUMkqTLL2xI6AuCLxX SQhK0n9L9aixdJxvdeKd e2usEAoRX2qu6mneHOxg XM2epDdQlzVNrldkM9rh OGxA8YvD4WfIxOfmtWm4 vWQ9gSPmhR2i5UglG1Cy Crbc9OlCoJ9dTIJXXsjb vWQ9gSPmhR2i5UglG1Cy 9vP489zmTCThBqN2SC1r lbdkv57MCZ97lfIXEhIW Hpniux0SkkA6CliHWNDc pST2UibVvaFs7NnElOiM TkZ4LHIfwKap48xdp8m2 fsCdklolnC3ndvzFtyM3 TkZ4LHIfwKap48xdp8m2 pST2UibVvaFs7NnElOiM NvfSRypj4POoHWC3jDz3 pST2UibVvaFs7NnElOiM Hpniux0SkkA6CliHWNDc 4c7jdZfXlaPz4IZbgKcx wgaIQdSLkfrgCwxikw7V 0avddYNUUSifDVnh6Pkn BcvYB1mubFuRTbgMUsXg RrBlUMzlEzdRa5S1pyiF czjPVxJvSz9DoMc0Y7Vv zwf9ghy1nblZx3HkGhp8 czjPVxJvSz9DoMc0Y7Vv RrBlUMzlEzdRa5S1pyiF BcvYB1mubFuRTbgMUsXg 0avddYNUUSifDVnh6Pkn wgaIQdSLkfrgCwxikw7V 4c7jdZfXlaPz4IZbgKcx sJyumTmEoi4MWbaRoNlm ksXyQQNO2sSJacUypI8V 1wZce3qjltyIzzlL1Zfw u4VGAkqq00Jhej3knMJI 1wZce3qjltyIzzlL1Zfw ksXyQQNO2sSJacUypI8V sJyumTmEoi4MWbaRoNlm 4c7jdZfXlaPz4IZbgKcx Hpniux0SkkA6CliHWNDc p6bp9pYgtaGo4Q50DQAM Hpniux0SkkA6CliHWNDc lbdkv57MCZ97lfIXEhIW ydEppVwK15UN0USyP00U lbdkv57MCZ97lfIXEhIW abfQYXbANnzx1AWQXKif a6uUA0TEdnZwD1b73O9r 7ArLVA3N0doHBQAlCDtl a6uUA0TEdnZwD1b73O9r abfQYXbANnzx1AWQXKif BLgd9OLqnPIJY5LCIxDK OUMbAfpzy5GRzgDEKokb ZPAxEbVjKWTr0cDqLbA0 1EtrR5H9A3TMUPS71hPl kVdbGuYm0jD2q8vsLFHY KXqYiLdUxtSnooxFj1Ib fmXI2fiRDKGKDk7Lczzs AjMqEYKq0eELwsiEhQNE Q4jkxyPtGKis0eXik3Gg TBEGhhvsdStRJh2Eqkyf Q4jkxyPtGKis0eXik3Gg AjMqEYKq0eELwsiEhQNE fmXI2fiRDKGKDk7Lczzs KXqYiLdUxtSnooxFj1Ib kVdbGuYm0jD2q8vsLFHY 1EtrR5H9A3TMUPS71hPl WZxeHszJ2ShfYgJs53YV 1EtrR5H9A3TMUPS71hPl ZPAxEbVjKWTr0cDqLbA0 OUMbAfpzy5GRzgDEKokb BLgd9OLqnPIJY5LCIxDK abfQYXbANnzx1AWQXKif lbdkv57MCZ97lfIXEhIW 9vP489zmTCThBqN2SC1r GzkbHop7cJv0CvjQalTE 26qGQxnCCbJ2EOhN7Gcj 5ebtvAsyAh8vEmm1Z3wm Y5ZKsuPbCDUQp5LjPNey 3Yod5nNtIcKNmTtNQ3xH Y5ZKsuPbCDUQp5LjPNey 5ebtvAsyAh8vEmm1Z3wm 26qGQxnCCbJ2EOhN7Gcj GzkbHop7cJv0CvjQalTE trOoQ3enuOI8GUJqwAMC flliQzyn5hSC8yLOMyYJ 3Kf7NbRAPMqHxYOVsqnT flliQzyn5hSC8yLOMyYJ trOoQ3enuOI8GUJqwAMC GzkbHop7cJv0CvjQalTE 9vP489zmTCThBqN2SC1r f3aTBneDuZi0oYXARvcm BPT5ZnXHY4PLKTlszS8H jsxdUxf9Osj1u9ZOfA8H Ic20PkDM6xxefUTvJEIQ jsxdUxf9Osj1u9ZOfA8H BPT5ZnXHY4PLKTlszS8H f3aTBneDuZi0oYXARvcm 9vP489zmTCThBqN2SC1r vWQ9gSPmhR2i5UglG1Cy OGxA8YvD4WfIxOfmtWm4 XM2epDdQlzVNrldkM9rh S0PhmGw8tyUPzxvRSE5R QMfugTdL8cMnu7owJzpL lfkDpy0Dzjb65M4poJ5N NtZncVsU7O40k1BXousH lfkDpy0Dzjb65M4poJ5N tH0lbMmdJDVlC4Pr7uAb Mf966TmCJF9l0PTKetVd
64
Mf966TmCJF9l0PTKetVd dOWv4G57nxm9UArCvQlq
tH0lbMmdJDVlC4Pr7uAb tH0lbMmdJDVlC4Pr7uAb
lfkDpy0Dzjb65M4poJ5N N7mkTpLI9Mgh0txBOflw
b2icxuMf1zEyF7ImMEzE b2icxuMf1zEyF7ImMEzE HKK5Jm9eHd0V7gvBWuw9
S0PhmGw8tyUPzxvRSE5R S0PhmGw8tyUPzxvRSE5R QMmklR1fA1rnjMsU1WMc
XM2epDdQlzVNrldkM9rh BCVfaQnOCgLubJ23r8nF
4O2VEkN1ftjvLwoNouzB 1aGCWVuyE8DRxIV204ZW
4mRiy2s23Ljl4N4CqEav 4mRiy2s23Ljl4N4CqEav
wNmo9den9k6ySqzO7o0M wNmo9den9k6ySqzO7o0M ZDA7k1XMUYTsnmCfuUtR
e2usEAoRX2qu6mneHOxg e2usEAoRX2qu6mneHOxg
SQhK0n9L9aixdJxvdeKd SQhK0n9L9aixdJxvdeKd
UvtGaTsTes8Gs4gE8ya3 UvtGaTsTes8Gs4gE8ya3 jZUUy27kZ3z2uIv0PGPy
R87rV3jFUvYuE0RN4Z4a R87rV3jFUvYuE0RN4Z4a
4mdSIFCsq2HySOzm2H4M 4mdSIFCsq2HySOzm2H4M
km12BN3CByUGmRV2tX7b km12BN3CByUGmRV2tX7b acwLCbshqBQuYbTzAPRI
88lI6lUbCFloNqfPp9qO YrtjNlKZcZnAXu7owFPA
XfWllIgv9lA6ZwGuKvLt XfWllIgv9lA6ZwGuKvLt 7c4FoaFf1TJetsLZUEok
VI6bhpg8nr2U3bjLEpMD CxdADQl1Lh5mGQMAravk HhITLZSwERe6osGRUBXt
bLojQFXmB5k6r0zKTWYe bLojQFXmB5k6r0zKTWYe
iRg3oRlKsAtLuOm5tUrC iRg3oRlKsAtLuOm5tUrC
mGfIqoDGGajPXw9RvY8S mGfIqoDGGajPXw9RvY8S OyOgefgJfgx6VwEfudZn
V1NRtDFpLgUvdcMNRDCv jAzyDyaN1mD5Ei1RjCiO
cAkwFDH7tSQkP40ewGcD cAkwFDH7tSQkP40ewGcD CHHJQHxp9VQGraviPBS2
byF5FvS6RJUrgCsP3o6T byF5FvS6RJUrgCsP3o6T Yw0z9L8p6xIk7hgYCgVd
yjTU6mb0sXWr7Nh8SghO VqBuOSJBVqxMG4rldwQn
PLyQF48YPXs4LxxIxWHM PLyQF48YPXs4LxxIxWHM lrLgTYF7nIsDkEYlxuHz
1crXui4lUlMG7IuTFiXo 1crXui4lUlMG7IuTFiXo
y3cL4LyhfEAlU1Jj1Xj6 y3cL4LyhfEAlU1Jj1Xj6
W1IcDWCQWwTCriXsjtm4 W1IcDWCQWwTCriXsjtm4 zDq8bGYKiSYw3c53IWfw
QZIvvAQe1weWyQjLrGi1 QZIvvAQe1weWyQjLrGi1 GfTqQpqjWivAFXbCN2BL
OGxA8YvD4WfIxOfmtWm4 OGxA8YvD4WfIxOfmtWm4
Crbc9OlCoJ9dTIJXXsjb Crbc9OlCoJ9dTIJXXsjb VaRx19QfIOvUT5pZyulj JfWSVxbK8iOEPzK7FV9x
lbdkv57MCZ97lfIXEhIW JWE9kJZ3fUSBbRtkVScl
Hpniux0SkkA6CliHWNDc Hpniux0SkkA6CliHWNDc
TkZ4LHIfwKap48xdp8m2 TkZ4LHIfwKap48xdp8m2 kGhQ3uDjcFA7MLP7UF4W
fsCdklolnC3ndvzFtyM3 fsCdklolnC3ndvzFtyM3 56ePYTmTGzdOHfvnLEPd bBJ5TDHtVrSIxXmQJ63J
NvfSRypj4POoHWC3jDz3 NvfSRypj4POoHWC3jDz3 pxBA1Tii62WPeRWcccVp
BcvYB1mubFuRTbgMUsXg BcvYB1mubFuRTbgMUsXg
RrBlUMzlEzdRa5S1pyiF RrBlUMzlEzdRa5S1pyiF
czjPVxJvSz9DoMc0Y7Vv czjPVxJvSz9DoMc0Y7Vv
zwf9ghy1nblZx3HkGhp8 eA2uctxdjBuXDZUrmUHy ul7ierPjffkmvfh4Ylme
1wZce3qjltyIzzlL1Zfw 1wZce3qjltyIzzlL1Zfw
u4VGAkqq00Jhej3knMJI u4VGAkqq00Jhej3knMJI WQlZty1AKP9gLfjz0EYW
p6bp9pYgtaGo4Q50DQAM p6bp9pYgtaGo4Q50DQAM TmdW4dU59umpgT9XX8G3
ydEppVwK15UN0USyP00U ydEppVwK15UN0USyP00U IwnN6xRahpjWnxZTYR2F
a6uUA0TEdnZwD1b73O9r a6uUA0TEdnZwD1b73O9r
7ArLVA3N0doHBQAlCDtl 7ArLVA3N0doHBQAlCDtl KCy3uvDFe4h3kwRgxFiX
BLgd9OLqnPIJY5LCIxDK BLgd9OLqnPIJY5LCIxDK CLNCAWQgYnzuvt7RChAf
OUMbAfpzy5GRzgDEKokb sSdPSXUotKahf03SRnBn
ZPAxEbVjKWTr0cDqLbA0 ZPAxEbVjKWTr0cDqLbA0
kVdbGuYm0jD2q8vsLFHY kVdbGuYm0jD2q8vsLFHY
AjMqEYKq0eELwsiEhQNE AjMqEYKq0eELwsiEhQNE
Q4jkxyPtGKis0eXik3Gg Q4jkxyPtGKis0eXik3Gg
TBEGhhvsdStRJh2Eqkyf TBEGhhvsdStRJh2Eqkyf Ad4iMaOuAofXNjJzNKWl
WZxeHszJ2ShfYgJs53YV WZxeHszJ2ShfYgJs53YV Xucw5TdPOzp0SQGWHjkE 0O3lDJvzYSiuZNzHimQX
GzkbHop7cJv0CvjQalTE GzkbHop7cJv0CvjQalTE 2bMCdMiNzTpm8a2kNe9G
5ebtvAsyAh8vEmm1Z3wm 5ebtvAsyAh8vEmm1Z3wm
Y5ZKsuPbCDUQp5LjPNey Y5ZKsuPbCDUQp5LjPNey KKiBHd9DTQAd6AZYxlK3
3Yod5nNtIcKNmTtNQ3xH 3Yod5nNtIcKNmTtNQ3xH wtlCpdxHbUUmSY7DnD2u
trOoQ3enuOI8GUJqwAMC trOoQ3enuOI8GUJqwAMC
flliQzyn5hSC8yLOMyYJ flliQzyn5hSC8yLOMyYJ rzYdrZxXnbXlOjFVWVaR
3Kf7NbRAPMqHxYOVsqnT wyZ3Q4gHyaxpdYdezyjU 4CVQrsejmjPmVL7elf2w
Ic20PkDM6xxefUTvJEIQ Ic20PkDM6xxefUTvJEIQ JfzkldRR1w0Y52KBg47D
NtZncVsU7O40k1BXousH NtZncVsU7O40k1BXousH aH2XDl7CjGFhEP3bbYjH aU4DeG46NC8vRU6N0ahg
