L0 L53 L129 L46 L45 L174 L128 L57 L182 L54 L35 L104 L14 L48 L156 L196 L22 L10 L22 L196 L156 L184 L143 L184 L156 L19 L75 L74 L109 L74 L75 L21 L162 L166 L68 L166 L162 L126 L160 L122 L91 L29 L97 L51 L138 L39 L153 L39 L138 L51 L97 L18 L145 L18 L97 L29 L91 L122 L20 L122 L160 L126 L36 L142 L36 L37 L168 L37 L43 L66 L43 L37 L36 L126 L162 L21 L88 L94 L139 L94 L88 L21 L75 L19 L156 L48 L14 L13 L14 L104 L35 L54 L182 L57 L128 L174 L45 L64 L45 L46 L129 L53 L84 L150 L199 L150 L103 L8 L99 L96 L24 L25 L26 L23 L26 L25 L24 L96 L99 L8 L103 L150 L40 L135 L28 L31 L4 L3 L30 L3 L4 L31 L28 L135 L40 L127 L192 L127 L105 L93 L102 L137 L136 L137 L102 L118 L163 L161 L132 L161 L163 L118 L55 L193 L144 L65 L144 L193 L55 L118 L102 L93 L105 L78 L27 L63 L27 L78 L105 L127 L90 L127 L40 L150 L84 L53 L0
61
L0 L33 L73 L116
L53 L53
L46 L46
L45 L49 L106
L57 L57
L182 L41
L54 L54
L104 L104
L14 L14
L48 L48 L1
L196 L196
L10 L10 L165
L143 L143 L130
L75 L75 L107
L74 L74
L109 L109 L197
L162 L113
L68 L68 L110
L160 L160
L122 L121 L123
L29 L29 L125
L97 L97
L138 L138
L39 L39 L38
L153 L153 L176
L18 L18
L145 L145 L194
L20 L20 L77
L142 L142 L12 L175
L168 L168 L81
L66 L61 L188
L94 L94
L139 L139 L112
L13 L13 L149
L64 L64 L7 L59
L84 L84 L147
L199 L199 L52
L103 L2 L95
L8 L8
L96 L96
L24 L24 L177
L26 L26 L82
L23 L23 L164
L135 L135 L80
L31 L31
L3 L3
L30 L30 L152 L119
L127 L127
L192 L192 L69
L102 L102
L136 L141 L178
L118 L118
L163 L163
L132 L132 L58
L55 L55
L144 L144
L65 L65 L47
L78 L60 L146
L27 L27
L63 L62 L157
L90 L50 L98
