point0 point49 point50 point48 point44 point42 point44 point48 point39 point38 point36 point40 point64 point65 point62 point63 point70 point63 point62 point65 point64 point40 point36 point38 point39 point35 point9 point3 point4 point10 point19 point7 point15 point14 point20 point25 point27 point26 point27 point24 point29 point31 point53 point57 point55 point59 point61 point87 point90 point89 point80 point86 point85 point84 point85 point86 point80 point89 point90 point87 point61 point59 point55 point57 point53 point31 point29 point24 point27 point25 point20 point14 point15 point7 point19 point10 point4 point3 point9 point35 point39 point48 point50 point46 point51 point73 point81 point77 point81 point73 point51 point46 point50 point49 point0
28
point50 point50
point48 point48
point44 point44 point45
point42 point42 point47
point64 point64
point65 point65 point71
point70 point70 point72 point68
point35 point35
point9 point9 point5 point8
point3 point12
point4 point4
point10 point22
point19 point19
point7 point7 point6
point14 point14
point25 point25 point56
point27 point27
point26 point26 point28
point24 point24
point53 point53
point55 point55
point59 point58
point61 point61 point60
point90 point93
point85 point85
point84 point84 point92
point81 point75
point77 point77 point76
