80 56 50 5 34 87 85 60 15 65 33 59 17 82 69 71 1 35 86 38 36 76 63 74 43 47 51 48 51 28 70 73 83 18 46 22 75 13 3 31 77 31 3 13 75 22 46 18 83 73 79 19 79 73 70 28 51 47 6 47 43 74 63 29 23 24 54 24 23 29 63 76 36 38 86 35 1 71 69 82 40 82 17 59 33 65 15 60 85 87 34 5 50 56 80
33
56 56
50 25
5 5
34 34
87 87
85 85
60 60
15 15
33 33
59 59
17 52
71 71
1 1
86 86
36 36
76 76
47 47
48 48 41 49
73 73 20
18 14
46 46
75 75 4 37
3 3
31 31
77 77 89
79 79
19 27 42
6 6 12
29 68
23 23
24 84
54 54 53
40 40 9
