55 91 48 63 106 51 120 158 120 51 106 63 48 33 186 96 59 104 119 104 59 96 186 33 82 83 137 111 176 189 176 111 137 83 82 33 48 91 55 57 182 57 173 177 162 130 161 20 89 149 100 171 125 188 125 80 102 88 66 43 140 58 23 10 163 184 153 184 163 10 23 58 140 43 66 88 102 80 125 75 180 85 56 90 146 191 144 40 97 109 175 3 18 187 99 74 99 187 18 3 175 109 155 54 127 53 178 28 178 53 8 44 67 76 52 103 167 156 31 30 164 126 34 2 170 27 124 27 170 2 34 126 164 30 31 156 167 103 52 64 116 134 32 150 32 134 116 64 52 76 67 44 8 53 127 54 155 109 97 40 42 62 179 122 179 62 42 50 6 113 15 113 6 50 42 40 144 191 146 90 56 85 180 75 125 171 100 149 89 131 39 121 168 7 138 14 138 7 168 121 39 131 89 20 161 130 162 177 45 177 173 57 55
74
91 91
48 48 115
63 63
106 106
158 158 29
33 33
186 186
59 59 159
119 119 152
83 83
137 137
111 111
189 189 71
57 57
182 182 101
173 173
177 177 16
162 162
130 151
161 11
20 20
89 185
149 149
171 171
188 188 81
80 80 86
88 88
66 66 26
43 43
140 140
58 58 166
23 133
163 163
184 184
153 153 78 107
85 85
56 56
90 90
146 146
144 181
40 40
97 97
109 109
175 175
3 148
18 41
74 74 77
54 54
53 53
28 114 172
8 8
44 9
67 67
76 76
30 30
126 126
170 170
27 27
124 105 160
116 116
134 134
32 32
150 150 49
42 42
62 62
179 179
122 122 61
113 113
15 15 13 135
131 131
168 168
138 118
14 17 36
45 45 12
