x182 x11 x58 x127 x187 x86 x3 x129 x184 x110 x175 x135 x43 x141 x90 x50 x178 x31 x80 x52 x80 x31 x178 x50 x93 x147 x169 x100 x169 x147 x72 x147 x93 x74 x121 x106 x121 x38 x165 x158 x76 x21 x76 x158 x165 x38 x109 x116 x89 x177 x155 x167 x102 x167 x155 x177 x112 x145 x137 x68 x188 x29 x199 x77 x71 x20 x71 x77 x14 x77 x199 x29 x188 x68 x137 x64 x120 x64 x48 x4 x195 x59 x32 x59 x195 x4 x48 x64 x137 x145 x112 x144 x112 x177 x89 x116 x109 x38 x121 x74 x93 x50 x9 x146 x196 x92 x196 x146 x9 x50 x90 x141 x43 x135 x175 x110 x184 x129 x3 x86 x187 x127 x79 x127 x49 x148 x190 x148 x49 x127 x45 x119 x45 x127 x58 x11 x182
56
x182 x182
x11 x11
x58 x58
x127 x127 x98 x56
x187 x8
x86 x86
x3 x3
x184 x184 x30 x107 x87
x135 x26
x43 x43
x141 x141 x138
x50 x50 x10
x178 x66
x31 x31 x6 x133
x80 x80
x52 x139 x185 x161
x93 x2
x147 x147
x169 x55
x100 x100 x99 x159 x153
x72 x72 x125 x104
x74 x74
x106 x106 x15
x38 x113
x158 x143
x76 x76
x21 x21 x172 x17 x164
x109 x109 x163
x116 x116
x177 x177 x25
x155 x155 x198
x102 x102 x192
x112 x42 x118
x137 x137
x188 x61
x29 x46
x77 x77
x71 x71
x20 x20 x7 x166
x14 x14 x94
x64 x64 x88
x120 x194 x156
x48 x48
x4 x4
x59 x59 x82 x186
x32 x32 x183
x144 x84 x179
x9 x19 x95 x136
x146 x146 x128
x196 x69
x92 x92 x53 x83
x79 x79 x27
x49 x49
x190 x18 x114
x45 x45 x189
x119 x119 x23 x151
